data Species.n Quarter Year fleet Age observed model residual stand.residual
catch 1 1 1986 -9 1  1.893856e+007 1.440923e+007 2.733311e-001 4.060684e-001
catch 1 1 1986 -9 2  2.062746e+006 1.164909e+006 5.713950e-001 8.488805e-001
catch 1 1 1986 -9 3  1.608420e+005 5.140375e+004 1.140711e+000 1.117466e+000
catch 1 1 1986 -9 4  -99.9 -99.9 -99.9  -99.9
catch 1 1 1987 -9 1  3.375976e+007 3.952227e+007 -1.575945e-001 -2.341269e-001
catch 1 1 1987 -9 2  1.402021e+007 5.015105e+006 1.028046e+000 1.527294e+000
catch 1 1 1987 -9 3  4.531140e+005 4.042368e+005 1.141429e-001 1.118170e-001
catch 1 1 1987 -9 4  1.997970e+005 1.094294e+005 6.020221e-001 5.897543e-001
catch 1 1 1988 -9 1  6.583910e+006 1.026453e+007 -4.440652e-001 -6.597158e-001
catch 1 1 1988 -9 2  1.732064e+007 7.810740e+006 7.963989e-001 1.183153e+000
catch 1 1 1988 -9 3  8.934610e+005 9.883550e+005 -1.009392e-001 -9.888235e-002
catch 1 1 1988 -9 4  1.929600e+004 1.682769e+005 -2.165713e+000 -2.121581e+000
catch 1 1 1989 -9 1  4.700446e+007 3.230348e+007 3.750673e-001 5.572105e-001
catch 1 1 1989 -9 2  1.844205e+006 1.733807e+006 6.172855e-002 9.170568e-002
catch 1 1 1989 -9 3  2.806043e+006 1.315416e+006 7.576226e-001 7.421840e-001
catch 1 1 1989 -9 4  4.091000e+003 3.289855e+005 -4.387224e+000 -4.297823e+000
catch 1 1 1990 -9 1  9.302202e+006 7.456512e+006 2.211634e-001 3.285665e-001
catch 1 1 1990 -9 2  2.790710e+006 2.898619e+006 -3.793842e-002 -5.636239e-002
catch 1 1 1990 -9 3  4.128580e+005 1.462150e+005 1.038025e+000 1.016873e+000
catch 1 1 1990 -9 4  1.249970e+005 2.223889e+005 -5.761380e-001 -5.643977e-001
catch 1 1 1991 -9 1  2.400873e+007 1.668405e+007 3.639644e-001 5.407158e-001
catch 1 1 1991 -9 2  1.390649e+006 2.039753e+006 -3.830580e-001 -5.690817e-001
catch 1 1 1991 -9 3  5.260030e+005 7.721677e+005 -3.838948e-001 -3.760719e-001
catch 1 1 1991 -9 4  1.841690e+005 1.537795e+005 1.803340e-001 1.766593e-001
catch 1 1 1992 -9 1  7.100077e+006 6.021933e+006 1.646973e-001 2.446790e-001
catch 1 1 1992 -9 2  2.862149e+006 1.898685e+006 4.104114e-001 6.097187e-001
catch 1 1 1992 -9 3  3.422060e+005 2.183224e+005 4.494399e-001 4.402813e-001
catch 1 1 1992 -9 4  2.147300e+005 1.578745e+005 3.075809e-001 3.013131e-001
catch 1 1 1993 -9 1  1.516384e+007 2.114333e+007 -3.324104e-001 -4.938383e-001
catch 1 1 1993 -9 2  5.584580e+005 2.628821e+006 -1.549111e+000 -2.301404e+000
catch 1 1 1993 -9 3  2.113390e+005 8.259125e+005 -1.363025e+000 -1.335250e+000
catch 1 1 1993 -9 4  1.336086e+006 2.565852e+005 1.650039e+000 1.616415e+000
catch 1 1 1994 -9 1  2.374157e+007 1.716770e+007 3.241979e-001 4.816376e-001
catch 1 1 1994 -9 2  4.817749e+006 4.778897e+006 8.097121e-003 1.202931e-002
catch 1 1 1994 -9 3  9.384760e+005 5.803917e+005 4.805540e-001 4.707615e-001
catch 1 1 1994 -9 4  3.864520e+005 3.821369e+005 1.122862e-002 1.099981e-002
catch 1 1 1995 -9 1  2.503710e+007 1.438569e+007 5.541247e-001 8.232232e-001
catch 1 1 1995 -9 2  1.893811e+006 2.756704e+006 -3.754445e-001 -5.577709e-001
catch 1 1 1995 -9 3  2.381870e+005 7.395783e+005 -1.133024e+000 -1.109936e+000
catch 1 1 1995 -9 4  1.557470e+005 2.517702e+005 -4.802839e-001 -4.704968e-001
catch 1 1 1996 -9 1  4.319201e+006 1.244837e+007 -1.058520e+000 -1.572567e+000
catch 1 1 1996 -9 2  3.393635e+006 2.820226e+006 1.850845e-001 2.749667e-001
catch 1 1 1996 -9 3  4.648300e+005 5.073455e+005 -8.752054e-002 -8.573708e-002
catch 1 1 1996 -9 4  3.986360e+005 2.924880e+005 3.096251e-001 3.033157e-001
catch 1 1 1997 -9 1  6.685622e+007 9.875748e+007 -3.901229e-001 -5.795776e-001
catch 1 1 1997 -9 2  2.911801e+006 4.426994e+006 -4.189489e-001 -6.224023e-001
catch 1 1 1997 -9 3  6.069970e+005 9.390441e+005 -4.363386e-001 -4.274470e-001
catch 1 1 1997 -9 4  1.941940e+005 4.306439e+005 -7.964239e-001 -7.801947e-001
catch 1 1 1998 -9 1  3.953888e+006 1.030039e+007 -9.574825e-001 -1.422463e+000
catch 1 1 1998 -9 2  2.813674e+007 1.785231e+007 4.549431e-001 6.758764e-001
catch 1 1 1998 -9 3  2.552888e+006 7.310723e+005 1.250468e+000 1.224987e+000
catch 1 1 1998 -9 4  2.900960e+005 3.606918e+005 -2.178121e-001 -2.133736e-001
catch 1 1 1999 -9 1  5.182181e+006 8.402051e+006 -4.832498e-001 -7.179295e-001
catch 1 1 1999 -9 2  1.553570e+006 1.099872e+006 3.453619e-001 5.130794e-001
catch 1 1 1999 -9 3  1.979272e+006 1.987266e+006 -4.030878e-003 -3.948739e-003
catch 1 1 1999 -9 4  4.214610e+005 2.030260e+005 7.303930e-001 7.155093e-001
catch 1 1 2000 -9 1  1.879277e+007 1.193339e+007 4.541319e-001 6.746712e-001
catch 1 1 2000 -9 2  3.286266e+006 1.929493e+006 5.324947e-001 7.910892e-001
catch 1 1 2000 -9 3  5.411290e+005 1.719451e+005 1.146482e+000 1.123120e+000
catch 1 1 2000 -9 4  5.330350e+005 4.813267e+005 1.020408e-001 9.996144e-002
catch 1 1 2001 -9 1  5.327137e+006 6.614601e+006 -2.164656e-001 -3.215873e-001
catch 1 1 2001 -9 2  9.919400e+005 1.113303e+006 -1.154235e-001 -1.714765e-001
catch 1 1 2001 -9 3  1.630120e+005 1.281315e+005 2.407671e-001 2.358608e-001
catch 1 1 2001 -9 4  1.600960e+005 6.413619e+004 9.147648e-001 8.961241e-001
catch 1 1 2002 -9 1  9.075154e+006 7.148231e+006 2.386755e-001 3.545830e-001
catch 1 1 2002 -9 2  2.680501e+006 1.723418e+006 4.416945e-001 6.561938e-001
catch 1 1 2002 -9 3  3.872260e+005 2.017962e+005 6.517502e-001 6.384691e-001
catch 1 1 2002 -9 4  1.352140e+005 4.984626e+004 9.979153e-001 9.775801e-001
catch 1 1 2003 -9 1  9.392640e+005 1.084654e+006 -1.439201e-001 -2.138118e-001
catch 1 1 2003 -9 2  8.075360e+005 7.793433e+005 3.553604e-002 5.279334e-002
catch 1 1 2003 -9 3  1.299110e+005 1.399664e+005 -7.455280e-002 -7.303359e-002
catch 1 1 2003 -9 4  7.800800e+004 2.519084e+004 1.130331e+000 1.107298e+000
catch 1 1 2004 -9 1  1.975717e+006 1.700083e+006 1.502543e-001 2.232221e-001
catch 1 1 2004 -9 2  2.555040e+005 1.927701e+005 2.817399e-001 4.185607e-001
catch 1 1 2004 -9 3  7.433600e+004 1.072563e+005 -3.666263e-001 -3.591553e-001
catch 1 1 2004 -9 4  9.154700e+004 2.729617e+004 1.210106e+000 1.185447e+000
catch 1 1 2005 -9 1  1.404001e+006 6.204791e+005 8.165893e-001 1.213148e+000
catch 1 1 2005 -9 2  1.455030e+005 2.718440e+005 -6.250316e-001 -9.285646e-001
catch 1 1 2005 -9 3  2.057700e+004 2.512388e+004 -1.996449e-001 -1.955767e-001
catch 1 1 2005 -9 4  1.241000e+004 2.099952e+004 -5.259968e-001 -5.152783e-001
catch 1 1 2006 -9 1  7.689710e+005 5.015240e+005 4.274017e-001 6.349600e-001
catch 1 1 2006 -9 2  4.671900e+004 9.146946e+004 -6.718543e-001 -9.981256e-001
catch 1 1 2006 -9 3  2.655000e+004 3.338066e+004 -2.289468e-001 -2.242814e-001
catch 1 1 2006 -9 4  4.038000e+003 7.261522e+003 -5.868400e-001 -5.748816e-001
catch 1 1 2007 -9 1  8.600016e+006 4.308475e+006 6.911801e-001 1.026837e+000
catch 1 1 2007 -9 2  5.709070e+005 1.048505e+006 -6.078942e-001 -9.031048e-001
catch 1 1 2007 -9 3  8.620100e+004 1.606906e+005 -6.227990e-001 -6.101079e-001
catch 1 1 2007 -9 4  1.876600e+004 9.024334e+004 -1.570463e+000 -1.538461e+000
catch 1 1 2008 -9 1  4.077210e+006 2.692507e+006 4.149402e-001 6.164468e-001
catch 1 1 2008 -9 2  2.012234e+006 1.623225e+006 2.148306e-001 3.191584e-001
catch 1 1 2008 -9 3  4.596710e+005 3.102325e+005 3.931890e-001 3.851767e-001
catch 1 1 2008 -9 4  7.310900e+004 9.391562e+004 -2.504453e-001 -2.453418e-001
catch 1 1 2009 -9 1  8.274820e+005 4.135877e+005 6.935178e-001 1.030310e+000
catch 1 1 2009 -9 2  6.948300e+004 1.009709e+005 -3.737504e-001 -5.552542e-001
catch 1 1 2009 -9 3  8.273000e+003 4.595680e+004 -1.714705e+000 -1.679763e+000
catch 1 1 2009 -9 4  -99.9 -99.9 -99.9  -99.9
catch 1 1 2010 -9 1  3.041699e+006 7.454224e+006 -8.963646e-001 -1.331664e+000
catch 1 1 2010 -9 2  7.402370e+005 2.529098e+006 -1.228648e+000 -1.825314e+000
catch 1 1 2010 -9 3  1.006304e+006 4.717469e+005 7.575969e-001 7.421589e-001
catch 1 1 2010 -9 4  1.727930e+005 3.302069e+005 -6.476251e-001 -6.344280e-001
catch 1 1 2011 -9 1  1.304406e+006 4.817983e+005 9.959774e-001 1.479652e+000
catch 1 1 2011 -9 2  5.223852e+006 2.008549e+006 9.558227e-001 1.419997e+000
catch 1 1 2011 -9 3  8.251330e+005 5.077319e+005 4.855911e-001 4.756959e-001
catch 1 1 2011 -9 4  2.409100e+004 1.940214e+005 -2.086130e+000 -2.043620e+000
catch 1 1 2012 -9 1  3.162500e+004 1.886371e+005 -1.785877e+000 -2.653150e+000
catch 1 1 2012 -9 2  1.863210e+005 1.205861e+005 4.351070e-001 6.464072e-001
catch 1 1 2012 -9 3  1.157430e+006 3.902372e+005 1.087203e+000 1.065048e+000
catch 1 1 2012 -9 4  3.562710e+005 1.639965e+005 7.758466e-001 7.600366e-001
catch 1 1 2013 -9 1  6.482730e+005 7.241852e+005 -1.107353e-001 -1.645115e-001
catch 1 1 2013 -9 2  2.110900e+005 3.961096e+004 1.673179e+000 2.485722e+000
catch 1 1 2013 -9 3  5.529400e+004 1.993593e+004 1.020141e+000 9.993529e-001
catch 1 1 2013 -9 4  4.241200e+004 1.069068e+005 -9.245265e-001 -9.056869e-001
catch 1 1 2014 -9 1  5.383521e+006 6.764395e+006 -2.283302e-001 -3.392137e-001
catch 1 1 2014 -9 2  2.372710e+006 1.183094e+006 6.958993e-001 1.033848e+000
catch 1 1 2014 -9 3  6.428310e+005 5.160719e+004 2.522221e+000 2.470824e+000
catch 1 1 2014 -9 4  3.193300e+005 1.961274e+005 4.874605e-001 4.775272e-001
catch 1 1 2015 -9 1  6.450913e+006 9.395823e+006 -3.760435e-001 -5.586609e-001
catch 1 1 2015 -9 2  2.339743e+006 3.288880e+006 -3.405061e-001 -5.058654e-001
catch 1 1 2015 -9 3  9.562140e+005 4.442825e+005 7.665211e-001 7.509013e-001
catch 1 1 2015 -9 4  9.891700e+004 1.109275e+005 -1.145961e-001 -1.122609e-001
catch 1 1 2016 -9 1  1.557720e+005 1.407887e+005 1.011334e-001 1.502466e-001
catch 1 1 2016 -9 2  2.005683e+006 1.425818e+006 3.412388e-001 5.069539e-001
catch 1 1 2016 -9 3  4.151130e+005 3.794534e+005 8.981905e-002 8.798875e-002
catch 1 1 2016 -9 4  2.842320e+005 7.498593e+004 1.332490e+000 1.305337e+000
catch 1 1 2017 -9 1  1.173420e+007 2.601185e+007 -7.960447e-001 -1.182626e+000
catch 1 1 2017 -9 2  6.708804e+005 1.228617e+005 1.697532e+000 2.521901e+000
catch 1 1 2017 -9 3  4.342799e+005 9.814537e+005 -8.153456e-001 -7.987308e-001
catch 1 1 2017 -9 4  4.087308e+005 3.630386e+005 1.185475e-001 1.161318e-001
catch 1 1 2018 -9 1  4.132106e+005 1.273547e+006 -1.125604e+000 -1.672229e+000
catch 1 1 2018 -9 2  6.630555e+006 1.022281e+007 -4.329332e-001 -6.431777e-001
catch 1 1 2018 -9 3  3.992702e+004 3.705811e+004 7.456602e-002 7.304654e-002
catch 1 1 2018 -9 4  3.052201e+005 4.750237e+005 -4.423315e-001 -4.333178e-001
catch 1 1 2019 -9 1  7.105401e+006 1.268672e+007 -5.797003e-001 -8.612191e-001
catch 1 1 2019 -9 2  7.156803e+005 6.586360e+005 8.306252e-002 1.234000e-001
catch 1 1 2019 -9 3  4.241203e+006 4.047960e+006 4.663386e-002 4.568357e-002
catch 1 1 2019 -9 4  1.307798e+005 2.433802e+005 -6.211099e-001 -6.084532e-001
catch 1 1 2020 -9 1  2.113340e+007 2.672159e+007 -2.346171e-001 -3.485538e-001
catch 1 1 2020 -9 2  1.980933e+006 6.134368e+006 -1.130339e+000 -1.679264e+000
catch 1 1 2020 -9 3  3.906423e+005 2.374843e+005 4.976908e-001 4.875491e-001
catch 1 1 2020 -9 4  1.248619e+006 1.807355e+006 -3.698266e-001 -3.622905e-001
catch 1 1 2021 -9 1  3.210903e+006 9.235103e+006 -1.056459e+000 -1.569506e+000
catch 1 1 2021 -9 2  2.768204e+006 4.606934e+006 -5.093638e-001 -7.567253e-001
catch 1 1 2021 -9 3  5.296567e+005 7.407414e+005 -3.354224e-001 -3.285873e-001
catch 1 1 2021 -9 4  1.377835e+006 3.012283e+005 1.520401e+000 1.489418e+000
catch 1 2 1986 -9 0  7.964530e+006 2.070883e+007 -9.555625e-001 -8.444618e-001
catch 1 2 1986 -9 1  7.986880e+006 2.781288e+006 1.054886e+000 1.016441e+000
catch 1 2 1986 -9 2  5.331510e+005 2.549777e+005 7.376285e-001 7.107460e-001
catch 1 2 1986 -9 3  2.472000e+003 1.367193e+004 -1.710317e+000 -1.388398e+000
catch 1 2 1986 -9 4  -99.9 -99.9 -99.9  -99.9
catch 1 2 1987 -9 0  5.156000e+003 6.808483e+004 -2.580593e+000 -2.280555e+000
catch 1 2 1987 -9 1  6.513300e+004 5.002006e+004 2.640073e-001 2.543857e-001
catch 1 2 1987 -9 2  4.402000e+003 7.098815e+003 -4.778689e-001 -4.604532e-001
catch 1 2 1987 -9 3  -99.9 -99.9 -99.9  -99.9
catch 1 2 1987 -9 4  -99.9 -99.9 -99.9  -99.9
catch 1 2 1988 -9 0  8.768859e+006 9.258923e+006 -5.438102e-002 -4.805829e-002
catch 1 2 1988 -9 1  8.525650e+005 4.646765e+005 6.069079e-001 5.847894e-001
catch 1 2 1988 -9 2  2.332200e+005 3.917563e+005 -5.186577e-001 -4.997555e-001
catch 1 2 1988 -9 3  1.439770e+005 6.301724e+004 8.262452e-001 6.707276e-001
catch 1 2 1988 -9 4  1.341400e+004 1.103259e+004 1.954456e-001 1.586584e-001
catch 1 2 1989 -9 0  1.591400e+005 1.946117e+005 -2.012221e-001 -1.778265e-001
catch 1 2 1989 -9 1  1.901200e+005 7.338615e+004 9.519202e-001 9.172280e-001
catch 1 2 1989 -9 2  1.290100e+004 4.275902e+003 1.104310e+000 1.064064e+000
catch 1 2 1989 -9 3  -99.9 -99.9 -99.9  -99.9
catch 1 2 1989 -9 4  -99.9 -99.9 -99.9  -99.9
catch 1 2 1990 -9 0  9.792640e+006 5.470599e+006 5.822431e-001 5.145472e-001
catch 1 2 1990 -9 1  1.377146e+006 6.811074e+005 7.040485e-001 6.783898e-001
catch 1 2 1990 -9 2  2.855780e+005 2.953769e+005 -3.373714e-002 -3.250761e-002
catch 1 2 1990 -9 3  4.258400e+004 1.764638e+004 8.809480e-001 7.151340e-001
catch 1 2 1990 -9 4  1.252700e+004 2.742125e+004 -7.834321e-001 -6.359728e-001
catch 1 2 1991 -9 0  1.444234e+007 2.793553e+006 1.642849e+000 1.451840e+000
catch 1 2 1991 -9 1  9.420740e+005 8.998714e+005 4.583199e-002 4.416167e-002
catch 1 2 1991 -9 2  3.040500e+004 1.215139e+005 -1.385422e+000 -1.334931e+000
catch 1 2 1991 -9 3  8.715000e+003 5.586082e+004 -1.857818e+000 -1.508135e+000
catch 1 2 1991 -9 4  3.176000e+003 1.136875e+004 -1.275246e+000 -1.035216e+000
catch 1 2 1992 -9 0  5.254190e+005 4.982579e+005 5.307830e-002 4.690703e-002
catch 1 2 1992 -9 1  8.726500e+004 6.600899e+004 2.791586e-001 2.689848e-001
catch 1 2 1992 -9 2  8.410000e+003 2.381072e+004 -1.040715e+000 -1.002786e+000
catch 1 2 1992 -9 3  3.362000e+003 3.236909e+003 3.791731e-002 3.078043e-002
catch 1 2 1992 -9 4  7.280000e+002 2.379311e+003 -1.184265e+000 -9.613601e-001
catch 1 2 1993 -9 0  9.662913e+006 4.677352e+006 7.255631e-001 6.412038e-001
catch 1 2 1993 -9 1  8.509270e+005 1.455453e+006 -5.367463e-001 -5.171848e-001
catch 1 2 1993 -9 2  1.546860e+005 2.031960e+005 -2.727739e-001 -2.628328e-001
catch 1 2 1993 -9 3  7.061200e+004 7.726947e+004 -9.009886e-002 -7.314026e-002
catch 1 2 1993 -9 4  1.219500e+004 2.439015e+004 -6.931534e-001 -5.626866e-001
catch 1 2 1994 -9 0  -99.9 -99.9 -99.9  -99.9
catch 1 2 1994 -9 1  6.149090e+005 3.802800e+005 4.805665e-001 4.630525e-001
catch 1 2 1994 -9 2  6.842280e+005 1.188038e+005 1.750818e+000 1.687010e+000
catch 1 2 1994 -9 3  7.794500e+004 1.795250e+004 1.468274e+000 1.191912e+000
catch 1 2 1994 -9 4  1.006400e+004 1.206771e+004 -1.815683e-001 -1.473931e-001
catch 1 2 1995 -9 0  1.020142e+006 6.878853e+005 3.940750e-001 3.482569e-001
catch 1 2 1995 -9 1  4.837140e+005 1.894337e+005 9.374546e-001 9.032895e-001
catch 1 2 1995 -9 2  7.800900e+004 4.039637e+004 6.580842e-001 6.341007e-001
catch 1 2 1995 -9 3  1.266100e+004 1.302389e+004 -2.825917e-002 -2.294017e-002
catch 1 2 1995 -9 4  1.707100e+004 4.530399e+003 1.326571e+000 1.076881e+000
catch 1 2 1996 -9 0  6.262635e+006 1.984178e+007 -1.153189e+000 -1.019111e+000
catch 1 2 1996 -9 1  3.111378e+006 1.144748e+006 9.998814e-001 9.634412e-001
catch 1 2 1996 -9 2  9.691300e+004 2.848582e+005 -1.078178e+000 -1.038884e+000
catch 1 2 1996 -9 3  3.287900e+004 6.139956e+004 -6.245685e-001 -5.070109e-001
catch 1 2 1996 -9 4  2.476480e+005 3.616193e+004 1.924001e+000 1.561862e+000
catch 1 2 1997 -9 0  2.975268e+006 2.702929e+006 9.599795e-002 8.483653e-002
catch 1 2 1997 -9 1  1.038794e+007 6.261747e+006 5.061863e-001 4.877386e-001
catch 1 2 1997 -9 2  1.341530e+005 3.002130e+005 -8.055113e-001 -7.761549e-001
catch 1 2 1997 -9 3  1.265500e+004 7.701435e+004 -1.805939e+000 -1.466022e+000
catch 1 2 1997 -9 4  9.368000e+003 3.606216e+004 -1.347945e+000 -1.094232e+000
catch 1 2 1998 -9 0  3.013607e+007 7.889062e+006 1.340246e+000 1.184419e+000
catch 1 2 1998 -9 1  9.924510e+005 1.039629e+006 -4.644158e-002 -4.474904e-002
catch 1 2 1998 -9 2  7.402550e+005 1.921400e+006 -9.538145e-001 -9.190532e-001
catch 1 2 1998 -9 3  1.923910e+005 9.745990e+004 6.800887e-001 5.520809e-001
catch 1 2 1998 -9 4  3.198300e+004 4.960892e+004 -4.389661e-001 -3.563429e-001
catch 1 2 1999 -9 0  6.443502e+006 9.999339e+006 -4.394468e-001 -3.883535e-001
catch 1 2 1999 -9 1  1.835347e+006 1.356276e+006 3.024911e-001 2.914670e-001
catch 1 2 1999 -9 2  1.180260e+005 1.731234e+005 -3.830998e-001 -3.691379e-001
catch 1 2 1999 -9 3  4.009160e+005 3.794116e+005 5.513019e-002 4.475347e-002
catch 1 2 1999 -9 4  1.690730e+005 3.998106e+004 1.441925e+000 1.170523e+000
catch 1 2 2000 -9 0  -99.9 -99.9 -99.9  -99.9
catch 1 2 2000 -9 1  3.437470e+005 3.802531e+004 2.201654e+000 2.121416e+000
catch 1 2 2000 -9 2  3.749000e+003 6.015848e+003 -4.729082e-001 -4.556733e-001
catch 1 2 2000 -9 3  1.421000e+003 6.640053e+002 7.608261e-001 6.176217e-001
catch 1 2 2000 -9 4  8.735000e+003 1.910410e+003 1.520020e+000 1.233919e+000
catch 1 2 2001 -9 0  1.826272e+007 1.019314e+007 5.831473e-001 5.153463e-001
catch 1 2 2001 -9 1  3.968023e+006 2.083667e+006 6.441386e-001 6.206633e-001
catch 1 2 2001 -9 2  9.186000e+003 3.582801e+005 -3.663634e+000 -3.530115e+000
catch 1 2 2001 -9 3  2.437000e+003 4.944904e+004 -3.010175e+000 -2.443593e+000
catch 1 2 2001 -9 4  5.818000e+003 2.554054e+004 -1.479311e+000 -1.200872e+000
catch 1 2 2002 -9 0  -99.9 -99.9 -99.9  -99.9
catch 1 2 2002 -9 1  -99.9 -99.9 -99.9  -99.9
catch 1 2 2002 -9 2  -99.9 -99.9 -99.9  -99.9
catch 1 2 2002 -9 3  -99.9 -99.9 -99.9  -99.9
catch 1 2 2002 -9 4  -99.9 -99.9 -99.9  -99.9
catch 1 2 2003 -9 0  2.754627e+006 8.020263e+005 1.233896e+000 1.090434e+000
catch 1 2 2003 -9 1  6.118000e+004 6.870754e+004 -1.160387e-001 -1.118097e-001
catch 1 2 2003 -9 2  5.318100e+004 5.249911e+004 1.290493e-002 1.243461e-002
catch 1 2 2003 -9 3  1.981000e+003 1.039150e+004 -1.657386e+000 -1.345429e+000
catch 1 2 2003 -9 4  6.180000e+002 1.930342e+003 -1.138964e+000 -9.245858e-001
catch 1 2 2004 -9 0  1.090991e+006 5.161831e+005 7.483802e-001 6.613681e-001
catch 1 2 2004 -9 1  7.370170e+005 1.624094e+005 1.512491e+000 1.457369e+000
catch 1 2 2004 -9 2  1.567400e+004 2.026494e+004 -2.568890e-001 -2.475268e-001
catch 1 2 2004 -9 3  6.082000e+003 1.245779e+004 -7.170129e-001 -5.820552e-001
catch 1 2 2004 -9 4  6.670000e+002 3.289932e+003 -1.595832e+000 -1.295461e+000
catch 1 2 2005 -9 0  -99.9 -99.9 -99.9  -99.9
catch 1 2 2005 -9 1  -99.9 -99.9 -99.9  -99.9
catch 1 2 2005 -9 2  -99.9 -99.9 -99.9  -99.9
catch 1 2 2005 -9 3  -99.9 -99.9 -99.9  -99.9
catch 1 2 2005 -9 4  -99.9 -99.9 -99.9  -99.9
catch 1 2 2006 -9 0  -99.9 -99.9 -99.9  -99.9
catch 1 2 2006 -9 1  2.875000e+003 2.915853e+003 -1.410972e-002 -1.359550e-002
catch 1 2 2006 -9 2  6.650000e+002 6.095402e+002 8.708221e-002 8.390855e-002
catch 1 2 2006 -9 3  4.360000e+002 2.539759e+002 5.404028e-001 4.386871e-001
catch 1 2 2006 -9 4  4.170000e+002 5.672264e+001 1.994913e+000 1.619426e+000
catch 1 2 2007 -9 0  -99.9 -99.9 -99.9  -99.9
catch 1 2 2007 -9 1  -99.9 -99.9 -99.9  -99.9
catch 1 2 2007 -9 2  -99.9 -99.9 -99.9  -99.9
catch 1 2 2007 -9 3  -99.9 -99.9 -99.9  -99.9
catch 1 2 2007 -9 4  -99.9 -99.9 -99.9  -99.9
catch 1 2 2008 -9 0  -99.9 -99.9 -99.9  -99.9
catch 1 2 2008 -9 1  -99.9 -99.9 -99.9  -99.9
catch 1 2 2008 -9 2  -99.9 -99.9 -99.9  -99.9
catch 1 2 2008 -9 3  -99.9 -99.9 -99.9  -99.9
catch 1 2 2008 -9 4  -99.9 -99.9 -99.9  -99.9
catch 1 2 2009 -9 0  9.480000e+002 8.245997e+003 -2.163129e+000 -1.911628e+000
catch 1 2 2009 -9 1  1.154000e+004 2.078834e+003 1.714012e+000 1.651546e+000
catch 1 2 2009 -9 2  1.727000e+003 5.567870e+002 1.131958e+000 1.090705e+000
catch 1 2 2009 -9 3  -99.9 -99.9 -99.9  -99.9
catch 1 2 2009 -9 4  -99.9 -99.9 -99.9  -99.9
catch 1 2 2010 -9 0  -99.9 -99.9 -99.9  -99.9
catch 1 2 2010 -9 1  5.088100e+004 1.287556e+004 1.374159e+000 1.324078e+000
catch 1 2 2010 -9 2  1.379000e+003 4.618980e+003 -1.208815e+000 -1.164761e+000
catch 1 2 2010 -9 3  1.073000e+003 9.347816e+002 1.379008e-001 1.119448e-001
catch 1 2 2010 -9 4  -99.9 -99.9 -99.9  -99.9
catch 1 2 2011 -9 0  -99.9 -99.9 -99.9  -99.9
catch 1 2 2011 -9 1  -99.9 -99.9 -99.9  -99.9
catch 1 2 2011 -9 2  -99.9 -99.9 -99.9  -99.9
catch 1 2 2011 -9 3  -99.9 -99.9 -99.9  -99.9
catch 1 2 2011 -9 4  -99.9 -99.9 -99.9  -99.9
catch 1 2 2012 -9 0  -99.9 -99.9 -99.9  -99.9
catch 1 2 2012 -9 1  -99.9 -99.9 -99.9  -99.9
catch 1 2 2012 -9 2  -99.9 -99.9 -99.9  -99.9
catch 1 2 2012 -9 3  -99.9 -99.9 -99.9  -99.9
catch 1 2 2012 -9 4  -99.9 -99.9 -99.9  -99.9
catch 1 2 2013 -9 0  -99.9 -99.9 -99.9  -99.9
catch 1 2 2013 -9 1  -99.9 -99.9 -99.9  -99.9
catch 1 2 2013 -9 2  -99.9 -99.9 -99.9  -99.9
catch 1 2 2013 -9 3  -99.9 -99.9 -99.9  -99.9
catch 1 2 2013 -9 4  -99.9 -99.9 -99.9  -99.9
catch 1 2 2014 -9 0  -99.9 -99.9 -99.9  -99.9
catch 1 2 2014 -9 1  -99.9 -99.9 -99.9  -99.9
catch 1 2 2014 -9 2  -99.9 -99.9 -99.9  -99.9
catch 1 2 2014 -9 3  -99.9 -99.9 -99.9  -99.9
catch 1 2 2014 -9 4  -99.9 -99.9 -99.9  -99.9
catch 1 2 2015 -9 0  -99.9 -99.9 -99.9  -99.9
catch 1 2 2015 -9 1  -99.9 -99.9 -99.9  -99.9
catch 1 2 2015 -9 2  -99.9 -99.9 -99.9  -99.9
catch 1 2 2015 -9 3  -99.9 -99.9 -99.9  -99.9
catch 1 2 2015 -9 4  -99.9 -99.9 -99.9  -99.9
catch 1 2 2016 -9 0  -99.9 -99.9 -99.9  -99.9
catch 1 2 2016 -9 1  -99.9 -99.9 -99.9  -99.9
catch 1 2 2016 -9 2  -99.9 -99.9 -99.9  -99.9
catch 1 2 2016 -9 3  -99.9 -99.9 -99.9  -99.9
catch 1 2 2016 -9 4  -99.9 -99.9 -99.9  -99.9
catch 1 2 2017 -9 0  -99.9 -99.9 -99.9  -99.9
catch 1 2 2017 -9 1  -99.9 -99.9 -99.9  -99.9
catch 1 2 2017 -9 2  -99.9 -99.9 -99.9  -99.9
catch 1 2 2017 -9 3  -99.9 -99.9 -99.9  -99.9
catch 1 2 2017 -9 4  -99.9 -99.9 -99.9  -99.9
catch 1 2 2018 -9 0  -99.9 -99.9 -99.9  -99.9
catch 1 2 2018 -9 1  -99.9 -99.9 -99.9  -99.9
catch 1 2 2018 -9 2  -99.9 -99.9 -99.9  -99.9
catch 1 2 2018 -9 3  -99.9 -99.9 -99.9  -99.9
catch 1 2 2018 -9 4  -99.9 -99.9 -99.9  -99.9
catch 1 2 2019 -9 0  -99.9 -99.9 -99.9  -99.9
catch 1 2 2019 -9 1  -99.9 -99.9 -99.9  -99.9
catch 1 2 2019 -9 2  -99.9 -99.9 -99.9  -99.9
catch 1 2 2019 -9 3  -99.9 -99.9 -99.9  -99.9
catch 1 2 2019 -9 4  -99.9 -99.9 -99.9  -99.9
catch 1 2 2020 -9 0  -99.9 -99.9 -99.9  -99.9
catch 1 2 2020 -9 1  -99.9 -99.9 -99.9  -99.9
catch 1 2 2020 -9 2  -99.9 -99.9 -99.9  -99.9
catch 1 2 2020 -9 3  -99.9 -99.9 -99.9  -99.9
catch 1 2 2020 -9 4  -99.9 -99.9 -99.9  -99.9
catch 1 2 2021 -9 0  -99.9 -99.9 -99.9  -99.9
catch 1 2 2021 -9 1  -99.9 -99.9 -99.9  -99.9
catch 1 2 2021 -9 2  -99.9 -99.9 -99.9  -99.9
catch 1 2 2021 -9 3  -99.9 -99.9 -99.9  -99.9
catch 1 2 2021 -9 4  -99.9 -99.9 -99.9  -99.9
survey 1 2 2004 1 0  -99.9 -99.9 -99.9 -99.9
survey 1 2 2004 1 1  -99.9 -99.9 -99.9 -99.9
survey 1 2 2005 1 0  6.866799e+007 2.538544e+007 9.951073e-001 1.642760e+000
survey 1 2 2005 1 1  -99.9 -99.9 -99.9 -99.9
survey 1 2 2006 1 0  5.570924e+007 3.776485e+007 3.887672e-001 6.417915e-001
survey 1 2 2006 1 1  1.225934e+006 3.246574e+006 -9.738974e-001 -1.231997e+000
survey 1 2 2007 1 0  1.061109e+007 2.010101e+007 -6.388711e-001 -1.054672e+000
survey 1 2 2007 1 1  3.717149e+006 4.458834e+006 -1.819303e-001 -2.301450e-001
survey 1 2 2008 1 0  1.665809e+007 3.286248e+007 -6.794353e-001 -1.121637e+000
survey 1 2 2008 1 1  1.521160e+006 2.808915e+006 -6.133252e-001 -7.758669e-001
survey 1 2 2009 1 0  3.708895e+007 5.089138e+007 -3.163745e-001 -5.222828e-001
survey 1 2 2009 1 1  1.632804e+007 6.134959e+006 9.788804e-001 1.238300e+000
survey 1 2 2010 1 0  1.844740e+006 4.884884e+006 -9.738072e-001 -1.607597e+000
survey 1 2 2010 1 1  5.076749e+006 7.504252e+006 -3.907987e-001 -4.943670e-001
survey 1 2 2011 1 0  9.731114e+005 3.131583e+006 -1.168795e+000 -1.929491e+000
survey 1 2 2011 1 1  1.961856e+006 7.337145e+005 9.835264e-001 1.244178e+000
survey 1 2 2012 1 0  4.771327e+007 2.575417e+007 6.166127e-001 1.017927e+000
survey 1 2 2012 1 1  7.675143e+005 4.808540e+005 4.675936e-001 5.915139e-001
survey 1 2 2013 1 0  1.744677e+008 6.506833e+007 9.863019e-001 1.628224e+000
survey 1 2 2013 1 1  7.908869e+005 3.884573e+006 -1.591613e+000 -2.013418e+000
survey 1 2 2014 1 0  9.270324e+007 7.022259e+007 2.777334e-001 4.584927e-001
survey 1 2 2014 1 1  5.349152e+006 8.465879e+006 -4.591059e-001 -5.807768e-001
survey 1 2 2015 1 0  2.667397e+006 2.310128e+006 1.437999e-001 2.373902e-001
survey 1 2 2015 1 1  1.110079e+007 8.664407e+006 2.477931e-001 3.134625e-001
survey 1 2 2016 1 0  1.946449e+008 2.299631e+008 -1.667416e-001 -2.752633e-001
survey 1 2 2016 1 1  3.229671e+005 3.588837e+005 -1.054478e-001 -1.333932e-001
survey 1 2 2017 1 0  6.359000e+006 9.643094e+006 -4.163709e-001 -6.873606e-001
survey 1 2 2017 1 1  1.564000e+007 2.818164e+007 -5.888390e-001 -7.448914e-001
survey 1 2 2018 1 0  8.235900e+007 7.047582e+007 1.558181e-001 2.572303e-001
survey 1 2 2018 1 1  5.980000e+006 1.282552e+006 1.539568e+000 1.947580e+000
survey 1 2 2019 1 0  1.125384e+008 9.638978e+007 1.548943e-001 2.557053e-001
survey 1 2 2019 1 1  1.044830e+007 8.002188e+006 2.667242e-001 3.374107e-001
survey 1 2 2020 1 0  6.997600e+007 5.007143e+007 3.347018e-001 5.525382e-001
survey 1 2 2020 1 1  2.081600e+007 8.854151e+006 8.548356e-001 1.081382e+000
survey 1 2 2021 1 0  2.348600e+007 2.352213e+007 -1.537158e-003 -2.537598e-003
survey 1 2 2021 1 1  6.260000e+006 5.716085e+006 9.089598e-002 1.149850e-001
survey 1 1 2009 2 1  7.709059e+007 6.979505e+007 9.941820e-002 1.448231e-001
survey 1 1 2009 2 2  4.923332e+007 1.852686e+007 9.773488e-001 1.423710e+000
survey 1 1 2009 2 3  9.452940e+006 8.532777e+006 1.024110e-001 9.651850e-002
survey 1 1 2009 2 4  6.403400e+005 2.503751e+006 -1.363546e+000 -1.285091e+000
survey 1 1 2010 2 1  1.685206e+008 9.488319e+007 5.744112e-001 8.367481e-001
survey 1 1 2010 2 2  6.133597e+007 3.468152e+007 5.701596e-001 8.305547e-001
survey 1 1 2010 2 3  1.123186e+007 6.554074e+006 5.386676e-001 5.076740e-001
survey 1 1 2010 2 4  6.085740e+006 4.608547e+006 2.780358e-001 2.620383e-001
survey 1 1 2011 2 1  8.161600e+006 9.655492e+006 -1.680866e-001 -2.448528e-001
survey 1 1 2011 2 2  8.622197e+007 4.370002e+007 6.795764e-001 9.899429e-001
survey 1 1 2011 2 3  8.558120e+006 1.122791e+007 -2.715223e-001 -2.558995e-001
survey 1 1 2011 2 4  1.923730e+006 4.315498e+006 -8.079467e-001 -7.614594e-001
survey 1 1 2012 2 1  8.466780e+006 6.239836e+006 3.051964e-001 4.445814e-001
survey 1 1 2012 2 2  2.113130e+006 4.347903e+006 -7.215233e-001 -1.051047e+000
survey 1 1 2012 2 3  3.226290e+007 1.430888e+007 8.130379e-001 7.662577e-001
survey 1 1 2012 2 4  3.681610e+006 6.038885e+006 -4.948692e-001 -4.663957e-001
survey 1 1 2013 2 1  2.154468e+007 4.955999e+007 -8.330549e-001 -1.213516e+000
survey 1 1 2013 2 2  2.582500e+006 2.963093e+006 -1.374758e-001 -2.002617e-001
survey 1 1 2013 2 3  7.261500e+005 1.514961e+006 -7.353886e-001 -6.930761e-001
survey 1 1 2013 2 4  5.544780e+006 8.157435e+006 -3.860728e-001 -3.638592e-001
survey 1 1 2014 2 1  2.188962e+008 1.133804e+008 6.578490e-001 9.582925e-001
survey 1 1 2014 2 2  1.711096e+007 2.149449e+007 -2.280776e-001 -3.322420e-001
survey 1 1 2014 2 3  1.704140e+006 9.554072e+005 5.786782e-001 5.453825e-001
survey 1 1 2014 2 4  8.034000e+005 3.647340e+006 -1.512901e+000 -1.425852e+000
survey 1 1 2015 2 1  9.466601e+007 1.184242e+008 -2.239179e-001 -3.261825e-001
survey 1 1 2015 2 2  2.254918e+007 4.475265e+007 -6.854520e-001 -9.985019e-001
survey 1 1 2015 2 3  6.865460e+006 6.168685e+006 1.070174e-001 1.008599e-001
survey 1 1 2015 2 4  7.025000e+004 1.547415e+006 -3.092281e+000 -2.914359e+000
survey 1 1 2016 2 1  7.955400e+005 4.657080e+006 -1.767123e+000 -2.574178e+000
survey 1 1 2016 2 2  6.317384e+007 5.140990e+007 2.060596e-001 3.001682e-001
survey 1 1 2016 2 3  6.791300e+006 1.391347e+007 -7.172148e-001 -6.759480e-001
survey 1 1 2016 2 4  2.590990e+006 2.761226e+006 -6.363471e-002 -5.997333e-002
survey 1 1 2017 2 1  3.526758e+008 3.807927e+008 -7.670598e-002 -1.117381e-001
survey 1 1 2017 2 2  1.316530e+006 1.946169e+006 -3.908631e-001 -5.693726e-001
survey 1 1 2017 2 3  3.465875e+007 1.585127e+007 7.823008e-001 7.372892e-001
survey 1 1 2017 2 4  6.310890e+006 5.890329e+006 6.896485e-002 6.499678e-002
survey 1 1 2018 2 1  1.544390e+007 1.741707e+007 -1.202366e-001 -1.751493e-001
survey 1 1 2018 2 2  1.698962e+008 1.511304e+008 1.170444e-001 1.704993e-001
survey 1 1 2018 2 3  7.982000e+005 5.587787e+005 3.566056e-001 3.360874e-001
survey 1 1 2018 2 4  4.403300e+006 7.195858e+006 -4.911514e-001 -4.628917e-001
survey 1 1 2019 2 1  9.564520e+007 1.130959e+008 -1.675903e-001 -2.441297e-001
survey 1 1 2019 2 2  4.642400e+006 6.294350e+006 -3.044210e-001 -4.434518e-001
survey 1 1 2019 2 3  1.557373e+008 3.956403e+007 1.370250e+000 1.291410e+000
survey 1 1 2019 2 4  2.145300e+006 2.390584e+006 -1.082583e-001 -1.020294e-001
survey 1 1 2020 2 1  4.214165e+008 1.358031e+008 1.132416e+000 1.649596e+000
survey 1 1 2020 2 2  1.006447e+008 3.276249e+007 1.122312e+000 1.634879e+000
survey 1 1 2020 2 3  5.352400e+006 1.304929e+006 1.411397e+000 1.330189e+000
survey 1 1 2020 2 4  9.944090e+007 9.987074e+006 2.298272e+000 2.166035e+000
survey 1 1 2021 2 1  1.456425e+008 8.094183e+007 5.874246e-001 8.557048e-001
survey 1 1 2021 2 2  1.297111e+007 4.326798e+007 -1.204688e+000 -1.754877e+000
survey 1 1 2021 2 3  2.770144e+007 7.116043e+006 1.359133e+000 1.280932e+000
survey 1 1 2021 2 4  2.850690e+006 2.908232e+006 -1.998433e-002 -1.883448e-002
