

Observed catches

Species: Area-3r    



Age             1986      1987      1988      1989      1990      1991      1992      1993
         0   7964530      5156   8768859    159140   9792640  14442335    525419   9662913
         1  26925438  33824897   7436475  47194575  10679348  24950807   7187342  16014771
         2   2595897  14024616  17553856   1857106   3076288   1421054   2870559    713144
         3    163314    453114   1037438   2806043    455442    534718    345568    281951
         4         0    199797     32710      4091    137524    187345    215458   1348281

Yield         282315    395296    330358    350409    163224    274839     86788    175786


Age             1994      1995      1996      1997      1998      1999      2000      2001
         0         0   1020142   6262635   2975268  30136075   6443502         0  18262722
         1  24356482  25520816   7430579  77244157   4946339   7017528  19136514   9295160
         2   5501977   1971820   3490548   3045954  28876998   1671596   3290015   1001126
         3   1016421    250848    497709    619652   2745279   2380188    542550    165449
         4    396516    172818    646284    203562    322079    590534    541770    165914

Yield         267281    173607    159024    470670    462081    191253    186837    193684


Age             2002      2003      2004      2005      2006      2007      2008      2009
         0         0   2754627   1090991         0         0         0         0       948
         1   9096137   1000444   2712734   1404521    771846   8600016   4077210    839022
         2   2683441    860717    271178    145982     47384    570907   2012234     71210
         3    388198    131892     80418     20577     26986     86201    459671      8273
         4    135214     78626     92214     12410      4455     18766     73109         0

Yield         116298     34673     31285     13991      7094     74972     74933      6261


Age             2010      2011      2012      2013      2014      2015      2016      2017
         0         0         0         0         0         0         0         0         0
         1   3092580   1304406     31625    648273   5383521   6450913    155772  11734199
         2    741616   5223852    186321    211090   2372710   2339743   2005683    670880
         3   1007377    825133   1157430     55294    642831    956214    415113    434280
         4    172793     24091    356271     42412    319330     98917    284232    408731

Yield          61241     92452     40116      9844     90876    104631     42845    115642


Age             2018      2019      2020      2021
         0        11        36         0     11020
         1    418855   7105662  21133401   3217299
         2   6678074    715694   1980933   2769584
         3     40709   4241319    390642    529754
         4    306405    130787   1248619   1378051

Yield          75389    135899    246139    157472

Stock numbers

Species: Area-3r    



Age             1986      1987      1988      1989      1990      1991      1992      1993
         0         0         0         0         0         0         0         0         0
         1  81390587 123867446  27759606  73466902  28385329  52391468  35215912  78218880
         2   5618480  13686836  18562684   3506514   9564584   5585668   9456484   8372940
         3    276350   1205519   2547320   2877288    538305   2330075   1222751   2918325
         4    690210    318116    426494    710891    807970    458038    872228    898713

TSB           567338    987817    458951    541626    330066    544535    350577    662154
SSB            74220    182788    265259     98890    104128    159615    120468    194505


Age             1994      1995      1996      1997      1998      1999      2000      2001
         0         0         0         0         0         0         0         0         0
         1  58568693  58534742  55439429 264306601  24330489  30712937  37321450  43558396
         2  14078615   9679368  10896053  10483328  37232921   2728881   4190171   4814130
         3   1882586   2904794   2209191   2472378   1687628   4732956    357348    535637
         4   1228804    975977   1256819   1124372    822404    477530    988450    263519

TSB           625916    476147    738395   1541926    535338    332708    326032    378300
SSB           234746    140172    234514    185417    331293    108658     68672     76717


Age             2002      2003      2004      2005      2006      2007      2008      2009
         0         0         0         0         0         0         0         0         0
         1  33432827   9440182  21074283  13782388  25415662  37511777  20531739  33339283
         2   5513099   4486806   1542095   3830056   2900451   5904548   8140885   5181190
         3    631963    790191    838102    339723   1020292    878448   1535848   2343127
         4    153557    139779    208643    280132    217919    486821    458813    675298

TSB           352699    135401    183270    183214    252982    395299    332573    319880
SSB            75637     71789     32042     65355     60134    104427    145365    103567


Age             2010      2011      2012      2013      2014      2015      2016      2017
         0         0         0         0         0         0         0         0         0
         1  50962106   5162950   3310433  25638993  63016621  67853121   2470730 214507115
         2  11359420  13840718   1344759    882441   7128788  15535761  15900517    658607
         3   2117001   3455057   4283069    437358    305739   2062162   4164711   5171356
         4   1462126   1296572   1775463   2313089   1146432    508101    811815   1887520

TSB           662839    327267    203662    287986    654582    815063    315656   1791780
SSB           247497    248465    167341     59930    113797    226228    260019    202341


Age             2018      2019      2020      2021
         0         0         0         0         0
         1   9884494  68091789  92266128  48871803
         2  51717640   2353681  14685245  16248727
         3    184252  14200994    557078   2564677
         4   2330598    842832   4187925   1029537

TSB           617770    838505   1118811   1051624
SSB           442876    275268    284149    375200

Fishing mortality

Species: Area-3r    



Age             1986      1987      1988      1989      1990      1991      1992      1993
         0    0.0759    0.0011    0.0513    0.0033    0.0499    0.0396    0.0033    0.0418
         1    0.4228    0.5781    0.7790    0.8688    0.5157    0.6120    0.2665    0.5249
         2    0.4692    0.6414    0.8643    0.9640    0.5722    0.6791    0.2957    0.5824
         3    0.3791    0.5183    0.6984    0.7789    0.4623    0.5488    0.2389    0.4706
         4    0.3791    0.5183    0.6984    0.7789    0.4623    0.5488    0.2389    0.4706

Avg. F 1-2     0.446     0.610     0.822     0.916     0.544     0.646     0.281     0.554


Age             1994      1995      1996      1997      1998      1999      2000      2001
         0    0.0158    0.0071    0.0429    0.0659    0.1401    0.1402    0.0037    0.1453
         1    0.5302    0.4212    0.4355    0.7899    1.0478    0.6819    0.5980    0.4670
         2    0.5883    0.4674    0.4832    0.8765    1.1626    1.0229    0.8970    0.7005
         3    0.4754    0.3777    0.3905    0.7082    0.9395    0.9779    0.8576    0.6697
         4    0.4754    0.3777    0.3905    0.7082    0.9395    0.9779    0.8576    0.6697

Avg. F 1-2     0.559     0.444     0.459     0.833     1.105     0.852     0.748     0.584


Age             2002      2003      2004      2005      2006      2007      2008      2009
         0    0.0000    0.0192    0.0190    0.0000    0.0002    0.0000    0.0000    0.0001
         1    0.3684    0.2118    0.1552    0.0685    0.0296    0.1778    0.1969    0.0167
         2    0.5526    0.3178    0.2328    0.1028    0.0445    0.2666    0.2954    0.0250
         3    0.5283    0.3038    0.2225    0.0983    0.0425    0.2549    0.2824    0.0239
         4    0.5283    0.3038    0.2225    0.0983    0.0425    0.2549    0.2824    0.0239

Avg. F 1-2     0.461     0.265     0.194     0.086     0.037     0.222     0.246     0.021


Age             2010      2011      2012      2013      2014      2015      2016      2017
         0    0.0005    0.0000    0.0000    0.0000    0.0001    0.0000    0.0000    0.0000
         1    0.2135    0.1353    0.0821    0.0400    0.1603    0.2110    0.0821    0.1825
         2    0.3202    0.2029    0.1232    0.0600    0.2404    0.3165    0.1232    0.2738
         3    0.3061    0.1940    0.1178    0.0573    0.2298    0.3026    0.1178    0.2618
         4    0.3061    0.1940    0.1178    0.0573    0.2298    0.3026    0.1178    0.2618

Avg. F 1-2     0.267     0.169     0.103     0.050     0.200     0.264     0.103     0.228


Age             2018      2019      2020      2021
         0    0.0000    0.0000    0.0000    0.0000
         1    0.1950    0.2940    0.4967    0.2988
         2    0.2925    0.4410    0.7450    0.4482
         3    0.2796    0.4216    0.7122    0.4285
         4    0.2796    0.4216    0.7122    0.4285

Avg. F 1-2     0.244     0.368     0.621     0.373