
Observed catches
# Species: Area-3r      ################################################################
# Year:1986
# age    0          1          2          3          4 
         0   18938558    2062746     160842          0 
   7964530    7986880     533151       2472          0 
# Year:1987
# age    0          1          2          3          4 
         0   33759764   14020214     453114     199797 
      5156      65133       4402          0          0 
# Year:1988
# age    0          1          2          3          4 
         0    6583910   17320636     893461      19296 
   8768859     852565     233220     143977      13414 
# Year:1989
# age    0          1          2          3          4 
         0   47004455    1844205    2806043       4091 
    159140     190120      12901          0          0 
# Year:1990
# age    0          1          2          3          4 
         0    9302202    2790710     412858     124997 
   9792640    1377146     285578      42584      12527 
# Year:1991
# age    0          1          2          3          4 
         0   24008733    1390649     526003     184169 
  14442335     942074      30405       8715       3176 
# Year:1992
# age    0          1          2          3          4 
         0    7100077    2862149     342206     214730 
    525419      87265       8410       3362        728 
# Year:1993
# age    0          1          2          3          4 
         0   15163844     558458     211339    1336086 
   9662913     850927     154686      70612      12195 
# Year:1994
# age    0          1          2          3          4 
         0   23741573    4817749     938476     386452 
         0     614909     684228      77945      10064 
# Year:1995
# age    0          1          2          3          4 
         0   25037102    1893811     238187     155747 
   1020142     483714      78009      12661      17071 
# Year:1996
# age    0          1          2          3          4 
         0    4319201    3393635     464830     398636 
   6262635    3111378      96913      32879     247648 
# Year:1997
# age    0          1          2          3          4 
         0   66856217    2911801     606997     194194 
   2975268   10387940     134153      12655       9368 
# Year:1998
# age    0          1          2          3          4 
         0    3953888   28136743    2552888     290096 
  30136075     992451     740255     192391      31983 
# Year:1999
# age    0          1          2          3          4 
         0    5182181    1553570    1979272     421461 
   6443502    1835347     118026     400916     169073 
# Year:2000
# age    0          1          2          3          4 
         0   18792767    3286266     541129     533035 
         0     343747       3749       1421       8735 
# Year:2001
# age    0          1          2          3          4 
         0    5327137     991940     163012     160096 
  18262722    3968023       9186       2437       5818 
# Year:2002
# age    0          1          2          3          4 
         0    9075154    2680501     387226     135214 
         0      20983       2940        972          0 
# Year:2003
# age    0          1          2          3          4 
         0     939264     807536     129911      78008 
   2754627      61180      53181       1981        618 
# Year:2004
# age    0          1          2          3          4 
         0    1975717     255504      74336      91547 
   1090991     737017      15674       6082        667 
# Year:2005
# age    0          1          2          3          4 
         0    1404001     145503      20577      12410 
         0        520        479          0          0 
# Year:2006
# age    0          1          2          3          4 
         0     768971      46719      26550       4038 
         0       2875        665        436        417 
# Year:2007
# age    0          1          2          3          4 
         0    8600016     570907      86201      18766 
         0          0          0          0          0 
# Year:2008
# age    0          1          2          3          4 
         0    4077210    2012234     459671      73109 
         0          0          0          0          0 
# Year:2009
# age    0          1          2          3          4 
         0     827482      69483       8273          0 
       948      11540       1727          0          0 
# Year:2010
# age    0          1          2          3          4 
         0    3041699     740237    1006304     172793 
         0      50881       1379       1073          0 
# Year:2011
# age    0          1          2          3          4 
         0    1304406    5223852     825133      24091 
         0          0          0          0          0 
# Year:2012
# age    0          1          2          3          4 
         0      31625     186321    1157430     356271 
         0          0          0          0          0 
# Year:2013
# age    0          1          2          3          4 
         0     648273     211090      55294      42412 
         0          0          0          0          0 
# Year:2014
# age    0          1          2          3          4 
         0    5383521    2372710     642831     319330 
         0          0          0          0          0 
# Year:2015
# age    0          1          2          3          4 
         0    6450913    2339743     956214      98917 
         0          0          0          0          0 
# Year:2016
# age    0          1          2          3          4 
         0     155772    2005683     415113     284232 
         0          0          0          0          0 
# Year:2017
# age    0          1          2          3          4 
         0   11734199     670880     434280     408731 
         0          0          0          0          0 
# Year:2018
# age    0          1          2          3          4 
         0     413211    6630555      39927     305220 
        11       5644      47519        782       1185 
# Year:2019
# age    0          1          2          3          4 
         0    7105401     715680    4241203     130780 
        36        260         14        116          8 
# Year:2020
# age    0          1          2          3          4 
         0   21133401    1980933     390642    1248619 
         0          0          0          0          0 
# Year:2021
# age    0          1          2          3          4 
         0    3210903    2768204     529657    1377835 
     11020       6395       1380         97        215 

Natural single species Mortality (M)
# Species: Area-3r      ################################################################
# Year:1986
# age    0          1          2          3          4 
         0     0.7600     0.6000     0.4200     0.3600 
    1.3400     0.6000     0.4700     0.3700     0.3500 
# Year:1987
# age    0          1          2          3          4 
         0     0.7500     0.6000     0.4200     0.3600 
    1.4300     0.5700     0.4400     0.3500     0.3400 
# Year:1988
# age    0          1          2          3          4 
         0     0.7100     0.5700     0.3900     0.3500 
    1.5400     0.5800     0.4300     0.3500     0.3400 
# Year:1989
# age    0          1          2          3          4 
         0     0.6800     0.5500     0.3900     0.3600 
    1.3300     0.4900     0.3600     0.3300     0.3200 
# Year:1990
# age    0          1          2          3          4 
         0     0.6300     0.4900     0.3400     0.3100 
    1.2800     0.4800     0.3500     0.3000     0.2900 
# Year:1991
# age    0          1          2          3          4 
         0     0.6300     0.4900     0.3300     0.3000 
    1.2200     0.4700     0.3500     0.2900     0.2800 
# Year:1992
# age    0          1          2          3          4 
         0     0.6500     0.4900     0.3300     0.3000 
    1.1900     0.5200     0.3900     0.2900     0.2900 
# Year:1993
# age    0          1          2          3          4 
         0     0.6700     0.5100     0.3500     0.3300 
    1.1400     0.5200     0.4000     0.3200     0.3100 
# Year:1994
# age    0          1          2          3          4 
         0     0.6900     0.5300     0.3600     0.3400 
    1.1100     0.5800     0.4600     0.3400     0.3200 
# Year:1995
# age    0          1          2          3          4 
         0     0.7100     0.5600     0.4100     0.3800 
    1.0100     0.5500     0.4500     0.3500     0.3400 
# Year:1996
# age    0          1          2          3          4 
         0     0.6600     0.5300     0.3900     0.3600 
    0.9900     0.5700     0.4700     0.3600     0.3500 
# Year:1997
# age    0          1          2          3          4 
         0     0.6400     0.5200     0.4000     0.3800 
    0.9000     0.5300     0.4300     0.3800     0.3600 
# Year:1998
# age    0          1          2          3          4 
         0     0.6300     0.4900     0.3800     0.3500 
    0.9700     0.5100     0.4100     0.3600     0.3300 
# Year:1999
# age    0          1          2          3          4 
         0     0.7300     0.5400     0.3600     0.3300 
    1.0400     0.5800     0.4700     0.3300     0.3000 
# Year:2000
# age    0          1          2          3          4 
         0     0.8000     0.6100     0.4200     0.3900 
    1.1200     0.6500     0.5500     0.3900     0.3700 
# Year:2001
# age    0          1          2          3          4 
         0     0.8200     0.6600     0.4900     0.4500 
    1.1900     0.7800     0.6700     0.5100     0.4900 
# Year:2002
# age    0          1          2          3          4 
         0     0.8400     0.7200     0.5800     0.5400 
    1.2200     0.8000     0.6700     0.6300     0.6100 
# Year:2003
# age    0          1          2          3          4 
         0     0.8300     0.7200     0.5800     0.5400 
    1.2200     0.7700     0.6400     0.6200     0.6000 
# Year:2004
# age    0          1          2          3          4 
         0     0.8500     0.7100     0.5600     0.5100 
    1.2100     0.7000     0.5700     0.5500     0.5300 
# Year:2005
# age    0          1          2          3          4 
         0     0.8400     0.6900     0.5000     0.4700 
    1.1500     0.6500     0.5300     0.4700     0.4500 
# Year:2006
# age    0          1          2          3          4 
         0     0.8200     0.6600     0.4800     0.4400 
    1.1200     0.6100     0.4900     0.4200     0.4100 
# Year:2007
# age    0          1          2          3          4 
         0     0.7700     0.6100     0.4500     0.4200 
    1.0500     0.5800     0.4700     0.4000     0.3900 
# Year:2008
# age    0          1          2          3          4 
         0     0.6800     0.5500     0.4300     0.4000 
    0.9900     0.5000     0.4000     0.3800     0.3700 
# Year:2009
# age    0          1          2          3          4 
         0     0.5900     0.4800     0.3700     0.3400 
    0.9900     0.4700     0.3900     0.3400     0.3300 
# Year:2010
# age    0          1          2          3          4 
         0     0.5900     0.4500     0.3600     0.3300 
    1.1100     0.5000     0.4200     0.3700     0.3500 
# Year:2011
# age    0          1          2          3          4 
         0     0.6600     0.5100     0.3900     0.3500 
    1.2100     0.5500     0.4600     0.4200     0.3900 
# Year:2012
# age    0          1          2          3          4 
         0     0.7000     0.5500     0.4200     0.3900 
    1.1900     0.5400     0.4500     0.4400     0.4200 
# Year:2013
# age    0          1          2          3          4 
         0     0.7000     0.5500     0.4200     0.3900 
    1.1900     0.5400     0.4500     0.4400     0.4200 
# Year:2014
# age    0          1          2          3          4 
         0     0.7000     0.5500     0.4200     0.3900 
    1.1900     0.5400     0.4500     0.4400     0.4200 
# Year:2015
# age    0          1          2          3          4 
         0     0.7000     0.5500     0.4200     0.3900 
    1.1900     0.5400     0.4500     0.4400     0.4200 
# Year:2016
# age    0          1          2          3          4 
         0     0.7000     0.5500     0.4200     0.3900 
    1.1900     0.5400     0.4500     0.4400     0.4200 
# Year:2017
# age    0          1          2          3          4 
         0     0.7000     0.5500     0.4200     0.3900 
    1.1900     0.5400     0.4500     0.4400     0.4200 
# Year:2018
# age    0          1          2          3          4 
         0     0.7000     0.5500     0.4200     0.3900 
    1.1900     0.5400     0.4500     0.4400     0.4200 
# Year:2019
# age    0          1          2          3          4 
         0     0.7000     0.5500     0.4200     0.3900 
    1.1900     0.5400     0.4500     0.4400     0.4200 
# Year:2020
# age    0          1          2          3          4 
         0     0.7000     0.5500     0.4200     0.3900 
    1.1900     0.5400     0.4500     0.4400     0.4200 
# Year:2021
# age    0          1          2          3          4 
         0     0.7000     0.5500     0.4200     0.3900 
    1.1900     0.5400     0.4500     0.4400     0.4200 

Stock numbers
# Species: Area-3r      ################################################################
# Year:1986
# age    0          1          2          3          4 
         0   81390587    5618480     276350     690210 
 510341406   28612543    2246505     140579     372820 
# Year:1987
# age    0          1          2          3          4 
         0  123867446   13686836    1205519     318116 
 116127019   32889399    3964016     472565     132413 
# Year:1988
# age    0          1          2          3          4 
         0   27759606   18562684    2547320     426494 
 360728273    6872432    4903366     932323     162468 
# Year:1989
# age    0          1          2          3          4 
         0   73466902    3506514    2877288     710891 
 107677941   15705231     776659     898736     228813 
# Year:1990
# age    0          1          2          3          4 
         0   28385329    9564584     538305     807970 
 198082208    9881374    3655590     261694     404753 
# Year:1991
# age    0          1          2          3          4 
         0   52391468    5585668    2330075     458038 
 124099782   16255017    1878850    1031934     209032 
# Year:1992
# age    0          1          2          3          4 
         0   35215912    9456484    1222751     872228 
 257963713   14168146    4339058     695962     511572 
# Year:1993
# age    0          1          2          3          4 
         0   78218880    8372940    2918325     898713 
 190939743   25541067    3054339    1374707     431900 
# Year:1994
# age    0          1          2          3          4 
         0   58568693   14078615    1882586    1228804 
 180436221   17788199    4749445     837661     557805 
# Year:1995
# age    0          1          2          3          4 
         0   58534742    9679368    2904794     975977 
 153306680   19131751    3514839    1336843     462843 
# Year:1996
# age    0          1          2          3          4 
         0   55439429   10896053    2209191    1256819 
 742460755   20033661    4311618    1085193     636173 
# Year:1997
# age    0          1          2          3          4 
         0  264306601   10483328    2472378    1124372 
  63922699   71281049    2961947     908496     421507 
# Year:1998
# age    0          1          2          3          4 
         0   24330489   37232921    1687628     822404 
  93207149    5857434    9451555     566326     284383 
# Year:1999
# age    0          1          2          3          4 
         0   30712937    2728881    4732956     477530 
 121484754    9253141     786073    1683618     175042 
# Year:2000
# age    0          1          2          3          4 
         0   37321450    4190171     357348     988450 
 133994160    9273361     936213     100398     286166 
# Year:2001
# age    0          1          2          3          4 
         0   43558396    4814130     535637     263519 
 127087171   14985589    1717770     230264     117907 
# Year:2002
# age    0          1          2          3          4 
         0   33432827    5513099     631963     153557 
  31975669    9985571    1544220     208623      52761 
# Year:2003
# age    0          1          2          3          4 
         0    9440182    4486806     790191     139779 
  72768266    3428905    1660358     340435      62678 
# Year:2004
# age    0          1          2          3          4 
         0   21074283    1542095     838102     208643 
  47107330    7938240     627253     399387     104524 
# Year:2005
# age    0          1          2          3          4 
         0   13782388    3830056     339723     280132 
  80267565    5555932    1733407     186767     158696 
# Year:2006
# age    0          1          2          3          4 
         0   25415662    2900451    1020292     217919 
 114995352   10870811    1434675     605375     134576 
# Year:2007
# age    0          1          2          3          4 
         0   37511777    5904548     878448     486821 
  58672548   14539934    2457348     434087     247890 
# Year:2008
# age    0          1          2          3          4 
         0   20531739    8140885    1535848     458813 
  89723829    8542338    3495535     753267     231881 
# Year:2009
# age    0          1          2          3          4 
         0   33339283    5181190    2343127     675298 
 137163968   18177612    3127443    1580528     469387 
# Year:2010
# age    0          1          2          3          4 
         0   50962106   11359420    2117001    1462126 
  15673663   22835847    5264120    1088613     774758 
# Year:2011
# age    0          1          2          3          4 
         0    5162950   13840718    3455057    1296572 
  11101487    2330807    6784697    1926723     752545 
# Year:2012
# age    0          1          2          3          4 
         0    3310433    1344759    4283069    1775463 
  84277451    1514275     685915    2501456    1068509 
# Year:2013
# age    0          1          2          3          4 
         0   25638993     882441     437358    2313089 
 207140749   12233049     479494     271355    1478844 
# Year:2014
# age    0          1          2          3          4 
         0   63016621    7128788     305739    1146432 
 223070409   26665205    3235157     159689     617023 
# Year:2015
# age    0          1          2          3          4 
         0   67853121   15535761    2062162     508101 
   8121491   27285397    6531566    1001179     254196 
# Year:2016
# age    0          1          2          3          4 
         0    2470730   15900517    4164711     811815 
 705102306    1130174    8110301    2432331     488566 
# Year:2017
# age    0          1          2          3          4 
         0  214507115     658607    5171356    1887520 
  32491133   88747825     288965    2615244     983622 
# Year:2018
# age    0          1          2          3          4 
         0    9884494   51717640     184252    2330598 
 223823239    4038932   22271591      91531    1193038 
# Year:2019
# age    0          1          2          3          4 
         0   68091789    2353681   14200994     842832 
 303286257   25199981     873672    6120729     374330 
# Year:2020
# age    0          1          2          3          4 
         0   92266128   14685245     557078    4187925 
 160645584   27882926    4022214     179552    1390919 
# Year:2021
# age    0          1          2          3          4 
         0   48871803   16248727    2564677    1029537 
  77181103   18000731    5988387    1097851     454131 

Fishing mortality
# Species: Area-3r      ################################################################
# Year:1986
# age    0          1          2          3          4 
         0     0.2854     0.3167     0.2559     0.2559 
    0.0759     0.1374     0.1525     0.1232     0.1232 
# Year:1987
# age    0          1          2          3          4 
         0     0.5761     0.6392     0.5165     0.5165 
    0.0011     0.0020     0.0022     0.0018     0.0018 
# Year:1988
# age    0          1          2          3          4 
         0     0.6861     0.7612     0.6151     0.6151 
    0.0513     0.0929     0.1031     0.0833     0.0833 
# Year:1989
# age    0          1          2          3          4 
         0     0.8628     0.9574     0.7736     0.7736 
    0.0033     0.0059     0.0066     0.0053     0.0053 
# Year:1990
# age    0          1          2          3          4 
         0     0.4252     0.4718     0.3812     0.3812 
    0.0499     0.0904     0.1004     0.0811     0.0811 
# Year:1991
# age    0          1          2          3          4 
         0     0.5403     0.5995     0.4845     0.4845 
    0.0396     0.0717     0.0796     0.0643     0.0643 
# Year:1992
# age    0          1          2          3          4 
         0     0.2605     0.2890     0.2336     0.2336 
    0.0033     0.0060     0.0066     0.0054     0.0054 
# Year:1993
# age    0          1          2          3          4 
         0     0.4492     0.4984     0.4028     0.4028 
    0.0418     0.0756     0.0839     0.0678     0.0678 
# Year:1994
# age    0          1          2          3          4 
         0     0.5017     0.5566     0.4498     0.4498 
    0.0158     0.0285     0.0317     0.0256     0.0256 
# Year:1995
# age    0          1          2          3          4 
         0     0.4083     0.4530     0.3661     0.3661 
    0.0071     0.0129     0.0144     0.0116     0.0116 
# Year:1996
# age    0          1          2          3          4 
         0     0.3579     0.3971     0.3209     0.3209 
    0.0429     0.0776     0.0861     0.0696     0.0696 
# Year:1997
# age    0          1          2          3          4 
         0     0.6705     0.7439     0.6011     0.6011 
    0.0659     0.1194     0.1325     0.1071     0.1071 
# Year:1998
# age    0          1          2          3          4 
         0     0.7940     0.8810     0.7119     0.7119 
    0.1401     0.2538     0.2816     0.2276     0.2276 
# Year:1999
# age    0          1          2          3          4 
         0     0.4697     0.7046     0.6736     0.6736 
    0.1402     0.2122     0.3183     0.3043     0.3043 
# Year:2000
# age    0          1          2          3          4 
         0     0.5924     0.8887     0.8496     0.8496 
    0.0037     0.0056     0.0084     0.0080     0.0080 
# Year:2001
# age    0          1          2          3          4 
         0     0.2470     0.3705     0.3542     0.3542 
    0.1453     0.2200     0.3300     0.3154     0.3154 
# Year:2002
# age    0          1          2          3          4 
         0     0.3684     0.5526     0.5283     0.5283 
    0.0000     0.0000     0.0000     0.0000     0.0000 
# Year:2003
# age    0          1          2          3          4 
         0     0.1827     0.2741     0.2621     0.2621 
    0.0192     0.0291     0.0436     0.0417     0.0417 
# Year:2004
# age    0          1          2          3          4 
         0     0.1264     0.1895     0.1812     0.1812 
    0.0190     0.0288     0.0432     0.0413     0.0413 
# Year:2005
# age    0          1          2          3          4 
         0     0.0685     0.1028     0.0983     0.0983 
    0.0000     0.0000     0.0000     0.0000     0.0000 
# Year:2006
# age    0          1          2          3          4 
         0     0.0293     0.0439     0.0420     0.0420 
    0.0002     0.0004     0.0005     0.0005     0.0005 
# Year:2007
# age    0          1          2          3          4 
         0     0.1778     0.2666     0.2549     0.2549 
    0.0000     0.0000     0.0000     0.0000     0.0000 
# Year:2008
# age    0          1          2          3          4 
         0     0.1969     0.2954     0.2824     0.2824 
    0.0000     0.0000     0.0000     0.0000     0.0000 
# Year:2009
# age    0          1          2          3          4 
         0     0.0165     0.0248     0.0237     0.0237 
    0.0001     0.0001     0.0002     0.0002     0.0002 
# Year:2010
# age    0          1          2          3          4 
         0     0.2128     0.3191     0.3051     0.3051 
    0.0005     0.0007     0.0011     0.0010     0.0010 
# Year:2011
# age    0          1          2          3          4 
         0     0.1353     0.2029     0.1940     0.1940 
    0.0000     0.0000     0.0000     0.0000     0.0000 
# Year:2012
# age    0          1          2          3          4 
         0     0.0821     0.1232     0.1178     0.1178 
    0.0000     0.0000     0.0000     0.0000     0.0000 
# Year:2013
# age    0          1          2          3          4 
         0     0.0400     0.0600     0.0573     0.0573 
    0.0000     0.0000     0.0000     0.0000     0.0000 
# Year:2014
# age    0          1          2          3          4 
         0     0.1600     0.2401     0.2295     0.2295 
    0.0001     0.0002     0.0003     0.0003     0.0003 
# Year:2015
# age    0          1          2          3          4 
         0     0.2110     0.3165     0.3026     0.3026 
    0.0000     0.0000     0.0000     0.0000     0.0000 
# Year:2016
# age    0          1          2          3          4 
         0     0.0821     0.1232     0.1178     0.1178 
    0.0000     0.0000     0.0000     0.0000     0.0000 
# Year:2017
# age    0          1          2          3          4 
         0     0.1825     0.2738     0.2618     0.2618 
    0.0000     0.0000     0.0000     0.0000     0.0000 
# Year:2018
# age    0          1          2          3          4 
         0     0.1950     0.2925     0.2796     0.2796 
    0.0000     0.0000     0.0000     0.0000     0.0000 
# Year:2019
# age    0          1          2          3          4 
         0     0.2940     0.4410     0.4216     0.4216 
    0.0000     0.0000     0.0000     0.0000     0.0000 
# Year:2020
# age    0          1          2          3          4 
         0     0.4967     0.7450     0.7122     0.7122 
    0.0000     0.0000     0.0000     0.0000     0.0000 
# Year:2021
# age    0          1          2          3          4 
         0     0.2988     0.4482     0.4285     0.4285 
    0.0000     0.0000     0.0000     0.0000     0.0000 

Total Mortality (Z)
# Species: Area-3r      ################################################################
# Year:1986
# age    0          1          2          3          4 
         0     1.0454     0.9167     0.6759     0.6159 
    1.4159     0.7374     0.6225     0.4932     0.4732 
# Year:1987
# age    0          1          2          3          4 
         0     1.3261     1.2392     0.9365     0.8765 
    1.4311     0.5720     0.4422     0.3518     0.3418 
# Year:1988
# age    0          1          2          3          4 
         0     1.3961     1.3312     1.0051     0.9651 
    1.5913     0.6729     0.5331     0.4333     0.4233 
# Year:1989
# age    0          1          2          3          4 
         0     1.5428     1.5074     1.1636     1.1336 
    1.3333     0.4959     0.3666     0.3353     0.3253 
# Year:1990
# age    0          1          2          3          4 
         0     1.0552     0.9618     0.7212     0.6912 
    1.3299     0.5704     0.4504     0.3811     0.3711 
# Year:1991
# age    0          1          2          3          4 
         0     1.1703     1.0895     0.8145     0.7845 
    1.2596     0.5417     0.4296     0.3543     0.3443 
# Year:1992
# age    0          1          2          3          4 
         0     0.9105     0.7790     0.5636     0.5336 
    1.1933     0.5260     0.3966     0.2954     0.2954 
# Year:1993
# age    0          1          2          3          4 
         0     1.1192     1.0084     0.7528     0.7328 
    1.1818     0.5956     0.4839     0.3878     0.3778 
# Year:1994
# age    0          1          2          3          4 
         0     1.1917     1.0866     0.8098     0.7898 
    1.1258     0.6085     0.4917     0.3656     0.3456 
# Year:1995
# age    0          1          2          3          4 
         0     1.1183     1.0130     0.7761     0.7461 
    1.0171     0.5629     0.4644     0.3616     0.3516 
# Year:1996
# age    0          1          2          3          4 
         0     1.0179     0.9271     0.7109     0.6809 
    1.0329     0.6476     0.5561     0.4296     0.4196 
# Year:1997
# age    0          1          2          3          4 
         0     1.3105     1.2639     1.0011     0.9811 
    0.9659     0.6494     0.5625     0.4871     0.4671 
# Year:1998
# age    0          1          2          3          4 
         0     1.4240     1.3710     1.0919     1.0619 
    1.1101     0.7638     0.6916     0.5876     0.5576 
# Year:1999
# age    0          1          2          3          4 
         0     1.1997     1.2446     1.0336     1.0036 
    1.1802     0.7922     0.7883     0.6343     0.6043 
# Year:2000
# age    0          1          2          3          4 
         0     1.3924     1.4987     1.2696     1.2396 
    1.1237     0.6556     0.5584     0.3980     0.3780 
# Year:2001
# age    0          1          2          3          4 
         0     1.0670     1.0305     0.8442     0.8042 
    1.3353     1.0000     1.0000     0.8254     0.8054 
# Year:2002
# age    0          1          2          3          4 
         0     1.2084     1.2726     1.1083     1.0683 
    1.2200     0.8000     0.6700     0.6300     0.6100 
# Year:2003
# age    0          1          2          3          4 
         0     1.0127     0.9941     0.8421     0.8021 
    1.2392     0.7991     0.6836     0.6617     0.6417 
# Year:2004
# age    0          1          2          3          4 
         0     0.9764     0.8995     0.7412     0.6912 
    1.2290     0.7288     0.6132     0.5913     0.5713 
# Year:2005
# age    0          1          2          3          4 
         0     0.9085     0.7928     0.5983     0.5683 
    1.1500     0.6500     0.5300     0.4700     0.4500 
# Year:2006
# age    0          1          2          3          4 
         0     0.8493     0.7039     0.5220     0.4820 
    1.1202     0.6104     0.4905     0.4205     0.4105 
# Year:2007
# age    0          1          2          3          4 
         0     0.9478     0.8766     0.7049     0.6749 
    1.0500     0.5800     0.4700     0.4000     0.3900 
# Year:2008
# age    0          1          2          3          4 
         0     0.8769     0.8454     0.7124     0.6824 
    0.9900     0.5000     0.4000     0.3800     0.3700 
# Year:2009
# age    0          1          2          3          4 
         0     0.6065     0.5048     0.3937     0.3637 
    0.9901     0.4701     0.3902     0.3402     0.3302 
# Year:2010
# age    0          1          2          3          4 
         0     0.8028     0.7691     0.6651     0.6351 
    1.1105     0.5007     0.4211     0.3710     0.3510 
# Year:2011
# age    0          1          2          3          4 
         0     0.7953     0.7129     0.5840     0.5440 
    1.2100     0.5500     0.4600     0.4200     0.3900 
# Year:2012
# age    0          1          2          3          4 
         0     0.7821     0.6732     0.5378     0.5078 
    1.1900     0.5400     0.4500     0.4400     0.4200 
# Year:2013
# age    0          1          2          3          4 
         0     0.7400     0.6100     0.4773     0.4473 
    1.1900     0.5400     0.4500     0.4400     0.4200 
# Year:2014
# age    0          1          2          3          4 
         0     0.8600     0.7901     0.6495     0.6195 
    1.1901     0.5402     0.4503     0.4403     0.4203 
# Year:2015
# age    0          1          2          3          4 
         0     0.9110     0.8665     0.7226     0.6926 
    1.1900     0.5400     0.4500     0.4400     0.4200 
# Year:2016
# age    0          1          2          3          4 
         0     0.7821     0.6732     0.5378     0.5078 
    1.1900     0.5400     0.4500     0.4400     0.4200 
# Year:2017
# age    0          1          2          3          4 
         0     0.8825     0.8238     0.6818     0.6518 
    1.1900     0.5400     0.4500     0.4400     0.4200 
# Year:2018
# age    0          1          2          3          4 
         0     0.8950     0.8425     0.6996     0.6696 
    1.1900     0.5400     0.4500     0.4400     0.4200 
# Year:2019
# age    0          1          2          3          4 
         0     0.9940     0.9910     0.8416     0.8116 
    1.1900     0.5400     0.4500     0.4400     0.4200 
# Year:2020
# age    0          1          2          3          4 
         0     1.1967     1.2950     1.1322     1.1022 
    1.1900     0.5400     0.4500     0.4400     0.4200 
# Year:2021
# age    0          1          2          3          4 
         0     0.9988     0.9982     0.8485     0.8185 
    1.1900     0.5400     0.4500     0.4400     0.4200 
