data Species.n Quarter Year fleet Age observed model residual stand.residual
catch 1 1 1986 -9 1  1.893856e+007 1.607529e+007 1.639167e-001 2.625328e-001
catch 1 1 1986 -9 2  2.062746e+006 1.272916e+006 4.827280e-001 7.731483e-001
catch 1 1 1986 -9 3  1.608420e+005 4.432759e+004 1.288815e+000 1.166929e+000
catch 1 1 1986 -9 4  -99.9 -99.9 -99.9  -99.9
catch 1 1 1987 -9 1  3.375976e+007 3.966092e+007 -1.610967e-001 -2.580162e-001
catch 1 1 1987 -9 2  1.402021e+007 5.572737e+006 9.226138e-001 1.477680e+000
catch 1 1 1987 -9 3  4.531140e+005 4.298705e+005 5.265967e-002 4.767954e-002
catch 1 1 1987 -9 4  1.997970e+005 1.080704e+005 6.145188e-001 5.564025e-001
catch 1 1 1988 -9 1  6.583910e+006 1.015958e+007 -4.337886e-001 -6.947658e-001
catch 1 1 1988 -9 2  1.732064e+007 7.809654e+006 7.965380e-001 1.275754e+000
catch 1 1 1988 -9 3  8.934610e+005 1.072092e+006 -1.822644e-001 -1.650273e-001
catch 1 1 1988 -9 4  1.929600e+004 1.846555e+005 -2.258594e+000 -2.044994e+000
catch 1 1 1989 -9 1  4.700446e+007 3.245561e+007 3.703690e-001 5.931915e-001
catch 1 1 1989 -9 2  1.844205e+006 1.718703e+006 7.047863e-002 1.128802e-001
catch 1 1 1989 -9 3  2.806043e+006 1.298683e+006 7.704247e-001 6.975641e-001
catch 1 1 1989 -9 4  4.091000e+003 3.814698e+005 -4.535242e+000 -4.106335e+000
catch 1 1 1990 -9 1  9.302202e+006 7.255432e+006 2.485007e-001 3.980044e-001
catch 1 1 1990 -9 2  2.790710e+006 2.900399e+006 -3.855236e-002 -6.174635e-002
catch 1 1 1990 -9 3  4.128580e+005 1.413405e+005 1.071932e+000 9.705571e-001
catch 1 1 1990 -9 4  1.249970e+005 2.399042e+005 -6.519500e-001 -5.902938e-001
catch 1 1 1991 -9 1  2.400873e+007 1.752743e+007 3.146507e-001 5.039518e-001
catch 1 1 1991 -9 2  1.390649e+006 1.976150e+006 -3.513801e-001 -5.627785e-001
catch 1 1 1991 -9 3  5.260030e+005 7.517799e+005 -3.571366e-001 -3.233615e-001
catch 1 1 1991 -9 4  1.841690e+005 1.662569e+005 1.023195e-001 9.264297e-002
catch 1 1 1992 -9 1  7.100077e+006 5.736206e+006 2.133075e-001 3.416383e-001
catch 1 1 1992 -9 2  2.862149e+006 1.979746e+006 3.686044e-001 5.903654e-001
catch 1 1 1992 -9 3  3.422060e+005 2.043091e+005 5.157788e-001 4.670006e-001
catch 1 1 1992 -9 4  2.147300e+005 1.627057e+005 2.774382e-001 2.512004e-001
catch 1 1 1993 -9 1  1.516384e+007 2.150338e+007 -3.492962e-001 -5.594409e-001
catch 1 1 1993 -9 2  5.584580e+005 2.481794e+006 -1.491557e+000 -2.388913e+000
catch 1 1 1993 -9 3  2.113390e+005 8.295064e+005 -1.367367e+000 -1.238053e+000
catch 1 1 1993 -9 4  1.336086e+006 2.570913e+005 1.648069e+000 1.492208e+000
catch 1 1 1994 -9 1  2.374157e+007 1.735529e+007 3.133304e-001 5.018372e-001
catch 1 1 1994 -9 2  4.817749e+006 4.835903e+006 -3.761101e-003 -6.023866e-003
catch 1 1 1994 -9 3  9.384760e+005 5.323735e+005 5.669119e-001 5.132979e-001
catch 1 1 1994 -9 4  3.864520e+005 4.001022e+005 -3.471233e-002 -3.142952e-002
catch 1 1 1995 -9 1  2.503710e+007 1.478862e+007 5.265008e-001 8.432559e-001
catch 1 1 1995 -9 2  1.893811e+006 2.767457e+006 -3.793377e-001 -6.075561e-001
catch 1 1 1995 -9 3  2.381870e+005 7.242017e+005 -1.112014e+000 -1.006849e+000
catch 1 1 1995 -9 4  1.557470e+005 2.534925e+005 -4.871014e-001 -4.410352e-001
catch 1 1 1996 -9 1  4.319201e+006 1.128110e+007 -9.600581e-001 -1.537651e+000
catch 1 1 1996 -9 2  3.393635e+006 2.873931e+006 1.662209e-001 2.662232e-001
catch 1 1 1996 -9 3  4.648300e+005 4.908008e+005 -5.436670e-002 -4.922513e-002
catch 1 1 1996 -9 4  3.986360e+005 2.974606e+005 2.927670e-001 2.650794e-001
catch 1 1 1997 -9 1  6.685622e+007 1.009603e+008 -4.121830e-001 -6.601618e-001
catch 1 1 1997 -9 2  2.911801e+006 3.997050e+006 -3.167847e-001 -5.073697e-001
catch 1 1 1997 -9 3  6.069970e+005 9.325896e+005 -4.294414e-001 -3.888283e-001
catch 1 1 1997 -9 4  1.941940e+005 4.432846e+005 -8.253543e-001 -7.472989e-001
catch 1 1 1998 -9 1  3.953888e+006 9.682666e+006 -8.956379e-001 -1.434474e+000
catch 1 1 1998 -9 2  2.813674e+007 1.827612e+007 4.314809e-001 6.910699e-001
catch 1 1 1998 -9 3  2.552888e+006 6.511137e+005 1.366296e+000 1.237083e+000
catch 1 1 1998 -9 4  2.900960e+005 3.866395e+005 -2.872808e-001 -2.601121e-001
catch 1 1 1999 -9 1  5.182181e+006 1.042005e+007 -6.985057e-001 -1.118743e+000
catch 1 1 1999 -9 2  1.553570e+006 1.191157e+006 2.656306e-001 4.254402e-001
catch 1 1 1999 -9 3  1.979272e+006 2.586542e+006 -2.675928e-001 -2.422860e-001
catch 1 1 1999 -9 4  4.214610e+005 2.679635e+005 4.528764e-001 4.100470e-001
catch 1 1 2000 -9 1  1.879277e+007 1.433684e+007 2.706398e-001 4.334629e-001
catch 1 1 2000 -9 2  3.286266e+006 1.798902e+006 6.025756e-001 9.650989e-001
catch 1 1 2000 -9 3  5.411290e+005 1.653073e+005 1.185852e+000 1.073703e+000
catch 1 1 2000 -9 4  5.330350e+005 4.662493e+005 1.338667e-001 1.212067e-001
catch 1 1 2001 -9 1  5.327137e+006 7.816678e+006 -3.834457e-001 -6.141355e-001
catch 1 1 2001 -9 2  9.919400e+005 1.064861e+006 -7.093654e-002 -1.136136e-001
catch 1 1 2001 -9 3  1.630120e+005 1.138863e+005 3.586230e-001 3.247073e-001
catch 1 1 2001 -9 4  1.600960e+005 5.050840e+004 1.153634e+000 1.044532e+000
catch 1 1 2002 -9 1  9.075154e+006 8.425602e+006 7.426537e-002 1.189451e-001
catch 1 1 2002 -9 2  2.680501e+006 1.624213e+006 5.009803e-001 8.023817e-001
catch 1 1 2002 -9 3  3.872260e+005 1.839846e+005 7.441564e-001 6.737801e-001
catch 1 1 2002 -9 4  1.352140e+005 3.468020e+004 1.360690e+000 1.232007e+000
catch 1 1 2003 -9 1  9.392640e+005 1.223302e+006 -2.642128e-001 -4.231694e-001
catch 1 1 2003 -9 2  8.075360e+005 7.694049e+005 4.837027e-002 7.747094e-002
catch 1 1 2003 -9 3  1.299110e+005 1.325520e+005 -2.012530e-002 -1.822201e-002
catch 1 1 2003 -9 4  7.800800e+004 1.919811e+004 1.401999e+000 1.269410e+000
catch 1 1 2004 -9 1  1.975717e+006 1.870815e+006 5.455744e-002 8.738046e-002
catch 1 1 2004 -9 2  2.555040e+005 1.881648e+005 3.059201e-001 4.899687e-001
catch 1 1 2004 -9 3  7.433600e+004 1.102788e+005 -3.944166e-001 -3.571158e-001
catch 1 1 2004 -9 4  9.154700e+004 2.312760e+004 1.375826e+000 1.245711e+000
catch 1 1 2005 -9 1  1.404001e+006 6.930787e+005 7.059377e-001 1.130646e+000
catch 1 1 2005 -9 2  1.455030e+005 2.631616e+005 -5.925717e-001 -9.490765e-001
catch 1 1 2005 -9 3  2.057700e+004 2.605068e+004 -2.358700e-001 -2.135633e-001
catch 1 1 2005 -9 4  1.241000e+004 1.968628e+004 -4.614196e-001 -4.177822e-001
catch 1 1 2006 -9 1  7.689710e+005 5.129026e+005 4.049674e-001 6.486051e-001
catch 1 1 2006 -9 2  4.671900e+004 9.182915e+004 -6.757788e-001 -1.082343e+000
catch 1 1 2006 -9 3  2.655000e+004 3.510385e+004 -2.792811e-001 -2.528689e-001
catch 1 1 2006 -9 4  4.038000e+003 7.036321e+003 -5.553359e-001 -5.028167e-001
catch 1 1 2007 -9 1  8.600016e+006 5.684448e+006 4.140301e-001 6.631202e-001
catch 1 1 2007 -9 2  5.709070e+005 9.538211e+005 -5.132499e-001 -8.220328e-001
catch 1 1 2007 -9 3  8.620100e+004 1.714250e+005 -6.874640e-001 -6.224492e-001
catch 1 1 2007 -9 4  1.876600e+004 8.977286e+004 -1.565236e+000 -1.417209e+000
catch 1 1 2008 -9 1  4.077210e+006 3.652197e+006 1.100840e-001 1.763131e-001
catch 1 1 2008 -9 2  2.012234e+006 1.853244e+006 8.230811e-002 1.318266e-001
catch 1 1 2008 -9 3  4.596710e+005 2.920186e+005 4.536934e-001 4.107867e-001
catch 1 1 2008 -9 4  7.310900e+004 9.012683e+004 -2.092664e-001 -1.894757e-001
catch 1 1 2009 -9 1  8.274820e+005 5.477401e+005 4.125865e-001 6.608080e-001
catch 1 1 2009 -9 2  6.948300e+004 1.206399e+005 -5.517279e-001 -8.836602e-001
catch 1 1 2009 -9 3  8.273000e+003 5.601187e+004 -1.912566e+000 -1.731691e+000
catch 1 1 2009 -9 4  -99.9 -99.9 -99.9  -99.9
catch 1 1 2010 -9 1  3.041699e+006 1.004756e+007 -1.194913e+000 -1.913800e+000
catch 1 1 2010 -9 2  7.402370e+005 2.972785e+006 -1.390284e+000 -2.226711e+000
catch 1 1 2010 -9 3  1.006304e+006 5.960311e+005 5.237466e-001 4.742149e-001
catch 1 1 2010 -9 4  1.727930e+005 3.614605e+005 -7.380584e-001 -6.682587e-001
catch 1 1 2011 -9 1  1.304406e+006 6.168727e+005 7.488404e-001 1.199360e+000
catch 1 1 2011 -9 2  5.223852e+006 2.345774e+006 8.006194e-001 1.282291e+000
catch 1 1 2011 -9 3  8.251330e+005 6.212136e+005 2.838696e-001 2.570235e-001
catch 1 1 2011 -9 4  2.409100e+004 2.139329e+005 -2.183824e+000 -1.977295e+000
catch 1 1 2012 -9 1  3.162500e+004 2.500586e+005 -2.067747e+000 -3.311752e+000
catch 1 1 2012 -9 2  1.863210e+005 1.363889e+005 3.119608e-001 4.996436e-001
catch 1 1 2012 -9 3  1.157430e+006 4.851158e+005 8.695697e-001 7.873328e-001
catch 1 1 2012 -9 4  3.562710e+005 1.857226e+005 6.514373e-001 5.898296e-001
catch 1 1 2013 -9 1  6.482730e+005 8.109933e+005 -2.239479e-001 -3.586802e-001
catch 1 1 2013 -9 2  2.110900e+005 4.703252e+004 1.501445e+000 2.404749e+000
catch 1 1 2013 -9 3  5.529400e+004 2.439604e+004 8.182437e-001 7.408608e-001
catch 1 1 2013 -9 4  4.241200e+004 1.258071e+005 -1.087319e+000 -9.844888e-001
catch 1 1 2014 -9 1  5.383521e+006 7.655140e+006 -3.520346e-001 -5.638268e-001
catch 1 1 2014 -9 2  2.372710e+006 1.178680e+006 6.996375e-001 1.120556e+000
catch 1 1 2014 -9 3  6.428310e+005 6.521667e+004 2.288167e+000 2.071770e+000
catch 1 1 2014 -9 4  3.193300e+005 2.230332e+005 3.589044e-001 3.249621e-001
catch 1 1 2015 -9 1  6.450913e+006 1.195705e+007 -6.170998e-001 -9.883613e-001
catch 1 1 2015 -9 2  2.339743e+006 3.226516e+006 -3.213619e-001 -5.147007e-001
catch 1 1 2015 -9 3  9.562140e+005 4.581969e+005 7.356827e-001 6.661077e-001
catch 1 1 2015 -9 4  9.891700e+004 1.192129e+005 -1.866302e-001 -1.689802e-001
catch 1 1 2016 -9 1  1.557720e+005 1.006114e+005 4.371279e-001 7.001142e-001
catch 1 1 2016 -9 2  2.005683e+006 1.581861e+006 2.373829e-001 3.801979e-001
catch 1 1 2016 -9 3  4.151130e+005 3.914387e+005 5.872185e-002 5.316840e-002
catch 1 1 2016 -9 4  2.842320e+005 7.289025e+004 1.360836e+000 1.232139e+000
catch 1 2 1986 -9 0  7.964530e+006 2.101477e+007 -9.702276e-001 -8.362085e-001
catch 1 2 1986 -9 1  7.986880e+006 3.077116e+006 9.538075e-001 9.502245e-001
catch 1 2 1986 -9 2  5.331510e+005 2.775924e+005 6.526508e-001 6.501991e-001
catch 1 2 1986 -9 3  2.472000e+003 1.185320e+004 -1.567570e+000 -1.300541e+000
catch 1 2 1986 -9 4  -99.9 -99.9 -99.9  -99.9
catch 1 2 1987 -9 0  5.156000e+003 6.810699e+004 -2.580919e+000 -2.224412e+000
catch 1 2 1987 -9 1  6.513300e+004 4.982515e+004 2.679114e-001 2.669050e-001
catch 1 2 1987 -9 2  4.402000e+003 7.884844e+003 -5.828835e-001 -5.806938e-001
catch 1 2 1987 -9 3  -99.9 -99.9 -99.9  -99.9
catch 1 2 1987 -9 4  -99.9 -99.9 -99.9  -99.9
catch 1 2 1988 -9 0  8.768859e+006 9.394546e+006 -6.892265e-002 -5.940225e-002
catch 1 2 1988 -9 1  8.525650e+005 4.574215e+005 6.226442e-001 6.203052e-001
catch 1 2 1988 -9 2  2.332200e+005 3.932264e+005 -5.224032e-001 -5.204408e-001
catch 1 2 1988 -9 3  1.439770e+005 6.986425e+004 7.230994e-001 5.999224e-001
catch 1 2 1988 -9 4  1.341400e+004 1.237150e+004 8.090341e-002 6.712184e-002
catch 1 2 1989 -9 0  1.591400e+005 1.916105e+005 -1.856803e-001 -1.600320e-001
catch 1 2 1989 -9 1  1.901200e+005 7.337377e+004 9.520889e-001 9.485124e-001
catch 1 2 1989 -9 2  1.290100e+004 4.264275e+003 1.107033e+000 1.102874e+000
catch 1 2 1989 -9 3  -99.9 -99.9 -99.9  -99.9
catch 1 2 1989 -9 4  -99.9 -99.9 -99.9  -99.9
catch 1 2 1990 -9 0  9.792640e+006 5.812159e+006 5.216791e-001 4.496187e-001
catch 1 2 1990 -9 1  1.377146e+006 6.576343e+005 7.391195e-001 7.363429e-001
catch 1 2 1990 -9 2  2.855780e+005 2.950086e+005 -3.248917e-002 -3.236712e-002
catch 1 2 1990 -9 3  4.258400e+004 1.722207e+004 9.052870e-001 7.510750e-001
catch 1 2 1990 -9 4  1.252700e+004 2.986316e+004 -8.687392e-001 -7.207530e-001
catch 1 2 1991 -9 0  1.444234e+007 2.694954e+006 1.678783e+000 1.446890e+000
catch 1 2 1991 -9 1  9.420740e+005 9.387807e+005 3.501913e-003 3.488758e-003
catch 1 2 1991 -9 2  3.040500e+004 1.177434e+005 -1.353901e+000 -1.348815e+000
catch 1 2 1991 -9 3  8.715000e+003 5.515248e+004 -1.845056e+000 -1.530758e+000
catch 1 2 1991 -9 4  3.176000e+003 1.246326e+004 -1.367163e+000 -1.134272e+000
catch 1 2 1992 -9 0  5.254190e+005 5.127033e+005 2.449879e-002 2.111474e-002
catch 1 2 1992 -9 1  8.726500e+004 6.225062e+004 3.377809e-001 3.365120e-001
catch 1 2 1992 -9 2  8.410000e+003 2.465402e+004 -1.075519e+000 -1.071478e+000
catch 1 2 1992 -9 3  3.362000e+003 3.026001e+003 1.052940e-001 8.735760e-002
catch 1 2 1992 -9 4  7.280000e+002 2.449459e+003 -1.213321e+000 -1.006637e+000
catch 1 2 1993 -9 0  9.662913e+006 4.782983e+006 7.032308e-001 6.060924e-001
catch 1 2 1993 -9 1  8.509270e+005 1.468900e+006 -5.459425e-001 -5.438916e-001
catch 1 2 1993 -9 2  1.546860e+005 1.915116e+005 -2.135510e-001 -2.127487e-001
catch 1 2 1993 -9 3  7.061200e+004 7.839109e+004 -1.045102e-001 -8.670729e-002
catch 1 2 1993 -9 4  1.219500e+004 2.468434e+004 -7.051431e-001 -5.850248e-001
catch 1 2 1994 -9 0  -99.9 -99.9 -99.9  -99.9
catch 1 2 1994 -9 1  6.149090e+005 3.814580e+005 4.774735e-001 4.756798e-001
catch 1 2 1994 -9 2  6.842280e+005 1.200349e+005 1.740509e+000 1.733970e+000
catch 1 2 1994 -9 3  7.794500e+004 1.664245e+004 1.544047e+000 1.281025e+000
catch 1 2 1994 -9 4  1.006400e+004 1.276875e+004 -2.380365e-001 -1.974879e-001
catch 1 2 1995 -9 0  1.020142e+006 6.310049e+005 4.803836e-001 4.140274e-001
catch 1 2 1995 -9 1  4.837140e+005 1.930490e+005 9.185496e-001 9.150990e-001
catch 1 2 1995 -9 2  7.800900e+004 4.040002e+004 6.579938e-001 6.555220e-001
catch 1 2 1995 -9 3  1.266100e+004 1.282831e+004 -1.312795e-002 -1.089166e-002
catch 1 2 1995 -9 4  1.707100e+004 4.587945e+003 1.313949e+000 1.090123e+000
catch 1 2 1996 -9 0  6.262635e+006 2.050140e+007 -1.185892e+000 -1.022083e+000
catch 1 2 1996 -9 1  3.111378e+006 1.028698e+006 1.106772e+000 1.102614e+000
catch 1 2 1996 -9 2  9.691300e+004 2.892658e+005 -1.093532e+000 -1.089424e+000
catch 1 2 1996 -9 3  3.287900e+004 5.976417e+004 -5.975722e-001 -4.957782e-001
catch 1 2 1996 -9 4  2.476480e+005 3.700163e+004 1.901047e+000 1.577211e+000
catch 1 2 1997 -9 0  2.975268e+006 2.566620e+006 1.477442e-001 1.273361e-001
catch 1 2 1997 -9 1  1.038794e+007 6.367309e+006 4.894686e-001 4.876298e-001
catch 1 2 1997 -9 2  1.341530e+005 2.721432e+005 -7.073475e-001 -7.046903e-001
catch 1 2 1997 -9 3  1.265500e+004 7.819667e+004 -1.821175e+000 -1.510945e+000
catch 1 2 1997 -9 4  9.368000e+003 3.794900e+004 -1.398943e+000 -1.160639e+000
catch 1 2 1998 -9 0  3.013607e+007 7.998456e+006 1.326474e+000 1.143246e+000
catch 1 2 1998 -9 1  9.924510e+005 9.745363e+005 1.821587e-002 1.814744e-002
catch 1 2 1998 -9 2  7.402550e+005 1.985636e+006 -9.866998e-001 -9.829932e-001
catch 1 2 1998 -9 3  1.923910e+005 8.972203e+004 7.628134e-001 6.328712e-001
catch 1 2 1998 -9 4  3.198300e+004 5.496264e+004 -5.414492e-001 -4.492155e-001
catch 1 2 1999 -9 0  6.443502e+006 1.050399e+007 -4.886834e-001 -4.211808e-001
catch 1 2 1999 -9 1  1.835347e+006 1.452501e+006 2.339467e-001 2.330678e-001
catch 1 2 1999 -9 2  1.180260e+005 1.635595e+005 -3.262717e-001 -3.250460e-001
catch 1 2 1999 -9 3  4.009160e+005 4.058566e+005 -1.224806e-002 -1.016165e-002
catch 1 2 1999 -9 4  1.690730e+005 4.338145e+004 1.360299e+000 1.128577e+000
catch 1 2 2000 -9 0  -99.9 -99.9 -99.9  -99.9
catch 1 2 2000 -9 1  3.437470e+005 3.933178e+004 2.167873e+000 2.159729e+000
catch 1 2 2000 -9 2  3.749000e+003 4.865190e+003 -2.606166e-001 -2.596375e-001
catch 1 2 2000 -9 3  1.421000e+003 5.225847e+002 1.000329e+000 8.299270e-001
catch 1 2 2000 -9 4  8.735000e+003 1.515796e+003 1.751398e+000 1.453054e+000
catch 1 2 2001 -9 0  1.826272e+007 1.026658e+007 5.759684e-001 4.964090e-001
catch 1 2 2001 -9 1  3.968023e+006 2.213893e+006 5.835154e-001 5.813234e-001
catch 1 2 2001 -9 2  9.186000e+003 3.104410e+005 -3.520313e+000 -3.507089e+000
catch 1 2 2001 -9 3  2.437000e+003 3.832805e+004 -2.755414e+000 -2.286041e+000
catch 1 2 2001 -9 4  5.818000e+003 1.754398e+004 -1.103754e+000 -9.157343e-001
catch 1 2 2002 -9 0  -99.9 -99.9 -99.9  -99.9
catch 1 2 2002 -9 1  -99.9 -99.9 -99.9  -99.9
catch 1 2 2002 -9 2  -99.9 -99.9 -99.9  -99.9
catch 1 2 2002 -9 3  -99.9 -99.9 -99.9  -99.9
catch 1 2 2002 -9 4  -99.9 -99.9 -99.9  -99.9
catch 1 2 2003 -9 0  2.754627e+006 7.307563e+005 1.326957e+000 1.143663e+000
catch 1 2 2003 -9 1  6.118000e+004 7.181728e+004 -1.603047e-001 -1.597026e-001
catch 1 2 2003 -9 2  5.318100e+004 4.818298e+004 9.869536e-002 9.832461e-002
catch 1 2 2003 -9 3  1.981000e+003 8.978833e+003 -1.511268e+000 -1.253830e+000
catch 1 2 2003 -9 4  6.180000e+002 1.342557e+003 -7.758428e-001 -6.436811e-001
catch 1 2 2004 -9 0  1.090991e+006 4.740814e+005 8.334628e-001 7.183352e-001
catch 1 2 2004 -9 1  7.370170e+005 1.672645e+005 1.483035e+000 1.477463e+000
catch 1 2 2004 -9 2  1.567400e+004 1.855785e+004 -1.688894e-001 -1.682550e-001
catch 1 2 2004 -9 3  6.082000e+003 1.185721e+004 -6.676025e-001 -5.538791e-001
catch 1 2 2004 -9 4  6.670000e+002 2.580935e+003 -1.353117e+000 -1.122619e+000
catch 1 2 2005 -9 0  -99.9 -99.9 -99.9  -99.9
catch 1 2 2005 -9 1  -99.9 -99.9 -99.9  -99.9
catch 1 2 2005 -9 2  -99.9 -99.9 -99.9  -99.9
catch 1 2 2005 -9 3  -99.9 -99.9 -99.9  -99.9
catch 1 2 2005 -9 4  -99.9 -99.9 -99.9  -99.9
catch 1 2 2006 -9 0  -99.9 -99.9 -99.9  -99.9
catch 1 2 2006 -9 1  2.875000e+003 2.846241e+003 1.005346e-002 1.001570e-002
catch 1 2 2006 -9 2  6.650000e+002 5.843628e+002 1.292651e-001 1.287795e-001
catch 1 2 2006 -9 3  4.360000e+002 2.544078e+002 5.387037e-001 4.469377e-001
catch 1 2 2006 -9 4  4.170000e+002 5.235649e+001 2.075010e+000 1.721541e+000
catch 1 2 2007 -9 0  -99.9 -99.9 -99.9  -99.9
catch 1 2 2007 -9 1  -99.9 -99.9 -99.9  -99.9
catch 1 2 2007 -9 2  -99.9 -99.9 -99.9  -99.9
catch 1 2 2007 -9 3  -99.9 -99.9 -99.9  -99.9
catch 1 2 2007 -9 4  -99.9 -99.9 -99.9  -99.9
catch 1 2 2008 -9 0  -99.9 -99.9 -99.9  -99.9
catch 1 2 2008 -9 1  -99.9 -99.9 -99.9  -99.9
catch 1 2 2008 -9 2  -99.9 -99.9 -99.9  -99.9
catch 1 2 2008 -9 3  -99.9 -99.9 -99.9  -99.9
catch 1 2 2008 -9 4  -99.9 -99.9 -99.9  -99.9
catch 1 2 2009 -9 0  9.480000e+002 9.302631e+003 -2.283698e+000 -1.968247e+000
catch 1 2 2009 -9 1  1.154000e+004 2.633697e+003 1.477431e+000 1.471881e+000
catch 1 2 2009 -9 2  1.727000e+003 6.365503e+002 9.980776e-001 9.943283e-001
catch 1 2 2009 -9 3  -99.9 -99.9 -99.9  -99.9
catch 1 2 2009 -9 4  -99.9 -99.9 -99.9  -99.9
catch 1 2 2010 -9 0  -99.9 -99.9 -99.9  -99.9
catch 1 2 2010 -9 1  5.088100e+004 1.606565e+004 1.152806e+000 1.148476e+000
catch 1 2 2010 -9 2  1.379000e+003 5.041109e+003 -1.296267e+000 -1.291398e+000
catch 1 2 2010 -9 3  1.073000e+003 1.075774e+003 -2.581975e-003 -2.142146e-003
catch 1 2 2010 -9 4  -99.9 -99.9 -99.9  -99.9
catch 1 2 2011 -9 0  -99.9 -99.9 -99.9  -99.9
catch 1 2 2011 -9 1  -99.9 -99.9 -99.9  -99.9
catch 1 2 2011 -9 2  -99.9 -99.9 -99.9  -99.9
catch 1 2 2011 -9 3  -99.9 -99.9 -99.9  -99.9
catch 1 2 2011 -9 4  -99.9 -99.9 -99.9  -99.9
catch 1 2 2012 -9 0  -99.9 -99.9 -99.9  -99.9
catch 1 2 2012 -9 1  -99.9 -99.9 -99.9  -99.9
catch 1 2 2012 -9 2  -99.9 -99.9 -99.9  -99.9
catch 1 2 2012 -9 3  -99.9 -99.9 -99.9  -99.9
catch 1 2 2012 -9 4  -99.9 -99.9 -99.9  -99.9
catch 1 2 2013 -9 0  -99.9 -99.9 -99.9  -99.9
catch 1 2 2013 -9 1  -99.9 -99.9 -99.9  -99.9
catch 1 2 2013 -9 2  -99.9 -99.9 -99.9  -99.9
catch 1 2 2013 -9 3  -99.9 -99.9 -99.9  -99.9
catch 1 2 2013 -9 4  -99.9 -99.9 -99.9  -99.9
catch 1 2 2014 -9 0  -99.9 -99.9 -99.9  -99.9
catch 1 2 2014 -9 1  -99.9 -99.9 -99.9  -99.9
catch 1 2 2014 -9 2  -99.9 -99.9 -99.9  -99.9
catch 1 2 2014 -9 3  -99.9 -99.9 -99.9  -99.9
catch 1 2 2014 -9 4  -99.9 -99.9 -99.9  -99.9
catch 1 2 2015 -9 0  -99.9 -99.9 -99.9  -99.9
catch 1 2 2015 -9 1  -99.9 -99.9 -99.9  -99.9
catch 1 2 2015 -9 2  -99.9 -99.9 -99.9  -99.9
catch 1 2 2015 -9 3  -99.9 -99.9 -99.9  -99.9
catch 1 2 2015 -9 4  -99.9 -99.9 -99.9  -99.9
catch 1 2 2016 -9 0  -99.9 -99.9 -99.9  -99.9
catch 1 2 2016 -9 1  -99.9 -99.9 -99.9  -99.9
catch 1 2 2016 -9 2  -99.9 -99.9 -99.9  -99.9
catch 1 2 2016 -9 3  -99.9 -99.9 -99.9  -99.9
catch 1 2 2016 -9 4  -99.9 -99.9 -99.9  -99.9
survey 1 2 2004 1 0  -99.9 -99.9 -99.9 -99.9
survey 1 2 2004 1 1  -99.9 -99.9 -99.9 -99.9
survey 1 2 2005 1 0  6.866799e+007 2.116766e+007 1.176808e+000 1.480311e+000
survey 1 2 2005 1 1  -99.9 -99.9 -99.9 -99.9
survey 1 2 2006 1 0  5.570924e+007 4.189258e+007 2.850372e-001 3.585493e-001
survey 1 2 2006 1 1  1.225934e+006 2.428248e+006 -6.834673e-001 -9.437660e-001
survey 1 2 2007 1 0  1.061109e+007 2.292293e+007 -7.702387e-001 -9.688857e-001
survey 1 2 2007 1 1  3.717149e+006 4.195186e+006 -1.209807e-001 -1.670562e-001
survey 1 2 2008 1 0  1.665809e+007 3.582691e+007 -7.658031e-001 -9.633061e-001
survey 1 2 2008 1 1  1.521160e+006 2.709079e+006 -5.771356e-001 -7.969379e-001
survey 1 2 2009 1 0  3.708895e+007 5.812701e+007 -4.493113e-001 -5.651901e-001
survey 1 2 2009 1 1  1.632804e+007 5.955649e+006 1.008544e+000 1.392648e+000
survey 1 2 2010 1 0  1.844740e+006 5.162010e+006 -1.028988e+000 -1.294367e+000
survey 1 2 2010 1 1  5.076749e+006 7.174407e+006 -3.458490e-001 -4.775657e-001
survey 1 2 2011 1 0  9.731114e+005 3.397570e+006 -1.250317e+000 -1.572778e+000
survey 1 2 2011 1 1  1.961856e+006 6.751105e+005 1.066770e+000 1.473050e+000
survey 1 2 2012 1 0  4.771327e+007 2.363240e+007 7.025910e-001 8.837915e-001
survey 1 2 2012 1 1  7.675143e+005 4.621672e+005 5.072305e-001 7.004094e-001
survey 1 2 2013 1 0  1.744677e+008 6.164995e+007 1.040267e+000 1.308556e+000
survey 1 2 2013 1 1  7.908869e+005 3.176411e+006 -1.390352e+000 -1.919868e+000
survey 1 2 2014 1 0  9.270324e+007 7.565457e+007 2.032256e-001 2.556381e-001
survey 1 2 2014 1 1  5.349152e+006 6.854821e+006 -2.480143e-001 -3.424706e-001
survey 1 2 2015 1 0  2.667397e+006 1.318192e+006 7.048420e-001 8.866230e-001
survey 1 2 2015 1 1  1.110079e+007 7.820039e+006 3.503271e-001 4.837493e-001
survey 1 2 2016 1 0  1.946449e+008 1.930292e+008 8.335541e-003 1.048530e-002
survey 1 2 2016 1 1  3.229671e+005 1.859536e+005 5.520536e-001 7.623034e-001
survey 1 1 2009 2 1  7.709059e+007 6.707459e+007 1.391760e-001 2.423607e-001
survey 1 1 2009 2 2  4.923332e+007 2.165937e+007 8.211326e-001 1.429918e+000
survey 1 1 2009 2 3  9.452940e+006 5.996938e+006 4.550768e-001 5.030305e-001
survey 1 1 2009 2 4  6.403400e+005 1.296956e+006 -7.057760e-001 -7.801472e-001
survey 1 1 2010 2 1  1.685206e+008 9.191665e+007 6.061756e-001 1.055593e+000
survey 1 1 2010 2 2  6.133597e+007 3.954152e+007 4.390153e-001 7.645000e-001
survey 1 1 2010 2 3  1.123186e+007 4.711078e+006 8.688377e-001 9.603915e-001
survey 1 1 2010 2 4  6.085740e+006 2.870659e+006 7.514068e-001 8.305864e-001
survey 1 1 2011 2 1  8.161600e+006 8.918915e+006 -8.873407e-002 -1.545213e-001
survey 1 1 2011 2 2  8.622197e+007 4.968261e+007 5.512700e-001 9.599801e-001
survey 1 1 2011 2 3  8.558120e+006 7.860182e+006 8.507077e-002 9.403511e-002
survey 1 1 2011 2 4  1.923730e+006 2.723115e+006 -3.475105e-001 -3.841295e-001
survey 1 1 2012 2 1  8.466780e+006 5.983074e+006 3.472157e-001 6.046406e-001
survey 1 1 2012 2 2  2.113130e+006 4.798424e+006 -8.201173e-001 -1.428150e+000
survey 1 1 2012 2 3  3.226290e+007 1.021432e+007 1.150127e+000 1.271322e+000
survey 1 1 2012 2 4  3.681610e+006 3.927451e+006 -6.464049e-002 -7.145199e-002
survey 1 1 2013 2 1  2.154468e+007 4.022800e+007 -6.244344e-001 -1.087389e+000
survey 1 1 2013 2 2  2.582500e+006 3.439161e+006 -2.864696e-001 -4.988574e-001
survey 1 1 2013 2 3  7.261500e+005 1.067478e+006 -3.852975e-001 -4.258983e-001
survey 1 1 2013 2 4  5.544780e+006 5.527717e+006 3.082073e-003 3.406847e-003
survey 1 1 2014 2 1  2.188962e+008 9.243667e+007 8.620738e-001 1.501213e+000
survey 1 1 2014 2 2  1.711096e+007 2.081843e+007 -1.961196e-001 -3.415222e-001
survey 1 1 2014 2 3  1.704140e+006 6.894505e+005 9.049210e-001 1.000277e+000
survey 1 1 2014 2 4  8.034000e+005 2.368887e+006 -1.081323e+000 -1.195267e+000
survey 1 1 2015 2 1  9.466601e+007 1.082657e+008 -1.342338e-001 -2.337544e-001
survey 1 1 2015 2 2  2.254918e+007 4.257068e+007 -6.354672e-001 -1.106601e+000
survey 1 1 2015 2 3  6.865460e+006 3.618344e+006 6.404866e-001 7.079780e-001
survey 1 1 2015 2 4  7.025000e+004 9.460363e+005 -2.600221e+000 -2.874219e+000
survey 1 1 2016 2 1  7.955400e+005 2.407298e+006 -1.107239e+000 -1.928143e+000
survey 1 1 2016 2 2  6.317384e+007 5.565291e+007 1.267559e-001 2.207324e-001
survey 1 1 2016 2 3  6.791300e+006 8.241910e+006 -1.935898e-001 -2.139893e-001
survey 1 1 2016 2 4  2.590990e+006 1.541400e+006 5.193490e-001 5.740754e-001
