

Observed catches

Species: Area-3r    



Age             1986      1987      1988      1989      1990      1991      1992      1993
         0   7964530      5156   8768859    159140   9792640  14442335    525419   9662913
         1  26925438  33824897   7436475  47194575  10679348  24950807   7187342  16014771
         2   2595897  14024616  17553856   1857106   3076288   1421054   2870559    713144
         3    163314    453114   1037438   2806043    455442    534718    345568    281951
         4         0    199797     32710      4091    137524    187345    215458   1348281

Yield         282315    395296    330358    350409    163224    274839     86788    175786


Age             1994      1995      1996      1997      1998      1999      2000      2001
         0         0   1020142   6262635   2975268  30136075   6443502         0  18262722
         1  24356482  25520816   7430579  77244157   4946339   7017528  19136514   9295160
         2   5501977   1971820   3490548   3045954  28876998   1671596   3290015   1001126
         3   1016421    250848    497709    619652   2745279   2380188    542550    165449
         4    396516    172818    646284    203562    322079    590534    541770    165914

Yield         267281    173607    159024    470670    462081    191253    186837    193684


Age             2002      2003      2004      2005      2006      2007      2008      2009
         0         0   2754627   1090991         0         0         0         0       948
         1   9096137   1000444   2712734   1404521    771846   8600016   4077210    839022
         2   2683441    860717    271178    145982     47384    570907   2012234     71210
         3    388198    131892     80418     20577     26986     86201    459671      8273
         4    135214     78626     92214     12410      4455     18766     73109         0

Yield         116298     34673     31285     13991      7094     74972     74933      6261


Age             2010      2011      2012      2013      2014      2015      2016
         0         0         0         0         0         0         0         0
         1   3092580   1304406     31625    648273   5383521   6450913    155772
         2    741616   5223852    186321    211090   2372710   2339743   2005683
         3   1007377    825133   1157430     55294    642831    956214    415113
         4    172793     24091    356271     42412    319330     98917    284232

Yield          61241     92452     40116      9844     90876    104631     42845

Stock numbers

Species: Area-3r    



Age             1986      1987      1988      1989      1990      1991      1992      1993
         0         0         0         0         0         0         0         0         0
         1  91877093 125594687  27746955  74482986  27925726  55617800  33945811  80423647
         2   6305262  15562412  18966773   3545195   9809889   5538850  10129207   8100101
         3    257830   1374657   2953236   3021455    560396   2434415   1238824   3154272
         4    729966    336810    500120    876622    938595    531355    973155    969020

TSB           638618   1024681    476181    553437    332024    573359    352318    676278
SSB            82051    203829    281314    104601    108823    165782    128062    197399


Age             1994      1995      1996      1997      1998      1999      2000      2001
         0         0         0         0         0         0         0         0         0
         1  59843476  60847907  50815349 272874726  23084777  31112503  37048420  41008299
         2  14589581   9963175  11391817   9673460  38899537   2633281   3515031   4011972
         3   1855431   3065420   2306743   2625576   1601577   5138693    291348    382581
         4   1382301   1058929   1379525   1237498    939222    526005    812468    166824

TSB           643790    495366    711592   1582691    547134    341695    312446    344990
SSB           243410    146340    245365    184927    345117    115039     58555     62726


Age             2002      2003      2004      2005      2006      2007      2008      2009
         0         0         0         0         0         0         0         0         0
         1  31813218   8419147  18215421  12008231  20176383  39123037  22074186  34222138
         2   4579438   3832587   1294521   3168147   2476852   4646914   8059656   5258084
         3    471795    594310    677580    274068    828517    744202   1152161   2199792
         4     87524     84623    139035    204338    163060    384656    350981    467280

TSB           324114    114973    156742    155509    203232    383970    332477    320909
SSB            62458     58820     26115     53475     49588     85934    133643     99013


Age             2010      2011      2012      2013      2014      2015      2016
         0         0         0         0         0         0         0         0
         1  54573205   5200885   3429562  22320096  56270300  68549539   1379889
         2  11603436  13923315   1301988    892455   6133722  13236364  15100672
         3   2138797   3332066   4154299    414173    305894   1699315   3352093
         4   1280105   1127093   1568939   2106554   1032346    436405    615759

TSB           690260    320072    195074    254128    582182    782530    279019
SSB           247817    240749    157769     55257     99979    194945    229881

Fishing mortality

Species: Area-3r    



Age             1986      1987      1988      1989      1990      1991      1992      1993
         0    0.0759    0.0011    0.0513    0.0033    0.0500    0.0396    0.0033    0.0418
         1    0.4156    0.5704    0.7675    0.8572    0.5078    0.6031    0.2629    0.5170
         2    0.4532    0.6220    0.8370    0.9347    0.5537    0.6576    0.2867    0.5638
         3    0.3457    0.4744    0.6384    0.7130    0.4223    0.5016    0.2187    0.4300
         4    0.3457    0.4744    0.6384    0.7130    0.4223    0.5016    0.2187    0.4300

Avg. F 1-2     0.434     0.596     0.802     0.896     0.531     0.630     0.275     0.540


Age             1994      1995      1996      1997      1998      1999      2000      2001
         0    0.0158    0.0072    0.0429    0.0660    0.1402    0.1477    0.0039    0.1531
         1    0.5228    0.4155    0.4288    0.7780    1.0309    0.8706    0.7729    0.5922
         2    0.5701    0.4531    0.4676    0.8484    1.1242    1.1915    1.0579    0.8105
         3    0.4349    0.3456    0.3567    0.6472    0.8575    1.2577    1.1166    0.8555
         4    0.4349    0.3456    0.3567    0.6472    0.8575    1.2577    1.1166    0.8555

Avg. F 1-2     0.546     0.434     0.448     0.813     1.078     1.031     0.915     0.701


Age             2002      2003      2004      2005      2006      2007      2008      2009
         0    0.0000    0.0203    0.0201    0.0000    0.0002    0.0000    0.0000    0.0001
         1    0.4763    0.2724    0.1991    0.0886    0.0383    0.2298    0.2546    0.0216
         2    0.6519    0.3728    0.2725    0.1213    0.0524    0.3146    0.3485    0.0295
         3    0.6881    0.3935    0.2877    0.1280    0.0553    0.3320    0.3679    0.0312
         4    0.6881    0.3935    0.2877    0.1280    0.0553    0.3320    0.3679    0.0312

Avg. F 1-2     0.564     0.323     0.236     0.105     0.045     0.272     0.302     0.026


Age             2010      2011      2012      2013      2014      2015      2016
         0    0.0005    0.0000    0.0000    0.0000    0.0001    0.0000    0.0000
         1    0.2760    0.1749    0.1062    0.0517    0.2072    0.2728    0.1062
         2    0.3777    0.2394    0.1454    0.0707    0.2836    0.3734    0.1454
         3    0.3987    0.2527    0.1534    0.0747    0.2993    0.3941    0.1534
         4    0.3987    0.2527    0.1534    0.0747    0.2993    0.3941    0.1534

Avg. F 1-2     0.327     0.207     0.126     0.061     0.245     0.323     0.126