
Observed catches
# Species: Area-3r      ################################################################
# Year:1986
# age    0          1          2          3          4 
         0   18938558    2062746     160842          0 
   7964530    7986880     533151       2472          0 
# Year:1987
# age    0          1          2          3          4 
         0   33759764   14020214     453114     199797 
      5156      65133       4402          0          0 
# Year:1988
# age    0          1          2          3          4 
         0    6583910   17320636     893461      19296 
   8768859     852565     233220     143977      13414 
# Year:1989
# age    0          1          2          3          4 
         0   47004455    1844205    2806043       4091 
    159140     190120      12901          0          0 
# Year:1990
# age    0          1          2          3          4 
         0    9302202    2790710     412858     124997 
   9792640    1377146     285578      42584      12527 
# Year:1991
# age    0          1          2          3          4 
         0   24008733    1390649     526003     184169 
  14442335     942074      30405       8715       3176 
# Year:1992
# age    0          1          2          3          4 
         0    7100077    2862149     342206     214730 
    525419      87265       8410       3362        728 
# Year:1993
# age    0          1          2          3          4 
         0   15163844     558458     211339    1336086 
   9662913     850927     154686      70612      12195 
# Year:1994
# age    0          1          2          3          4 
         0   23741573    4817749     938476     386452 
         0     614909     684228      77945      10064 
# Year:1995
# age    0          1          2          3          4 
         0   25037102    1893811     238187     155747 
   1020142     483714      78009      12661      17071 
# Year:1996
# age    0          1          2          3          4 
         0    4319201    3393635     464830     398636 
   6262635    3111378      96913      32879     247648 
# Year:1997
# age    0          1          2          3          4 
         0   66856217    2911801     606997     194194 
   2975268   10387940     134153      12655       9368 
# Year:1998
# age    0          1          2          3          4 
         0    3953888   28136743    2552888     290096 
  30136075     992451     740255     192391      31983 
# Year:1999
# age    0          1          2          3          4 
         0    5182181    1553570    1979272     421461 
   6443502    1835347     118026     400916     169073 
# Year:2000
# age    0          1          2          3          4 
         0   18792767    3286266     541129     533035 
         0     343747       3749       1421       8735 
# Year:2001
# age    0          1          2          3          4 
         0    5327137     991940     163012     160096 
  18262722    3968023       9186       2437       5818 
# Year:2002
# age    0          1          2          3          4 
         0    9075154    2680501     387226     135214 
         0      20983       2940        972          0 
# Year:2003
# age    0          1          2          3          4 
         0     939264     807536     129911      78008 
   2754627      61180      53181       1981        618 
# Year:2004
# age    0          1          2          3          4 
         0    1975717     255504      74336      91547 
   1090991     737017      15674       6082        667 
# Year:2005
# age    0          1          2          3          4 
         0    1404001     145503      20577      12410 
         0        520        479          0          0 
# Year:2006
# age    0          1          2          3          4 
         0     768971      46719      26550       4038 
         0       2875        665        436        417 
# Year:2007
# age    0          1          2          3          4 
         0    8600016     570907      86201      18766 
         0          0          0          0          0 
# Year:2008
# age    0          1          2          3          4 
         0    4077210    2012234     459671      73109 
         0          0          0          0          0 
# Year:2009
# age    0          1          2          3          4 
         0     827482      69483       8273          0 
       948      11540       1727          0          0 
# Year:2010
# age    0          1          2          3          4 
         0    3041699     740237    1006304     172793 
         0      50881       1379       1073          0 
# Year:2011
# age    0          1          2          3          4 
         0    1304406    5223852     825133      24091 
         0          0          0          0          0 
# Year:2012
# age    0          1          2          3          4 
         0      31625     186321    1157430     356271 
         0          0          0          0          0 
# Year:2013
# age    0          1          2          3          4 
         0     648273     211090      55294      42412 
         0          0          0          0          0 
# Year:2014
# age    0          1          2          3          4 
         0    5383521    2372710     642831     319330 
         0          0          0          0          0 
# Year:2015
# age    0          1          2          3          4 
         0    6450913    2339743     956214      98917 
         0          0          0          0          0 
# Year:2016
# age    0          1          2          3          4 
         0     155772    2005683     415113     284232 
         0          0          0          0          0 

Natural single species Mortality (M)
# Species: Area-3r      ################################################################
# Year:1986
# age    0          1          2          3          4 
         0     0.7600     0.6000     0.4200     0.3600 
    1.3400     0.6000     0.4700     0.3700     0.3500 
# Year:1987
# age    0          1          2          3          4 
         0     0.7500     0.6000     0.4200     0.3600 
    1.4300     0.5700     0.4400     0.3500     0.3400 
# Year:1988
# age    0          1          2          3          4 
         0     0.7100     0.5700     0.3900     0.3500 
    1.5400     0.5800     0.4300     0.3500     0.3400 
# Year:1989
# age    0          1          2          3          4 
         0     0.6800     0.5500     0.3900     0.3600 
    1.3300     0.4900     0.3600     0.3300     0.3200 
# Year:1990
# age    0          1          2          3          4 
         0     0.6300     0.4900     0.3400     0.3100 
    1.2800     0.4800     0.3500     0.3000     0.2900 
# Year:1991
# age    0          1          2          3          4 
         0     0.6300     0.4900     0.3300     0.3000 
    1.2200     0.4700     0.3500     0.2900     0.2800 
# Year:1992
# age    0          1          2          3          4 
         0     0.6500     0.4900     0.3300     0.3000 
    1.1900     0.5200     0.3900     0.2900     0.2900 
# Year:1993
# age    0          1          2          3          4 
         0     0.6700     0.5100     0.3500     0.3300 
    1.1400     0.5200     0.4000     0.3200     0.3100 
# Year:1994
# age    0          1          2          3          4 
         0     0.6900     0.5300     0.3600     0.3400 
    1.1100     0.5800     0.4600     0.3400     0.3200 
# Year:1995
# age    0          1          2          3          4 
         0     0.7100     0.5600     0.4100     0.3800 
    1.0100     0.5500     0.4500     0.3500     0.3400 
# Year:1996
# age    0          1          2          3          4 
         0     0.6600     0.5300     0.3900     0.3600 
    0.9900     0.5700     0.4700     0.3600     0.3500 
# Year:1997
# age    0          1          2          3          4 
         0     0.6400     0.5200     0.4000     0.3800 
    0.9000     0.5300     0.4300     0.3800     0.3600 
# Year:1998
# age    0          1          2          3          4 
         0     0.6300     0.4900     0.3800     0.3500 
    0.9700     0.5100     0.4100     0.3600     0.3300 
# Year:1999
# age    0          1          2          3          4 
         0     0.7300     0.5400     0.3600     0.3300 
    1.0400     0.5800     0.4700     0.3300     0.3000 
# Year:2000
# age    0          1          2          3          4 
         0     0.8000     0.6100     0.4200     0.3900 
    1.1200     0.6500     0.5500     0.3900     0.3700 
# Year:2001
# age    0          1          2          3          4 
         0     0.8200     0.6600     0.4900     0.4500 
    1.1900     0.7800     0.6700     0.5100     0.4900 
# Year:2002
# age    0          1          2          3          4 
         0     0.8400     0.7200     0.5800     0.5400 
    1.2200     0.8000     0.6700     0.6300     0.6100 
# Year:2003
# age    0          1          2          3          4 
         0     0.8300     0.7200     0.5800     0.5400 
    1.2200     0.7700     0.6400     0.6200     0.6000 
# Year:2004
# age    0          1          2          3          4 
         0     0.8500     0.7100     0.5600     0.5100 
    1.2100     0.7000     0.5700     0.5500     0.5300 
# Year:2005
# age    0          1          2          3          4 
         0     0.8400     0.6900     0.5000     0.4700 
    1.1500     0.6500     0.5300     0.4700     0.4500 
# Year:2006
# age    0          1          2          3          4 
         0     0.8200     0.6600     0.4800     0.4400 
    1.1200     0.6100     0.4900     0.4200     0.4100 
# Year:2007
# age    0          1          2          3          4 
         0     0.7700     0.6100     0.4500     0.4200 
    1.0500     0.5800     0.4700     0.4000     0.3900 
# Year:2008
# age    0          1          2          3          4 
         0     0.6800     0.5500     0.4300     0.4000 
    0.9900     0.5000     0.4000     0.3800     0.3700 
# Year:2009
# age    0          1          2          3          4 
         0     0.5900     0.4800     0.3700     0.3400 
    0.9900     0.4700     0.3900     0.3400     0.3300 
# Year:2010
# age    0          1          2          3          4 
         0     0.5900     0.4500     0.3600     0.3300 
    1.1100     0.5000     0.4200     0.3700     0.3500 
# Year:2011
# age    0          1          2          3          4 
         0     0.6600     0.5100     0.3900     0.3500 
    1.2100     0.5500     0.4600     0.4200     0.3900 
# Year:2012
# age    0          1          2          3          4 
         0     0.7000     0.5500     0.4200     0.3900 
    1.1900     0.5400     0.4500     0.4400     0.4200 
# Year:2013
# age    0          1          2          3          4 
         0     0.7000     0.5500     0.4200     0.3900 
    1.1900     0.5400     0.4500     0.4400     0.4200 
# Year:2014
# age    0          1          2          3          4 
         0     0.7000     0.5500     0.4200     0.3900 
    1.1900     0.5400     0.4500     0.4400     0.4200 
# Year:2015
# age    0          1          2          3          4 
         0     0.7000     0.5500     0.4200     0.3900 
    1.1900     0.5400     0.4500     0.4400     0.4200 
# Year:2016
# age    0          1          2          3          4 
         0     0.7000     0.5500     0.4200     0.3900 
    1.1900     0.5400     0.4500     0.4400     0.4200 

Stock numbers
# Species: Area-3r      ################################################################
# Year:1986
# age    0          1          2          3          4 
         0   91877093    6305262     257830     729966 
 517488408   32421484    2545387     134028     402921 
# Year:1987
# age    0          1          2          3          4 
         0  125594687   15562412    1374657     336810 
 116074195   33603681    4595257     562928     146454 
# Year:1988
# age    0          1          2          3          4 
         0   27746955   18966773    2953236     500120 
 365731977    6932066    5126863    1138610     200689 
# Year:1989
# age    0          1          2          3          4 
         0   74482986    3545195    3021455     876622 
 105934737   16105631     808309    1007583     301235 
# Year:1990
# age    0          1          2          3          4 
         0   27925726    9809889     560396     938595 
 210288557    9776338    3803264     281361     485597 
# Year:1991
# age    0          1          2          3          4 
         0   55617800    5538850    2434415     531355 
 119627682   17380082    1897214    1123238     252634 
# Year:1992
# age    0          1          2          3          4 
         0   33945811   10129207    1238824     973155 
 265235662   13704405    4688567     719178     582153 
# Year:1993
# age    0          1          2          3          4 
         0   80423647    8100101    3154272     969020 
 195102023   26417867    2999719    1537340     481825 
# Year:1994
# age    0          1          2          3          4 
         0   59843476   14589581    1855431    1382301 
 187568975   18296657    5005431     857590     651813 
# Year:1995
# age    0          1          2          3          4 
         0   60847907    9963175    3065420    1058929 
 140520493   19995736    3667837    1455126     517972 
# Year:1996
# age    0          1          2          3          4 
         0   50815349   11391817    2306743    1379525 
 766555041   18450029    4562290    1164283     717493 
# Year:1997
# age    0          1          2          3          4 
         0  272874726    9673460    2625576    1237498 
  60653004   74248871    2795358    1015111     488112 
# Year:1998
# age    0          1          2          3          4 
         0   23084777   38899537    1601577     939222 
  94430081    5616349   10141440     570804     344934 
# Year:1999
# age    0          1          2          3          4 
         0   31112503    2633281    5138693     526005 
 121503890    8168251     668308    1490904     157259 
# Year:2000
# age    0          1          2          3          4 
         0   37048420    3515031     291348     812468 
 126174489    7738566     669432      63301     181901 
# Year:2001
# age    0          1          2          3          4 
         0   41008299    4011972     382581     166824 
 121874326   13123218    1339315     147751      67056 
# Year:2002
# age    0          1          2          3          4 
         0   31813218    4579438     471795      87524 
  28517230    8529578    1161423     132741      25630 
# Year:2003
# age    0          1          2          3          4 
         0    8419147    3832587     594310      84623 
  62961496    2898608    1350083     236527      35053 
# Year:2004
# age    0          1          2          3          4 
         0   18215421    1294521     677580     139035 
  41085186    6611966     508915     305665      65936 
# Year:2005
# age    0          1          2          3          4 
         0   12008231    3168147     274068     204338 
  63720909    4744510    1407594     146258     112367 
# Year:2006
# age    0          1          2          3          4 
         0   20176383    2476852     828517     163060 
 119936319    8556128    1215512     485381      99426 
# Year:2007
# age    0          1          2          3          4 
         0   39123037    4646914     744202     384656 
  63080322   14394854    1843451     340452     181328 
# Year:2008
# age    0          1          2          3          4 
         0   22074186    8059656    1152161     350981 
  92099799    8669114    3281704     518804     162855 
# Year:2009
# age    0          1          2          3          4 
         0   34222138    5258084    2199792     467280 
 146883946   18568731    3159731    1473229     322474 
# Year:2010
# age    0          1          2          3          4 
         0   54573205   11603436    2138797    1280105 
  15789223   22976079    5077449    1002839     618495 
# Year:2011
# age    0          1          2          3          4 
         0    5200885   13923315    3332066    1127093 
  11500983    2256675    6580717    1752197     616881 
# Year:2012
# age    0          1          2          3          4 
         0    3429562    1301988    4154299    1568939 
  73367970    1531459     649553    2341297     911158 
# Year:2013
# age    0          1          2          3          4 
         0   22320096     892455     414173    2106554 
 184965044   10525509     479737     252552    1323640 
# Year:2014
# age    0          1          2          3          4 
         0   56270300    6133722     305894    1032346 
 225361627   22719749    2666030     149052     518347 
# Year:2015
# age    0          1          2          3          4 
         0   68549539   13236364    1699315     436405 
   4535806   25912856    5257128     752841     199227 
# Year:2016
# age    0          1          2          3          4 
         0    1379889   15100672    3352093     615759 
 556048971     616185    7533626    1889187     357601 

Fishing mortality
# Species: Area-3r      ################################################################
# Year:1986
# age    0          1          2          3          4 
         0     0.2816     0.3071     0.2343     0.2343 
    0.0759     0.1340     0.1461     0.1114     0.1114 
# Year:1987
# age    0          1          2          3          4 
         0     0.5684     0.6198     0.4728     0.4728 
    0.0011     0.0019     0.0021     0.0016     0.0016 
# Year:1988
# age    0          1          2          3          4 
         0     0.6770     0.7382     0.5631     0.5631 
    0.0513     0.0906     0.0988     0.0753     0.0753 
# Year:1989
# age    0          1          2          3          4 
         0     0.8514     0.9284     0.7082     0.7082 
    0.0033     0.0058     0.0063     0.0048     0.0048 
# Year:1990
# age    0          1          2          3          4 
         0     0.4196     0.4575     0.3490     0.3490 
    0.0500     0.0882     0.0962     0.0733     0.0733 
# Year:1991
# age    0          1          2          3          4 
         0     0.5332     0.5814     0.4435     0.4435 
    0.0396     0.0699     0.0762     0.0581     0.0581 
# Year:1992
# age    0          1          2          3          4 
         0     0.2570     0.2803     0.2138     0.2138 
    0.0033     0.0058     0.0064     0.0049     0.0049 
# Year:1993
# age    0          1          2          3          4 
         0     0.4433     0.4834     0.3687     0.3687 
    0.0418     0.0737     0.0804     0.0613     0.0613 
# Year:1994
# age    0          1          2          3          4 
         0     0.4950     0.5398     0.4117     0.4117 
    0.0158     0.0278     0.0303     0.0231     0.0231 
# Year:1995
# age    0          1          2          3          4 
         0     0.4029     0.4393     0.3351     0.3351 
    0.0072     0.0126     0.0138     0.0105     0.0105 
# Year:1996
# age    0          1          2          3          4 
         0     0.3531     0.3851     0.2937     0.2937 
    0.0429     0.0757     0.0825     0.0629     0.0629 
# Year:1997
# age    0          1          2          3          4 
         0     0.6616     0.7214     0.5503     0.5503 
    0.0660     0.1164     0.1270     0.0969     0.0969 
# Year:1998
# age    0          1          2          3          4 
         0     0.7835     0.8544     0.6517     0.6517 
    0.1402     0.2475     0.2698     0.2058     0.2058 
# Year:1999
# age    0          1          2          3          4 
         0     0.6074     0.8312     0.8774     0.8774 
    0.1477     0.2632     0.3602     0.3802     0.3802 
# Year:2000
# age    0          1          2          3          4 
         0     0.7660     1.0484     1.1066     1.1066 
    0.0039     0.0069     0.0095     0.0100     0.0100 
# Year:2001
# age    0          1          2          3          4 
         0     0.3194     0.4371     0.4614     0.4614 
    0.1531     0.2728     0.3734     0.3941     0.3941 
# Year:2002
# age    0          1          2          3          4 
         0     0.4763     0.6519     0.6881     0.6881 
    0.0000     0.0000     0.0000     0.0000     0.0000 
# Year:2003
# age    0          1          2          3          4 
         0     0.2363     0.3234     0.3413     0.3413 
    0.0203     0.0361     0.0494     0.0521     0.0521 
# Year:2004
# age    0          1          2          3          4 
         0     0.1634     0.2236     0.2360     0.2360 
    0.0201     0.0357     0.0489     0.0516     0.0516 
# Year:2005
# age    0          1          2          3          4 
         0     0.0886     0.1213     0.1280     0.1280 
    0.0000     0.0000     0.0000     0.0000     0.0000 
# Year:2006
# age    0          1          2          3          4 
         0     0.0379     0.0518     0.0547     0.0547 
    0.0002     0.0004     0.0006     0.0006     0.0006 
# Year:2007
# age    0          1          2          3          4 
         0     0.2298     0.3146     0.3320     0.3320 
    0.0000     0.0000     0.0000     0.0000     0.0000 
# Year:2008
# age    0          1          2          3          4 
         0     0.2546     0.3485     0.3679     0.3679 
    0.0000     0.0000     0.0000     0.0000     0.0000 
# Year:2009
# age    0          1          2          3          4 
         0     0.0214     0.0293     0.0309     0.0309 
    0.0001     0.0002     0.0002     0.0003     0.0003 
# Year:2010
# age    0          1          2          3          4 
         0     0.2751     0.3765     0.3974     0.3974 
    0.0005     0.0009     0.0012     0.0013     0.0013 
# Year:2011
# age    0          1          2          3          4 
         0     0.1749     0.2394     0.2527     0.2527 
    0.0000     0.0000     0.0000     0.0000     0.0000 
# Year:2012
# age    0          1          2          3          4 
         0     0.1062     0.1454     0.1534     0.1534 
    0.0000     0.0000     0.0000     0.0000     0.0000 
# Year:2013
# age    0          1          2          3          4 
         0     0.0517     0.0707     0.0747     0.0747 
    0.0000     0.0000     0.0000     0.0000     0.0000 
# Year:2014
# age    0          1          2          3          4 
         0     0.2069     0.2832     0.2989     0.2989 
    0.0001     0.0003     0.0004     0.0004     0.0004 
# Year:2015
# age    0          1          2          3          4 
         0     0.2728     0.3734     0.3941     0.3941 
    0.0000     0.0000     0.0000     0.0000     0.0000 
# Year:2016
# age    0          1          2          3          4 
         0     0.1062     0.1454     0.1534     0.1534 
    0.0000     0.0000     0.0000     0.0000     0.0000 

Total Mortality (Z)
# Species: Area-3r      ################################################################
# Year:1986
# age    0          1          2          3          4 
         0     1.0416     0.9071     0.6543     0.5943 
    1.4159     0.7340     0.6161     0.4814     0.4614 
# Year:1987
# age    0          1          2          3          4 
         0     1.3184     1.2198     0.8928     0.8328 
    1.4311     0.5719     0.4421     0.3516     0.3416 
# Year:1988
# age    0          1          2          3          4 
         0     1.3870     1.3082     0.9531     0.9131 
    1.5913     0.6706     0.5288     0.4253     0.4153 
# Year:1989
# age    0          1          2          3          4 
         0     1.5314     1.4784     1.0982     1.0682 
    1.3333     0.4958     0.3663     0.3348     0.3248 
# Year:1990
# age    0          1          2          3          4 
         0     1.0496     0.9475     0.6890     0.6590 
    1.3300     0.5682     0.4462     0.3733     0.3633 
# Year:1991
# age    0          1          2          3          4 
         0     1.1632     1.0714     0.7735     0.7435 
    1.2596     0.5399     0.4262     0.3481     0.3381 
# Year:1992
# age    0          1          2          3          4 
         0     0.9070     0.7703     0.5438     0.5138 
    1.1933     0.5258     0.3964     0.2949     0.2949 
# Year:1993
# age    0          1          2          3          4 
         0     1.1133     0.9934     0.7187     0.6987 
    1.1818     0.5937     0.4804     0.3813     0.3713 
# Year:1994
# age    0          1          2          3          4 
         0     1.1850     1.0698     0.7717     0.7517 
    1.1258     0.6078     0.4903     0.3631     0.3431 
# Year:1995
# age    0          1          2          3          4 
         0     1.1129     0.9993     0.7451     0.7151 
    1.0172     0.5626     0.4638     0.3605     0.3505 
# Year:1996
# age    0          1          2          3          4 
         0     1.0131     0.9151     0.6837     0.6537 
    1.0329     0.6457     0.5525     0.4229     0.4129 
# Year:1997
# age    0          1          2          3          4 
         0     1.3016     1.2414     0.9503     0.9303 
    0.9660     0.6464     0.5570     0.4769     0.4569 
# Year:1998
# age    0          1          2          3          4 
         0     1.4135     1.3444     1.0317     1.0017 
    1.1102     0.7575     0.6798     0.5658     0.5358 
# Year:1999
# age    0          1          2          3          4 
         0     1.3374     1.3712     1.2374     1.2074 
    1.1877     0.8432     0.8302     0.7102     0.6802 
# Year:2000
# age    0          1          2          3          4 
         0     1.5660     1.6584     1.5266     1.4966 
    1.1239     0.6569     0.5595     0.4000     0.3800 
# Year:2001
# age    0          1          2          3          4 
         0     1.1394     1.0971     0.9514     0.9114 
    1.3431     1.0528     1.0434     0.9041     0.8841 
# Year:2002
# age    0          1          2          3          4 
         0     1.3163     1.3719     1.2681     1.2281 
    1.2200     0.8000     0.6700     0.6300     0.6100 
# Year:2003
# age    0          1          2          3          4 
         0     1.0663     1.0434     0.9213     0.8813 
    1.2403     0.8061     0.6894     0.6721     0.6521 
# Year:2004
# age    0          1          2          3          4 
         0     1.0134     0.9336     0.7960     0.7460 
    1.2301     0.7357     0.6189     0.6016     0.5816 
# Year:2005
# age    0          1          2          3          4 
         0     0.9286     0.8113     0.6280     0.5980 
    1.1500     0.6500     0.5300     0.4700     0.4500 
# Year:2006
# age    0          1          2          3          4 
         0     0.8579     0.7118     0.5347     0.4947 
    1.1202     0.6104     0.4906     0.4206     0.4106 
# Year:2007
# age    0          1          2          3          4 
         0     0.9998     0.9246     0.7820     0.7520 
    1.0500     0.5800     0.4700     0.4000     0.3900 
# Year:2008
# age    0          1          2          3          4 
         0     0.9346     0.8985     0.7979     0.7679 
    0.9900     0.5000     0.4000     0.3800     0.3700 
# Year:2009
# age    0          1          2          3          4 
         0     0.6114     0.5093     0.4009     0.3709 
    0.9901     0.4702     0.3902     0.3403     0.3303 
# Year:2010
# age    0          1          2          3          4 
         0     0.8651     0.8265     0.7574     0.7274 
    1.1105     0.5009     0.4212     0.3713     0.3513 
# Year:2011
# age    0          1          2          3          4 
         0     0.8349     0.7494     0.6427     0.6027 
    1.2100     0.5500     0.4600     0.4200     0.3900 
# Year:2012
# age    0          1          2          3          4 
         0     0.8062     0.6954     0.5734     0.5434 
    1.1900     0.5400     0.4500     0.4400     0.4200 
# Year:2013
# age    0          1          2          3          4 
         0     0.7517     0.6207     0.4947     0.4647 
    1.1900     0.5400     0.4500     0.4400     0.4200 
# Year:2014
# age    0          1          2          3          4 
         0     0.9069     0.8332     0.7189     0.6889 
    1.1901     0.5403     0.4504     0.4404     0.4204 
# Year:2015
# age    0          1          2          3          4 
         0     0.9728     0.9234     0.8141     0.7841 
    1.1900     0.5400     0.4500     0.4400     0.4200 
# Year:2016
# age    0          1          2          3          4 
         0     0.8062     0.6954     0.5734     0.5434 
    1.1900     0.5400     0.4500     0.4400     0.4200 
