  #########################    SSB      ##############################

           2021      2020      2019      2018      2017      2016
                                                                 
1986   74.22011  73.98171  77.21518  78.66688  79.54839  82.05072
1987  182.78870 181.96429 190.84121 194.50553 196.53371 203.82901
1988  265.25968 264.40819 271.04291 273.21969 274.26409 281.31455
1989   98.88980  98.78880 101.16730 101.96160 102.42280 104.60150
1990  104.12795 103.65332 105.37113 106.07180 106.49188 108.82324
1991  159.61480 159.05880 161.68440 162.63370 163.00340 165.78160
1992  120.46777 119.90028 123.45486 124.82894 125.35129 128.06187
1993  194.50480 194.56800 196.84510 198.05530 198.34100 197.39900
1994  234.74610 234.88450 239.42930 241.56900 242.64930 243.40970
1995  140.17230 139.87300 142.69230 144.06250 144.76740 146.33960
1996  234.51400 233.57410 238.17530 240.22560 241.26210 245.36490
1997  185.41730 186.22200 187.10990 187.02410 186.44600 184.92710
1998  331.29367 334.86375 347.13679 347.90607 344.97000 345.11768
1999  108.65766 109.56507 114.37318 115.18574 114.62502 115.03919
2000   68.67161  66.50829  60.73585  59.45949  59.77905  58.55537
2001   76.71742  73.66032  65.77235  64.04486  63.82697  62.72596
2002   75.63701  72.63622  65.02168  63.42908  63.53294  62.45766
2003   71.78937  68.16011  59.62334  58.44652  59.00961  58.81952
2004   32.04255  30.35204  26.27134  25.78255  26.10049  26.11546
2005   65.35542  62.24150  54.32887  53.42188  54.15037  53.47466
2006   60.13401  57.25894  50.05172  49.34737  49.65726  49.58802
2007  104.42678 100.36437  90.38566  90.18894  87.83291  85.93423
2008  145.36464 140.36984 129.92810 132.36576 134.07958 133.64311
2009  103.56668 101.30351  93.57748  93.79287  97.10732  99.01338
2010  247.49710 249.10430 234.04520 229.74670 249.11030 247.81630
2011  248.46565 249.89285 230.39794 223.78330 238.17214 240.74811
2012  167.34116 166.52451 148.91594 144.47076 155.72306 157.76935
2013   59.93017  58.71535  52.37018  51.50925  55.26378  55.25667
2014  113.79751 107.61618 100.26136 102.85531 103.50299  99.97916
2015  226.22780 216.39850 201.91450 203.69590 209.29540 194.94480
2016  260.01905 248.37506 229.65716 232.34021 247.95060 229.88089
2017  202.34124 190.32061 172.79310 166.51193 174.79038 170.03742
2018  442.87569 405.78959 357.22364 305.27793 301.28081        NA
2019  275.26790 250.06400 208.53890 185.80440        NA        NA
2020  284.14879 286.01477 227.35578        NA        NA        NA
2021  375.19960 527.18910        NA        NA        NA        NA
2022  209.95669        NA        NA        NA        NA        NA


i: 1  ( 527.1891 - 375.1996 ) /  375.1996 = 0.4050897 
i: 2  ( 227.3558 - 284.1488 ) /  284.1488 = -0.1998707 
i: 3  ( 185.8044 - 275.2679 ) /  275.2679 = -0.3250052 
i: 4  ( 301.2808 - 442.8757 ) /  442.8757 = -0.319717 
i: 5  ( 170.0374 - 202.3412 ) /  202.3412 = -0.1596502 
rho= -0.1198307   n= 5 


  #########################    F      ##############################

            2021       2020       2019       2018       2017       2016
                                                                       
1986  0.44598800 0.44598550 0.43902350 0.43703450 0.43694000 0.43438700
1987  0.60972596 0.60986740 0.60233164 0.59998405 0.59966746 0.59616399
1988  0.82163230 0.82175250 0.81063580 0.80729180 0.80695665 0.80224155
1989  0.91636044 0.91657128 0.90521452 0.90167964 0.90120734 0.89594234
1990  0.54391775 0.54397455 0.53630615 0.53403475 0.53384245 0.53072255
1991  0.64557180 0.64566760 0.63694675 0.63432180 0.63405695 0.63035185
1992  0.28109189 0.28115320 0.27762541 0.27653215 0.27639188 0.27477698
1993  0.55360630 0.55367745 0.54604815 0.54376835 0.54355585 0.54038020
1994  0.55924900 0.55935785 0.55216095 0.54995470 0.54969170 0.54647975
1995  0.44429505 0.44438915 0.43877515 0.43704180 0.43682275 0.43427065
1996  0.45936230 0.45940990 0.45292075 0.45099945 0.45083780 0.44820370
1997  0.83318900 0.83329200 0.82174900 0.81830800 0.81799300 0.81321350
1998  1.10524100 1.10530250 1.08897350 1.08421750 1.08389650 1.07756300
1999  0.85243900 0.89525600 1.03019550 1.04981650 1.04620700 1.03101400
2000  0.74752613 0.78861067 0.91255468 0.92900753 0.92844838 0.91540091
2001  0.58372750 0.61158450 0.70166650 0.71541300 0.71186400 0.70134550
2002  0.46050250 0.48588000 0.56233950 0.57246250 0.57216750 0.56413600
2003  0.26479515 0.27881735 0.32187780 0.32781985 0.32723050 0.32256745
2004  0.19397025 0.20409490 0.23540570 0.23978920 0.23924870 0.23582185
2005  0.08565770 0.09037815 0.10460035 0.10648340 0.10642850 0.10493455
2006  0.03705386 0.03908882 0.04522991 0.04604595 0.04601709 0.04537022
2007  0.22219800 0.23444300 0.27133550 0.27622000 0.27607800 0.27220250
2008  0.24617500 0.25974100 0.30061450 0.30602650 0.30586900 0.30157500
2009  0.02086153 0.02200835 0.02546764 0.02592688 0.02591144 0.02554735
2010  0.26683792 0.28152874 0.32581122 0.33167989 0.33149847 0.32684325
2011  0.16911950 0.17843900 0.20651900 0.21023700 0.21012850 0.20717850
2012  0.10267980 0.10833795 0.12538670 0.12764395 0.12757800 0.12578700
2013  0.04996710 0.05272065 0.06101695 0.06211540 0.06208340 0.06121195
2014  0.20032027 0.21135487 0.24460881 0.24901312 0.24888184 0.24538732
2015  0.26374600 0.27828000 0.32207150 0.32786900 0.32770050 0.32310000
2016  0.10267980 0.10833795 0.12538670 0.12764395 0.12757800 0.12578700
2017  0.22818300 0.24075800 0.27864400 0.28366050 0.28351400         NA
2018  0.24373700 0.25716850 0.29763750 0.30299550         NA         NA
2019  0.36752150 0.38777500 0.44879650         NA         NA         NA
2020  0.62083700 0.65504950         NA         NA         NA         NA
2021  0.37349000         NA         NA         NA         NA         NA


i: 1  ( 0.6550495 - 0.620837 ) /  0.620837 = 0.05510706 
i: 2  ( 0.4487965 - 0.3675215 ) /  0.3675215 = 0.2211435 
i: 3  ( 0.3029955 - 0.243737 ) /  0.243737 = 0.2431248 
i: 4  ( 0.283514 - 0.228183 ) /  0.228183 = 0.2424852 
i: 5  ( 0.125787 - 0.1026798 ) /  0.1026798 = 0.2250413 
rho= 0.1973804   n= 5 


  #########################  Recruitment      ##############################



i: 1  ( 229564 - 160646 ) /  160646 = 0.4290054 
i: 2  ( 329762 - 303286 ) /  303286 = 0.08729714 
i: 3  ( 246811 - 223823 ) /  223823 = 0.1027062 
i: 4  ( 21670.9 - 32491.1 ) /  32491.1 = -0.3330204 
i: 5  ( 556049 - 705102 ) /  705102 = -0.2113921 
rho= 0.01491923   n= 5 

           2021      2020      2019      2018      2017      2016
                                                                 
1986  510341.00 509465.00 511087.00 510594.00 510441.00 517488.00
1987  116127.00 116975.00 116720.00 116379.00 116636.00 116074.00
1988  360728.00 359448.00 359493.00 360079.00 360995.00 365732.00
1989  107678.00 107682.00 107048.00 106681.00 106399.00 105935.00
1990  198082.00 197189.00 202684.00 204871.00 205804.00 210289.00
1991  124100.00 124647.00 123578.00 123580.00 123368.00 119628.00
1992  257964.00 258576.00 261992.00 263839.00 265203.00 265236.00
1993  190940.00 190487.00 191856.00 192969.00 193745.00 195102.00
1994  180436.00 179353.00 181815.00 182713.00 183202.00 187569.00
1995  153307.00 154259.00 148837.00 147135.00 146331.00 140520.00
1996  742461.00 752767.00 777199.00 777215.00 769886.00 766555.00
1997   63922.70  64157.30  63139.80  62594.30  62249.80  60653.00
1998   93207.10  93295.40  94110.60  94139.50  94116.10  94430.10
1999  121485.00 121155.00 120551.00 120129.00 120194.00 121504.00
2000  133994.00 131742.00 126480.00 125457.00 126242.00 126174.00
2001  127087.00 123974.00 118050.00 118117.00 120067.00 121874.00
2002   31975.70  30909.90  28406.40  28133.00  28395.90  28517.20
2003   72768.30  70099.80  63143.80  62565.90  63583.40  62961.50
2004   47107.30  45143.10  40290.30  39879.40  40430.40  41085.20
2005   80267.60  77340.80  69902.50  69672.00  66181.20  63720.90
2006  114995.00 112812.00 110547.00 114988.00 118770.00 119936.00
2007   58672.50  59563.40  58710.80  58142.40  60229.10  63080.30
2008   89723.80  91400.60  86454.70  84316.00  94075.70  92099.80
2009  137164.00 142073.00 139646.00 136027.00 142755.00 146884.00
2010   15673.70  15051.80  13615.50  13857.30  16260.80  15789.20
2011   11101.50  11135.90  10455.80  10389.00  11647.10  11501.00
2012   84277.50  78039.40  74125.10  78026.60  75833.10  73368.00
2013  207141.00 201139.00 193570.00 194944.00 200347.00 184965.00
2014  223070.00 218252.00 214803.00 220238.00 242103.00 225362.00
2015    8121.49   7204.34   6602.01   7161.94   7255.96   4535.81
2016  705102.00 649306.00 585786.00 492121.00 480704.00 556049.00
2017   32491.10  31431.30  25819.10  25293.10  21670.90        NA
2018  223823.00 217679.00 193199.00 246811.00        NA        NA
2019  303286.00 503347.00 329762.00        NA        NA        NA
2020  160646.00 229564.00        NA        NA        NA        NA
2021   77181.10        NA        NA        NA        NA        NA
