Year Quarter Species.n Age M1 M2 M F Z N N.bar C.hat C.obs west weca Yield CWsum prop.landed propmat BIO SSB Lsea ration
1986 1 1 1 0 0 0.76 0.285414 1.04541 8.13906e+007 5.04853e+007 1.44092e+007 1.89386e+007 0.00612192 0.00612192 115940 115940 1 0.036 498267 17937.6 0 0 
1986 1 1 2 0 0 0.6 0.316685 0.916685 5.61848e+006 3.67844e+006 1.16491e+006 2.06275e+006 0.0097272 0.0097272 20064.7 20064.7 1 0.766 54652.1 41863.5 0 0 
1986 1 1 3 0 0 0.42 0.2559 0.6759 276350 200875 51403.8 160842 0.0124354 0.0124354 2000.13 2000.13 1 1 3436.51 3436.51 0 0 
1986 1 1 4 0 0 0.36 0.2559 0.6159 690210 515327 131872 0 0.0159119 0.0159119 0 0 1 1 10982.5 10982.5 0 0 
1986 2 1 0 0 0 1.34 0.0758679 1.41587 5.10341e+008 2.72959e+008 2.07088e+007 7.96453e+006 0.00401849 0.00401849 32005.4 32005.4 1 0 2.0508e+006 0 0 0 
1986 2 1 1 0 0 0.6 0.137411 0.737411 2.86125e+007 2.02407e+007 2.78129e+006 7.98688e+006 0.0126501 0.0126501 101035 101035 1 0.036 361953 13030.3 0 0 
1986 2 1 2 0 0 0.47 0.152466 0.622466 2.24651e+006 1.67236e+006 254978 533151 0.0210498 0.0210498 11222.7 11222.7 1 0.766 47288.6 36223 0 0 
1986 2 1 3 0 0 0.37 0.123201 0.493201 140579 110973 13671.9 2472 0.018856 0.018856 46.612 46.612 1 1 2650.75 2650.75 0 0 
1986 2 1 4 0 0 0.35 0.123201 0.473201 372820 297023 36593.5 0 0.020372 0.020372 0 0 1 1 7595.08 7595.08 0 0 
1987 1 1 1 0 0 0.75 0.576062 1.32606 1.23867e+008 6.86077e+007 3.95223e+007 3.37598e+007 0.00642898 0.00642898 217041 217041 1 0.036 796341 28668.3 0 0 
1987 1 1 2 0 0 0.6 0.639177 1.23918 1.36868e+007 7.84619e+006 5.01511e+006 1.40202e+007 0.0116638 0.0116638 163529 163529 1 0.766 159640 122285 0 0 
1987 1 1 3 0 0 0.42 0.516491 0.936491 1.20552e+006 782660 404237 453114 0.0204766 0.0204766 9278.22 9278.22 1 1 24684.9 24684.9 0 0 
1987 1 1 4 0 0 0.36 0.516491 0.876491 318116 211871 109429 199797 0.0224777 0.0224777 4490.97 4490.97 1 1 7150.5 7150.5 0 0 
1987 2 1 0 0 0 1.43 0.00110263 1.4311 1.16127e+008 6.17478e+007 68084.8 5156 0.00690042 0.00690042 35.5786 35.5786 1 0 801325 0 0 0 
1987 2 1 1 0 0 0.57 0.00199706 0.571997 3.28894e+007 2.50468e+007 50020.1 65133 0.0127681 0.0127681 831.624 831.624 1 0.036 419935 15117.7 0 0 
1987 2 1 2 0 0 0.44 0.00221587 0.442216 3.96402e+006 3.20363e+006 7098.81 4402 0.0203888 0.0203888 89.7517 89.7517 1 0.766 80821.7 61909.4 0 0 
1987 2 1 3 0 0 0.35 0.00179054 0.351791 472565 398390 713.334 0 0.0315782 0.0315782 0 0 1 1 14922.7 14922.7 0 0 
1987 2 1 4 0 0 0.34 0.00179054 0.341791 132413 112156 200.821 0 0.0296158 0.0296158 0 0 1 1 3921.51 3921.51 0 0 
1988 1 1 1 0 0 0.71 0.686064 1.39606 2.77596e+007 1.49615e+007 1.02645e+007 6.58391e+006 0.00511373 0.00511373 33668.3 33668.3 1 0.036 141955 5110.38 0 0 
1988 1 1 2 0 0 0.57 0.761231 1.33123 1.85627e+007 1.02607e+007 7.81074e+006 1.73206e+007 0.0130874 0.0130874 226682 226682 1 0.766 242937 186090 0 0 
1988 1 1 3 0 0 0.39 0.615118 1.00512 2.54732e+006 1.60677e+006 988355 893461 0.0230178 0.0230178 20565.5 20565.5 1 1 58633.6 58633.6 0 0 
1988 1 1 4 0 0 0.35 0.615118 0.965118 426494 273569 168277 19296 0.0361685 0.0361685 697.908 697.908 1 1 15425.7 15425.7 0 0 
1988 2 1 0 0 0 1.54 0.05129 1.59129 3.60728e+008 1.80521e+008 9.25892e+006 8.76886e+006 0.00408872 0.00408872 35853.4 35853.4 1 0 1.47492e+006 0 0 0 
1988 2 1 1 0 0 0.58 0.0928956 0.672896 6.87243e+006 5.00214e+006 464677 852565 0.00642828 0.00642828 5480.52 5480.52 1 0.036 44177.9 1590.4 0 0 
1988 2 1 2 0 0 0.43 0.103074 0.533074 4.90337e+006 3.80075e+006 391756 233220 0.0160827 0.0160827 3750.81 3750.81 1 0.766 78859.5 60406.4 0 0 
1988 2 1 3 0 0 0.35 0.0832892 0.433289 932323 756608 63017.2 143977 0.0224875 0.0224875 3237.68 3237.68 1 1 20965.6 20965.6 0 0 
1988 2 1 4 0 0 0.34 0.0832892 0.423289 162468 132461 11032.6 13414 0.0314608 0.0314608 422.015 422.015 1 1 5111.37 5111.37 0 0 
1989 1 1 1 0 0 0.68 0.862841 1.54284 7.34669e+007 3.74385e+007 3.23035e+007 4.70045e+007 0.00613012 0.00613012 288143 288143 1 0.036 450361 16213 0 0 
1989 1 1 2 0 0 0.55 0.957377 1.50738 3.50651e+006 1.811e+006 1.73381e+006 1.8442e+006 0.0104668 0.0104668 19303 19303 1 0.766 36702.1 28113.8 0 0 
1989 1 1 3 0 0 0.39 0.773614 1.16361 2.87729e+006 1.70035e+006 1.31542e+006 2.80604e+006 0.0143234 0.0143234 40192.2 40192.2 1 1 41212.7 41212.7 0 0 
1989 1 1 4 0 0 0.36 0.773614 1.13361 710891 425258 328986 4091 0.0187797 0.0187797 76.8276 76.8276 1 1 13350.3 13350.3 0 0 
1989 2 1 0 0 0 1.33 0.00327232 1.33327 1.07678e+008 5.94722e+007 194612 159140 0.00478346 0.00478346 761.24 761.24 1 0 515073 0 0 0 
1989 2 1 1 0 0 0.49 0.00592676 0.495927 1.57052e+007 1.23822e+007 73386.2 190120 0.00930316 0.00930316 1768.72 1768.72 1 0.036 146108 5259.9 0 0 
1989 2 1 2 0 0 0.36 0.00657612 0.366576 776659 650217 4275.9 12901 0.0127297 0.0127297 164.226 164.226 1 0.766 9886.66 7573.18 0 0 
1989 2 1 3 0 0 0.33 0.00531387 0.335314 898736 763576 4057.55 0 0.0140224 0.0140224 0 0 1 1 12602.5 12602.5 0 0 
1989 2 1 4 0 0 0.32 0.00531387 0.325314 228813 195323 1037.92 0 0.0175215 0.0175215 0 0 1 1 4009.15 4009.15 0 0 
1990 1 1 1 0 0 0.63 0.425221 1.05522 2.83853e+007 1.75356e+007 7.45651e+006 9.3022e+006 0.00745268 0.00745268 69326.3 69326.3 1 0.036 211547 7615.68 0 0 
1990 1 1 2 0 0 0.49 0.47181 0.96181 9.56458e+006 6.14362e+006 2.89862e+006 2.79071e+006 0.00983297 0.00983297 27441 27441 1 0.766 94048.3 72041 0 0 
1990 1 1 3 0 0 0.34 0.381249 0.721249 538305 383516 146215 412858 0.015173 0.015173 6264.27 6264.27 1 1 8167.67 8167.67 0 0 
1990 1 1 4 0 0 0.31 0.381249 0.691249 807970 583317 222389 124997 0.0201785 0.0201785 2522.25 2522.25 1 1 16303.6 16303.6 0 0 
1990 2 1 0 0 0 1.28 0.0499384 1.32994 1.98082e+008 1.09547e+008 5.4706e+006 9.79264e+006 0.00438372 0.00438372 42928.2 42928.2 1 0 868337 0 0 0 
1990 2 1 1 0 0 0.48 0.0904475 0.570448 9.88137e+006 7.53041e+006 681107 1.37715e+006 0.00768936 0.00768936 10589.4 10589.4 1 0.036 75981.4 2735.33 0 0 
1990 2 1 2 0 0 0.35 0.100357 0.450357 3.65559e+006 2.94325e+006 295377 285578 0.011205 0.011205 3199.89 3199.89 1 0.766 40960.8 31376 0 0 
1990 2 1 3 0 0 0.3 0.0810943 0.381094 261694 217603 17646.4 42584 0.0165489 0.0165489 704.718 704.718 1 1 4330.74 4330.74 0 0 
1990 2 1 4 0 0 0.29 0.0810943 0.371094 404753 338140 27421.3 12527 0.0197684 0.0197684 247.638 247.638 1 1 8001.3 8001.3 0 0 
1991 1 1 1 0 0 0.63 0.540342 1.17034 5.23915e+007 3.08768e+007 1.66841e+007 2.40087e+007 0.00732518 0.00732518 175868 175868 1 0.036 383777 13816 0 0 
1991 1 1 2 0 0 0.49 0.599544 1.08954 5.58567e+006 3.40217e+006 2.03975e+006 1.39065e+006 0.0114452 0.0114452 15916.2 15916.2 1 0.766 63929 48969.6 0 0 
1991 1 1 3 0 0 0.33 0.484465 0.814465 2.33007e+006 1.59386e+006 772168 526003 0.0363807 0.0363807 19136.3 19136.3 1 1 84769.6 84769.6 0 0 
1991 1 1 4 0 0 0.3 0.484465 0.784465 458038 317421 153780 184169 0.0263288 0.0263288 4848.95 4848.95 1 1 12059.6 12059.6 0 0 
1991 2 1 0 0 0 1.22 0.0395879 1.25959 1.241e+008 7.05658e+007 2.79355e+006 1.44423e+007 0.00367053 0.00367053 53011.1 53011.1 1 0 455513 0 0 0 
1991 2 1 1 0 0 0.47 0.0717009 0.541701 1.6255e+007 1.25503e+007 899871 942074 0.00567683 0.00567683 5347.99 5347.99 1 0.036 92277 3321.97 0 0 
1991 2 1 2 0 0 0.35 0.0795567 0.429557 1.87885e+006 1.52739e+006 121514 30405 0.0137562 0.0137562 418.257 418.257 1 0.766 25845.8 19797.9 0 0 
1991 2 1 3 0 0 0.29 0.0642863 0.354286 1.03193e+006 868938 55860.8 8715 0.0275023 0.0275023 239.683 239.683 1 1 28380.6 28380.6 0 0 
1991 2 1 4 0 0 0.28 0.0642863 0.344286 209032 176846 11368.8 3176 0.0163265 0.0163265 51.8531 51.8531 1 1 3412.77 3412.77 0 0 
1992 1 1 1 0 0 0.65 0.260502 0.910502 3.52159e+007 2.31167e+007 6.02193e+006 7.10008e+006 0.0061062 0.0061062 43354.5 43354.5 1 0.036 215035 7741.27 0 0 
1992 1 1 2 0 0 0.49 0.289043 0.779043 9.45648e+006 6.56886e+006 1.89868e+006 2.86215e+006 0.0103106 0.0103106 29510.5 29510.5 1 0.766 97502 74686.5 0 0 
1992 1 1 3 0 0 0.33 0.233563 0.563563 1.22275e+006 934747 218322 342206 0.0146831 0.0146831 5024.65 5024.65 1 1 17953.8 17953.8 0 0 
1992 1 1 4 0 0 0.3 0.233563 0.533563 872228 675939 157875 214730 0.0230286 0.0230286 4944.94 4944.94 1 1 20086.2 20086.2 0 0 
1992 2 1 0 0 0 1.19 0.00330788 1.19331 2.57964e+008 1.50627e+008 498258 525419 0.0046382 0.0046382 2437 2437 1 0 1.19649e+006 0 0 0 
1992 2 1 1 0 0 0.52 0.00599118 0.525991 1.41681e+007 1.10177e+007 66009 87265 0.0134376 0.0134376 1172.63 1172.63 1 0.036 190385 6853.87 0 0 
1992 2 1 2 0 0 0.39 0.0066476 0.396648 4.33906e+006 3.58185e+006 23810.7 8410 0.0267209 0.0267209 224.723 224.723 1 0.766 115943 88812.7 0 0 
1992 2 1 3 0 0 0.29 0.00537163 0.295372 695962 602593 3236.91 3362 0.028742 0.028742 96.6307 96.6307 1 1 20003.4 20003.4 0 0 
1992 2 1 4 0 0 0.29 0.00537163 0.295372 511572 442940 2379.31 728 0.0309314 0.0309314 22.5181 22.5181 1 1 15823.6 15823.6 0 0 
1993 1 1 1 0 0 0.67 0.449223 1.11922 7.82189e+007 4.70664e+007 2.11433e+007 1.51638e+007 0.00577626 0.00577626 87590.2 87590.2 1 0.036 451812 16265.2 0 0 
1993 1 1 2 0 0 0.51 0.498442 1.00844 8.37294e+006 5.27408e+006 2.62882e+006 558458 0.0163847 0.0163847 9150.15 9150.15 1 0.766 137188 105086 0 0 
1993 1 1 3 0 0 0.35 0.402769 0.752769 2.91832e+006 2.05059e+006 825913 211339 0.0178928 0.0178928 3781.45 3781.45 1 1 52217 52217 0 0 
1993 1 1 4 0 0 0.33 0.402769 0.732769 898713 637053 256585 1.33609e+006 0.0232962 0.0232962 31125.8 31125.8 1 1 20936.6 20936.6 0 0 
1993 2 1 0 0 0 1.14 0.0417576 1.18176 1.9094e+008 1.12012e+008 4.67735e+006 9.66291e+006 0.00347367 0.00347367 33565.8 33565.8 1 0 663263 0 0 0 
1993 2 1 1 0 0 0.52 0.0756306 0.595631 2.55411e+007 1.92442e+007 1.45545e+006 850927 0.00733712 0.00733712 6243.35 6243.35 1 0.036 187398 6746.32 0 0 
1993 2 1 2 0 0 0.4 0.083917 0.483917 3.05434e+006 2.42139e+006 203196 154686 0.0167194 0.0167194 2586.26 2586.26 1 0.766 51066.8 39117.1 0 0 
1993 2 1 3 0 0 0.32 0.0678096 0.38781 1.37471e+006 1.13951e+006 77269.5 70612 0.0208143 0.0208143 1469.74 1469.74 1 1 28613.6 28613.6 0 0 
1993 2 1 4 0 0 0.31 0.0678096 0.37781 431900 359686 24390.2 12195 0.0223966 0.0223966 273.126 273.126 1 1 9673.09 9673.09 0 0 
1994 1 1 1 0 0 0.69 0.501665 1.19167 5.85687e+007 3.42214e+007 1.71677e+007 2.37416e+007 0.00607808 0.00607808 144303 144303 1 0.036 355985 12815.5 0 0 
1994 1 1 2 0 0 0.53 0.556629 1.08663 1.40786e+007 8.58542e+006 4.7789e+006 4.81775e+006 0.0145701 0.0145701 70195.2 70195.2 1 0.766 205127 157127 0 0 
1994 1 1 3 0 0 0.36 0.449788 0.809788 1.88259e+006 1.29037e+006 580392 938476 0.020636 0.020636 19366.3 19366.3 1 1 38849 38849 0 0 
1994 1 1 4 0 0 0.34 0.449788 0.789788 1.2288e+006 849594 382137 386452 0.0211218 0.0211218 8162.58 8162.58 1 1 25954.6 25954.6 0 0 
1994 2 1 0 0 0 1.11 0.0157569 1.12576 1.80436e+008 1.08284e+008 1.70622e+006 0 0.00355205 0.00355205 0 0 1 0 640919 0 0 0 
1994 2 1 1 0 0 0.58 0.0285386 0.608539 1.77882e+007 1.33251e+007 380280 614909 0.0129762 0.0129762 7979.17 7979.17 1 0.036 230823 8309.62 0 0 
1994 2 1 2 0 0 0.46 0.0316654 0.491665 4.74945e+006 3.75184e+006 118804 684228 0.0208401 0.0208401 14259.4 14259.4 1 0.766 98978.8 75817.8 0 0 
1994 2 1 3 0 0 0.34 0.0255875 0.365587 837661 701614 17952.5 77945 0.0351862 0.0351862 2742.59 2742.59 1 1 29474.1 29474.1 0 0 
1994 2 1 4 0 0 0.32 0.0255875 0.345587 557805 471626 12067.7 10064 0.0271307 0.0271307 273.044 273.044 1 1 15133.6 15133.6 0 0 
1995 1 1 1 0 0 0.71 0.408271 1.11827 5.85347e+007 3.52356e+007 1.43857e+007 2.50371e+007 0.00556302 0.00556302 139282 139282 1 0.036 325630 11722.7 0 0 
1995 1 1 2 0 0 0.56 0.453003 1.013 9.67937e+006 6.0854e+006 2.7567e+006 1.89381e+006 0.00974284 0.00974284 18451.1 18451.1 1 0.766 94304.6 72237.3 0 0 
1995 1 1 3 0 0 0.41 0.366052 0.776052 2.90479e+006 2.02042e+006 739578 238187 0.0138145 0.0138145 3290.44 3290.44 1 1 40128.3 40128.3 0 0 
1995 1 1 4 0 0 0.38 0.366052 0.746052 975977 687800 251770 155747 0.0164799 0.0164799 2566.69 2566.69 1 1 16084 16084 0 0 
1995 2 1 0 0 0 1.01 0.0071493 1.01715 1.53307e+008 9.62172e+007 687885 1.02014e+006 0.00471425 0.00471425 4809.2 4809.2 1 0 722726 0 0 0 
1995 2 1 1 0 0 0.55 0.0129487 0.562949 1.91318e+007 1.46296e+007 189434 483714 0.00819298 0.00819298 3963.06 3963.06 1 0.036 156746 5642.86 0 0 
1995 2 1 2 0 0 0.45 0.0143674 0.464367 3.51484e+006 2.81167e+006 40396.4 78009 0.0102165 0.0102165 796.978 796.978 1 0.766 35909.3 27506.5 0 0 
1995 2 1 3 0 0 0.35 0.0116097 0.36161 1.33684e+006 1.12182e+006 13023.9 12661 0.0136509 0.0136509 172.834 172.834 1 1 18249.2 18249.2 0 0 
1995 2 1 4 0 0 0.34 0.0116097 0.35161 462843 390227 4530.4 17071 0.0161155 0.0161155 275.107 275.107 1 1 7458.92 7458.92 0 0 
1996 1 1 1 0 0 0.66 0.357877 1.01788 5.54394e+007 3.47839e+007 1.24484e+007 4.3192e+006 0.00879351 0.00879351 37980.9 37980.9 1 0.036 487507 17550.3 0 0 
1996 1 1 2 0 0 0.53 0.397087 0.927087 1.08961e+007 7.10228e+006 2.82023e+006 3.39364e+006 0.0133054 0.0133054 45153.6 45153.6 1 0.766 144976 111052 0 0 
1996 1 1 3 0 0 0.39 0.320869 0.710869 2.20919e+006 1.58116e+006 507346 464830 0.0260509 0.0260509 12109.3 12109.3 1 1 57551.5 57551.5 0 0 
1996 1 1 4 0 0 0.36 0.320869 0.680869 1.25682e+006 911550 292488 398636 0.0384783 0.0384783 15338.8 15338.8 1 1 48360.2 48360.2 0 0 
1996 2 1 0 0 0 0.99 0.0428602 1.03286 7.42461e+008 4.62942e+008 1.98418e+007 6.26264e+006 0.00248953 0.00248953 15591 15591 1 0 1.84838e+006 0 0 0 
1996 2 1 1 0 0 0.57 0.0776277 0.647628 2.00337e+007 1.47466e+007 1.14475e+006 3.11138e+006 0.00804549 0.00804549 25032.6 25032.6 1 0.036 161181 5802.5 0 0 
1996 2 1 2 0 0 0.47 0.0861329 0.556133 4.31162e+006 3.3072e+006 284858 96913 0.0140038 0.0140038 1357.15 1357.15 1 0.766 60379 46250.3 0 0 
1996 2 1 3 0 0 0.36 0.0696002 0.4296 1.08519e+006 882175 61399.6 32879 0.0157473 0.0157473 517.757 517.757 1 1 17088.9 17088.9 0 0 
1996 2 1 4 0 0 0.35 0.0696002 0.4196 636173 519567 36161.9 247648 0.023997 0.023997 5942.82 5942.82 1 1 15266.3 15266.3 0 0 
1997 1 1 1 0 0 0.64 0.670479 1.31048 2.64307e+008 1.47294e+008 9.87575e+007 6.68562e+007 0.00522665 0.00522665 349434 349434 1 0.036 1.38144e+006 49731.8 0 0 
1997 1 1 2 0 0 0.52 0.743939 1.26394 1.04833e+007 5.95075e+006 4.42699e+006 2.9118e+006 0.010111 0.010111 29441.3 29441.3 1 0.766 105997 81193.9 0 0 
1997 1 1 3 0 0 0.4 0.601145 1.00114 2.47238e+006 1.56209e+006 939044 606997 0.0137351 0.0137351 8337.19 8337.19 1 1 33958.5 33958.5 0 0 
1997 1 1 4 0 0 0.38 0.601145 0.981145 1.12437e+006 716373 430644 194194 0.0182619 0.0182619 3546.34 3546.34 1 1 20533.1 20533.1 0 0 
1997 2 1 0 0 0 0.9 0.0659443 0.965944 6.39227e+007 4.09881e+007 2.70293e+006 2.97527e+006 0.002919 0.002919 8684.79 8684.79 1 0 186590 0 0 0 
1997 2 1 1 0 0 0.53 0.119437 0.649437 7.1281e+007 5.24271e+007 6.26175e+006 1.03879e+007 0.00669439 0.00669439 69540.9 69540.9 1 0.036 477183 17178.6 0 0 
1997 2 1 2 0 0 0.43 0.132523 0.562523 2.96195e+006 2.26536e+006 300213 134153 0.0102162 0.0102162 1370.54 1370.54 1 0.766 30259.9 23179.1 0 0 
1997 2 1 3 0 0 0.38 0.107086 0.487086 908496 719182 77014.3 12655 0.0142418 0.0142418 180.23 180.23 1 1 12938.7 12938.7 0 0 
1997 2 1 4 0 0 0.36 0.107086 0.467086 421507 336759 36062.2 9368 0.0144352 0.0144352 135.229 135.229 1 1 6084.52 6084.52 0 0 
1998 1 1 1 0 0 0.63 0.794019 1.42402 2.43305e+007 1.29725e+007 1.03004e+007 3.95389e+006 0.00495911 0.00495911 19607.8 19607.8 1 0.036 120658 4343.67 0 0 
1998 1 1 2 0 0 0.49 0.881014 1.37101 3.72329e+007 2.02634e+007 1.78523e+007 2.81367e+007 0.0100695 0.0100695 283323 283323 1 0.766 374917 287187 0 0 
1998 1 1 3 0 0 0.38 0.711909 1.09191 1.68763e+006 1.02692e+006 731072 2.55289e+006 0.0136805 0.0136805 34924.8 34924.8 1 1 23087.6 23087.6 0 0 
1998 1 1 4 0 0 0.35 0.711909 1.06191 822404 506655 360692 290096 0.0202764 0.0202764 5882.1 5882.1 1 1 16675.4 16675.4 0 0 
1998 2 1 0 0 0 0.97 0.14014 1.11014 9.32071e+007 5.6294e+007 7.88906e+006 3.01361e+007 0.00318996 0.00318996 96132.8 96132.8 1 0 297327 0 0 0 
1998 2 1 1 0 0 0.51 0.25382 0.76382 5.85743e+006 4.09593e+006 1.03963e+006 992451 0.00703464 0.00703464 6981.53 6981.53 1 0.036 41204.9 1483.38 0 0 
1998 2 1 2 0 0 0.41 0.281629 0.691629 9.45156e+006 6.82244e+006 1.9214e+006 740255 0.0151749 0.0151749 11233.3 11233.3 1 0.766 143427 109865 0 0 
1998 2 1 3 0 0 0.36 0.227572 0.587572 566326 428259 97459.9 192391 0.0173239 0.0173239 3332.97 3332.97 1 1 9811.01 9811.01 0 0 
1998 2 1 4 0 0 0.33 0.227572 0.557572 284383 217992 49608.9 31983 0.0207258 0.0207258 662.874 662.874 1 1 5894.08 5894.08 0 0 
1999 1 1 1 0 0 0.73 0.469721 1.19972 3.07129e+007 1.78873e+007 8.40205e+006 5.18218e+006 0.00735028 0.00735028 38090.5 38090.5 1 0.036 225749 8126.96 0 0 
1999 1 1 2 0 0 0.54 0.704597 1.2446 2.72888e+006 1.56099e+006 1.09987e+006 1.55357e+006 0.0100665 0.0100665 15638.9 15638.9 1 0.766 27470.2 21042.1 0 0 
1999 1 1 3 0 0 0.36 0.673605 1.0336 4.73296e+006 2.9502e+006 1.98727e+006 1.97927e+006 0.0141363 0.0141363 27979.7 27979.7 1 1 66906.6 66906.6 0 0 
1999 1 1 4 0 0 0.33 0.673605 1.0036 477530 301402 203026 421461 0.026348 0.026348 11104.7 11104.7 1 1 12582 12582 0 0 
1999 2 1 0 0 0 1.04 0.140221 1.18022 1.21485e+008 7.13115e+007 9.99934e+006 6.4435e+006 0.00866435 0.00866435 55828.7 55828.7 1 0 1.05259e+006 0 0 0 
1999 2 1 1 0 0 0.58 0.212221 0.792221 9.25314e+006 6.39085e+006 1.35628e+006 1.83535e+006 0.0145334 0.0145334 26673.8 26673.8 1 0.036 134480 4841.27 0 0 
1999 2 1 2 0 0 0.47 0.318339 0.788339 786073 543833 173123 118026 0.0194472 0.0194472 2295.28 2295.28 1 0.766 15286.9 11709.8 0 0 
1999 2 1 3 0 0 0.33 0.304337 0.634337 1.68362e+006 1.24668e+006 379412 400916 0.0210585 0.0210585 8442.68 8442.68 1 1 35454.4 35454.4 0 0 
1999 2 1 4 0 0 0.3 0.304337 0.604337 175042 131371 39981.1 169073 0.030749 0.030749 5198.83 5198.83 1 1 5382.35 5382.35 0 0 
2000 1 1 1 0 0 0.8 0.592422 1.39242 3.73214e+007 2.01434e+007 1.19334e+007 1.87928e+007 0.00686652 0.00686652 129041 129041 1 0.036 256268 9225.66 0 0 
2000 1 1 2 0 0 0.61 0.888654 1.49865 4.19017e+006 2.17125e+006 1.92949e+006 3.28627e+006 0.0105228 0.0105228 34580.6 34580.6 1 0.766 44092.2 33774.6 0 0 
2000 1 1 3 0 0 0.42 0.849565 1.26956 357348 202392 171945 541129 0.0152704 0.0152704 8263.25 8263.25 1 1 5456.85 5456.85 0 0 
2000 1 1 4 0 0 0.39 0.849565 1.23956 988450 566557 481327 533035 0.0204507 0.0204507 10900.9 10900.9 1 1 20214.5 20214.5 0 0 
2000 2 1 0 0 0 1.12 0.00369375 1.12369 1.33994e+008 8.04808e+007 297276 0 0.00518988 0.00518988 0 0 1 0 695413 0 0 0 
2000 2 1 1 0 0 0.65 0.00559043 0.65559 9.27336e+006 6.80185e+006 38025.3 343747 0.0108453 0.0108453 3728.05 3728.05 1 0.036 100573 3620.62 0 0 
2000 2 1 2 0 0 0.55 0.00838584 0.558386 936213 717382 6015.85 3749 0.0173743 0.0173743 65.1362 65.1362 1 0.766 16266 12459.8 0 0 
2000 2 1 3 0 0 0.39 0.00801698 0.398017 100398 82824.9 664.005 1421 0.023737 0.023737 33.7302 33.7302 1 1 2383.15 2383.15 0 0 
2000 2 1 4 0 0 0.37 0.00801698 0.378017 286166 238296 1910.41 8735 0.0256454 0.0256454 224.013 224.013 1 1 7338.85 7338.85 0 0 
2001 1 1 1 0 0 0.82 0.247013 1.06701 4.35584e+007 2.67783e+007 6.6146e+006 5.32714e+006 0.00681582 0.00681582 36308.8 36308.8 1 0.036 296886 10687.9 0 0 
2001 1 1 2 0 0 0.66 0.370529 1.03053 4.81413e+006 3.00463e+006 1.1133e+006 991940 0.0136568 0.0136568 13546.7 13546.7 1 0.766 65745.7 50361.2 0 0 
2001 1 1 3 0 0 0.49 0.35423 0.84423 535637 361718 128131 163012 0.0178215 0.0178215 2905.11 2905.11 1 1 9545.84 9545.84 0 0 
2001 1 1 4 0 0 0.45 0.35423 0.80423 263519 181058 64136.2 160096 0.0232335 0.0232335 3719.59 3719.59 1 1 6122.48 6122.48 0 0 
2001 2 1 0 0 0 1.19 0.145335 1.33533 1.27087e+008 7.01355e+007 1.01931e+007 1.82627e+007 0.00555258 0.00555258 101405 101405 1 0 705661 0 0 0 
2001 2 1 1 0 0 0.78 0.219962 0.999962 1.49856e+007 9.47285e+006 2.08367e+006 3.96802e+006 0.00893764 0.00893764 35464.8 35464.8 1 0.036 133936 4821.69 0 0 
2001 2 1 2 0 0 0.67 0.329951 0.999951 1.71777e+006 1.08586e+006 358280 9186 0.0159635 0.0159635 146.641 146.641 1 0.766 27421.7 21005 0 0 
2001 2 1 3 0 0 0.51 0.315437 0.825437 230264 156764 49449 2437 0.0158855 0.0158855 38.713 38.713 1 1 3657.86 3657.86 0 0 
2001 2 1 4 0 0 0.49 0.315437 0.805437 117907 80968.7 25540.5 5818 0.0254591 0.0254591 148.121 148.121 1 1 3001.8 3001.8 0 0 
2002 1 1 1 0 0 0.84 0.368397 1.2084 3.34328e+007 1.94036e+007 7.14823e+006 9.07515e+006 0.00808755 0.00808755 73395.7 73395.7 1 0.036 270390 9734.02 0 0 
2002 1 1 2 0 0 0.72 0.552608 1.27261 5.5131e+006 3.1187e+006 1.72342e+006 2.6805e+006 0.0127178 0.0127178 34090.1 34090.1 1 0.766 70114.5 53707.7 0 0 
2002 1 1 3 0 0 0.58 0.528301 1.1083 631963 381972 201796 387226 0.0146254 0.0146254 5663.34 5663.34 1 1 9242.73 9242.73 0 0 
2002 1 1 4 0 0 0.54 0.528301 1.0683 153557 94352 49846.3 135214 0.0192277 0.0192277 2599.86 2599.86 1 1 2952.56 2952.56 0 0 
2002 2 1 0 0 0 1.22 0 1.22 3.19757e+007 1.84717e+007 0 0 0.00944091 0.00944091 0 0 1 0 301880 0 0 0 
2002 2 1 1 0 0 0.8 0 0.8 9.98557e+006 6.87346e+006 0 20983 0.0197288 0.0197288 413.969 413.969 1 0.036 197003 7092.11 0 0 
2002 2 1 2 0 0 0.67 0 0.67 1.54422e+006 1.12542e+006 0 2940 0.0316056 0.0316056 92.9205 92.9205 1 0.766 48806 37385.4 0 0 
2002 2 1 3 0 0 0.63 0 0.63 208623 154781 0 972 0.04318 0.04318 41.9709 41.9709 1 1 9008.35 9008.35 0 0 
2002 2 1 4 0 0 0.61 0 0.61 52761.1 39497.2 0 0 0.0466516 0.0466516 0 0 1 1 2461.39 2461.39 0 0 
2003 1 1 1 0 0 0.83 0.182734 1.01273 9.44018e+006 5.93569e+006 1.08465e+006 939264 0.00530455 0.00530455 4982.37 4982.37 1 0.036 50075.9 1802.73 0 0 
2003 1 1 2 0 0 0.72 0.274108 0.994108 4.48681e+006 2.8432e+006 779343 807536 0.014609 0.014609 11797.3 11797.3 1 0.766 65547.6 50209.4 0 0 
2003 1 1 3 0 0 0.58 0.262051 0.842051 790191 534120 139966 129911 0.0202727 0.0202727 2633.65 2633.65 1 1 16019.3 16019.3 0 0 
2003 1 1 4 0 0 0.54 0.262051 0.802051 139779 96129.7 25190.8 78008 0.0268849 0.0268849 2097.24 2097.24 1 1 3757.94 3757.94 0 0 
2003 2 1 0 0 0 1.22 0.0192265 1.23923 7.27683e+007 4.17147e+007 802026 2.75463e+006 0.00433872 0.00433872 11951.6 11951.6 1 0 315721 0 0 0 
2003 2 1 1 0 0 0.77 0.0290989 0.799099 3.4289e+006 2.36117e+006 68707.5 61180 0.00544479 0.00544479 333.112 333.112 1 0.036 18669.7 672.108 0 0 
2003 2 1 2 0 0 0.64 0.0436494 0.683649 1.66036e+006 1.20275e+006 52499.1 53181 0.0152904 0.0152904 813.158 813.158 1 0.766 25387.5 19446.9 0 0 
2003 2 1 3 0 0 0.62 0.0417294 0.661729 340435 249021 10391.5 1981 0.024123 0.024123 47.7876 47.7876 1 1 8212.3 8212.3 0 0 
2003 2 1 4 0 0 0.6 0.0417294 0.641729 62678 46258.6 1930.34 618 0.0266977 0.0266977 16.4992 16.4992 1 1 1673.36 1673.36 0 0 
2004 1 1 1 0 0 0.85 0.126362 0.976362 2.10743e+007 1.34541e+007 1.70008e+006 1.97572e+006 0.00727504 0.00727504 14373.4 14373.4 1 0.036 153316 5519.38 0 0 
2004 1 1 2 0 0 0.71 0.189547 0.899547 1.5421e+006 1.017e+006 192770 255504 0.00950606 0.00950606 2428.84 2428.84 1 0.766 14659.2 11229 0 0 
2004 1 1 3 0 0 0.56 0.18121 0.74121 838102 591891 107256 74336 0.0145012 0.0145012 1077.96 1077.96 1 1 12153.5 12153.5 0 0 
2004 1 1 4 0 0 0.51 0.18121 0.69121 208643 150633 27296.2 91547 0.0150529 0.0150529 1378.04 1378.04 1 1 3140.67 3140.67 0 0 
2004 2 1 0 0 0 1.21 0.019037 1.22904 4.71073e+007 2.71147e+007 516183 1.09099e+006 0.0057863 0.0057863 6312.8 6312.8 1 0 272577 0 0 0 
2004 2 1 1 0 0 0.7 0.0288122 0.728812 7.93824e+006 5.63682e+006 162409 737017 0.00728973 0.00728973 5372.65 5372.65 1 0.036 57867.6 2083.23 0 0 
2004 2 1 2 0 0 0.57 0.0432193 0.613219 627253 468886 20264.9 15674 0.0140702 0.0140702 220.536 220.536 1 0.766 8825.55 6760.37 0 0 
2004 2 1 3 0 0 0.55 0.0413183 0.591318 399387 301508 12457.8 6082 0.0184149 0.0184149 112 112 1 1 7354.67 7354.67 0 0 
2004 2 1 4 0 0 0.53 0.0413183 0.571318 104524 79624.2 3289.93 667 0.0126909 0.0126909 8.46484 8.46484 1 1 1326.5 1326.5 0 0 
2005 1 1 1 0 0 0.84 0.0685254 0.908525 1.37824e+007 9.05473e+006 620479 1.404e+006 0.00775701 0.00775701 10890.9 10890.9 1 0.036 106910 3848.77 0 0 
2005 1 1 2 0 0 0.69 0.10279 0.79279 3.83006e+006 2.64464e+006 271844 145503 0.01651 0.01651 2402.26 2402.26 1 0.766 63234.4 48437.5 0 0 
2005 1 1 3 0 0 0.5 0.098269 0.598269 339723 255664 25123.9 20577 0.019863 0.019863 408.721 408.721 1 1 6747.93 6747.93 0 0 
2005 1 1 4 0 0 0.47 0.098269 0.568269 280132 213694 20999.5 12410 0.0225652 0.0225652 280.034 280.034 1 1 6321.22 6321.22 0 0 
2005 2 1 0 0 0 1.15 0 1.15 8.02676e+007 4.76973e+007 0 0 0.00335238 0.00335238 0 0 1 0 269087 0 0 0 
2005 2 1 1 0 0 0.65 0 0.65 5.55593e+006 4.08536e+006 0 520 0.0070055 0.0070055 3.64286 3.64286 1 0.036 38922.1 1401.19 0 0 
2005 2 1 2 0 0 0.53 0 0.53 1.73341e+006 1.3455e+006 0 479 0.0112228 0.0112228 5.37574 5.37574 1 0.766 19453.8 14901.6 0 0 
2005 2 1 3 0 0 0.47 0 0.47 186767 149015 0 0 0.0153328 0.0153328 0 0 1 1 2863.66 2863.66 0 0 
2005 2 1 4 0 0 0.45 0 0.45 158696 127793 0 0 0.0165655 0.0165655 0 0 1 1 2628.89 2628.89 0 0 
2006 1 1 1 0 0 0.82 0.0292843 0.849284 2.54157e+007 1.7126e+007 501524 768971 0.00749782 0.00749782 5765.6 5765.6 1 0.036 190562 6860.23 0 0 
2006 1 1 2 0 0 0.66 0.0439275 0.703928 2.90045e+006 2.08228e+006 91469.5 46719 0.0134765 0.0134765 629.61 629.61 1 0.766 39088 29941.4 0 0 
2006 1 1 3 0 0 0.48 0.0419953 0.521995 1.02029e+006 794866 33380.7 26550 0.0171303 0.0171303 454.809 454.809 1 1 17477.9 17477.9 0 0 
2006 1 1 4 0 0 0.44 0.0419953 0.481995 217919 172913 7261.52 4038 0.0268654 0.0268654 108.482 108.482 1 1 5854.48 5854.48 0 0 
2006 2 1 0 0 0 1.12 0.000236779 1.12024 1.14995e+008 6.91671e+007 16377.3 0 0.0110363 0.0110363 0 0 1 0 1.26913e+006 0 0 0 
2006 2 1 1 0 0 0.61 0.000358361 0.610358 1.08708e+007 8.13663e+006 2915.85 2875 0.0230627 0.0230627 66.3054 66.3054 1 0.036 250711 9025.58 0 0 
2006 2 1 2 0 0 0.49 0.000537554 0.490538 1.43468e+006 1.13391e+006 609.54 665 0.0369466 0.0369466 24.5695 24.5695 1 0.766 53006.4 40602.9 0 0 
2006 2 1 3 0 0 0.42 0.000513909 0.420514 605375 494204 253.976 436 0.0504769 0.0504769 22.0079 22.0079 1 1 30557.5 30557.5 0 0 
2006 2 1 4 0 0 0.41 0.000513909 0.410514 134576 110375 56.7226 417 0.0545352 0.0545352 22.7412 22.7412 1 1 7339.13 7339.13 0 0 
2007 1 1 1 0 0 0.77 0.177756 0.947756 3.75118e+007 2.42381e+007 4.30847e+006 8.60002e+006 0.0074678 0.0074678 64223.2 64223.2 1 0.036 280130 10084.7 0 0 
2007 1 1 2 0 0 0.61 0.26664 0.87664 5.90455e+006 3.93229e+006 1.0485e+006 570907 0.0150733 0.0150733 8605.44 8605.44 1 0.766 89000.9 68174.7 0 0 
2007 1 1 3 0 0 0.45 0.254911 0.704911 878448 630378 160691 86201 0.021684 0.021684 1869.18 1869.18 1 1 19048.2 19048.2 0 0 
2007 1 1 4 0 0 0.42 0.254911 0.674911 486821 354018 90243.3 18766 0.0146238 0.0146238 274.43 274.43 1 1 7119.18 7119.18 0 0 
2007 2 1 0 0 0 1.05 0 1.05 5.86725e+007 3.63246e+007 0 0 0.00413879 0.00413879 0 0 1 0 242833 0 0 0 
2007 2 1 1 0 0 0.58 0 0.58 1.45399e+007 1.10328e+007 0 0 0.00864887 0.00864887 0 0 1 0.036 125754 4527.15 0 0 
2007 2 1 2 0 0 0.47 0 0.47 2.45735e+006 1.96064e+006 0 0 0.0138555 0.0138555 0 0 1 0.766 34047.9 26080.7 0 0 
2007 2 1 3 0 0 0.4 0 0.4 434087 357774 0 0 0.0189296 0.0189296 0 0 1 1 8217.1 8217.1 0 0 
2007 2 1 4 0 0 0.39 0 0.39 247890 205268 0 0 0.0204515 0.0204515 0 0 1 1 5069.73 5069.73 0 0 
2008 1 1 1 0 0 0.68 0.196937 0.876937 2.05317e+007 1.36719e+007 2.69251e+006 4.07721e+006 0.00801096 0.00801096 32662.4 32662.4 1 0.036 164479 5921.24 0 0 
2008 1 1 2 0 0 0.55 0.295413 0.845413 8.14089e+006 5.49477e+006 1.62323e+006 2.01223e+006 0.0150399 0.0150399 30263.8 30263.8 1 0.766 122438 93787.5 0 0 
2008 1 1 3 0 0 0.43 0.282418 0.712418 1.53585e+006 1.09849e+006 310233 459671 0.0220131 0.0220131 10118.8 10118.8 1 1 33808.8 33808.8 0 0 
2008 1 1 4 0 0 0.4 0.282418 0.682418 458813 332541 93915.6 73109 0.0258211 0.0258211 1887.76 1887.76 1 1 11847.1 11847.1 0 0 
2008 2 1 0 0 0 0.99 0 0.99 8.97238e+007 5.69541e+007 0 0 0.00413879 0.00413879 0 0 1 0 371348 0 0 0 
2008 2 1 1 0 0 0.5 0 0.5 8.54234e+006 6.7223e+006 0 0 0.00864887 0.00864887 0 0 1 0.036 73881.6 2659.74 0 0 
2008 2 1 2 0 0 0.4 0 0.4 3.49553e+006 2.88102e+006 0 0 0.0138555 0.0138555 0 0 1 0.766 48432.5 37099.3 0 0 
2008 2 1 3 0 0 0.38 0 0.38 753267 626676 0 0 0.0189296 0.0189296 0 0 1 1 14259.1 14259.1 0 0 
2008 2 1 4 0 0 0.37 0 0.37 231881 193818 0 0 0.0204515 0.0204515 0 0 1 1 4742.32 4742.32 0 0 
2009 1 1 1 0 0 0.59 0.0165457 0.606546 3.33393e+007 2.49968e+007 413588 827482 0.00633857 0.00633857 5245.06 5245.06 1 0.036 211324 7607.65 0 0 
2009 1 1 2 0 0 0.48 0.024819 0.504819 5.18119e+006 4.06828e+006 100971 69483 0.0103908 0.0103908 721.987 721.987 1 0.766 53836.9 41239.1 0 0 
2009 1 1 3 0 0 0.37 0.0237273 0.393727 2.34313e+006 1.93687e+006 45956.8 8273 0.0198624 0.0198624 164.321 164.321 1 1 46540 46540 0 0 
2009 1 1 4 0 0 0.34 0.0237273 0.363727 675298 566115 13432.4 0 0.0121131 0.0121131 0 0 1 1 8179.93 8179.93 0 0 
2009 2 1 0 0 0 0.99 9.47116e-005 0.990095 1.37164e+008 8.70643e+007 8246 948 0.00420176 0.00420176 3.98327 3.98327 1 0 576330 0 0 0 
2009 2 1 1 0 0 0.47 0.000143344 0.470143 1.81776e+007 1.45024e+007 2078.83 11540 0.00878046 0.00878046 101.327 101.327 1 0.036 159608 5745.88 0 0 
2009 2 1 2 0 0 0.39 0.000215022 0.390215 3.12744e+006 2.58945e+006 556.787 1727 0.0140663 0.0140663 24.2926 24.2926 1 0.766 43991.7 33697.6 0 0 
2009 2 1 3 0 0 0.34 0.000205563 0.340206 1.58053e+006 1.33974e+006 275.401 0 0.0192176 0.0192176 0 0 1 1 30374 30374 0 0 
2009 2 1 4 0 0 0.33 0.000205563 0.330206 469387 399760 82.176 0 0.0207627 0.0207627 0 0 1 1 9745.73 9745.73 0 0 
2010 1 1 1 0 0 0.59 0.212751 0.802751 5.09621e+007 3.50373e+007 7.45422e+006 3.0417e+006 0.00749419 0.00749419 22795.1 22795.1 1 0.036 381920 13749.1 0 0 
2010 1 1 2 0 0 0.45 0.319133 0.769133 1.13594e+007 7.92489e+006 2.5291e+006 740237 0.0177462 0.0177462 13136.4 13136.4 1 0.766 201586 154415 0 0 
2010 1 1 3 0 0 0.36 0.305096 0.665096 2.117e+006 1.54623e+006 471747 1.0063e+006 0.0206915 0.0206915 20821.9 20821.9 1 1 43803.8 43803.8 0 0 
2010 1 1 4 0 0 0.33 0.305096 0.635096 1.46213e+006 1.08231e+006 330207 172793 0.0242997 0.0242997 4198.82 4198.82 1 1 35529.2 35529.2 0 0 
2010 2 1 0 0 0 1.11 0.000473558 1.11047 1.56737e+007 9.46507e+006 4482.26 0 0.00249189 0.00249189 0 0 1 0 39057 0 0 0 
2010 2 1 1 0 0 0.5 0.000716722 0.500717 2.28358e+007 1.79645e+007 12875.6 50881 0.00520732 0.00520732 264.954 264.954 1 0.036 118914 4280.89 0 0 
2010 2 1 2 0 0 0.42 0.00107511 0.421075 5.26412e+006 4.2963e+006 4618.98 1379 0.00834216 0.00834216 11.5038 11.5038 1 0.766 43914.1 33638.2 0 0 
2010 2 1 3 0 0 0.37 0.00102782 0.371028 1.08861e+006 909482 934.782 1073 0.0113972 0.0113972 12.2292 12.2292 1 1 12407.1 12407.1 0 0 
2010 2 1 4 0 0 0.35 0.00102782 0.351028 774758 653385 671.56 0 0.0123135 0.0123135 0 0 1 1 9539.97 9539.97 0 0 
2011 1 1 1 0 0 0.66 0.135294 0.795294 5.16295e+006 3.56113e+006 481798 1.30441e+006 0.00766062 0.00766062 9992.56 9992.56 1 0.036 39551.4 1423.85 0 0 
2011 1 1 2 0 0 0.51 0.202945 0.712945 1.38407e+007 9.897e+006 2.00855e+006 5.22385e+006 0.0125585 0.0125585 65603.6 65603.6 1 0.766 173818 133145 0 0 
2011 1 1 3 0 0 0.39 0.194018 0.584018 3.45506e+006 2.61693e+006 507732 825133 0.0193708 0.0193708 15983.5 15983.5 1 1 66927.4 66927.4 0 0 
2011 1 1 4 0 0 0.35 0.194018 0.544018 1.29657e+006 1.00002e+006 194021 24091 0.0362258 0.0362258 872.717 872.717 1 1 46969.4 46969.4 0 0 
2011 2 1 0 0 0 1.21 0 1.21 1.11015e+007 6.43889e+006 0 0 0.00413879 0.00413879 0 0 1 0 45946.7 0 0 0 
2011 2 1 1 0 0 0.55 0 0.55 2.33081e+006 1.79282e+006 0 0 0.00864887 0.00864887 0 0 1 0.036 20158.9 725.719 0 0 
2011 2 1 2 0 0 0.46 0 0.46 6.7847e+006 5.43832e+006 0 0 0.0138555 0.0138555 0 0 1 0.766 94005.6 72008.3 0 0 
2011 2 1 3 0 0 0.42 0 0.42 1.92672e+006 1.57328e+006 0 0 0.0189296 0.0189296 0 0 1 1 36472.1 36472.1 0 0 
2011 2 1 4 0 0 0.39 0 0.39 752545 623152 0 0 0.0204515 0.0204515 0 0 1 1 15390.7 15390.7 0 0 
2012 1 1 1 0 0 0.7 0.0821426 0.782143 3.31043e+006 2.29646e+006 188637 31625 0.00988508 0.00988508 312.615 312.615 1 0.036 32723.9 1178.06 0 0 
2012 1 1 2 0 0 0.55 0.123217 0.673217 1.34476e+006 978651 120586 186321 0.0151755 0.0151755 2827.51 2827.51 1 0.766 20407.4 15632.1 0 0 
2012 1 1 3 0 0 0.42 0.117797 0.537797 4.28307e+006 3.3128e+006 390237 1.15743e+006 0.0227181 0.0227181 26294.6 26294.6 1 1 97303 97303 0 0 
2012 1 1 4 0 0 0.39 0.117797 0.507797 1.77546e+006 1.3922e+006 163997 356271 0.0299798 0.0299798 10680.9 10680.9 1 1 53228 53228 0 0 
2012 2 1 0 0 0 1.19 0 1.19 8.42775e+007 4.9276e+007 0 0 0.00413879 0.00413879 0 0 1 0 348807 0 0 0 
2012 2 1 1 0 0 0.54 0 0.54 1.51427e+006 1.17006e+006 0 0 0.00864887 0.00864887 0 0 1 0.036 13096.8 471.484 0 0 
2012 2 1 2 0 0 0.45 0 0.45 685915 552347 0 0 0.0138555 0.0138555 0 0 1 0.766 9503.71 7279.84 0 0 
2012 2 1 3 0 0 0.44 0 0.44 2.50146e+006 2.0237e+006 0 0 0.0189296 0.0189296 0 0 1 1 47351.6 47351.6 0 0 
2012 2 1 4 0 0 0.42 0 0.42 1.06851e+006 872497 0 0 0.0204515 0.0204515 0 0 1 1 21852.6 21852.6 0 0 
2013 1 1 1 0 0 0.7 0.0399731 0.739973 2.5639e+007 1.81168e+007 724185 648273 0.00913013 0.00913013 5918.82 5918.82 1 0.036 234087 8427.15 0 0 
2013 1 1 2 0 0 0.55 0.0599611 0.609961 882441 660611 39611 211090 0.0116001 0.0116001 2448.66 2448.66 1 0.766 10236.4 7841.06 0 0 
2013 1 1 3 0 0 0.42 0.0573236 0.477324 437358 347779 19935.9 55294 0.0143072 0.0143072 791.1 791.1 1 1 6257.36 6257.36 0 0 
2013 1 1 4 0 0 0.39 0.0573236 0.447324 2.31309e+006 1.86497e+006 106907 42412 0.0161708 0.0161708 685.837 685.837 1 1 37404.6 37404.6 0 0 
2013 2 1 0 0 0 1.19 0 1.19 2.07141e+008 1.21113e+008 0 0 0.00413879 0.00413879 0 0 1 0 857312 0 0 0 
2013 2 1 1 0 0 0.54 0 0.54 1.2233e+007 9.45234e+006 0 0 0.00864887 0.00864887 0 0 1 0.036 105802 3808.88 0 0 
2013 2 1 2 0 0 0.45 0 0.45 479494 386122 0 0 0.0138555 0.0138555 0 0 1 0.766 6643.64 5089.03 0 0 
2013 2 1 3 0 0 0.44 0 0.44 271355 219529 0 0 0.0189296 0.0189296 0 0 1 1 5136.65 5136.65 0 0 
2013 2 1 4 0 0 0.42 0 0.42 1.47884e+006 1.20756e+006 0 0 0.0204515 0.0204515 0 0 1 1 30244.6 30244.6 0 0 
2014 1 1 1 0 0 0.7 0.160039 0.860039 6.30166e+007 4.22672e+007 6.76439e+006 5.38352e+006 0.00855421 0.00855421 46051.8 46051.8 1 0.036 539058 19406.1 0 0 
2014 1 1 2 0 0 0.55 0.240064 0.790064 7.12879e+006 4.92825e+006 1.18309e+006 2.37271e+006 0.0126686 0.0126686 30059 30059 1 0.766 90311.9 69178.9 0 0 
2014 1 1 3 0 0 0.42 0.229504 0.649504 305739 224864 51607.2 642831 0.0138844 0.0138844 8925.34 8925.34 1 1 4245.01 4245.01 0 0 
2014 1 1 4 0 0 0.39 0.229504 0.619504 1.14643e+006 854570 196127 319330 0.0182893 0.0182893 5840.33 5840.33 1 1 20967.5 20967.5 0 0 
2014 2 1 0 0 0 1.19 0.000142067 1.19014 2.2307e+008 1.30419e+008 18528.3 0 0.00413879 0.00413879 0 0 1 0 923241 0 0 0 
2014 2 1 1 0 0 0.54 0.000215017 0.540215 2.66652e+007 2.06019e+007 4429.75 0 0.00864887 0.00864887 0 0 1 0.036 230624 8302.46 0 0 
2014 2 1 2 0 0 0.45 0.000322532 0.450323 3.23516e+006 2.60479e+006 840.128 0 0.0138555 0.0138555 0 0 1 0.766 44824.8 34335.8 0 0 
2014 2 1 3 0 0 0.44 0.000308345 0.440308 159689 129171 39.8293 0 0.0189296 0.0189296 0 0 1 1 3022.85 3022.85 0 0 
2014 2 1 4 0 0 0.42 0.000308345 0.420308 617023 503761 155.332 0 0.0204515 0.0204515 0 0 1 1 12619.1 12619.1 0 0 
2015 1 1 1 0 0 0.7 0.210994 0.910994 6.78531e+007 4.45313e+007 9.39582e+006 6.45091e+006 0.00829766 0.00829766 53527.5 53527.5 1 0.036 563022 20268.8 0 0 
2015 1 1 2 0 0 0.55 0.316498 0.866498 1.55358e+007 1.03915e+007 3.28888e+006 2.33974e+006 0.0126757 0.0126757 29657.9 29657.9 1 0.766 196927 150846 0 0 
2015 1 1 3 0 0 0.42 0.302576 0.722576 2.06216e+006 1.46833e+006 444282 956214 0.0193172 0.0193172 18471.4 18471.4 1 1 39835.2 39835.2 0 0 
2015 1 1 4 0 0 0.39 0.302576 0.692576 508101 366610 110928 98917 0.0300685 0.0300685 2974.28 2974.28 1 1 15277.8 15277.8 0 0 
2015 2 1 0 0 0 1.19 0 1.19 8.12149e+006 4.74854e+006 0 0 0.00561356 0.00561356 0 0 1 0 45590.5 0 0 0 
2015 2 1 1 0 0 0.54 0 0.54 2.72854e+007 2.10831e+007 0 0 0.0117307 0.0117307 0 0 1 0.036 320077 11522.8 0 0 
2015 2 1 2 0 0 0.45 0 0.45 6.53157e+006 5.25968e+006 0 0 0.0187927 0.0187927 0 0 1 0.766 122745 94023.1 0 0 
2015 2 1 3 0 0 0.44 0 0.44 1.00118e+006 809962 0 0 0.0256748 0.0256748 0 0 1 1 25705.1 25705.1 0 0 
2015 2 1 4 0 0 0.42 0 0.42 254196 207565 0 0 0.027739 0.027739 0 0 1 1 7051.14 7051.14 0 0 
2016 1 1 1 0 0 0.7 0.0821426 0.782143 2.47073e+006 1.71395e+006 140789 155772 0.00397148 0.00397148 618.645 618.645 1 0.036 9812.45 353.248 0 0 
2016 1 1 2 0 0 0.55 0.123217 0.673217 1.59005e+007 1.15716e+007 1.42582e+006 2.00568e+006 0.012411 0.012411 24892.6 24892.6 1 0.766 197342 151164 0 0 
2016 1 1 3 0 0 0.42 0.117797 0.537797 4.16471e+006 3.22125e+006 379453 415113 0.0198024 0.0198024 8220.24 8220.24 1 1 82471.4 82471.4 0 0 
2016 1 1 4 0 0 0.39 0.117797 0.507797 811815 636570 74985.9 284232 0.0320645 0.0320645 9113.75 9113.75 1 1 26030.4 26030.4 0 0 
2016 2 1 0 0 0 1.19 0 1.19 7.05102e+008 4.12265e+008 0 0 0.00149767 0.00149767 0 0 1 0 1.05601e+006 0 0 0 
2016 2 1 1 0 0 0.54 0 0.54 1.13017e+006 873272 0 0 0.00312969 0.00312969 0 0 1 0.036 3537.09 127.335 0 0 
2016 2 1 2 0 0 0.45 0 0.45 8.1103e+006 6.53099e+006 0 0 0.00501377 0.00501377 0 0 1 0.766 40663.2 31148 0 0 
2016 2 1 3 0 0 0.44 0 0.44 2.43233e+006 1.96778e+006 0 0 0.00684988 0.00684988 0 0 1 1 16661.2 16661.2 0 0 
2016 2 1 4 0 0 0.42 0 0.42 488566 398941 0 0 0.0074006 0.0074006 0 0 1 1 3615.69 3615.69 0 0 
2017 1 1 1 0 0 0.7 0.182544 0.882544 2.14507e+008 1.42496e+008 2.60119e+007 1.17342e+007 0.00767755 0.00767755 90090 90090 1 0.036 1.64689e+006 59288 0 0 
2017 1 1 2 0 0 0.55 0.273822 0.823822 658607 448692 122862 670880 0.0119162 0.0119162 7994.35 7994.35 1 0.766 7848.1 6011.64 0 0 
2017 1 1 3 0 0 0.42 0.261778 0.681778 5.17136e+006 3.74919e+006 981454 434280 0.017676 0.017676 7676.34 7676.34 1 1 91409 91409 0 0 
2017 1 1 4 0 0 0.39 0.261778 0.651778 1.88752e+006 1.38682e+006 363039 408731 0.024176 0.024176 9881.46 9881.46 1 1 45632.6 45632.6 0 0 
2017 2 1 0 0 0 1.19 0 1.19 3.24911e+007 1.89972e+007 0 0 0.00425251 0.00425251 0 0 1 0 138169 0 0 0 
2017 2 1 1 0 0 0.54 0 0.54 8.87478e+007 6.85744e+007 0 0 0.00878951 0.00878951 0 0 1 0.036 780050 28081.8 0 0 
2017 2 1 2 0 0 0.45 0 0.45 288965 232695 0 0 0.0141419 0.0141419 0 0 1 0.766 4086.52 3130.27 0 0 
2017 2 1 3 0 0 0.44 0 0.44 2.61524e+006 2.11575e+006 0 0 0.0188923 0.0188923 0 0 1 1 49408 49408 0 0 
2017 2 1 4 0 0 0.42 0 0.42 983622 803182 0 0 0.0204941 0.0204941 0 0 1 1 20158.5 20158.5 0 0 
2018 1 1 1 0 0 0.7 0.194987 0.894987 9.88449e+006 6.53145e+006 1.27355e+006 413211 0.0058391 0.0058391 2412.78 2412.78 1 0.036 57716.6 2077.8 0 0 
2018 1 1 2 0 0 0.55 0.292487 0.842487 5.17176e+007 3.49513e+007 1.02228e+007 6.63055e+006 0.00985423 0.00985423 65339 65339 1 0.766 509638 390382 0 0 
2018 1 1 3 0 0 0.42 0.279621 0.699621 184252 132530 37058.1 39927 0.0134587 0.0134587 537.364 537.364 1 1 2479.79 2479.79 0 0 
2018 1 1 4 0 0 0.39 0.279621 0.669621 2.3306e+006 1.69881e+006 475024 305220 0.0205681 0.0205681 6277.81 6277.81 1 1 47936.1 47936.1 0 0 
2018 2 1 0 0 0 1.19 0 1.19 2.23823e+008 1.30867e+008 0 11.4641 0.00390496 0.00390496 0.0447668 0.0447668 1 0 874021 0 0 0 
2018 2 1 1 0 0 0.54 0 0.54 4.03893e+006 3.12084e+006 0 5644.06 0.00696789 0.00696789 39.3272 39.3272 1 0.036 28142.8 1013.14 0 0 
2018 2 1 2 0 0 0.45 0 0.45 2.22716e+007 1.79347e+007 0 47518.9 0.0106838 0.0106838 507.683 507.683 1 0.766 237946 182266 0 0 
2018 2 1 3 0 0 0.44 0 0.44 91531.5 74049.7 0 782.013 0.0136171 0.0136171 10.6487 10.6487 1 1 1246.39 1246.39 0 0 
2018 2 1 4 0 0 0.42 0 0.42 1.19304e+006 974182 0 1184.66 0.0151517 0.0151517 17.9497 17.9497 1 1 18076.6 18076.6 0 0 
2019 1 1 1 0 0 0.7 0.294013 0.994013 6.80918e+007 4.31501e+007 1.26867e+007 7.1054e+006 0.00848298 0.00848298 60275 60275 1 0.036 577621 20794.4 0 0 
2019 1 1 2 0 0 0.55 0.44103 0.99103 2.35368e+006 1.4934e+006 658636 715680 0.0116384 0.0116384 8329.35 8329.35 1 0.766 27393 20983 0 0 
2019 1 1 3 0 0 0.42 0.421631 0.841631 1.4201e+007 9.60072e+006 4.04796e+006 4.2412e+006 0.0152425 0.0152425 64646.5 64646.5 1 1 216459 216459 0 0 
2019 1 1 4 0 0 0.39 0.421631 0.811631 842832 577236 243380 130780 0.0202075 0.0202075 2642.74 2642.74 1 1 17031.5 17031.5 0 0 
2019 2 1 0 0 0 1.19 0 1.19 3.03286e+008 1.77328e+008 0 36.3662 0.00691524 0.00691524 0.251481 0.251481 1 0 2.0973e+006 0 0 0 
2019 2 1 1 0 0 0.54 0 0.54 2.52e+007 1.94717e+007 0 260.254 0.00956996 0.00956996 2.49062 2.49062 1 0.036 241163 8681.86 0 0 
2019 2 1 2 0 0 0.45 0 0.45 873672 703543 0 13.5433 0.0147625 0.0147625 0.199934 0.199934 1 0.766 12897.6 9879.55 0 0 
2019 2 1 3 0 0 0.44 0 0.44 6.12073e+006 4.95172e+006 0 115.916 0.0165748 0.0165748 1.92129 1.92129 1 1 101450 101450 0 0 
2019 2 1 4 0 0 0.42 0 0.42 374330 305661 0 7.5204 0.0192233 0.0192233 0.144567 0.144567 1 1 7195.85 7195.85 0 0 
2020 1 1 1 0 0 0.7 0.496663 1.19666 9.22661e+007 5.38023e+007 2.67216e+007 2.11334e+007 0.00881893 0.00881893 186374 186374 1 0.036 813688 29292.8 0 0 
2020 1 1 2 0 0 0.55 0.745011 1.29501 1.46852e+007 8.23393e+006 6.13437e+006 1.98093e+006 0.0146279 0.0146279 28976.9 28976.9 1 0.766 214814 164548 0 0 
2020 1 1 3 0 0 0.42 0.71224 1.13224 557078 333433 237484 390642 0.0172017 0.0172017 6719.71 6719.71 1 1 9582.69 9582.69 0 0 
2020 1 1 4 0 0 0.39 0.71224 1.10224 4.18792e+006 2.53756e+006 1.80736e+006 1.24862e+006 0.0192757 0.0192757 24068 24068 1 1 80725.3 80725.3 0 0 
2020 2 1 0 0 0 1.19 0 1.19 1.60646e+008 9.39275e+007 0 0 0.00425251 0.00425251 0 0 1 0 683147 0 0 0 
2020 2 1 1 0 0 0.54 0 0.54 2.78829e+007 2.15448e+007 0 0 0.00878951 0.00878951 0 0 1 0.036 245077 8822.79 0 0 
2020 2 1 2 0 0 0.45 0 0.45 4.02221e+006 3.23897e+006 0 0 0.0141419 0.0141419 0 0 1 0.766 56881.9 43571.5 0 0 
2020 2 1 3 0 0 0.44 0 0.44 179552 145259 0 0 0.0188923 0.0188923 0 0 1 1 3392.15 3392.15 0 0 
2020 2 1 4 0 0 0.42 0 0.42 1.39092e+006 1.13576e+006 0 0 0.0204941 0.0204941 0 0 1 1 28505.7 28505.7 0 0 
2021 1 1 1 0 0 0.7 0.298788 0.998788 4.88718e+007 3.09085e+007 9.2351e+006 3.2109e+006 0.0127602 0.0127602 40971.7 40971.7 1 0.036 623613 22450.1 0 0 
2021 1 1 2 0 0 0.55 0.448192 0.998192 1.62487e+007 1.02789e+007 4.60693e+006 2.7682e+006 0.019794 0.019794 54793.8 54793.8 1 0.766 321627 246366 0 0 
2021 1 1 3 0 0 0.42 0.428478 0.848478 2.56468e+006 1.72877e+006 740741 529657 0.0278334 0.0278334 14742.1 14742.1 1 1 71383.6 71383.6 0 0 
2021 1 1 4 0 0 0.39 0.428478 0.818478 1.02954e+006 703019 301228 1.37784e+006 0.0339957 0.0339957 46840.5 46840.5 1 1 34999.9 34999.9 0 0 
2021 2 1 0 0 0 1.19 0 1.19 7.71811e+007 4.51269e+007 0 11020 0.00501846 0.00501846 55.3037 55.3037 1 0 387331 0 0 0 
2021 2 1 1 0 0 0.54 0 0.54 1.80007e+007 1.3909e+007 0 6395.48 0.00733106 0.00733106 46.8857 46.8857 1 0.036 131964 4750.72 0 0 
2021 2 1 2 0 0 0.45 0 0.45 5.98839e+006 4.82227e+006 0 1380.25 0.0128487 0.0128487 17.7345 17.7345 1 0.766 76943.2 58938.5 0 0 
2021 2 1 3 0 0 0.44 0 0.44 1.09785e+006 888170 0 96.8023 0.0105489 0.0105489 1.02115 1.02115 1 1 11581.1 11581.1 0 0 
2021 2 1 4 0 0 0.42 0 0.42 454131 370823 0 215.128 0.0187333 0.0187333 4.03005 4.03005 1 1 8507.37 8507.37 0 0 
2022 1 1 1 0 0  -1 -1 -1 2.34801e+007  -1  -1  -1 0.00871575  -1 -1 -1 -1 0.036 204647 7367.29 0 0 
2022 1 1 2 0 0  -1 -1 -1 1.04899e+007  -1  -1  -1 0.0135661  -1 -1 -1 -1 0.766 142307 109007 0 0 
2022 1 1 3 0 0  -1 -1 -1 3.81836e+006  -1  -1  -1 0.0182825  -1 -1 -1 -1 1 69809.1 69809.1 0 0 
2022 1 1 4 0 0  -1 -1 -1 1.00544e+006  -1  -1  -1 0.0236446  -1 -1 -1 -1 1 23773.3 23773.3 0 0 
