Year Quarter Species.n Age M1 M2 M F Z N N.bar C.hat C.obs west weca Yield CWsum prop.landed propmat BIO SSB Lsea ration
1986 1 1 1 0 0 0.76 0.283652 1.04365 8.53328e+007 5.29693e+007 1.50248e+007 1.89386e+007 0.00612192 0.00612192 115940 115940 1 0.036 522401 18806.4 0 0 
1986 1 1 2 0 0 0.6 0.311169 0.911169 5.87977e+006 3.85854e+006 1.20066e+006 2.06275e+006 0.0097272 0.0097272 20064.7 20064.7 1 0.766 57193.7 43810.4 0 0 
1986 1 1 3 0 0 0.42 0.249469 0.669469 260996 190257 47463.1 160842 0.0124354 0.0124354 2000.13 2000.13 1 1 3245.58 3245.58 0 0 
1986 1 1 4 0 0 0.36 0.249469 0.609469 713477 534240 133276 0 0.0159119 0.0159119 0 0 1 1 11352.8 11352.8 0 0 
1986 2 1 0 0 0 1.34 0.0755415 1.41554 5.11087e+008 2.73392e+008 2.06524e+007 7.96453e+006 0.00401849 0.00401849 32005.4 32005.4 1 0 2.0538e+006 0 0 0 
1986 2 1 1 0 0 0.6 0.135062 0.735062 3.00514e+007 2.12805e+007 2.87418e+006 7.98688e+006 0.0126501 0.0126501 101035 101035 1 0.036 380154 13685.5 0 0 
1986 2 1 2 0 0 0.47 0.148164 0.618164 2.36398e+006 1.76321e+006 261245 533151 0.0210498 0.0210498 11222.7 11222.7 1 0.766 49761.5 38117.3 0 0 
1986 2 1 3 0 0 0.37 0.118785 0.488785 133625 105697 12555.3 2472 0.018856 0.018856 46.612 46.612 1 1 2519.62 2519.62 0 0 
1986 2 1 4 0 0 0.35 0.118785 0.468785 387874 309646 36781.4 0 0.020372 0.020372 0 0 1 1 7901.76 7901.76 0 0 
1987 1 1 1 0 0 0.75 0.572504 1.3225 1.24089e+008 6.88264e+007 3.94034e+007 3.37598e+007 0.00642898 0.00642898 217041 217041 1 0.036 797765 28719.5 0 0 
1987 1 1 2 0 0 0.6 0.628043 1.22804 1.44089e+007 8.29697e+006 5.21085e+006 1.40202e+007 0.0116638 0.0116638 163529 163529 1 0.766 168062 128736 0 0 
1987 1 1 3 0 0 0.42 0.503511 0.923511 1.27403e+006 831699 418770 453114 0.0204766 0.0204766 9278.22 9278.22 1 1 26087.7 26087.7 0 0 
1987 1 1 4 0 0 0.36 0.503511 0.863511 324678 217448 109487 199797 0.0224777 0.0224777 4490.97 4490.97 1 1 7298.01 7298.01 0 0 
1987 2 1 0 0 0 1.43 0.00109788 1.4311 1.1672e+008 6.20633e+007 68138.3 5156 0.00690042 0.00690042 35.5786 35.5786 1 0 805418 0 0 0 
1987 2 1 1 0 0 0.57 0.00196292 0.571963 3.30656e+007 2.51814e+007 49429.2 65133 0.0127681 0.0127681 831.624 831.624 1 0.036 422185 15198.7 0 0 
1987 2 1 2 0 0 0.44 0.00215335 0.442153 4.21986e+006 3.4105e+006 7344 4402 0.0203888 0.0203888 89.7517 89.7517 1 0.766 86038.1 65905.2 0 0 
1987 2 1 3 0 0 0.35 0.00172637 0.351726 505945 426543 736.372 0 0.0315782 0.0315782 0 0 1 1 15976.8 15976.8 0 0 
1987 2 1 4 0 0 0.34 0.00172637 0.341726 136910 115969 200.205 0 0.0296158 0.0296158 0 0 1 1 4054.7 4054.7 0 0 
1988 1 1 1 0 0 0.71 0.681826 1.39183 2.79015e+007 1.50627e+007 1.02701e+007 6.58391e+006 0.00511373 0.00511373 33668.3 33668.3 1 0.036 142681 5136.51 0 0 
1988 1 1 2 0 0 0.57 0.747972 1.31797 1.86628e+007 1.03699e+007 7.75636e+006 1.73206e+007 0.0130874 0.0130874 226682 226682 1 0.766 244247 187093 0 0 
1988 1 1 3 0 0 0.39 0.599659 0.989659 2.7119e+006 1.72168e+006 1.03242e+006 893461 0.0230178 0.0230178 20565.5 20565.5 1 1 62421.9 62421.9 0 0 
1988 1 1 4 0 0 0.35 0.599659 0.949659 453199 292598 175459 19296 0.0361685 0.0361685 697.908 697.908 1 1 16391.5 16391.5 0 0 
1988 2 1 0 0 0 1.54 0.0510693 1.59107 3.59493e+008 1.79918e+008 9.18826e+006 8.76886e+006 0.00408872 0.00408872 35853.4 35853.4 1 0 1.46987e+006 0 0 0 
1988 2 1 1 0 0 0.58 0.0913076 0.671308 6.93691e+006 5.05263e+006 461344 852565 0.00642828 0.00642828 5480.52 5480.52 1 0.036 44592.3 1605.32 0 0 
1988 2 1 2 0 0 0.43 0.100166 0.530166 4.99561e+006 3.87738e+006 388380 233220 0.0160827 0.0160827 3750.81 3750.81 1 0.766 80343.1 61542.8 0 0 
1988 2 1 3 0 0 0.35 0.0803041 0.430304 1.00802e+006 819174 65783 143977 0.0224875 0.0224875 3237.68 3237.68 1 1 22667.9 22667.9 0 0 
1988 2 1 4 0 0 0.34 0.0803041 0.420304 175330 143147 11495.3 13414 0.0314608 0.0314608 422.015 422.015 1 1 5516.03 5516.03 0 0 
1989 1 1 1 0 0 0.68 0.857512 1.53751 7.32314e+007 3.73935e+007 3.20653e+007 4.70045e+007 0.00613012 0.00613012 288143 288143 1 0.036 448917 16161 0 0 
1989 1 1 2 0 0 0.55 0.940701 1.4907 3.54504e+006 1.84252e+006 1.73326e+006 1.8442e+006 0.0104668 0.0104668 19303 19303 1 0.766 37105.3 28422.6 0 0 
1989 1 1 3 0 0 0.39 0.754173 1.14417 2.93995e+006 1.75115e+006 1.32067e+006 2.80604e+006 0.0143234 0.0143234 40192.2 40192.2 1 1 42110.3 42110.3 0 0 
1989 1 1 4 0 0 0.36 0.754173 1.11417 770693 464705 350468 4091 0.0187797 0.0187797 76.8276 76.8276 1 1 14473.4 14473.4 0 0 
1989 2 1 0 0 0 1.33 0.00325824 1.33326 1.07048e+008 5.91244e+007 192641 159140 0.00478346 0.00478346 761.24 761.24 1 0 512058 0 0 0 
1989 2 1 1 0 0 0.49 0.00582545 0.495825 1.57385e+007 1.2409e+007 72288.1 190120 0.00930316 0.00930316 1768.72 1768.72 1 0.036 146418 5271.06 0 0 
1989 2 1 2 0 0 0.36 0.00639059 0.366391 798394 668472 4271.93 12901 0.0127297 0.0127297 164.226 164.226 1 0.766 10163.4 7785.13 0 0 
1989 2 1 3 0 0 0.33 0.00512342 0.335123 936338 795595 4076.17 0 0.0140224 0.0140224 0 0 1 1 13129.7 13129.7 0 0 
1989 2 1 4 0 0 0.32 0.00512342 0.325123 252931 215930 1106.3 0 0.0175215 0.0175215 0 0 1 1 4431.74 4431.74 0 0 
1990 1 1 1 0 0 0.63 0.422594 1.05259 2.82196e+007 1.74522e+007 7.3752e+006 9.3022e+006 0.00745268 0.00745268 69326.3 69326.3 1 0.036 210312 7571.22 0 0 
1990 1 1 2 0 0 0.49 0.463591 0.953591 9.58585e+006 6.17864e+006 2.86436e+006 2.79071e+006 0.00983297 0.00983297 27441 27441 1 0.766 94257.4 72201.1 0 0 
1990 1 1 3 0 0 0.34 0.371668 0.711668 553473 395992 147177 412858 0.015173 0.015173 6264.27 6264.27 1 1 8397.81 8397.81 0 0 
1990 1 1 4 0 0 0.31 0.371668 0.681668 852443 618044 229707 124997 0.0201785 0.0201785 2522.25 2522.25 1 1 17201 17201 0 0 
1990 2 1 0 0 0 1.28 0.0497235 1.32972 2.02684e+008 1.12101e+008 5.57408e+006 9.79264e+006 0.00438372 0.00438372 42928.2 42928.2 1 0 888510 0 0 0 
1990 2 1 1 0 0 0.48 0.0889014 0.568901 9.84951e+006 7.51139e+006 667773 1.37715e+006 0.00768936 0.00768936 10589.4 10589.4 1 0.036 75736.4 2726.51 0 0 
1990 2 1 2 0 0 0.35 0.0975259 0.447526 3.69395e+006 2.97804e+006 290436 285578 0.011205 0.011205 3199.89 3199.89 1 0.766 41390.6 31705.2 0 0 
1990 2 1 3 0 0 0.3 0.0781879 0.378188 271658 226196 17685.8 42584 0.0165489 0.0165489 704.718 704.718 1 1 4495.64 4495.64 0 0 
1990 2 1 4 0 0 0.29 0.0781879 0.368188 431142 360678 28200.7 12527 0.0197684 0.0197684 247.638 247.638 1 1 8522.98 8522.98 0 0 
1991 1 1 1 0 0 0.63 0.537005 1.167 5.36201e+007 3.16437e+007 1.69928e+007 2.40087e+007 0.00732518 0.00732518 175868 175868 1 0.036 392777 14140 0 0 
1991 1 1 2 0 0 0.49 0.589101 1.0791 5.57627e+006 3.41107e+006 2.00947e+006 1.39065e+006 0.0114452 0.0114452 15916.2 15916.2 1 0.766 63821.5 48887.2 0 0 
1991 1 1 3 0 0 0.33 0.47229 0.80229 2.3612e+006 1.62369e+006 766854 526003 0.0363807 0.0363807 19136.3 19136.3 1 1 85902 85902 0 0 
1991 1 1 4 0 0 0.3 0.47229 0.77229 484458 337517 159406 184169 0.0263288 0.0263288 4848.95 4848.95 1 1 12755.2 12755.2 0 0 
1991 2 1 0 0 0 1.22 0.0394176 1.25942 1.23578e+008 7.02741e+007 2.77003e+006 1.44423e+007 0.00367053 0.00367053 53011.1 53011.1 1 0 453599 0 0 0 
1991 2 1 1 0 0 0.47 0.0704753 0.540475 1.66918e+007 1.28948e+007 908765 942074 0.00567683 0.00567683 5347.99 5347.99 1 0.036 94756.7 3411.24 0 0 
1991 2 1 2 0 0 0.35 0.0773122 0.427312 1.89538e+006 1.54243e+006 119249 30405 0.0137562 0.0137562 418.257 418.257 1 0.766 26073.2 19972.1 0 0 
1991 2 1 3 0 0 0.29 0.0619823 0.351982 1.05853e+006 892299 55306.7 8715 0.0275023 0.0275023 239.683 239.683 1 1 29112 29112 0 0 
1991 2 1 4 0 0 0.28 0.0619823 0.341982 223797 189543 11748.3 3176 0.0163265 0.0163265 51.8531 51.8531 1 1 3653.84 3653.84 0 0 
1992 1 1 1 0 0 0.65 0.258893 0.908893 3.50739e+007 2.30392e+007 5.96469e+006 7.10008e+006 0.0061062 0.0061062 43354.5 43354.5 1 0.036 214168 7710.06 0 0 
1992 1 1 2 0 0 0.49 0.284009 0.774009 9.72252e+006 6.7685e+006 1.92231e+006 2.86215e+006 0.0103106 0.0103106 29510.5 29510.5 1 0.766 100245 76787.6 0 0 
1992 1 1 3 0 0 0.33 0.227694 0.557694 1.23628e+006 947609 215764 342206 0.0146831 0.0146831 5024.65 5024.65 1 1 18152.4 18152.4 0 0 
1992 1 1 4 0 0 0.3 0.227694 0.527694 903432 701998 159840 214730 0.0230286 0.0230286 4944.94 4944.94 1 1 20804.8 20804.8 0 0 
1992 2 1 0 0 0 1.19 0.00329365 1.19329 2.61992e+008 1.5298e+008 503864 525419 0.0046382 0.0046382 2437 2437 1 0 1.21517e+006 0 0 0 
1992 2 1 1 0 0 0.52 0.00588877 0.525889 1.41337e+007 1.09914e+007 64726.1 87265 0.0134376 0.0134376 1172.63 1172.63 1 0.036 189923 6837.23 0 0 
1992 2 1 2 0 0 0.39 0.00646005 0.39646 4.48364e+006 3.70153e+006 23912.1 8410 0.0267209 0.0267209 224.723 224.723 1 0.766 119807 91772.1 0 0 
1992 2 1 3 0 0 0.29 0.00517911 0.295179 707805 612904 3174.3 3362 0.028742 0.028742 96.6307 96.6307 1 1 20343.8 20343.8 0 0 
1992 2 1 4 0 0 0.29 0.00517911 0.295179 532993 461530 2390.31 728 0.0309314 0.0309314 22.5181 22.5181 1 1 16486.2 16486.2 0 0 
1993 1 1 1 0 0 0.67 0.446449 1.11645 7.94415e+007 4.78563e+007 2.13654e+007 1.51638e+007 0.00577626 0.00577626 87590.2 87590.2 1 0.036 458874 16519.5 0 0 
1993 1 1 2 0 0 0.51 0.48976 0.99976 8.35346e+006 5.28093e+006 2.58638e+006 558458 0.0163847 0.0163847 9150.15 9150.15 1 0.766 136869 104841 0 0 
1993 1 1 3 0 0 0.35 0.392647 0.742647 3.01613e+006 2.12874e+006 835842 211339 0.0178928 0.0178928 3781.45 3781.45 1 1 53967.1 53967.1 0 0 
1993 1 1 4 0 0 0.33 0.392647 0.722647 923648 657650 258224 1.33609e+006 0.0232962 0.0232962 31125.8 31125.8 1 1 21517.5 21517.5 0 0 
1993 2 1 0 0 0 1.14 0.0415779 1.18158 1.91856e+008 1.12558e+008 4.67992e+006 9.66291e+006 0.00347367 0.00347367 33565.8 33565.8 1 0 666447 0 0 0 
1993 2 1 1 0 0 0.52 0.0743378 0.594338 2.60124e+007 1.96108e+007 1.45782e+006 850927 0.00733712 0.00733712 6243.35 6243.35 1 0.036 190856 6870.81 0 0 
1993 2 1 2 0 0 0.4 0.0815495 0.481549 3.07381e+006 2.43948e+006 198938 154686 0.0167194 0.0167194 2586.26 2586.26 1 0.766 51392.2 39366.5 0 0 
1993 2 1 3 0 0 0.32 0.0653793 0.385379 1.43524e+006 1.19103e+006 77868.9 70612 0.0208143 0.0208143 1469.74 1469.74 1 1 29873.4 29873.4 0 0 
1993 2 1 4 0 0 0.31 0.0653793 0.375379 448399 373851 24442.2 12195 0.0223966 0.0223966 273.126 273.126 1 1 10042.6 10042.6 0 0 
1994 1 1 1 0 0 0.69 0.498566 1.18857 5.88604e+007 3.44349e+007 1.71681e+007 2.37416e+007 0.00607808 0.00607808 144303 144303 1 0.036 357758 12879.3 0 0 
1994 1 1 2 0 0 0.53 0.546933 1.07693 1.43569e+007 8.79016e+006 4.80763e+006 4.81775e+006 0.0145701 0.0145701 70195.2 70195.2 1 0.766 209182 160234 0 0 
1994 1 1 3 0 0 0.36 0.438484 0.798484 1.89908e+006 1.30807e+006 573567 938476 0.020636 0.020636 19366.3 19366.3 1 1 39189.2 39189.2 0 0 
1994 1 1 4 0 0 0.34 0.438484 0.778484 1.2843e+006 892344 391279 386452 0.0211218 0.0211218 8162.58 8162.58 1 1 27126.8 27126.8 0 0 
1994 2 1 0 0 0 1.11 0.0156891 1.12569 1.81815e+008 1.09114e+008 1.7119e+006 0 0.00355205 0.00355205 0 0 1 0 645815 0 0 0 
1994 2 1 1 0 0 0.58 0.0280508 0.608051 1.79323e+007 1.3436e+007 376890 614909 0.0129762 0.0129762 7979.17 7979.17 1 0.036 232693 8376.93 0 0 
1994 2 1 2 0 0 0.46 0.0307721 0.490772 4.89053e+006 3.86488e+006 118930 684228 0.0208401 0.0208401 14259.4 14259.4 1 0.766 101919 78070 0 0 
1994 2 1 3 0 0 0.34 0.0246704 0.36467 854604 716113 17666.8 77945 0.0351862 0.0351862 2742.59 2742.59 1 1 30070.3 30070.3 0 0 
1994 2 1 4 0 0 0.32 0.0246704 0.34467 589624 498745 12304.2 10064 0.0271307 0.0271307 273.044 273.044 1 1 15996.9 15996.9 0 0 
1995 1 1 1 0 0 0.71 0.405749 1.11575 5.89859e+007 3.55438e+007 1.44219e+007 2.50371e+007 0.00556302 0.00556302 139282 139282 1 0.036 328139 11813 0 0 
1995 1 1 2 0 0 0.56 0.445112 1.00511 9.76253e+006 6.15793e+006 2.74097e+006 1.89381e+006 0.00974284 0.00974284 18451.1 18451.1 1 0.766 95114.8 72857.9 0 0 
1995 1 1 3 0 0 0.41 0.356853 0.766853 2.99375e+006 2.09067e+006 746062 238187 0.0138145 0.0138145 3290.44 3290.44 1 1 41357.3 41357.3 0 0 
1995 1 1 4 0 0 0.38 0.356853 0.736853 1.01118e+006 715491 255325 155747 0.0164799 0.0164799 2566.69 2566.69 1 1 16664.1 16664.1 0 0 
1995 2 1 0 0 0 1.01 0.00711854 1.01712 1.48837e+008 9.34132e+007 664965 1.02014e+006 0.00471425 0.00471425 4809.2 4809.2 1 0 701655 0 0 0 
1995 2 1 1 0 0 0.55 0.0127273 0.562727 1.93279e+007 1.4781e+007 188123 483714 0.00819298 0.00819298 3963.06 3963.06 1 0.036 158353 5700.71 0 0 
1995 2 1 2 0 0 0.45 0.013962 0.463962 3.57312e+006 2.85883e+006 39915.1 78009 0.0102165 0.0102165 796.978 796.978 1 0.766 36504.7 27962.6 0 0 
1995 2 1 3 0 0 0.35 0.0111936 0.361194 1.39052e+006 1.16708e+006 13063.8 12661 0.0136509 0.0136509 172.834 172.834 1 1 18981.9 18981.9 0 0 
1995 2 1 4 0 0 0.34 0.0111936 0.351194 483969 408119 4568.3 17071 0.0161155 0.0161155 275.107 275.107 1 1 7799.38 7799.38 0 0 
1996 1 1 1 0 0 0.66 0.355667 1.01567 5.38247e+007 3.3802e+007 1.20222e+007 4.3192e+006 0.00879351 0.00879351 37980.9 37980.9 1 0.036 473308 17039.1 0 0 
1996 1 1 2 0 0 0.53 0.390171 0.920171 1.10102e+007 7.19776e+006 2.80836e+006 3.39364e+006 0.0133054 0.0133054 45153.6 45153.6 1 0.766 146495 112215 0 0 
1996 1 1 3 0 0 0.39 0.312805 0.702805 2.24673e+006 1.61377e+006 504795 464830 0.0260509 0.0260509 12109.3 12109.3 1 1 58529.5 58529.5 0 0 
1996 1 1 4 0 0 0.36 0.312805 0.672805 1.30961e+006 953248 298181 398636 0.0384783 0.0384783 15338.8 15338.8 1 1 50391.7 50391.7 0 0 
1996 2 1 0 0 0 0.99 0.0426758 1.03268 7.77199e+008 4.84639e+008 2.06824e+007 6.26264e+006 0.00248953 0.00248953 15591 15591 1 0 1.93486e+006 0 0 0 
1996 2 1 1 0 0 0.57 0.0763007 0.646301 1.94932e+007 1.43573e+007 1.09547e+006 3.11138e+006 0.00804549 0.00804549 25032.6 25032.6 1 0.036 156832 5645.97 0 0 
1996 2 1 2 0 0 0.47 0.0837028 0.553703 4.38702e+006 3.36875e+006 281974 96913 0.0140038 0.0140038 1357.15 1357.15 1 0.766 61435 47059.2 0 0 
1996 2 1 3 0 0 0.36 0.0671057 0.427106 1.11257e+006 905479 60762.8 32879 0.0157473 0.0157473 517.757 517.757 1 1 17520 17520 0 0 
1996 2 1 4 0 0 0.35 0.0671057 0.417106 668263 546409 36667.2 247648 0.023997 0.023997 5942.82 5942.82 1 1 16036.3 16036.3 0 0 
1997 1 1 1 0 0 0.64 0.666338 1.30634 2.76724e+008 1.54466e+008 1.02926e+008 6.68562e+007 0.00522665 0.00522665 349434 349434 1 0.036 1.44634e+006 52068.2 0 0 
1997 1 1 2 0 0 0.52 0.730981 1.25098 1.02141e+007 5.82787e+006 4.26006e+006 2.9118e+006 0.010111 0.010111 29441.3 29441.3 1 0.766 103275 79108.5 0 0 
1997 1 1 3 0 0 0.4 0.586038 0.986038 2.52174e+006 1.60339e+006 939644 606997 0.0137351 0.0137351 8337.19 8337.19 1 1 34636.4 34636.4 0 0 
1997 1 1 4 0 0 0.38 0.586038 0.966038 1.16619e+006 747746 438207 194194 0.0182619 0.0182619 3546.34 3546.34 1 1 21296.8 21296.8 0 0 
1997 2 1 0 0 0 0.9 0.0656605 0.965661 6.31398e+007 4.04909e+007 2.65866e+006 2.97527e+006 0.002919 0.002919 8684.79 8684.79 1 0 184305 0 0 0 
1997 2 1 1 0 0 0.53 0.117395 0.647395 7.49396e+007 5.51683e+007 6.47651e+006 1.03879e+007 0.00669439 0.00669439 69540.9 69540.9 1 0.036 501675 18060.3 0 0 
1997 2 1 2 0 0 0.43 0.128784 0.558784 2.92351e+006 2.23976e+006 288446 134153 0.0102162 0.0102162 1370.54 1370.54 1 0.766 29867.3 22878.3 0 0 
1997 2 1 3 0 0 0.38 0.103248 0.483248 940739 746020 77025.2 12655 0.0142418 0.0142418 180.23 180.23 1 1 13397.9 13397.9 0 0 
1997 2 1 4 0 0 0.36 0.103248 0.463248 443837 355228 36676.6 9368 0.0144352 0.0144352 135.229 135.229 1 1 6406.86 6406.86 0 0 
1998 1 1 1 0 0 0.63 0.789114 1.41911 2.40393e+007 1.28415e+007 1.01334e+007 3.95389e+006 0.00495911 0.00495911 19607.8 19607.8 1 0.036 119214 4291.69 0 0 
1998 1 1 2 0 0 0.49 0.865668 1.35567 3.92239e+007 2.1475e+007 1.85902e+007 2.81367e+007 0.0100695 0.0100695 283323 283323 1 0.766 394966 302544 0 0 
1998 1 1 3 0 0 0.38 0.694018 1.07402 1.67197e+006 1.02491e+006 711303 2.55289e+006 0.0136805 0.0136805 34924.8 34924.8 1 1 22873.4 22873.4 0 0 
1998 1 1 4 0 0 0.35 0.694018 1.04402 859504 533445 370221 290096 0.0202764 0.0202764 5882.1 5882.1 1 1 17427.7 17427.7 0 0 
1998 2 1 0 0 0 0.97 0.139537 1.10954 9.41106e+007 5.68536e+007 7.93321e+006 3.01361e+007 0.00318996 0.00318996 96132.8 96132.8 1 0 300209 0 0 0 
1998 2 1 1 0 0 0.51 0.249481 0.759481 5.81579e+006 4.07453e+006 1.01652e+006 992451 0.00703464 0.00703464 6981.53 6981.53 1 0.036 40912 1472.83 0 0 
1998 2 1 2 0 0 0.41 0.273684 0.683684 1.0111e+007 7.32416e+006 2.0045e+006 740255 0.0151749 0.0151749 11233.3 11233.3 1 0.766 153433 117530 0 0 
1998 2 1 3 0 0 0.36 0.219416 0.579416 571199 433538 95125.3 192391 0.0173239 0.0173239 3332.97 3332.97 1 1 9895.42 9895.42 0 0 
1998 2 1 4 0 0 0.33 0.219416 0.549416 302578 232799 51079.9 31983 0.0207258 0.0207258 662.874 662.874 1 1 6271.17 6271.17 0 0 
1999 1 1 1 0 0 0.73 0.545351 1.27535 3.10293e+007 1.75339e+007 9.5621e+006 5.18218e+006 0.00735028 0.00735028 38090.5 38090.5 1 0.036 228074 8210.68 0 0 
1999 1 1 2 0 0 0.54 0.88866 1.42866 2.72126e+006 1.44833e+006 1.28707e+006 1.55357e+006 0.0100665 0.0100665 15638.9 15638.9 1 0.766 27393.5 20983.4 0 0 
1999 1 1 3 0 0 0.36 0.866191 1.22619 5.10355e+006 2.94092e+006 2.5474e+006 1.97927e+006 0.0141363 0.0141363 27979.7 27979.7 1 1 72145.4 72145.4 0 0 
1999 1 1 4 0 0 0.33 0.866191 1.19619 494674 288510 249905 421461 0.026348 0.026348 11104.7 11104.7 1 1 13033.7 13033.7 0 0 
1999 2 1 0 0 0 1.04 0.151021 1.19102 1.20551e+008 7.04555e+007 1.06403e+007 6.4435e+006 0.00866435 0.00866435 55828.7 55828.7 1 0 1.04449e+006 0 0 0 
1999 2 1 1 0 0 0.58 0.238211 0.818211 8.66751e+006 5.91929e+006 1.41004e+006 1.83535e+006 0.0145334 0.0145334 26673.8 26673.8 1 0.036 125968 4534.87 0 0 
1999 2 1 2 0 0 0.47 0.388169 0.858169 652096 437732 169914 118026 0.0194472 0.0194472 2295.28 2295.28 1 0.766 12681.5 9714 0 0 
1999 2 1 3 0 0 0.33 0.378355 0.708355 1.49742e+006 1.07292e+006 405946 400916 0.0210585 0.0210585 8442.68 8442.68 1 1 31533.4 31533.4 0 0 
1999 2 1 4 0 0 0.3 0.378355 0.678355 149562 108596 41087.7 169073 0.030749 0.030749 5198.83 5198.83 1 1 4598.87 4598.87 0 0 
2000 1 1 1 0 0 0.8 0.687808 1.48781 3.66366e+007 1.90627e+007 1.31115e+007 1.87928e+007 0.00686652 0.00686652 129041 129041 1 0.036 251566 9056.38 0 0 
2000 1 1 2 0 0 0.61 1.1208 1.7308 3.82428e+006 1.81814e+006 2.03777e+006 3.28627e+006 0.0105228 0.0105228 34580.6 34580.6 1 0.766 40242 30825.4 0 0 
2000 1 1 3 0 0 0.42 1.09246 1.51246 276448 142502 155677 541129 0.0152704 0.0152704 8263.25 8263.25 1 1 4221.47 4221.47 0 0 
2000 1 1 4 0 0 0.39 1.09246 1.48246 813306 424040 463246 533035 0.0204507 0.0204507 10900.9 10900.9 1 1 16632.7 16632.7 0 0 
2000 2 1 0 0 0 1.12 0.00397826 1.12398 1.2648e+008 7.5959e+007 302185 0 0.00518988 0.00518988 0 0 1 0 656418 0 0 0 
2000 2 1 1 0 0 0.65 0.00627506 0.656275 8.27501e+006 6.06773e+006 38075.3 343747 0.0108453 0.0108453 3728.05 3728.05 1 0.036 89745.3 3230.83 0 0 
2000 2 1 2 0 0 0.55 0.0102253 0.560225 677446 518666 5303.53 3749 0.0173743 0.0173743 65.1362 65.1362 1 0.766 11770.1 9015.92 0 0 
2000 2 1 3 0 0 0.39 0.00996679 0.399967 60920.1 50211.1 500.444 1421 0.023737 0.023737 33.7302 33.7302 1 1 1446.06 1446.06 0 0 
2000 2 1 4 0 0 0.37 0.00996679 0.379967 184684 153649 1531.39 8735 0.0256454 0.0256454 224.013 224.013 1 1 4736.3 4736.3 0 0 
2001 1 1 1 0 0 0.82 0.286785 1.10679 4.11042e+007 2.48596e+007 7.12938e+006 5.32714e+006 0.00681582 0.00681582 36308.8 36308.8 1 0.036 280159 10085.7 0 0 
2001 1 1 2 0 0 0.66 0.467322 1.12732 4.29291e+006 2.57463e+006 1.20318e+006 991940 0.0136568 0.0136568 13546.7 13546.7 1 0.766 58627.5 44908.7 0 0 
2001 1 1 3 0 0 0.49 0.455506 0.945506 386876 250216 113975 163012 0.0178215 0.0178215 2905.11 2905.11 1 1 6894.7 6894.7 0 0 
2001 1 1 4 0 0 0.45 0.455506 0.905506 167140 109949 50082.3 160096 0.0232335 0.0232335 3719.59 3719.59 1 1 3883.25 3883.25 0 0 
2001 2 1 0 0 0 1.19 0.156529 1.34653 1.1805e+008 6.48633e+007 1.0153e+007 1.82627e+007 0.00555258 0.00555258 101405 101405 1 0 655482 0 0 0 
2001 2 1 1 0 0 0.78 0.246899 1.0269 1.35899e+007 8.49462e+006 2.09732e+006 3.96802e+006 0.00893764 0.00893764 35464.8 35464.8 1 0.036 121461 4372.61 0 0 
2001 2 1 2 0 0 0.67 0.402327 1.07233 1.39047e+006 852946 343163 9186 0.0159635 0.0159635 146.641 146.641 1 0.766 22196.9 17002.8 0 0 
2001 2 1 3 0 0 0.51 0.392155 0.902155 150295 99008.4 38826.6 2437 0.0158855 0.0158855 38.713 38.713 1 1 2387.5 2387.5 0 0 
2001 2 1 4 0 0 0.49 0.392155 0.882155 67580.9 44901.2 17608.2 5818 0.0254591 0.0254591 148.121 148.121 1 1 1720.55 1720.55 0 0 
2002 1 1 1 0 0 0.84 0.427713 1.26771 3.07097e+007 1.74059e+007 7.44474e+006 9.07515e+006 0.00808755 0.00808755 73395.7 73395.7 1 0.036 248366 8941.19 0 0 
2002 1 1 2 0 0 0.72 0.696966 1.41697 4.86674e+006 2.6019e+006 1.81344e+006 2.6805e+006 0.0127178 0.0127178 34090.1 34090.1 1 0.766 61894.3 47411 0 0 
2002 1 1 3 0 0 0.58 0.679344 1.25934 475835 270596 183828 387226 0.0146254 0.0146254 5663.34 5663.34 1 1 6959.29 6959.29 0 0 
2002 1 1 4 0 0 0.54 0.679344 1.21934 88944.8 51395.1 34915 135214 0.0192277 0.0192277 2599.86 2599.86 1 1 1710.2 1710.2 0 0 
2002 2 1 0 0 0 1.22 0 1.22 2.84064e+007 1.64098e+007 0 0 0.00944091 0.00944091 0 0 1 0 268182 0 0 0 
2002 2 1 1 0 0 0.8 0 0.8 8.64401e+006 5.95001e+006 0 20983 0.0197288 0.0197288 413.969 413.969 1 0.036 170536 6139.29 0 0 
2002 2 1 2 0 0 0.67 0 0.67 1.17993e+006 859928 0 2940 0.0316056 0.0316056 92.9205 92.9205 1 0.766 37292.5 28566.1 0 0 
2002 2 1 3 0 0 0.63 0 0.63 135061 100204 0 972 0.04318 0.04318 41.9709 41.9709 1 1 5831.93 5831.93 0 0 
2002 2 1 4 0 0 0.61 0 0.61 26276.4 19670.6 0 0 0.0466516 0.0466516 0 0 1 1 1225.84 1225.84 0 0 
2003 1 1 1 0 0 0.83 0.212156 1.04216 8.38642e+006 5.20899e+006 1.10512e+006 939264 0.00530455 0.00530455 4982.37 4982.37 1 0.036 44486.2 1601.5 0 0 
2003 1 1 2 0 0 0.72 0.345713 1.06571 3.884e+006 2.38904e+006 825923 807536 0.014609 0.014609 11797.3 11797.3 1 0.766 56741.3 43463.8 0 0 
2003 1 1 3 0 0 0.58 0.336972 0.916972 603782 395251 133188 129911 0.0202727 0.0202727 2633.65 2633.65 1 1 12240.3 12240.3 0 0 
2003 1 1 4 0 0 0.54 0.336972 0.876972 86209.7 57405.4 19344 78008 0.0268849 0.0268849 2097.24 2097.24 1 1 2317.74 2317.74 0 0 
2003 2 1 0 0 0 1.22 0.0207074 1.24071 6.31438e+007 3.61761e+007 749111 2.75463e+006 0.00433872 0.00433872 11951.6 11951.6 1 0 273963 0 0 0 
2003 2 1 1 0 0 0.77 0.0326625 0.802662 2.95783e+006 2.03364e+006 66423.8 61180 0.00544479 0.00544479 333.112 333.112 1 0.036 16104.8 579.772 0 0 
2003 2 1 2 0 0 0.64 0.0532241 0.693224 1.33797e+006 965109 51367.1 53181 0.0152904 0.0152904 813.158 813.158 1 0.766 20458.1 15670.9 0 0 
2003 2 1 3 0 0 0.62 0.0518784 0.671878 241348 175746 9117.44 1981 0.024123 0.024123 47.7876 47.7876 1 1 5822.04 5822.04 0 0 
2003 2 1 4 0 0 0.6 0.0518784 0.651878 35866.7 26351.2 1367.06 618 0.0266977 0.0266977 16.4992 16.4992 1 1 957.559 957.559 0 0 
2004 1 1 1 0 0 0.85 0.146708 0.996708 1.82599e+007 1.15584e+007 1.6957e+006 1.97572e+006 0.00727504 0.00727504 14373.4 14373.4 1 0.036 132841 4782.29 0 0 
2004 1 1 2 0 0 0.71 0.239063 0.949063 1.32551e+006 856001 204638 255504 0.00950606 0.00950606 2428.84 2428.84 1 0.766 12600.3 9651.86 0 0 
2004 1 1 3 0 0 0.56 0.233018 0.793018 668934 461851 107620 74336 0.0145012 0.0145012 1077.96 1077.96 1 1 9700.33 9700.33 0 0 
2004 1 1 4 0 0 0.51 0.233018 0.743018 141957 100175 23342.5 91547 0.0150529 0.0150529 1378.04 1378.04 1 1 2136.86 2136.86 0 0 
2004 2 1 0 0 0 1.21 0.0205033 1.2305 4.02903e+007 2.31773e+007 475211 1.09099e+006 0.0057863 0.0057863 6312.8 6312.8 1 0 233132 0 0 0 
2004 2 1 1 0 0 0.7 0.0323407 0.732341 6.7396e+006 4.77827e+006 154532 737017 0.00728973 0.00728973 5372.65 5372.65 1 0.036 49129.8 1768.67 0 0 
2004 2 1 2 0 0 0.57 0.0526997 0.6227 513109 381932 20127.7 15674 0.0140702 0.0140702 220.536 220.536 1 0.766 7219.52 5530.15 0 0 
2004 2 1 3 0 0 0.55 0.0513673 0.601367 302677 227467 11684.4 6082 0.0184149 0.0184149 112 112 1 1 5573.77 5573.77 0 0 
2004 2 1 4 0 0 0.53 0.0513673 0.581367 67525.6 51206.5 2630.34 667 0.0126909 0.0126909 8.46484 8.46484 1 1 856.962 856.962 0 0 
2005 1 1 1 0 0 0.84 0.0795587 0.919559 1.17706e+007 7.6969e+006 612355 1.404e+006 0.00775701 0.00775701 10890.9 10890.9 1 0.036 91305 3286.98 0 0 
2005 1 1 2 0 0 0.69 0.129642 0.819642 3.24028e+006 2.21151e+006 286705 145503 0.01651 0.01651 2402.26 2402.26 1 0.766 53497.2 40978.8 0 0 
2005 1 1 3 0 0 0.5 0.126365 0.626365 275280 204568 25850.1 20577 0.019863 0.019863 408.721 408.721 1 1 5467.89 5467.89 0 0 
2005 1 1 4 0 0 0.47 0.126365 0.596365 203642 153385 19382.5 12410 0.0225652 0.0225652 280.034 280.034 1 1 4595.2 4595.2 0 0 
2005 2 1 0 0 0 1.15 0 1.15 6.99025e+007 4.15381e+007 0 0 0.00335238 0.00335238 0 0 1 0 234340 0 0 0 
2005 2 1 1 0 0 0.65 0 0.65 4.6929e+006 3.45075e+006 0 520 0.0070055 0.0070055 3.64286 3.64286 1 0.036 32876.1 1183.54 0 0 
2005 2 1 2 0 0 0.53 0 0.53 1.42763e+006 1.10815e+006 0 479 0.0112228 0.0112228 5.37574 5.37574 1 0.766 16022.1 12272.9 0 0 
2005 2 1 3 0 0 0.47 0 0.47 147146 117403 0 0 0.0153328 0.0153328 0 0 1 1 2256.15 2256.15 0 0 
2005 2 1 4 0 0 0.45 0 0.45 112168 90325.5 0 0 0.0165655 0.0165655 0 0 1 1 1858.12 1858.12 0 0 
2006 1 1 1 0 0 0.82 0.0339994 0.853999 2.21337e+007 1.48843e+007 506058 768971 0.00749782 0.00749782 5765.6 5765.6 1 0.036 165954 5974.36 0 0 
2006 1 1 2 0 0 0.66 0.0554027 0.715403 2.44991e+006 1.74994e+006 96951.6 46719 0.0134765 0.0134765 629.61 629.61 1 0.766 33016.2 25290.4 0 0 
2006 1 1 3 0 0 0.48 0.0540019 0.534002 840311 651075 35159.3 26550 0.0171303 0.0171303 454.809 454.809 1 1 14394.8 14394.8 0 0 
2006 1 1 4 0 0 0.44 0.0540019 0.494002 163488 129009 6966.76 4038 0.0268654 0.0268654 108.482 108.482 1 1 4392.16 4392.16 0 0 
2006 2 1 0 0 0 1.12 0.000255017 1.12026 1.10547e+008 6.64913e+007 16956.4 0 0.0110363 0.0110363 0 0 1 0 1.22004e+006 0 0 0 
2006 2 1 1 0 0 0.61 0.000402247 0.610402 9.42252e+006 7.05247e+006 2836.84 2875 0.0230627 0.0230627 66.3054 66.3054 1 0.036 217309 7823.13 0 0 
2006 2 1 2 0 0 0.49 0.000655469 0.490655 1.19799e+006 946798 620.597 665 0.0369466 0.0369466 24.5695 24.5695 1 0.766 44261.8 33904.5 0 0 
2006 2 1 3 0 0 0.42 0.000638897 0.420639 492636 402145 256.929 436 0.0504769 0.0504769 22.0079 22.0079 1 1 24866.8 24866.8 0 0 
2006 2 1 4 0 0 0.41 0.000638897 0.410639 99756.9 81812.8 52.2699 417 0.0545352 0.0545352 22.7412 22.7412 1 1 5440.27 5440.27 0 0 
2007 1 1 1 0 0 0.77 0.206377 0.976377 3.60602e+007 2.30211e+007 4.75102e+006 8.60002e+006 0.0074678 0.0074678 64223.2 64223.2 1 0.036 269290 9694.45 0 0 
2007 1 1 2 0 0 0.61 0.336294 0.946294 5.11767e+006 3.30881e+006 1.11274e+006 570907 0.0150733 0.0150733 8605.44 8605.44 1 0.766 77140.1 59089.3 0 0 
2007 1 1 3 0 0 0.45 0.327792 0.777792 733441 509756 167094 86201 0.021684 0.021684 1869.18 1869.18 1 1 15903.9 15903.9 0 0 
2007 1 1 4 0 0 0.42 0.327792 0.747792 389640 274381 89939.9 18766 0.0146238 0.0146238 274.43 274.43 1 1 5698.01 5698.01 0 0 
2007 2 1 0 0 0 1.05 0 1.05 5.87108e+007 3.63483e+007 0 0 0.00413879 0.00413879 0 0 1 0 242992 0 0 0 
2007 2 1 1 0 0 0.58 0 0.58 1.35829e+007 1.03067e+007 0 0 0.00864887 0.00864887 0 0 1 0.036 117477 4229.17 0 0 
2007 2 1 2 0 0 0.47 0 0.47 1.98656e+006 1.58501e+006 0 0 0.0138555 0.0138555 0 0 1 0.766 27524.9 21084.1 0 0 
2007 2 1 3 0 0 0.4 0 0.4 336957 277720 0 0 0.0189296 0.0189296 0 0 1 1 6378.46 6378.46 0 0 
2007 2 1 4 0 0 0.39 0 0.39 184460 152743 0 0 0.0204515 0.0204515 0 0 1 1 3772.48 3772.48 0 0 
2008 1 1 1 0 0 0.68 0.228646 0.908646 2.05451e+007 1.3497e+007 3.08604e+006 4.07721e+006 0.00801096 0.00801096 32662.4 32662.4 1 0.036 164586 5925.11 0 0 
2008 1 1 2 0 0 0.55 0.372583 0.922583 7.60506e+006 4.96662e+006 1.85048e+006 2.01223e+006 0.0150399 0.0150399 30263.8 30263.8 1 0.766 114379 87614.4 0 0 
2008 1 1 3 0 0 0.43 0.363163 0.793163 1.24161e+006 857187 311299 459671 0.0220131 0.0220131 10118.8 10118.8 1 1 27331.6 27331.6 0 0 
2008 1 1 4 0 0 0.4 0.363163 0.763163 350759 245346 89100.4 73109 0.0258211 0.0258211 1887.76 1887.76 1 1 9056.99 9056.99 0 0 
2008 2 1 0 0 0 0.99 0 0.99 8.64547e+007 5.48789e+007 0 0 0.00413879 0.00413879 0 0 1 0 357818 0 0 0 
2008 2 1 1 0 0 0.5 0 0.5 8.28112e+006 6.51673e+006 0 0 0.00864887 0.00864887 0 0 1 0.036 71622.4 2578.41 0 0 
2008 2 1 2 0 0 0.4 0 0.4 3.02294e+006 2.49151e+006 0 0 0.0138555 0.0138555 0 0 1 0.766 41884.5 32083.5 0 0 
2008 2 1 3 0 0 0.38 0 0.38 561717 467317 0 0 0.0189296 0.0189296 0 0 1 1 10633.1 10633.1 0 0 
2008 2 1 4 0 0 0.37 0 0.37 163520 136679 0 0 0.0204515 0.0204515 0 0 1 1 3344.23 3344.23 0 0 
2009 1 1 1 0 0 0.59 0.0192097 0.60921 3.21246e+007 2.40572e+007 462130 827482 0.00633857 0.00633857 5245.06 5245.06 1 0.036 203624 7330.46 0 0 
2009 1 1 2 0 0 0.48 0.0313025 0.511303 5.02275e+006 3.93219e+006 123087 69483 0.0103908 0.0103908 721.987 721.987 1 0.766 52190.7 39978 0 0 
2009 1 1 3 0 0 0.37 0.0305111 0.400511 2.02634e+006 1.66971e+006 50944.7 8273 0.0198624 0.0198624 164.321 164.321 1 1 40247.8 40247.8 0 0 
2009 1 1 4 0 0 0.34 0.0305111 0.370511 497085 415391 12674 0 0.0121131 0.0121131 0 0 1 1 6021.22 6021.22 0 0 
2009 2 1 0 0 0 0.99 0.000102007 0.990102 1.39646e+008 8.86392e+007 9041.79 948 0.00420176 0.00420176 3.98327 3.98327 1 0 586757 0 0 0 
2009 2 1 1 0 0 0.47 0.000160899 0.470161 1.74687e+007 1.39367e+007 2242.4 11540 0.00878046 0.00878046 101.327 101.327 1 0.036 153383 5521.8 0 0 
2009 2 1 2 0 0 0.39 0.000262188 0.390262 3.01222e+006 2.49399e+006 653.893 1727 0.0140663 0.0140663 24.2926 24.2926 1 0.766 42370.8 32456.1 0 0 
2009 2 1 3 0 0 0.34 0.000255559 0.340256 1.3576e+006 1.15075e+006 294.083 0 0.0192176 0.0192176 0 0 1 1 26089.9 26089.9 0 0 
2009 2 1 4 0 0 0.33 0.000255559 0.330256 343178 292266 74.6911 0 0.0207627 0.0207627 0 0 1 1 7125.31 7125.31 0 0 
2010 1 1 1 0 0 0.59 0.247006 0.837006 5.18837e+007 3.51465e+007 8.68139e+006 3.0417e+006 0.00749419 0.00749419 22795.1 22795.1 1 0.036 388826 13997.8 0 0 
2010 1 1 2 0 0 0.45 0.402501 0.852501 1.09162e+007 7.34559e+006 2.95661e+006 740237 0.0177462 0.0177462 13136.4 13136.4 1 0.766 193721 148391 0 0 
2010 1 1 3 0 0 0.36 0.392324 0.752324 2.03891e+006 1.43293e+006 562175 1.0063e+006 0.0206915 0.0206915 20821.9 20821.9 1 1 42187.9 42187.9 0 0 
2010 1 1 4 0 0 0.33 0.392324 0.722324 1.21271e+006 863588 338806 172793 0.0242997 0.0242997 4198.82 4198.82 1 1 29468.5 29468.5 0 0 
2010 2 1 0 0 0 1.11 0.000510033 1.11051 1.36155e+007 8.22207e+006 4193.53 0 0.00249189 0.00249189 0 0 1 0 33928.4 0 0 0 
2010 2 1 1 0 0 0.5 0.000804494 0.500804 2.24659e+007 1.76728e+007 14217.7 50881 0.00520732 0.00520732 264.954 264.954 1 0.036 116987 4211.54 0 0 
2010 2 1 2 0 0 0.42 0.00131094 0.421311 4.6541e+006 3.79802e+006 4978.97 1379 0.00834216 0.00834216 11.5038 11.5038 1 0.766 38825.3 29740.2 0 0 
2010 2 1 3 0 0 0.37 0.00127779 0.371278 960875 802669 1025.65 1073 0.0113972 0.0113972 12.2292 12.2292 1 1 10951.3 10951.3 0 0 
2010 2 1 4 0 0 0.35 0.00127779 0.351278 588919 496600 634.553 0 0.0123135 0.0123135 0 0 1 1 7251.64 7251.64 0 0 
2011 1 1 1 0 0 0.66 0.157077 0.817077 4.48483e+006 3.06432e+006 481335 1.30441e+006 0.00766062 0.00766062 9992.56 9992.56 1 0.036 34356.6 1236.84 0 0 
2011 1 1 2 0 0 0.51 0.255961 0.765961 1.36153e+007 9.51188e+006 2.43467e+006 5.22385e+006 0.0125585 0.0125585 65603.6 65603.6 1 0.766 170988 130976 0 0 
2011 1 1 3 0 0 0.39 0.249489 0.639489 3.05396e+006 2.25619e+006 562894 825133 0.0193708 0.0193708 15983.5 15983.5 1 1 59157.7 59157.7 0 0 
2011 1 1 4 0 0 0.35 0.249489 0.599489 1.07734e+006 810322 202166 24091 0.0362258 0.0362258 872.717 872.717 1 1 39027.4 39027.4 0 0 
2011 2 1 0 0 0 1.21 0 1.21 1.04558e+007 6.06439e+006 0 0 0.00413879 0.00413879 0 0 1 0 43274.4 0 0 0 
2011 2 1 1 0 0 0.55 0 0.55 1.98104e+006 1.52378e+006 0 0 0.00864887 0.00864887 0 0 1 0.036 17133.8 616.816 0 0 
2011 2 1 2 0 0 0.46 0 0.46 6.32958e+006 5.07352e+006 0 0 0.0138555 0.0138555 0 0 1 0.766 87699.8 67178 0 0 
2011 2 1 3 0 0 0.42 0 0.42 1.61115e+006 1.31559e+006 0 0 0.0189296 0.0189296 0 0 1 1 30498.5 30498.5 0 0 
2011 2 1 4 0 0 0.39 0 0.39 591557 489844 0 0 0.0204515 0.0204515 0 0 1 1 12098.2 12098.2 0 0 
2012 1 1 1 0 0 0.7 0.0953684 0.795368 3.11789e+006 2.15049e+006 205089 31625 0.00988508 0.00988508 312.615 312.615 1 0.036 30820.6 1109.54 0 0 
2012 1 1 2 0 0 0.55 0.155405 0.705405 1.14296e+006 820016 127434 186321 0.0151755 0.0151755 2827.51 2827.51 1 0.766 17345 13286.3 0 0 
2012 1 1 3 0 0 0.42 0.151475 0.571475 3.99576e+006 3.04368e+006 461043 1.15743e+006 0.0227181 0.0227181 26294.6 26294.6 1 1 90776 90776 0 0 
2012 1 1 4 0 0 0.39 0.151475 0.541475 1.45912e+006 1.12669e+006 170666 356271 0.0299798 0.0299798 10680.9 10680.9 1 1 43744.1 43744.1 0 0 
2012 2 1 0 0 0 1.19 0 1.19 7.41251e+007 4.33401e+007 0 0 0.00413879 0.00413879 0 0 1 0 306788 0 0 0 
2012 2 1 1 0 0 0.54 0 0.54 1.40746e+006 1.08753e+006 0 0 0.00864887 0.00864887 0 0 1 0.036 12173 438.227 0 0 
2012 2 1 2 0 0 0.45 0 0.45 564519 454591 0 0 0.0138555 0.0138555 0 0 1 0.766 7821.71 5991.43 0 0 
2012 2 1 3 0 0 0.44 0 0.44 2.25637e+006 1.82542e+006 0 0 0.0189296 0.0189296 0 0 1 1 42712.3 42712.3 0 0 
2012 2 1 4 0 0 0.42 0 0.42 849046 693293 0 0 0.0204515 0.0204515 0 0 1 1 17364.3 17364.3 0 0 
2013 1 1 1 0 0 0.7 0.0464092 0.746409 2.25504e+007 1.58895e+007 737418 648273 0.00913013 0.00913013 5918.82 5918.82 1 0.036 205889 7411.99 0 0 
2013 1 1 2 0 0 0.55 0.0756247 0.625625 820197 609713 46109.3 211090 0.0116001 0.0116001 2448.66 2448.66 1 0.766 9514.33 7287.98 0 0 
2013 1 1 3 0 0 0.42 0.0737127 0.493713 359953 284079 20940.2 55294 0.0143072 0.0143072 791.1 791.1 1 1 5149.91 5149.91 0 0 
2013 1 1 4 0 0 0.39 0.0737127 0.463713 2.01105e+006 1.60921e+006 118619 42412 0.0161708 0.0161708 685.837 685.837 1 1 32520.3 32520.3 0 0 
2013 2 1 0 0 0 1.19 0 1.19 1.9357e+008 1.13178e+008 0 0 0.00413879 0.00413879 0 0 1 0 801147 0 0 0 
2013 2 1 1 0 0 0.54 0 0.54 1.06904e+007 8.26034e+006 0 0 0.00864887 0.00864887 0 0 1 0.036 92459.8 3328.55 0 0 
2013 2 1 2 0 0 0.45 0 0.45 438746 353309 0 0 0.0138555 0.0138555 0 0 1 0.766 6079.05 4656.56 0 0 
2013 2 1 3 0 0 0.44 0 0.44 219700 177739 0 0 0.0189296 0.0189296 0 0 1 1 4158.83 4158.83 0 0 
2013 2 1 4 0 0 0.42 0 0.42 1.26484e+006 1.03281e+006 0 0 0.0204515 0.0204515 0 0 1 1 25867.9 25867.9 0 0 
2014 1 1 1 0 0 0.7 0.185807 0.885807 5.88883e+007 3.90648e+007 7.2585e+006 5.38352e+006 0.00855421 0.00855421 46051.8 46051.8 1 0.036 503743 18134.7 0 0 
2014 1 1 2 0 0 0.55 0.302776 0.852776 6.22981e+006 4.19158e+006 1.26911e+006 2.37271e+006 0.0126686 0.0126686 30059 30059 1 0.766 78923.1 60455.1 0 0 
2014 1 1 3 0 0 0.42 0.295121 0.715121 279757 199852 58980.5 642831 0.0138844 0.0138844 8925.34 8925.34 1 1 3884.26 3884.26 0 0 
2014 1 1 4 0 0 0.39 0.295121 0.685121 972552 704047 207779 319330 0.0182893 0.0182893 5840.33 5840.33 1 1 17787.3 17787.3 0 0 
2014 2 1 0 0 0 1.19 0.00015301 1.19015 2.14803e+008 1.25585e+008 19215.8 0 0.00413879 0.00413879 0 0 1 0 889024 0 0 0 
2014 2 1 1 0 0 0.54 0.000241348 0.540241 2.42844e+007 1.87622e+007 4528.23 0 0.00864887 0.00864887 0 0 1 0.036 210033 7561.18 0 0 
2014 2 1 2 0 0 0.45 0.000393282 0.450393 2.65533e+006 2.13787e+006 840.786 0 0.0138555 0.0138555 0 0 1 0.766 36791 28181.9 0 0 
2014 2 1 3 0 0 0.44 0.000383338 0.440383 136838 110684 42.4292 0 0.0189296 0.0189296 0 0 1 1 2590.29 2590.29 0 0 
2014 2 1 4 0 0 0.42 0.000383338 0.420383 490195 400200 153.412 0 0.0204515 0.0204515 0 0 1 1 10025.2 10025.2 0 0 
2015 1 1 1 0 0 0.7 0.244966 0.944966 6.53376e+007 4.22675e+007 1.03541e+007 6.45091e+006 0.00829766 0.00829766 53527.5 53527.5 1 0.036 542150 19517.4 0 0 
2015 1 1 2 0 0 0.55 0.399177 0.949177 1.41483e+007 9.1364e+006 3.64704e+006 2.33974e+006 0.0126757 0.0126757 29657.9 29657.9 1 0.766 179340 137374 0 0 
2015 1 1 3 0 0 0.42 0.389084 0.809084 1.69245e+006 1.1604e+006 451492 956214 0.0193172 0.0193172 18471.4 18471.4 1 1 32693.4 32693.4 0 0 
2015 1 1 4 0 0 0.39 0.389084 0.779084 410053 284834 110824 98917 0.0300685 0.0300685 2974.28 2974.28 1 1 12329.7 12329.7 0 0 
2015 2 1 0 0 0 1.19 0 1.19 6.60201e+006 3.86012e+006 0 0 0.00561356 0.00561356 0 0 1 0 37060.8 0 0 0 
2015 2 1 1 0 0 0.54 0 0.54 2.53963e+007 1.96234e+007 0 0 0.0117307 0.0117307 0 0 1 0.036 297916 10725 0 0 
2015 2 1 2 0 0 0.45 0 0.45 5.47623e+006 4.40985e+006 0 0 0.0187927 0.0187927 0 0 1 0.766 102913 78831.3 0 0 
2015 2 1 3 0 0 0.44 0 0.44 753589 609660 0 0 0.0256748 0.0256748 0 0 1 1 19348.2 19348.2 0 0 
2015 2 1 4 0 0 0.42 0 0.42 188143 153629 0 0 0.027739 0.027739 0 0 1 1 5218.89 5218.89 0 0 
2016 1 1 1 0 0 0.7 0.0953684 0.795368 2.00847e+006 1.38529e+006 132113 155772 0.00397148 0.00397148 618.645 618.645 1 0.036 7976.6 287.158 0 0 
2016 1 1 2 0 0 0.55 0.155405 0.705405 1.47996e+007 1.0618e+007 1.65008e+006 2.00568e+006 0.012411 0.012411 24892.6 24892.6 1 0.766 183679 140698 0 0 
2016 1 1 3 0 0 0.42 0.151475 0.571475 3.4918e+006 2.6598e+006 402894 415113 0.0198024 0.0198024 8220.24 8220.24 1 1 69146.1 69146.1 0 0 
2016 1 1 4 0 0 0.39 0.151475 0.541475 608958 470219 71226.6 284232 0.0320645 0.0320645 9113.75 9113.75 1 1 19525.9 19525.9 0 0 
2016 2 1 0 0 0 1.19 0 1.19 5.85786e+008 3.42502e+008 0 0 0.00149767 0.00149767 0 0 1 0 877311 0 0 0 
2016 2 1 1 0 0 0.54 0 0.54 906654 700561 0 0 0.00312969 0.00312969 0 0 1 0.036 2837.54 102.152 0 0 
2016 2 1 2 0 0 0.45 0 0.45 7.30966e+006 5.88626e+006 0 0 0.00501377 0.00501377 0 0 1 0.766 36649 28073.1 0 0 
2016 2 1 3 0 0 0.44 0 0.44 1.97179e+006 1.59519e+006 0 0 0.00684988 0.00684988 0 0 1 1 13506.5 13506.5 0 0 
2016 2 1 4 0 0 0.42 0 0.42 354346 289343 0 0 0.0074006 0.0074006 0 0 1 1 2622.37 2622.37 0 0 
2017 1 1 1 0 0 0.7 0.211935 0.911935 1.78209e+008 1.1691e+008 2.47773e+007 1.17342e+007 0.00767755 0.00767755 90090 90090 1 0.036 1.36821e+006 49255.4 0 0 
2017 1 1 2 0 0 0.55 0.345353 0.895353 528351 349068 120552 670880 0.0119162 0.0119162 7994.35 7994.35 1 0.766 6295.95 4822.7 0 0 
2017 1 1 3 0 0 0.42 0.336621 0.756621 4.66085e+006 3.26947e+006 1.10057e+006 434280 0.017676 0.017676 7676.34 7676.34 1 1 82385.2 82385.2 0 0 
2017 1 1 4 0 0 0.39 0.336621 0.726621 1.50273e+006 1.06809e+006 359542 408731 0.024176 0.024176 9881.46 9881.46 1 1 36329.8 36329.8 0 0 
2017 2 1 0 0 0 1.19 0 1.19 2.58191e+007 1.50961e+007 0 0 0.00425251 0.00425251 0 0 1 0 109796 0 0 0 
2017 2 1 1 0 0 0.54 0 0.54 7.15946e+007 5.53203e+007 0 0 0.00878951 0.00878951 0 0 1 0.036 629281 22654.1 0 0 
2017 2 1 2 0 0 0.45 0 0.45 215812 173787 0 0 0.0141419 0.0141419 0 0 1 0.766 3052 2337.83 0 0 
2017 2 1 3 0 0 0.44 0 0.44 2.1871e+006 1.76938e+006 0 0 0.0188923 0.0188923 0 0 1 1 41319.3 41319.3 0 0 
2017 2 1 4 0 0 0.42 0 0.42 726628 593332 0 0 0.0204941 0.0204941 0 0 1 1 14891.6 14891.6 0 0 
2018 1 1 1 0 0 0.7 0.226382 0.926382 7.85472e+006 5.12141e+006 1.15939e+006 413211 0.0058391 0.0058391 2412.78 2412.78 1 0.036 45864.5 1651.12 0 0 
2018 1 1 2 0 0 0.55 0.368893 0.918893 4.17216e+007 2.72897e+007 1.0067e+007 6.63055e+006 0.00985423 0.00985423 65339 65339 1 0.766 411134 314929 0 0 
2018 1 1 3 0 0 0.42 0.359567 0.779567 137608 95566.3 34362.4 39927 0.0134587 0.0134587 537.364 537.364 1 1 1852.02 1852.02 0 0 
2018 1 1 4 0 0 0.39 0.359567 0.749567 1.886e+006 1.32707e+006 477172 305220 0.0205681 0.0205681 6277.81 6277.81 1 1 38791.5 38791.5 0 0 
2018 2 1 0 0 0 1.19 0 1.19 1.93199e+008 1.12961e+008 0 11.4641 0.00390496 0.00390496 0.0447668 0.0447668 1 0 754434 0 0 0 
2018 2 1 1 0 0 0.54 0 0.54 3.11034e+006 2.40333e+006 0 5644.06 0.00696789 0.00696789 39.3272 39.3272 1 0.036 21672.5 780.211 0 0 
2018 2 1 2 0 0 0.45 0 0.45 1.66453e+007 1.34039e+007 0 47518.9 0.0106838 0.0106838 507.683 507.683 1 0.766 177835 136222 0 0 
2018 2 1 3 0 0 0.44 0 0.44 63107.6 51054.6 0 782.013 0.0136171 0.0136171 10.6487 10.6487 1 1 859.343 859.343 0 0 
2018 2 1 4 0 0 0.42 0 0.42 891270 727771 0 1184.66 0.0151517 0.0151517 17.9497 17.9497 1 1 13504.3 13504.3 0 0 
2019 1 1 1 0 0 0.7 0.341353 1.04135 5.87752e+007 3.65188e+007 1.24658e+007 7.1054e+006 0.00848298 0.00848298 60275 60275 1 0.036 498589 17949.2 0 0 
2019 1 1 2 0 0 0.55 0.55624 1.10624 1.81255e+006 1.09647e+006 609899 715680 0.0116384 0.0116384 8329.35 8329.35 1 0.766 21095.1 16158.8 0 0 
2019 1 1 3 0 0 0.42 0.542177 0.962177 1.06135e+007 6.81631e+006 3.69565e+006 4.2412e+006 0.0152425 0.0152425 64646.5 64646.5 1 1 161776 161776 0 0 
2019 1 1 4 0 0 0.39 0.542177 0.932177 626250 407324 220842 130780 0.0202075 0.0202075 2642.74 2642.74 1 1 12654.9 12654.9 0 0 
2019 2 1 0 0 0 1.19 0 1.19 3.29762e+008 1.92808e+008 0 36.3662 0.00691524 0.00691524 0.251481 0.251481 1 0 2.28038e+006 0 0 0 
2019 2 1 1 0 0 0.54 0 0.54 2.07463e+007 1.60304e+007 0 260.254 0.00956996 0.00956996 2.49062 2.49062 1 0.036 198541 7147.48 0 0 
2019 2 1 2 0 0 0.45 0 0.45 599591 482833 0 13.5433 0.0147625 0.0147625 0.199934 0.199934 1 0.766 8851.46 6780.22 0 0 
2019 2 1 3 0 0 0.44 0 0.44 4.05499e+006 3.28052e+006 0 115.916 0.0165748 0.0165748 1.92129 1.92129 1 1 67210.5 67210.5 0 0 
2019 2 1 4 0 0 0.42 0 0.42 246552 201323 0 7.5204 0.0192233 0.0192233 0.144567 0.144567 1 1 4739.54 4739.54 0 0 
2020 1 1 1 0 0  -1 -1 -1 1.00321e+008  -1  -1  -1 0.00881893  -1 -1 -1 -1 0.036 884720 31849.9 0 0 
2020 1 1 2 0 0  -1 -1 -1 1.20899e+007  -1  -1  -1 0.0146279  -1 -1 -1 -1 0.766 176849 135467 0 0 
2020 1 1 3 0 0  -1 -1 -1 382316  -1  -1  -1 0.0172017  -1 -1 -1 -1 1 6576.48 6576.48 0 0 
2020 1 1 4 0 0  -1 -1 -1 2.77356e+006  -1  -1  -1 0.0192757  -1 -1 -1 -1 1 53462.4 53462.4 0 0 
