Year Quarter Species.n Age M1 M2 M F Z N N.bar C.hat C.obs west weca Yield CWsum prop.landed propmat BIO SSB Lsea ration
1986 1 1 1 0 0 0.76 0.283173 1.04317 8.72073e+007 5.41436e+007 1.5332e+007 1.89386e+007 0.00612192 0.00612192 115940 115940 1 0.036 533876 19219.5 0 0 
1986 1 1 2 0 0 0.6 0.309333 0.909333 6.00778e+006 3.94562e+006 1.22051e+006 2.06275e+006 0.0097272 0.0097272 20064.7 20064.7 1 0.766 58438.8 44764.2 0 0 
1986 1 1 3 0 0 0.42 0.244838 0.664838 256694 187507 45908.7 160842 0.0124354 0.0124354 2000.13 2000.13 1 1 3192.08 3192.08 0 0 
1986 1 1 4 0 0 0.36 0.244838 0.604838 722169 541876 132672 0 0.0159119 0.0159119 0 0 1 1 11491.1 11491.1 0 0 
1986 2 1 0 0 0 1.34 0.0755521 1.41555 5.10594e+008 2.73127e+008 2.06354e+007 7.96453e+006 0.00401849 0.00401849 32005.4 32005.4 1 0 2.05182e+006 0 0 0 
1986 2 1 1 0 0 0.6 0.134566 0.734566 3.07262e+007 2.17631e+007 2.92856e+006 7.98688e+006 0.0126501 0.0126501 101035 101035 1 0.036 388690 13992.8 0 0 
1986 2 1 2 0 0 0.47 0.146997 0.616997 2.41989e+006 1.80586e+006 265455 533151 0.0210498 0.0210498 11222.7 11222.7 1 0.766 50938.3 39018.7 0 0 
1986 2 1 3 0 0 0.37 0.116349 0.486349 132032 104554 12164.7 2472 0.018856 0.018856 46.612 46.612 1 1 2489.59 2489.59 0 0 
1986 2 1 4 0 0 0.35 0.116349 0.466349 394422 315227 36676.2 0 0.020372 0.020372 0 0 1 1 8035.16 8035.16 0 0 
1987 1 1 1 0 0 0.75 0.571539 1.32154 1.23968e+008 6.87854e+007 3.93135e+007 3.37598e+007 0.00642898 0.00642898 217041 217041 1 0.036 796987 28691.5 0 0 
1987 1 1 2 0 0 0.6 0.624337 1.22434 1.47398e+007 8.50008e+006 5.30692e+006 1.40202e+007 0.0116638 0.0116638 163529 163529 1 0.766 171921 131692 0 0 
1987 1 1 3 0 0 0.42 0.494165 0.914165 1.30568e+006 855751 422882 453114 0.0204766 0.0204766 9278.22 9278.22 1 1 26735.9 26735.9 0 0 
1987 1 1 4 0 0 0.36 0.494165 0.854165 328599 220958 109190 199797 0.0224777 0.0224777 4490.97 4490.97 1 1 7386.13 7386.13 0 0 
1987 2 1 0 0 0 1.43 0.00109804 1.4311 1.16379e+008 6.18818e+007 67948.6 5156 0.00690042 0.00690042 35.5786 35.5786 1 0 803063 0 0 0 
1987 2 1 1 0 0 0.57 0.00195572 0.571956 3.30653e+007 2.51812e+007 49247.4 65133 0.0127681 0.0127681 831.624 831.624 1 0.036 422180 15198.5 0 0 
1987 2 1 2 0 0 0.44 0.00213638 0.442136 4.33279e+006 3.50179e+006 7481.17 4402 0.0203888 0.0203888 89.7517 89.7517 1 0.766 88340.6 67668.9 0 0 
1987 2 1 3 0 0 0.35 0.00169095 0.351691 523384 441253 746.138 0 0.0315782 0.0315782 0 0 1 1 16527.5 16527.5 0 0 
1987 2 1 4 0 0 0.34 0.00169095 0.341691 139864 118473 200.333 0 0.0296158 0.0296158 0 0 1 1 4142.19 4142.19 0 0 
1988 1 1 1 0 0 0.71 0.680677 1.39068 2.78199e+007 1.50253e+007 1.02274e+007 6.58391e+006 0.00511373 0.00511373 33668.3 33668.3 1 0.036 142264 5121.49 0 0 
1988 1 1 2 0 0 0.57 0.743558 1.31356 1.86627e+007 1.03878e+007 7.72396e+006 1.73206e+007 0.0130874 0.0130874 226682 226682 1 0.766 244246 187093 0 0 
1988 1 1 3 0 0 0.39 0.588528 0.978528 2.78452e+006 1.77605e+006 1.04526e+006 893461 0.0230178 0.0230178 20565.5 20565.5 1 1 64093.4 64093.4 0 0 
1988 1 1 4 0 0 0.35 0.588528 0.938528 467582 303308 178505 19296 0.0361685 0.0361685 697.908 697.908 1 1 16911.8 16911.8 0 0 
1988 2 1 0 0 0 1.54 0.0510765 1.59108 3.60079e+008 1.80211e+008 9.20453e+006 8.76886e+006 0.00408872 0.00408872 35853.4 35853.4 1 0 1.47226e+006 0 0 0 
1988 2 1 1 0 0 0.58 0.0909723 0.670972 6.92457e+006 5.0444e+006 458901 852565 0.00642828 0.00642828 5480.52 5480.52 1 0.036 44513 1602.47 0 0 
1988 2 1 2 0 0 0.43 0.0993763 0.529376 5.01769e+006 3.89593e+006 387163 233220 0.0160827 0.0160827 3750.81 3750.81 1 0.766 80698.2 61814.8 0 0 
1988 2 1 3 0 0 0.35 0.0786566 0.428657 1.0466e+006 851175 66950.6 143977 0.0224875 0.0224875 3237.68 3237.68 1 1 23535.4 23535.4 0 0 
1988 2 1 4 0 0 0.34 0.0786566 0.418657 182920 149457 11755.8 13414 0.0314608 0.0314608 422.015 422.015 1 1 5754.8 5754.8 0 0 
1989 1 1 1 0 0 0.68 0.856066 1.53607 7.33504e+007 3.74746e+007 3.20808e+007 4.70045e+007 0.00613012 0.00613012 288143 288143 1 0.036 449647 16187.3 0 0 
1989 1 1 2 0 0 0.55 0.935149 1.48515 3.53992e+006 1.84375e+006 1.72418e+006 1.8442e+006 0.0104668 0.0104668 19303 19303 1 0.766 37051.7 28381.6 0 0 
1989 1 1 3 0 0 0.39 0.740173 1.13017 2.95528e+006 1.77034e+006 1.31036e+006 2.80604e+006 0.0143234 0.0143234 40192.2 40192.2 1 1 42329.8 42329.8 0 0 
1989 1 1 4 0 0 0.36 0.740173 1.10017 802086 486415 360032 4091 0.0187797 0.0187797 76.8276 76.8276 1 1 15062.9 15062.9 0 0 
1989 2 1 0 0 0 1.33 0.00325869 1.33326 1.06681e+008 5.8922e+007 192009 159140 0.00478346 0.00478346 761.24 761.24 1 0 510305 0 0 0 
1989 2 1 1 0 0 0.49 0.00580406 0.495804 1.57869e+007 1.24473e+007 72244.7 190120 0.00930316 0.00930316 1768.72 1768.72 1 0.036 146868 5287.26 0 0 
1989 2 1 2 0 0 0.36 0.00634023 0.36634 801680 671239 4255.81 12901 0.0127297 0.0127297 164.226 164.226 1 0.766 10205.2 7817.17 0 0 
1989 2 1 3 0 0 0.33 0.00501832 0.335018 954489 811057 4070.14 0 0.0140224 0.0140224 0 0 1 1 13384.2 13384.2 0 0 
1989 2 1 4 0 0 0.32 0.00501832 0.325018 266945 227906 1143.7 0 0.0175215 0.0175215 0 0 1 1 4677.28 4677.28 0 0 
1990 1 1 1 0 0 0.63 0.421882 1.05188 2.8123e+007 1.73976e+007 7.33972e+006 9.3022e+006 0.00745268 0.00745268 69326.3 69326.3 1 0.036 209592 7545.3 0 0 
1990 1 1 2 0 0 0.49 0.460855 0.950855 9.61551e+006 6.20492e+006 2.85957e+006 2.79071e+006 0.00983297 0.00983297 27441 27441 1 0.766 94549.1 72424.6 0 0 
1990 1 1 3 0 0 0.34 0.364768 0.704768 555778 398854 145489 412858 0.015173 0.015173 6264.27 6264.27 1 1 8432.8 8432.8 0 0 
1990 1 1 4 0 0 0.31 0.364768 0.674768 875641 636811 232288 124997 0.0201785 0.0201785 2522.25 2522.25 1 1 17669.1 17669.1 0 0 
1990 2 1 0 0 0 1.28 0.0497305 1.32973 2.04871e+008 1.13311e+008 5.63501e+006 9.79264e+006 0.00438372 0.00438372 42928.2 42928.2 1 0 898099 0 0 0 
1990 2 1 1 0 0 0.48 0.088575 0.568575 9.82279e+006 7.49211e+006 663614 1.37715e+006 0.00768936 0.00768936 10589.4 10589.4 1 0.036 75530.9 2719.11 0 0 
1990 2 1 2 0 0 0.35 0.0967575 0.446757 3.71553e+006 2.9965e+006 289934 285578 0.011205 0.011205 3199.89 3199.89 1 0.766 41632.4 31890.5 0 0 
1990 2 1 3 0 0 0.3 0.0765839 0.376584 274678 228883 17528.7 42584 0.0165489 0.0165489 704.718 704.718 1 1 4545.62 4545.62 0 0 
1990 2 1 4 0 0 0.29 0.0765839 0.366584 445942 373340 28591.8 12527 0.0197684 0.0197684 247.638 247.638 1 1 8815.53 8815.53 0 0 
1991 1 1 1 0 0 0.63 0.5361 1.1661 5.41984e+007 3.19967e+007 1.71534e+007 2.40087e+007 0.00732518 0.00732518 175868 175868 1 0.036 397013 14292.5 0 0 
1991 1 1 2 0 0 0.49 0.585624 1.07562 5.56296e+006 3.4078e+006 1.99569e+006 1.39065e+006 0.0114452 0.0114452 15916.2 15916.2 1 0.766 63669.1 48770.5 0 0 
1991 1 1 3 0 0 0.33 0.463523 0.793523 2.37682e+006 1.64067e+006 760488 526003 0.0363807 0.0363807 19136.3 19136.3 1 1 86470.4 86470.4 0 0 
1991 1 1 4 0 0 0.3 0.463523 0.763523 497566 347978 161296 184169 0.0263288 0.0263288 4848.95 4848.95 1 1 13100.3 13100.3 0 0 
1991 2 1 0 0 0 1.22 0.0394231 1.25942 1.2358e+008 7.02751e+007 2.77046e+006 1.44423e+007 0.00367053 0.00367053 53011.1 53011.1 1 0 453606 0 0 0 
1991 2 1 1 0 0 0.47 0.0702165 0.540216 1.68871e+007 1.30472e+007 916130 942074 0.00567683 0.00567683 5347.99 5347.99 1 0.036 95865.4 3451.16 0 0 
1991 2 1 2 0 0 0.35 0.0767031 0.426703 1.89744e+006 1.54454e+006 118471 30405 0.0137562 0.0137562 418.257 418.257 1 0.766 26101.5 19993.8 0 0 
1991 2 1 3 0 0 0.29 0.0607107 0.350711 1.07492e+006 906654 55043.6 8715 0.0275023 0.0275023 239.683 239.683 1 1 29562.7 29562.7 0 0 
1991 2 1 4 0 0 0.28 0.0607107 0.340711 231876 196504 11929.9 3176 0.0163265 0.0163265 51.8531 51.8531 1 1 3785.74 3785.74 0 0 
1992 1 1 1 0 0 0.65 0.258456 0.908456 3.50743e+007 2.30437e+007 5.9558e+006 7.10008e+006 0.0061062 0.0061062 43354.5 43354.5 1 0.036 214171 7710.14 0 0 
1992 1 1 2 0 0 0.49 0.282332 0.772332 9.83882e+006 6.85447e+006 1.93524e+006 2.86215e+006 0.0103106 0.0103106 29510.5 29510.5 1 0.766 101444 77706.2 0 0 
1992 1 1 3 0 0 0.33 0.223467 0.553467 1.23838e+006 951039 212526 342206 0.0146831 0.0146831 5024.65 5024.65 1 1 18183.2 18183.2 0 0 
1992 1 1 4 0 0 0.3 0.223467 0.523467 921867 717705 160383 214730 0.0230286 0.0230286 4944.94 4944.94 1 1 21229.4 21229.4 0 0 
1992 2 1 0 0 0 1.19 0.00329412 1.19329 2.63839e+008 1.54059e+008 507489 525419 0.0046382 0.0046382 2437 2437 1 0 1.22374e+006 0 0 0 
1992 2 1 1 0 0 0.52 0.00586715 0.525867 1.41401e+007 1.09965e+007 64517.9 87265 0.0134376 0.0134376 1172.63 1172.63 1 0.036 190008 6840.29 0 0 
1992 2 1 2 0 0 0.39 0.00640915 0.396409 4.54489e+006 3.75218e+006 24048.3 8410 0.0267209 0.0267209 224.723 224.723 1 0.766 121443 93025.7 0 0 
1992 2 1 3 0 0 0.29 0.00507286 0.295073 712009 616575 3127.8 3362 0.028742 0.028742 96.6307 96.6307 1 1 20464.6 20464.6 0 0 
1992 2 1 4 0 0 0.29 0.00507286 0.295073 546172 472966 2399.29 728 0.0309314 0.0309314 22.5181 22.5181 1 1 16893.9 16893.9 0 0 
1993 1 1 1 0 0 0.67 0.445696 1.1157 8.00016e+007 4.82086e+007 2.14864e+007 1.51638e+007 0.00577626 0.00577626 87590.2 87590.2 1 0.036 462110 16635.9 0 0 
1993 1 1 2 0 0 0.51 0.486869 0.996869 8.35738e+006 5.28979e+006 2.57544e+006 558458 0.0163847 0.0163847 9150.15 9150.15 1 0.766 136933 104891 0 0 
1993 1 1 3 0 0 0.35 0.385359 0.735359 3.05749e+006 2.16484e+006 834239 211339 0.0178928 0.0178928 3781.45 3781.45 1 1 54707.1 54707.1 0 0 
1993 1 1 4 0 0 0.33 0.385359 0.715359 936688 669079 257835 1.33609e+006 0.0232962 0.0232962 31125.8 31125.8 1 1 21821.3 21821.3 0 0 
1993 2 1 0 0 0 1.14 0.0415838 1.18158 1.92969e+008 1.13211e+008 4.70772e+006 9.66291e+006 0.00347367 0.00347367 33565.8 33565.8 1 0 670313 0 0 0 
1993 2 1 1 0 0 0.52 0.0740648 0.594065 2.62155e+007 1.97663e+007 1.46399e+006 850927 0.00733712 0.00733712 6243.35 6243.35 1 0.036 192346 6924.46 0 0 
1993 2 1 2 0 0 0.4 0.0809069 0.480907 3.08415e+006 2.44841e+006 198094 154686 0.0167194 0.0167194 2586.26 2586.26 1 0.766 51565.2 39498.9 0 0 
1993 2 1 3 0 0 0.32 0.0640381 0.384038 1.46556e+006 1.21696e+006 77931.6 70612 0.0208143 0.0208143 1469.74 1469.74 1 1 30504.6 30504.6 0 0 
1993 2 1 4 0 0 0.31 0.0640381 0.374038 458056 382143 24471.7 12195 0.0223966 0.0223966 273.126 273.126 1 1 10258.9 10258.9 0 0 
1994 1 1 1 0 0 0.69 0.497726 1.18773 5.92015e+007 3.46462e+007 1.72443e+007 2.37416e+007 0.00607808 0.00607808 144303 144303 1 0.036 359831 12953.9 0 0 
1994 1 1 2 0 0 0.53 0.543706 1.07371 1.4473e+007 8.87301e+006 4.82431e+006 4.81775e+006 0.0145701 0.0145701 70195.2 70195.2 1 0.766 210873 161529 0 0 
1994 1 1 3 0 0 0.36 0.430345 0.790345 1.90669e+006 1.31797e+006 567180 938476 0.020636 0.020636 19366.3 19366.3 1 1 39346.4 39346.4 0 0 
1994 1 1 4 0 0 0.34 0.430345 0.770345 1.31332e+006 915752 394089 386452 0.0211218 0.0211218 8162.58 8162.58 1 1 27739.7 27739.7 0 0 
1994 2 1 0 0 0 1.11 0.0156913 1.12569 1.82713e+008 1.09653e+008 1.72061e+006 0 0.00355205 0.00355205 0 0 1 0 649007 0 0 0 
1994 2 1 1 0 0 0.58 0.0279478 0.607948 1.80514e+007 1.35258e+007 378017 614909 0.0129762 0.0129762 7979.17 7979.17 1 0.036 234238 8432.56 0 0 
1994 2 1 2 0 0 0.46 0.0305296 0.49053 4.946e+006 3.90915e+006 119345 684228 0.0208401 0.0208401 14259.4 14259.4 1 0.766 103075 78955.5 0 0 
1994 2 1 3 0 0 0.34 0.0241643 0.364164 865043 725033 17519.9 77945 0.0351862 0.0351862 2742.59 2742.59 1 1 30437.6 30437.6 0 0 
1994 2 1 4 0 0 0.32 0.0241643 0.344164 607874 514305 12427.8 10064 0.0271307 0.0271307 273.044 273.044 1 1 16492.1 16492.1 0 0 
1995 1 1 1 0 0 0.71 0.405066 1.11507 5.92773e+007 3.57294e+007 1.44728e+007 2.50371e+007 0.00556302 0.00556302 139282 139282 1 0.036 329761 11871.4 0 0 
1995 1 1 2 0 0 0.56 0.442485 1.00249 9.82837e+006 6.20627e+006 2.74618e+006 1.89381e+006 0.00974284 0.00974284 18451.1 18451.1 1 0.766 95756.3 73349.3 0 0 
1995 1 1 3 0 0 0.41 0.350228 0.760228 3.02845e+006 2.12103e+006 742845 238187 0.0138145 0.0138145 3290.44 3290.44 1 1 41836.5 41836.5 0 0 
1995 1 1 4 0 0 0.38 0.350228 0.730228 1.03188e+006 732267 256461 155747 0.0164799 0.0164799 2566.69 2566.69 1 1 17005.3 17005.3 0 0 
1995 2 1 0 0 0 1.01 0.00711954 1.01712 1.47135e+008 9.2345e+007 657454 1.02014e+006 0.00471425 0.00471425 4809.2 4809.2 1 0 693632 0 0 0 
1995 2 1 1 0 0 0.55 0.0126806 0.562681 1.94367e+007 1.48645e+007 188491 483714 0.00819298 0.00819298 3963.06 3963.06 1 0.036 159244 5732.79 0 0 
1995 2 1 2 0 0 0.45 0.013852 0.463852 3.60668e+006 2.88583e+006 39974.6 78009 0.0102165 0.0102165 796.978 796.978 1 0.766 36847.6 28225.3 0 0 
1995 2 1 3 0 0 0.35 0.0109639 0.360964 1.41598e+006 1.18858e+006 13031.6 12661 0.0136509 0.0136509 172.834 172.834 1 1 19329.4 19329.4 0 0 
1995 2 1 4 0 0 0.34 0.0109639 0.350964 497159 419287 4597.03 17071 0.0161155 0.0161155 275.107 275.107 1 1 8011.95 8011.95 0 0 
1996 1 1 1 0 0 0.66 0.355067 1.01507 5.32093e+007 3.34238e+007 1.18677e+007 4.3192e+006 0.00879351 0.00879351 37980.9 37980.9 1 0.036 467896 16844.3 0 0 
1996 1 1 2 0 0 0.53 0.387868 0.917868 1.10727e+007 7.24569e+006 2.81037e+006 3.39364e+006 0.0133054 0.0133054 45153.6 45153.6 1 0.766 147326 112852 0 0 
1996 1 1 3 0 0 0.39 0.306999 0.696999 2.26809e+006 1.63329e+006 501418 464830 0.0260509 0.0260509 12109.3 12109.3 1 1 59085.8 59085.8 0 0 
1996 1 1 4 0 0 0.36 0.306999 0.666999 1.33695e+006 975660 299526 398636 0.0384783 0.0384783 15338.8 15338.8 1 1 51443.5 51443.5 0 0 
1996 2 1 0 0 0 0.99 0.0426818 1.03268 7.77215e+008 4.84648e+008 2.06856e+007 6.26264e+006 0.00248953 0.00248953 15591 15591 1 0 1.9349e+006 0 0 0 
1996 2 1 1 0 0 0.57 0.0760206 0.646021 1.92819e+007 1.42034e+007 1.07975e+006 3.11138e+006 0.00804549 0.00804549 25032.6 25032.6 1 0.036 155132 5584.76 0 0 
1996 2 1 2 0 0 0.47 0.0830433 0.553043 4.42209e+006 3.39669e+006 282073 96913 0.0140038 0.0140038 1357.15 1357.15 1 0.766 61926 47435.3 0 0 
1996 2 1 3 0 0 0.36 0.065729 0.425729 1.12968e+006 919995 60470.4 32879 0.0157473 0.0157473 517.757 517.757 1 1 17789.5 17789.5 0 0 
1996 2 1 4 0 0 0.35 0.065729 0.415729 686184 561422 36901.7 247648 0.023997 0.023997 5942.82 5942.82 1 1 16466.4 16466.4 0 0 
1997 1 1 1 0 0 0.64 0.665215 1.30521 2.76728e+008 1.54536e+008 1.028e+008 6.68562e+007 0.00522665 0.00522665 349434 349434 1 0.036 1.44636e+006 52068.9 0 0 
1997 1 1 2 0 0 0.52 0.726667 1.24667 1.01062e+007 5.77622e+006 4.19739e+006 2.9118e+006 0.010111 0.010111 29441.3 29441.3 1 0.766 102184 78272.7 0 0 
1997 1 1 3 0 0 0.4 0.575159 0.975159 2.54357e+006 1.62467e+006 934442 606997 0.0137351 0.0137351 8337.19 8337.19 1 1 34936.3 34936.3 0 0 
1997 1 1 4 0 0 0.38 0.575159 0.955159 1.1908e+006 767033 441166 194194 0.0182619 0.0182619 3546.34 3546.34 1 1 21746.2 21746.2 0 0 
1997 2 1 0 0 0 0.9 0.0656698 0.96567 6.25943e+007 4.0141e+007 2.63605e+006 2.97527e+006 0.002919 0.002919 8684.79 8684.79 1 0 182713 0 0 0 
1997 2 1 1 0 0 0.53 0.116964 0.646964 7.50249e+007 5.52417e+007 6.46131e+006 1.03879e+007 0.00669439 0.00669439 69540.9 69540.9 1 0.036 502246 18080.8 0 0 
1997 2 1 2 0 0 0.43 0.12777 0.55777 2.90513e+006 2.2267e+006 284505 134153 0.0102162 0.0102162 1370.54 1370.54 1 0.766 29679.5 22734.5 0 0 
1997 2 1 3 0 0 0.38 0.10113 0.48113 959263 761452 77005.6 12655 0.0142418 0.0142418 180.23 180.23 1 1 13661.7 13661.7 0 0 
1997 2 1 4 0 0 0.36 0.10113 0.46113 458161 367051 37119.8 9368 0.0144352 0.0144352 135.229 135.229 1 1 6613.63 6613.63 0 0 
1998 1 1 1 0 0 0.63 0.787784 1.41778 2.38314e+007 1.2737e+007 1.0034e+007 3.95389e+006 0.00495911 0.00495911 19607.8 19607.8 1 0.036 118183 4254.57 0 0 
1998 1 1 2 0 0 0.49 0.860559 1.35056 3.92855e+007 2.15517e+007 1.85465e+007 2.81367e+007 0.0100695 0.0100695 283323 283323 1 0.766 395586 303019 0 0 
1998 1 1 3 0 0 0.38 0.681135 1.06114 1.66314e+006 1.02493e+006 698116 2.55289e+006 0.0136805 0.0136805 34924.8 34924.8 1 1 22752.6 22752.6 0 0 
1998 1 1 4 0 0 0.35 0.681135 1.03114 881808 550223 374776 290096 0.0202764 0.0202764 5882.1 5882.1 1 1 17879.9 17879.9 0 0 
1998 2 1 0 0 0 0.97 0.139557 1.10956 9.41395e+007 5.68706e+007 7.9367e+006 3.01361e+007 0.00318996 0.00318996 96132.8 96132.8 1 0 300301 0 0 0 
1998 2 1 1 0 0 0.51 0.248565 0.758565 5.77317e+006 4.04629e+006 1.00577e+006 992451 0.00703464 0.00703464 6981.53 6981.53 1 0.036 40612.1 1462.04 0 0 
1998 2 1 2 0 0 0.41 0.271527 0.681527 1.01787e+007 7.38028e+006 2.00395e+006 740255 0.0151749 0.0151749 11233.3 11233.3 1 0.766 154461 118317 0 0 
1998 2 1 3 0 0 0.36 0.214915 0.574915 575551 437731 94074.9 192391 0.0173239 0.0173239 3332.97 3332.97 1 1 9970.82 9970.82 0 0 
1998 2 1 4 0 0 0.33 0.214915 0.544915 314455 242433 52102.4 31983 0.0207258 0.0207258 662.874 662.874 1 1 6517.33 6517.33 0 0 
1999 1 1 1 0 0 0.73 0.562955 1.29295 3.10382e+007 1.74171e+007 9.80504e+006 5.18218e+006 0.00735028 0.00735028 38090.5 38090.5 1 0.036 228140 8213.04 0 0 
1999 1 1 2 0 0 0.54 0.896871 1.43687 2.70379e+006 1.43449e+006 1.28655e+006 1.55357e+006 0.0100665 0.0100665 15638.9 15638.9 1 0.766 27217.6 20848.7 0 0 
1999 1 1 3 0 0 0.36 0.887741 1.24774 5.14883e+006 2.94158e+006 2.61136e+006 1.97927e+006 0.0141363 0.0141363 27979.7 27979.7 1 1 72785.5 72785.5 0 0 
1999 1 1 4 0 0 0.33 0.887741 1.21774 506242 292711 259852 421461 0.026348 0.026348 11104.7 11104.7 1 1 13338.5 13338.5 0 0 
1999 2 1 0 0 0 1.04 0.152501 1.1925 1.20129e+008 7.01675e+007 1.07006e+007 6.4435e+006 0.00866435 0.00866435 55828.7 55828.7 1 0 1.04084e+006 0 0 0 
1999 2 1 1 0 0 0.58 0.24673 0.82673 8.51871e+006 5.79629e+006 1.43012e+006 1.83535e+006 0.0145334 0.0145334 26673.8 26673.8 1 0.036 123806 4457.01 0 0 
1999 2 1 2 0 0 0.47 0.393077 0.863077 642611 430458 169203 118026 0.0194472 0.0194472 2295.28 2295.28 1 0.766 12497 9572.71 0 0 
1999 2 1 3 0 0 0.33 0.389076 0.719076 1.4785e+006 1.05437e+006 410230 400916 0.0210585 0.0210585 8442.68 8442.68 1 1 31134.9 31134.9 0 0 
1999 2 1 4 0 0 0.3 0.389076 0.689076 149796 108250 42117.5 169073 0.030749 0.030749 5198.83 5198.83 1 1 4606.08 4606.08 0 0 
2000 1 1 1 0 0 0.8 0.710011 1.51001 3.64547e+007 1.88088e+007 1.33545e+007 1.87928e+007 0.00686652 0.00686652 129041 129041 1 0.036 250317 9011.39 0 0 
2000 1 1 2 0 0 0.61 1.13115 1.74115 3.72675e+006 1.76514e+006 1.99664e+006 3.28627e+006 0.0105228 0.0105228 34580.6 34580.6 1 0.766 39215.7 30039.2 0 0 
2000 1 1 3 0 0 0.42 1.11964 1.53964 271093 138315 154863 541129 0.0152704 0.0152704 8263.25 8263.25 1 1 4139.7 4139.7 0 0 
2000 1 1 4 0 0 0.39 1.11964 1.50964 795532 410514 459627 533035 0.0204507 0.0204507 10900.9 10900.9 1 1 16269.2 16269.2 0 0 
2000 2 1 0 0 0 1.12 0.00401724 1.12402 1.25457e+008 7.53429e+007 302671 0 0.00518988 0.00518988 0 0 1 0 651104 0 0 0 
2000 2 1 1 0 0 0.65 0.00649947 0.656499 8.05311e+006 5.90443e+006 38375.6 343747 0.0108453 0.0108453 3728.05 3728.05 1 0.036 87338.7 3144.19 0 0 
2000 2 1 2 0 0 0.55 0.0103546 0.560355 653366 500201 5179.39 3749 0.0173743 0.0173743 65.1362 65.1362 1 0.766 11351.8 8695.46 0 0 
2000 2 1 3 0 0 0.39 0.0102492 0.400249 58138.3 47912 491.06 1421 0.023737 0.023737 33.7302 33.7302 1 1 1380.03 1380.03 0 0 
2000 2 1 4 0 0 0.37 0.0102492 0.380249 175805 146242 1498.87 8735 0.0256454 0.0256454 224.013 224.013 1 1 4508.58 4508.58 0 0 
2001 1 1 1 0 0 0.82 0.296043 1.11604 4.07698e+007 2.45642e+007 7.27205e+006 5.32714e+006 0.00681582 0.00681582 36308.8 36308.8 1 0.036 277880 10003.7 0 0 
2001 1 1 2 0 0 0.66 0.47164 1.13164 4.17686e+006 2.50062e+006 1.17939e+006 991940 0.0136568 0.0136568 13546.7 13546.7 1 0.766 57042.6 43694.6 0 0 
2001 1 1 3 0 0 0.49 0.466839 0.956839 373076 240141 112107 163012 0.0178215 0.0178215 2905.11 2905.11 1 1 6648.77 6648.77 0 0 
2001 1 1 4 0 0 0.45 0.466839 0.916839 159158 104194 48642 160096 0.0232335 0.0232335 3719.59 3719.59 1 1 3697.79 3697.79 0 0 
2001 2 1 0 0 0 1.19 0.158063 1.34806 1.18117e+008 6.48614e+007 1.02522e+007 1.82627e+007 0.00555258 0.00555258 101405 101405 1 0 655856 0 0 0 
2001 2 1 1 0 0 0.78 0.255729 1.03573 1.33551e+007 8.31732e+006 2.12698e+006 3.96802e+006 0.00893764 0.00893764 35464.8 35464.8 1 0.036 119363 4297.08 0 0 
2001 2 1 2 0 0 0.67 0.407414 1.07741 1.34705e+006 824581 335946 9186 0.0159635 0.0159635 146.641 146.641 1 0.766 21503.7 16471.8 0 0 
2001 2 1 3 0 0 0.51 0.403267 0.913267 143301 93955.8 37889.3 2437 0.0158855 0.0158855 38.713 38.713 1 1 2276.4 2276.4 0 0 
2001 2 1 4 0 0 0.49 0.403267 0.893267 63628.1 42074.9 16967.4 5818 0.0254591 0.0254591 148.121 148.121 1 1 1619.91 1619.91 0 0 
2002 1 1 1 0 0 0.84 0.441519 1.28152 3.06802e+007 1.72942e+007 7.63574e+006 9.07515e+006 0.00808755 0.00808755 73395.7 73395.7 1 0.036 248127 8932.58 0 0 
2002 1 1 2 0 0 0.72 0.703406 1.42341 4.74063e+006 2.5282e+006 1.77835e+006 2.6805e+006 0.0127178 0.0127178 34090.1 34090.1 1 0.766 60290.4 46182.5 0 0 
2002 1 1 3 0 0 0.58 0.696246 1.27625 458637 259072 180378 387226 0.0146254 0.0146254 5663.34 5663.34 1 1 6707.76 6707.76 0 0 
2002 1 1 4 0 0 0.54 0.696246 1.23625 83537.8 47945.5 33381.8 135214 0.0192277 0.0192277 2599.86 2599.86 1 1 1606.24 1606.24 0 0 
2002 2 1 0 0 0 1.22 0 1.22 2.8133e+007 1.62519e+007 0 0 0.00944091 0.00944091 0 0 1 0 265601 0 0 0 
2002 2 1 1 0 0 0.8 0 0.8 8.51728e+006 5.86277e+006 0 20983 0.0197288 0.0197288 413.969 413.969 1 0.036 168036 6049.28 0 0 
2002 2 1 2 0 0 0.67 0 0.67 1.14198e+006 832268 0 2940 0.0316056 0.0316056 92.9205 92.9205 1 0.766 36093 27647.2 0 0 
2002 2 1 3 0 0 0.63 0 0.63 127998 94963.9 0 972 0.04318 0.04318 41.9709 41.9709 1 1 5526.95 5526.95 0 0 
2002 2 1 4 0 0 0.61 0 0.61 24265.5 18165.3 0 0 0.0466516 0.0466516 0 0 1 1 1132.02 1132.02 0 0 
2003 1 1 1 0 0 0.83 0.219005 1.049 8.30571e+006 5.14424e+006 1.12661e+006 939264 0.00530455 0.00530455 4982.37 4982.37 1 0.036 44058 1586.09 0 0 
2003 1 1 2 0 0 0.72 0.348907 1.06891 3.82706e+006 2.35092e+006 820252 807536 0.014609 0.014609 11797.3 11797.3 1 0.766 55909.4 42826.6 0 0 
2003 1 1 3 0 0 0.58 0.345356 0.925356 584362 381179 131642 129911 0.0202727 0.0202727 2633.65 2633.65 1 1 11846.6 11846.6 0 0 
2003 1 1 4 0 0 0.54 0.345356 0.885356 81355.3 53979.2 18642 78008 0.0268849 0.0268849 2097.24 2097.24 1 1 2187.23 2187.23 0 0 
2003 2 1 0 0 0 1.22 0.0209102 1.24091 6.25659e+007 3.58421e+007 749466 2.75463e+006 0.00433872 0.00433872 11951.6 11951.6 1 0 271456 0 0 0 
2003 2 1 1 0 0 0.77 0.0338306 0.803831 2.90938e+006 1.99931e+006 67637.8 61180 0.00544479 0.00544479 333.112 333.112 1 0.036 15840.9 570.274 0 0 
2003 2 1 2 0 0 0.64 0.0538971 0.693897 1.31415e+006 947644 51075.3 53181 0.0152904 0.0152904 813.158 813.158 1 0.766 20093.9 15391.9 0 0 
2003 2 1 3 0 0 0.62 0.0533485 0.673348 231635 168563 8992.59 1981 0.024123 0.024123 47.7876 47.7876 1 1 5587.73 5587.73 0 0 
2003 2 1 4 0 0 0.6 0.0533485 0.653348 33564.5 24643.7 1314.7 618 0.0266977 0.0266977 16.4992 16.4992 1 1 896.096 896.096 0 0 
2004 1 1 1 0 0 0.85 0.151443 1.00144 1.80891e+007 1.14276e+007 1.73063e+006 1.97572e+006 0.00727504 0.00727504 14373.4 14373.4 1 0.036 131599 4737.56 0 0 
2004 1 1 2 0 0 0.71 0.241272 0.951272 1.30227e+006 840210 202719 255504 0.00950606 0.00950606 2428.84 2428.84 1 0.766 12379.4 9482.65 0 0 
2004 1 1 3 0 0 0.56 0.238816 0.798816 656582 452183 107988 74336 0.0145012 0.0145012 1077.96 1077.96 1 1 9521.21 9521.21 0 0 
2004 1 1 4 0 0 0.51 0.238816 0.748816 135597 95443.7 22793.4 91547 0.0150529 0.0150529 1378.04 1378.04 1 1 2041.13 2041.13 0 0 
2004 2 1 0 0 0 1.21 0.0207042 1.2307 3.98794e+007 2.2939e+007 474935 1.09099e+006 0.0057863 0.0057863 6312.8 6312.8 1 0 230754 0 0 0 
2004 2 1 1 0 0 0.7 0.0334973 0.733497 6.64501e+006 4.70881e+006 157732 737017 0.00728973 0.00728973 5372.65 5372.65 1 0.036 48440.3 1743.85 0 0 
2004 2 1 2 0 0 0.57 0.0533661 0.623366 503001 374296 19974.7 15674 0.0140702 0.0140702 220.536 220.536 1 0.766 7077.3 5421.22 0 0 
2004 2 1 3 0 0 0.55 0.0528229 0.602823 295371 221831 11717.8 6082 0.0184149 0.0184149 112 112 1 1 5439.23 5439.23 0 0 
2004 2 1 4 0 0 0.53 0.0528229 0.582823 64127.5 48597.7 2567.07 667 0.0126909 0.0126909 8.46484 8.46484 1 1 813.836 813.836 0 0 
2005 1 1 1 0 0 0.84 0.0821268 0.922127 1.16483e+007 7.60857e+006 624868 1.404e+006 0.00775701 0.00775701 10890.9 10890.9 1 0.036 90355.6 3252.8 0 0 
2005 1 1 2 0 0 0.69 0.13084 0.82084 3.19111e+006 2.17683e+006 284816 145503 0.01651 0.01651 2402.26 2402.26 1 0.766 52685.4 40357 0 0 
2005 1 1 3 0 0 0.5 0.129508 0.629508 269677 200122 25917.5 20577 0.019863 0.019863 408.721 408.721 1 1 5356.6 5356.6 0 0 
2005 1 1 4 0 0 0.47 0.129508 0.599508 197450 148511 19233.5 12410 0.0225652 0.0225652 280.034 280.034 1 1 4455.48 4455.48 0 0 
2005 2 1 0 0 0 1.15 0 1.15 6.9672e+007 4.14011e+007 0 0 0.00335238 0.00335238 0 0 1 0 233567 0 0 0 
2005 2 1 1 0 0 0.65 0 0.65 4.63219e+006 3.40611e+006 0 520 0.0070055 0.0070055 3.64286 3.64286 1 0.036 32450.8 1168.23 0 0 
2005 2 1 2 0 0 0.53 0 0.53 1.40429e+006 1.09003e+006 0 479 0.0112228 0.0112228 5.37574 5.37574 1 0.766 15760.1 12072.2 0 0 
2005 2 1 3 0 0 0.47 0 0.47 143698 114652 0 0 0.0153328 0.0153328 0 0 1 1 2203.3 2203.3 0 0 
2005 2 1 4 0 0 0.45 0 0.45 108416 87304.3 0 0 0.0165655 0.0165655 0 0 1 1 1795.97 1795.97 0 0 
2006 1 1 1 0 0 0.82 0.0350969 0.855097 2.20607e+007 1.48282e+007 520425 768971 0.00749782 0.00749782 5765.6 5765.6 1 0.036 165407 5954.66 0 0 
2006 1 1 2 0 0 0.66 0.0559146 0.715915 2.41821e+006 1.72692e+006 96559.9 46719 0.0134765 0.0134765 629.61 629.61 1 0.766 32589.1 24963.3 0 0 
2006 1 1 3 0 0 0.48 0.0553454 0.535345 826570 640036 35423.1 26550 0.0171303 0.0171303 454.809 454.809 1 1 14159.4 14159.4 0 0 
2006 1 1 4 0 0 0.44 0.0553454 0.495345 158941 125344 6937.23 4038 0.0268654 0.0268654 108.482 108.482 1 1 4270.01 4270.01 0 0 
2006 2 1 0 0 0 1.12 0.000257515 1.12026 1.14988e+008 6.91621e+007 17810.3 0 0.0110363 0.0110363 0 0 1 0 1.26905e+006 0 0 0 
2006 2 1 1 0 0 0.61 0.000416633 0.610417 9.38114e+006 7.02146e+006 2925.37 2875 0.0230627 0.0230627 66.3054 66.3054 1 0.036 216355 7788.77 0 0 
2006 2 1 2 0 0 0.49 0.000663757 0.490664 1.18189e+006 934068 619.995 665 0.0369466 0.0369466 24.5695 24.5695 1 0.766 43666.8 33448.8 0 0 
2006 2 1 3 0 0 0.42 0.000657001 0.420657 483929 395034 259.538 436 0.0504769 0.0504769 22.0079 22.0079 1 1 24427.3 24427.3 0 0 
2006 2 1 4 0 0 0.41 0.000657001 0.410657 96852.3 79430 52.1856 417 0.0545352 0.0545352 22.7412 22.7412 1 1 5281.87 5281.87 0 0 
2007 1 1 1 0 0 0.77 0.213038 0.983038 3.75086e+007 2.38789e+007 5.08713e+006 8.60002e+006 0.0074678 0.0074678 64223.2 64223.2 1 0.036 280107 10083.8 0 0 
2007 1 1 2 0 0 0.61 0.339402 0.949402 5.09513e+006 3.28992e+006 1.1166e+006 570907 0.0150733 0.0150733 8605.44 8605.44 1 0.766 76800.3 58829 0 0 
2007 1 1 3 0 0 0.45 0.335947 0.785947 723577 501117 168349 86201 0.021684 0.021684 1869.18 1869.18 1 1 15690 15690 0 0 
2007 1 1 4 0 0 0.42 0.335947 0.755947 381989 268035 90045.5 18766 0.0146238 0.0146238 274.43 274.43 1 1 5586.14 5586.14 0 0 
2007 2 1 0 0 0 1.05 0 1.05 5.81424e+007 3.59964e+007 0 0 0.00413879 0.00413879 0 0 1 0 240639 0 0 0 
2007 2 1 1 0 0 0.58 0 0.58 1.40347e+007 1.06495e+007 0 0 0.00864887 0.00864887 0 0 1 0.036 121384 4369.83 0 0 
2007 2 1 2 0 0 0.47 0 0.47 1.97167e+006 1.57313e+006 0 0 0.0138555 0.0138555 0 0 1 0.766 27318.6 20926 0 0 
2007 2 1 3 0 0 0.4 0 0.4 329725 271759 0 0 0.0189296 0.0189296 0 0 1 1 6241.57 6241.57 0 0 
2007 2 1 4 0 0 0.39 0 0.39 179369 148528 0 0 0.0204515 0.0204515 0 0 1 1 3668.37 3668.37 0 0 
2008 1 1 1 0 0 0.68 0.236027 0.916027 2.03462e+007 1.33245e+007 3.14494e+006 4.07721e+006 0.00801096 0.00801096 32662.4 32662.4 1 0.036 162993 5867.74 0 0 
2008 1 1 2 0 0 0.55 0.376026 0.926026 7.858e+006 5.12432e+006 1.92687e+006 2.01223e+006 0.0150399 0.0150399 30263.8 30263.8 1 0.766 118183 90528.4 0 0 
2008 1 1 3 0 0 0.43 0.372198 0.802198 1.2323e+006 847432 315412 459671 0.0220131 0.0220131 10118.8 10118.8 1 1 27126.8 27126.8 0 0 
2008 1 1 4 0 0 0.4 0.372198 0.772198 342464 238601 88806.8 73109 0.0258211 0.0258211 1887.76 1887.76 1 1 8842.82 8842.82 0 0 
2008 2 1 0 0 0 0.99 0 0.99 8.4316e+007 5.35213e+007 0 0 0.00413879 0.00413879 0 0 1 0 348966 0 0 0 
2008 2 1 1 0 0 0.5 0 0.5 8.14063e+006 6.40618e+006 0 0 0.00864887 0.00864887 0 0 1 0.036 70407.3 2534.66 0 0 
2008 2 1 2 0 0 0.4 0 0.4 3.11275e+006 2.56553e+006 0 0 0.0138555 0.0138555 0 0 1 0.766 43128.8 33036.6 0 0 
2008 2 1 3 0 0 0.38 0 0.38 552493 459643 0 0 0.0189296 0.0189296 0 0 1 1 10458.5 10458.5 0 0 
2008 2 1 4 0 0 0.37 0 0.37 158217 132246 0 0 0.0204515 0.0204515 0 0 1 1 3235.79 3235.79 0 0 
2009 1 1 1 0 0 0.59 0.0198298 0.60983 3.13298e+007 2.34555e+007 465117 827482 0.00633857 0.00633857 5245.06 5245.06 1 0.036 198587 7149.12 0 0 
2009 1 1 2 0 0 0.48 0.0315918 0.511592 4.93754e+006 3.86497e+006 122101 69483 0.0103908 0.0103908 721.987 721.987 1 0.766 51305.3 39299.8 0 0 
2009 1 1 3 0 0 0.37 0.0312702 0.40127 2.08654e+006 1.7187e+006 53744.2 8273 0.0198624 0.0198624 164.321 164.321 1 1 41443.5 41443.5 0 0 
2009 1 1 4 0 0 0.34 0.0312702 0.37127 487115 406914 12724.3 0 0.0121131 0.0121131 0 0 1 1 5900.45 5900.45 0 0 
2009 2 1 0 0 0 0.99 0.000103006 0.990103 1.36027e+008 8.63421e+007 8893.76 948 0.00420176 0.00420176 3.98327 3.98327 1 0 571551 0 0 0 
2009 2 1 1 0 0 0.47 0.000166653 0.470167 1.7026e+007 1.35834e+007 2263.72 11540 0.00878046 0.00878046 101.327 101.327 1 0.036 149496 5381.86 0 0 
2009 2 1 2 0 0 0.39 0.000265503 0.390266 2.96026e+006 2.45096e+006 650.739 1727 0.0140663 0.0140663 24.2926 24.2926 1 0.766 41640 31896.2 0 0 
2009 2 1 3 0 0 0.34 0.0002628 0.340263 1.39687e+006 1.18403e+006 311.163 0 0.0192176 0.0192176 0 0 1 1 26844.6 26844.6 0 0 
2009 2 1 4 0 0 0.33 0.0002628 0.330263 336040 286185 75.2095 0 0.0207627 0.0207627 0 0 1 1 6977.09 6977.09 0 0 
2010 1 1 1 0 0 0.59 0.254979 0.844979 5.05391e+007 3.41183e+007 8.69945e+006 3.0417e+006 0.00749419 0.00749419 22795.1 22795.1 1 0.036 378750 13635 0 0 
2010 1 1 2 0 0 0.45 0.40622 0.85622 1.06395e+007 7.14796e+006 2.90364e+006 740237 0.0177462 0.0177462 13136.4 13136.4 1 0.766 188811 144629 0 0 
2010 1 1 3 0 0 0.36 0.402085 0.762085 2.00373e+006 1.40221e+006 563808 1.0063e+006 0.0206915 0.0206915 20821.9 20821.9 1 1 41460.1 41460.1 0 0 
2010 1 1 4 0 0 0.33 0.402085 0.732085 1.23551e+006 876058 352250 172793 0.0242997 0.0242997 4198.82 4198.82 1 1 30022.6 30022.6 0 0 
2010 2 1 0 0 0 1.11 0.000515031 1.11052 1.38573e+007 8.36809e+006 4309.82 0 0.00249189 0.00249189 0 0 1 0 34531 0 0 0 
2010 2 1 1 0 0 0.5 0.000833265 0.500833 2.17099e+007 1.70778e+007 14230.4 50881 0.00520732 0.00520732 264.954 264.954 1 0.036 113051 4069.82 0 0 
2010 2 1 2 0 0 0.42 0.00132751 0.421328 4.51929e+006 3.68797e+006 4895.84 1379 0.00834216 0.00834216 11.5038 11.5038 1 0.766 37700.6 28878.7 0 0 
2010 2 1 3 0 0 0.37 0.001314 0.371314 935126 781146 1026.43 1073 0.0113972 0.0113972 12.2292 12.2292 1 1 10657.8 10657.8 0 0 
2010 2 1 4 0 0 0.35 0.001314 0.351314 594165 501016 658.336 0 0.0123135 0.0123135 0 0 1 1 7316.25 7316.25 0 0 
2011 1 1 1 0 0 0.66 0.162148 0.822148 4.56446e+006 3.1119e+006 504588 1.30441e+006 0.00766062 0.00766062 9992.56 9992.56 1 0.036 34966.6 1258.8 0 0 
2011 1 1 2 0 0 0.51 0.258326 0.768326 1.31568e+007 9.18204e+006 2.37196e+006 5.22385e+006 0.0125585 0.0125585 65603.6 65603.6 1 0.766 165229 126565 0 0 
2011 1 1 3 0 0 0.39 0.255696 0.645696 2.96545e+006 2.18473e+006 558626 825133 0.0193708 0.0193708 15983.5 15983.5 1 1 57443.2 57443.2 0 0 
2011 1 1 4 0 0 0.35 0.255696 0.605696 1.06323e+006 797479 203912 24091 0.0362258 0.0362258 872.717 872.717 1 1 38516.3 38516.3 0 0 
2011 2 1 0 0 0 1.21 0 1.21 1.0389e+007 6.02567e+006 0 0 0.00413879 0.00413879 0 0 1 0 42998 0 0 0 
2011 2 1 1 0 0 0.55 0 0.55 2.00602e+006 1.54299e+006 0 0 0.00864887 0.00864887 0 0 1 0.036 17349.8 624.593 0 0 
2011 2 1 2 0 0 0.46 0 0.46 6.10196e+006 4.89107e+006 0 0 0.0138555 0.0138555 0 0 1 0.766 84545.9 64762.2 0 0 
2011 2 1 3 0 0 0.42 0 0.42 1.55478e+006 1.26956e+006 0 0 0.0189296 0.0189296 0 0 1 1 29431.3 29431.3 0 0 
2011 2 1 4 0 0 0.39 0 0.39 580197 480438 0 0 0.0204515 0.0204515 0 0 1 1 11865.9 11865.9 0 0 
2012 1 1 1 0 0 0.7 0.0984469 0.798447 3.09798e+006 2.1339e+006 210076 31625 0.00988508 0.00988508 312.615 312.615 1 0.036 30623.8 1102.46 0 0 
2012 1 1 2 0 0 0.55 0.156841 0.706841 1.15737e+006 829829 130151 186321 0.0151755 0.0151755 2827.51 2827.51 1 0.766 17563.7 13453.8 0 0 
2012 1 1 3 0 0 0.42 0.155244 0.575244 3.85207e+006 2.92922e+006 454744 1.15743e+006 0.0227181 0.0227181 26294.6 26294.6 1 1 87511.5 87511.5 0 0 
2012 1 1 4 0 0 0.39 0.155244 0.545244 1.41439e+006 1.09028e+006 169259 356271 0.0299798 0.0299798 10680.9 10680.9 1 1 42403 42403 0 0 
2012 2 1 0 0 0 1.19 0 1.19 7.80266e+007 4.56212e+007 0 0 0.00413879 0.00413879 0 0 1 0 322936 0 0 0 
2012 2 1 1 0 0 0.54 0 0.54 1.39418e+006 1.07726e+006 0 0 0.00864887 0.00864887 0 0 1 0.036 12058.1 434.09 0 0 
2012 2 1 2 0 0 0.45 0 0.45 570816 459662 0 0 0.0138555 0.0138555 0 0 1 0.766 7908.96 6058.27 0 0 
2012 2 1 3 0 0 0.44 0 0.44 2.16705e+006 1.75316e+006 0 0 0.0189296 0.0189296 0 0 1 1 41021.4 41021.4 0 0 
2012 2 1 4 0 0 0.42 0 0.42 819921 669511 0 0 0.0204515 0.0204515 0 0 1 1 16768.6 16768.6 0 0 
2013 1 1 1 0 0 0.7 0.0479073 0.747907 2.37374e+007 1.67148e+007 800762 648273 0.00913013 0.00913013 5918.82 5918.82 1 0.036 216725 7802.11 0 0 
2013 1 1 2 0 0 0.55 0.0763235 0.626323 812454 603768 46081.7 211090 0.0116001 0.0116001 2448.66 2448.66 1 0.766 9424.52 7219.18 0 0 
2013 1 1 3 0 0 0.42 0.0755465 0.495547 363969 287007 21682.4 55294 0.0143072 0.0143072 791.1 791.1 1 1 5207.36 5207.36 0 0 
2013 1 1 4 0 0 0.39 0.0755465 0.465547 1.93438e+006 1.54656e+006 116837 42412 0.0161708 0.0161708 685.837 685.837 1 1 31280.6 31280.6 0 0 
2013 2 1 0 0 0 1.19 0 1.19 1.94944e+008 1.13981e+008 0 0 0.00413879 0.00413879 0 0 1 0 806831 0 0 0 
2013 2 1 1 0 0 0.54 0 0.54 1.12362e+007 8.6821e+006 0 0 0.00864887 0.00864887 0 0 1 0.036 97180.7 3498.5 0 0 
2013 2 1 2 0 0 0.45 0 0.45 434300 349729 0 0 0.0138555 0.0138555 0 0 1 0.766 6017.46 4609.38 0 0 
2013 2 1 3 0 0 0.44 0 0.44 221743 179392 0 0 0.0189296 0.0189296 0 0 1 1 4197.52 4197.52 0 0 
2013 2 1 4 0 0 0.42 0 0.42 1.21439e+006 991617 0 0 0.0204515 0.0204515 0 0 1 1 24836.1 24836.1 0 0 
2014 1 1 1 0 0 0.7 0.191805 0.891805 5.9306e+007 3.92413e+007 7.52666e+006 5.38352e+006 0.00855421 0.00855421 46051.8 46051.8 1 0.036 507316 18263.4 0 0 
2014 1 1 2 0 0 0.55 0.305573 0.855573 6.54789e+006 4.4003e+006 1.34461e+006 2.37271e+006 0.0126686 0.0126686 30059 30059 1 0.766 82952.7 63541.8 0 0 
2014 1 1 3 0 0 0.42 0.302463 0.722463 276922 197188 59642.1 642831 0.0138844 0.0138844 8925.34 8925.34 1 1 3844.91 3844.91 0 0 
2014 1 1 4 0 0 0.39 0.302463 0.692463 940722 678793 205310 319330 0.0182893 0.0182893 5840.33 5840.33 1 1 17205.2 17205.2 0 0 
2014 2 1 0 0 0 1.19 0.000154509 1.19015 2.20238e+008 1.28763e+008 19895 0 0.00413879 0.00413879 0 0 1 0 911520 0 0 0 
2014 2 1 1 0 0 0.54 0.00024998 0.54025 2.43104e+007 1.87823e+007 4695.18 0 0.00864887 0.00864887 0 0 1 0.036 210258 7569.28 0 0 
2014 2 1 2 0 0 0.45 0.000398254 0.450398 2.78311e+006 2.24074e+006 892.387 0 0.0138555 0.0138555 0 0 1 0.766 38561.5 29538.1 0 0 
2014 2 1 3 0 0 0.44 0.0003942 0.440394 134461 108760 42.8733 0 0.0189296 0.0189296 0 0 1 1 2545.29 2545.29 0 0 
2014 2 1 4 0 0 0.42 0.0003942 0.420394 470683 384268 151.479 0 0.0204515 0.0204515 0 0 1 1 9626.19 9626.19 0 0 
2015 1 1 1 0 0 0.7 0.252873 0.952873 6.69908e+007 4.31926e+007 1.09223e+007 6.45091e+006 0.00829766 0.00829766 53527.5 53527.5 1 0.036 555867 20011.2 0 0 
2015 1 1 2 0 0 0.55 0.402865 0.952865 1.41633e+007 9.13189e+006 3.67892e+006 2.33974e+006 0.0126757 0.0126757 29657.9 29657.9 1 0.766 179530 137520 0 0 
2015 1 1 3 0 0 0.42 0.398764 0.818764 1.77388e+006 1.21115e+006 482961 956214 0.0193172 0.0193172 18471.4 18471.4 1 1 34266.5 34266.5 0 0 
2015 1 1 4 0 0 0.39 0.398764 0.788764 395703 273710 109146 98917 0.0300685 0.0300685 2974.28 2974.28 1 1 11898.2 11898.2 0 0 
2015 2 1 0 0 0 1.19 0 1.19 7.16194e+006 4.1875e+006 0 0 0.00561356 0.00561356 0 0 1 0 40204 0 0 0 
2015 2 1 1 0 0 0.54 0 0.54 2.58338e+007 1.99614e+007 0 0 0.0117307 0.0117307 0 0 1 0.036 303048 10909.7 0 0 
2015 2 1 2 0 0 0.45 0 0.45 5.46187e+006 4.39828e+006 0 0 0.0187927 0.0187927 0 0 1 0.766 102643 78624.6 0 0 
2015 2 1 3 0 0 0.44 0 0.44 782241 632839 0 0 0.0256748 0.0256748 0 0 1 1 20083.8 20083.8 0 0 
2015 2 1 4 0 0 0.42 0 0.42 179810 146825 0 0 0.027739 0.027739 0 0 1 1 4987.74 4987.74 0 0 
2016 1 1 1 0 0 0.7 0.0984469 0.798447 2.17881e+006 1.50077e+006 147747 155772 0.00397148 0.00397148 618.645 618.645 1 0.036 8653.11 311.512 0 0 
2016 1 1 2 0 0 0.55 0.156841 0.706841 1.50546e+007 1.0794e+007 1.69294e+006 2.00568e+006 0.012411 0.012411 24892.6 24892.6 1 0.766 186843 143122 0 0 
2016 1 1 3 0 0 0.42 0.155244 0.575244 3.48264e+006 2.6483e+006 411133 415113 0.0198024 0.0198024 8220.24 8220.24 1 1 68964.7 68964.7 0 0 
2016 1 1 4 0 0 0.39 0.155244 0.545244 621935 479417 74426.5 284232 0.0320645 0.0320645 9113.75 9113.75 1 1 19942 19942 0 0 
2016 2 1 0 0 0 1.19 0 1.19 4.92121e+008 2.87737e+008 0 0 0.00149767 0.00149767 0 0 1 0 737032 0 0 0 
2016 2 1 1 0 0 0.54 0 0.54 980526 757641 0 0 0.00312969 0.00312969 0 0 1 0.036 3068.74 110.475 0 0 
2016 2 1 2 0 0 0.45 0 0.45 7.42492e+006 5.97907e+006 0 0 0.00501377 0.00501377 0 0 1 0.766 37226.9 28515.8 0 0 
2016 2 1 3 0 0 0.44 0 0.44 1.95922e+006 1.58503e+006 0 0 0.00684988 0.00684988 0 0 1 1 13420.4 13420.4 0 0 
2016 2 1 4 0 0 0.42 0 0.42 360536 294397 0 0 0.0074006 0.0074006 0 0 1 1 2668.18 2668.18 0 0 
2017 1 1 1 0 0 0.7 0.218777 0.918777 1.49714e+008 9.79312e+007 2.14251e+007 1.17342e+007 0.00767755 0.00767755 90090 90090 1 0.036 1.14943e+006 41379.6 0 0 
2017 1 1 2 0 0 0.55 0.348544 0.898544 571400 376996 131400 670880 0.0119162 0.0119162 7994.35 7994.35 1 0.766 6808.92 5215.63 0 0 
2017 1 1 3 0 0 0.42 0.344996 0.764996 4.73434e+006 3.30888e+006 1.14155e+006 434280 0.017676 0.017676 7676.34 7676.34 1 1 83684.2 83684.2 0 0 
2017 1 1 4 0 0 0.39 0.344996 0.734996 1.4987e+006 1.06131e+006 366149 408731 0.024176 0.024176 9881.46 9881.46 1 1 36232.5 36232.5 0 0 
2017 2 1 0 0 0 1.19 0 1.19 2.52931e+007 1.47886e+007 0 0 0.00425251 0.00425251 0 0 1 0 107559 0 0 0 
2017 2 1 1 0 0 0.54 0 0.54 5.97368e+007 4.61579e+007 0 0 0.00878951 0.00878951 0 0 1 0.036 525057 18902.1 0 0 
2017 2 1 2 0 0 0.45 0 0.45 232652 187348 0 0 0.0141419 0.0141419 0 0 1 0.766 3290.15 2520.26 0 0 
2017 2 1 3 0 0 0.44 0 0.44 2.20306e+006 1.78229e+006 0 0 0.0188923 0.0188923 0 0 1 1 41620.8 41620.8 0 0 
2017 2 1 4 0 0 0.42 0 0.42 718637 586807 0 0 0.0204941 0.0204941 0 0 1 1 14727.9 14727.9 0 0 
2018 1 1 1 0 0 0.7 0.233689 0.933689 7.6947e+006 5.00157e+006 1.16881e+006 413211 0.0058391 0.0058391 2412.78 2412.78 1 0.036 44930.2 1617.49 0 0 
2018 1 1 2 0 0 0.55 0.372302 0.922302 3.48115e+007 2.2737e+007 8.46502e+006 6.63055e+006 0.00985423 0.00985423 65339 65339 1 0.766 343041 262769 0 0 
2018 1 1 3 0 0 0.42 0.368512 0.788512 148346 102623 37817.8 39927 0.0134587 0.0134587 537.364 537.364 1 1 1996.54 1996.54 0 0 
2018 1 1 4 0 0 0.39 0.368512 0.758512 1.89103e+006 1.32541e+006 488430 305220 0.0205681 0.0205681 6277.81 6277.81 1 1 38894.9 38894.9 0 0 
2018 2 1 0 0 0 1.19 0 1.19 2.46811e+008 1.44307e+008 0 11.4641 0.00390496 0.00390496 0.0447668 0.0447668 1 0 963786 0 0 0 
2018 2 1 1 0 0 0.54 0 0.54 3.02479e+006 2.33722e+006 0 5644.06 0.00696789 0.00696789 39.3272 39.3272 1 0.036 21076.4 758.751 0 0 
2018 2 1 2 0 0 0.45 0 0.45 1.38411e+007 1.11459e+007 0 47518.9 0.0106838 0.0106838 507.683 507.683 1 0.766 147876 113273 0 0 
2018 2 1 3 0 0 0.44 0 0.44 67426.2 54548.3 0 782.013 0.0136171 0.0136171 10.6487 10.6487 1 1 918.149 918.149 0 0 
2018 2 1 4 0 0 0.42 0 0.42 885687 723212 0 1184.66 0.0151517 0.0151517 17.9497 17.9497 1 1 13419.7 13419.7 0 0 
2019 1 1 1 0 0  -1 -1 -1 7.50851e+007  -1  -1  -1 0.00848298  -1 -1 -1 -1 0.036 636945 22930 0 0 
2019 1 1 2 0 0  -1 -1 -1 1.76269e+006  -1  -1  -1 0.0116384  -1 -1 -1 -1 0.766 20514.9 15714.4 0 0 
2019 1 1 3 0 0  -1 -1 -1 8.8255e+006  -1  -1  -1 0.0152425  -1 -1 -1 -1 1 134523 134523 0 0 
2019 1 1 4 0 0  -1 -1 -1 625362  -1  -1  -1 0.0202075  -1 -1 -1 -1 1 12637 12637 0 0 
