Year Quarter Species.n Age M1 M2 M F Z N N.bar C.hat C.obs west weca Yield CWsum prop.landed propmat BIO SSB Lsea ration
1986 1 1 1 0 0 0.76 0.283397 1.0434 8.83154e+007 5.48265e+007 1.55376e+007 1.89386e+007 0.00612192 0.00612192 115940 115940 1 0.036 540660 19463.8 0 0 
1986 1 1 2 0 0 0.6 0.308795 0.908795 6.08629e+006 3.9981e+006 1.2346e+006 2.06275e+006 0.0097272 0.0097272 20064.7 20064.7 1 0.766 59202.6 45349.2 0 0 
1986 1 1 3 0 0 0.42 0.241484 0.661484 254660 186299 44988.3 160842 0.0124354 0.0124354 2000.13 2000.13 1 1 3166.79 3166.79 0 0 
1986 1 1 4 0 0 0.36 0.241484 0.601484 727042 546356 131936 0 0.0159119 0.0159119 0 0 1 1 11568.6 11568.6 0 0 
1986 2 1 0 0 0 1.34 0.0755965 1.4156 5.10441e+008 2.73041e+008 2.06409e+007 7.96453e+006 0.00401849 0.00401849 32005.4 32005.4 1 0 2.0512e+006 0 0 0 
1986 2 1 1 0 0 0.6 0.134803 0.734803 3.11096e+007 2.20324e+007 2.97004e+006 7.98688e+006 0.0126501 0.0126501 101035 101035 1 0.036 393541 14167.5 0 0 
1986 2 1 2 0 0 0.47 0.146885 0.616885 2.45283e+006 1.83053e+006 268877 533151 0.0210498 0.0210498 11222.7 11222.7 1 0.766 51631.7 39549.9 0 0 
1986 2 1 3 0 0 0.37 0.114867 0.484867 131426 104145 11962.9 2472 0.018856 0.018856 46.612 46.612 1 1 2478.17 2478.17 0 0 
1986 2 1 4 0 0 0.35 0.114867 0.464867 398417 318638 36600.9 0 0.020372 0.020372 0 0 1 1 8116.54 8116.54 0 0 
1987 1 1 1 0 0 0.75 0.571989 1.32199 1.23925e+008 6.87496e+007 3.9324e+007 3.37598e+007 0.00642898 0.00642898 217041 217041 1 0.036 796713 28681.7 0 0 
1987 1 1 2 0 0 0.6 0.623252 1.22325 1.49202e+007 8.60787e+006 5.36487e+006 1.40202e+007 0.0116638 0.0116638 163529 163529 1 0.766 174026 133304 0 0 
1987 1 1 3 0 0 0.42 0.487396 0.907396 1.3236e+006 869998 424034 453114 0.0204766 0.0204766 9278.22 9278.22 1 1 27102.9 27102.9 0 0 
1987 1 1 4 0 0 0.36 0.487396 0.847396 331223 223371 108870 199797 0.0224777 0.0224777 4490.97 4490.97 1 1 7445.11 7445.11 0 0 
1987 2 1 0 0 0 1.43 0.00109868 1.4311 1.16636e+008 6.20184e+007 68138.6 5156 0.00690042 0.00690042 35.5786 35.5786 1 0 804836 0 0 0 
1987 2 1 1 0 0 0.57 0.00195917 0.571959 3.3039e+007 2.51612e+007 49295 65133 0.0127681 0.0127681 831.624 831.624 1 0.036 421845 15186.4 0 0 
1987 2 1 2 0 0 0.44 0.00213475 0.442135 4.39058e+006 3.54851e+006 7575.18 4402 0.0203888 0.0203888 89.7517 89.7517 1 0.766 89518.9 68571.5 0 0 
1987 2 1 3 0 0 0.35 0.00166942 0.351669 534172 450353 751.828 0 0.0315782 0.0315782 0 0 1 1 16868.2 16868.2 0 0 
1987 2 1 4 0 0 0.34 0.00166942 0.341669 141939 120232 200.717 0 0.0296158 0.0296158 0 0 1 1 4203.62 4203.62 0 0 
1988 1 1 1 0 0 0.71 0.681214 1.39121 2.78813e+007 1.50553e+007 1.02559e+007 6.58391e+006 0.00511373 0.00511373 33668.3 33668.3 1 0.036 142578 5132.79 0 0 
1988 1 1 2 0 0 0.57 0.742266 1.31227 1.86478e+007 1.03848e+007 7.7083e+006 1.73206e+007 0.0130874 0.0130874 226682 226682 1 0.766 244051 186943 0 0 
1988 1 1 3 0 0 0.39 0.580467 0.970467 2.82167e+006 1.80585e+006 1.04824e+006 893461 0.0230178 0.0230178 20565.5 20565.5 1 1 64948.4 64948.4 0 0 
1988 1 1 4 0 0 0.35 0.580467 0.930467 476656 310250 180090 19296 0.0361685 0.0361685 697.908 697.908 1 1 17239.9 17239.9 0 0 
1988 2 1 0 0 0 1.54 0.0511065 1.59111 3.60995e+008 1.80667e+008 9.23325e+006 8.76886e+006 0.00408872 0.00408872 35853.4 35853.4 1 0 1.47601e+006 0 0 0 
1988 2 1 1 0 0 0.58 0.0911329 0.671133 6.93613e+006 5.05246e+006 460445 852565 0.00642828 0.00642828 5480.52 5480.52 1 0.036 44587.3 1605.14 0 0 
1988 2 1 2 0 0 0.43 0.0993004 0.5293 5.02017e+006 3.89799e+006 387072 233220 0.0160827 0.0160827 3750.81 3750.81 1 0.766 80738.1 61845.4 0 0 
1988 2 1 3 0 0 0.35 0.077655 0.427655 1.06915e+006 869916 67553.3 143977 0.0224875 0.0224875 3237.68 3237.68 1 1 24042.4 24042.4 0 0 
1988 2 1 4 0 0 0.34 0.077655 0.417655 187979 153662 11932.7 13414 0.0314608 0.0314608 422.015 422.015 1 1 5913.96 5913.96 0 0 
1989 1 1 1 0 0 0.68 0.856741 1.53674 7.35347e+007 3.75592e+007 3.21785e+007 4.70045e+007 0.00613012 0.00613012 288143 288143 1 0.036 450776 16227.9 0 0 
1989 1 1 2 0 0 0.55 0.933524 1.48352 3.54526e+006 1.84767e+006 1.72484e+006 1.8442e+006 0.0104668 0.0104668 19303 19303 1 0.766 37107.6 28424.4 0 0 
1989 1 1 3 0 0 0.39 0.730036 1.12004 2.95697e+006 1.7787e+006 1.29851e+006 2.80604e+006 0.0143234 0.0143234 40192.2 40192.2 1 1 42353.9 42353.9 0 0 
1989 1 1 4 0 0 0.36 0.730036 1.09004 820923 499915 364955 4091 0.0187797 0.0187797 76.8276 76.8276 1 1 15416.6 15416.6 0 0 
1989 2 1 0 0 0 1.33 0.00326061 1.33326 1.06399e+008 5.87659e+007 191613 159140 0.00478346 0.00478346 761.24 761.24 1 0 508954 0 0 0 
1989 2 1 1 0 0 0.49 0.0058143 0.495814 1.58159e+007 1.24701e+007 72504.7 190120 0.00930316 0.00930316 1768.72 1768.72 1 0.036 147138 5296.96 0 0 
1989 2 1 2 0 0 0.36 0.00633539 0.366335 804195 673346 4265.91 12901 0.0127297 0.0127297 164.226 164.226 1 0.766 10237.2 7841.69 0 0 
1989 2 1 3 0 0 0.33 0.00495441 0.334954 964764 819813 4061.69 0 0.0140224 0.0140224 0 0 1 1 13528.3 13528.3 0 0 
1989 2 1 4 0 0 0.32 0.00495441 0.324954 275998 235642 1167.47 0 0.0175215 0.0175215 0 0 1 1 4835.9 4835.9 0 0 
1990 1 1 1 0 0 0.63 0.422215 1.05221 2.80484e+007 1.73491e+007 7.32503e+006 9.3022e+006 0.00745268 0.00745268 69326.3 69326.3 1 0.036 209036 7525.29 0 0 
1990 1 1 2 0 0 0.49 0.460055 0.950055 9.63306e+006 6.21834e+006 2.86078e+006 2.79071e+006 0.00983297 0.00983297 27441 27441 1 0.766 94721.7 72556.8 0 0 
1990 1 1 3 0 0 0.34 0.359772 0.699772 557524 400992 144266 412858 0.015173 0.015173 6264.27 6264.27 1 1 8459.29 8459.29 0 0 
1990 1 1 4 0 0 0.31 0.359772 0.669772 889589 648392 233273 124997 0.0201785 0.0201785 2522.25 2522.25 1 1 17950.5 17950.5 0 0 
1990 2 1 0 0 0 1.28 0.0497597 1.32976 2.05804e+008 1.13825e+008 5.66391e+006 9.79264e+006 0.00438372 0.00438372 42928.2 42928.2 1 0 902185 0 0 0 
1990 2 1 1 0 0 0.48 0.0887313 0.568731 9.79349e+006 7.46924e+006 662755 1.37715e+006 0.00768936 0.00768936 10589.4 10589.4 1 0.036 75305.6 2711 0 0 
1990 2 1 2 0 0 0.35 0.0966836 0.446684 3.7253e+006 3.00448e+006 290484 285578 0.011205 0.011205 3199.89 3199.89 1 0.766 41741.8 31974.2 0 0 
1990 2 1 3 0 0 0.3 0.0756086 0.375609 276921 230858 17454.8 42584 0.0165489 0.0165489 704.718 704.718 1 1 4582.74 4582.74 0 0 
1990 2 1 4 0 0 0.29 0.0756086 0.365609 455314 381361 28834.2 12527 0.0197684 0.0197684 247.638 247.638 1 1 9000.81 9000.81 0 0 
1991 1 1 1 0 0 0.63 0.536522 1.16652 5.44435e+007 3.21358e+007 1.72416e+007 2.40087e+007 0.00732518 0.00732518 175868 175868 1 0.036 398808 14357.1 0 0 
1991 1 1 2 0 0 0.49 0.584607 1.07461 5.5455e+006 3.39853e+006 1.9868e+006 1.39065e+006 0.0114452 0.0114452 15916.2 15916.2 1 0.766 63469.2 48617.4 0 0 
1991 1 1 3 0 0 0.33 0.457175 0.787175 2.38325e+006 1.64965e+006 754177 526003 0.0363807 0.0363807 19136.3 19136.3 1 1 86704 86704 0 0 
1991 1 1 4 0 0 0.3 0.457175 0.757175 506095 354927 162263 184169 0.0263288 0.0263288 4848.95 4848.95 1 1 13324.9 13324.9 0 0 
1991 2 1 0 0 0 1.22 0.0394463 1.25945 1.23368e+008 7.01535e+007 2.76729e+006 1.44423e+007 0.00367053 0.00367053 53011.1 53011.1 1 0 452825 0 0 0 
1991 2 1 1 0 0 0.47 0.0703404 0.54034 1.69563e+007 1.30999e+007 921454 942074 0.00567683 0.00567683 5347.99 5347.99 1 0.036 96258.1 3465.29 0 0 
1991 2 1 2 0 0 0.35 0.0766445 0.426644 1.89341e+006 1.54131e+006 118133 30405 0.0137562 0.0137562 418.257 418.257 1 0.766 26046.1 19951.3 0 0 
1991 2 1 3 0 0 0.29 0.0599376 0.349938 1.08468e+006 915227 54856.5 8715 0.0275023 0.0275023 239.683 239.683 1 1 29831.3 29831.3 0 0 
1991 2 1 4 0 0 0.28 0.0599376 0.339938 237353 201218 12060.5 3176 0.0163265 0.0163265 51.8531 51.8531 1 1 3875.16 3875.16 0 0 
1992 1 1 1 0 0 0.65 0.25866 0.90866 3.50131e+007 2.30015e+007 5.94959e+006 7.10008e+006 0.0061062 0.0061062 43354.5 43354.5 1 0.036 213797 7696.69 0 0 
1992 1 1 2 0 0 0.49 0.281842 0.771842 9.8779e+006 6.88317e+006 1.93997e+006 2.86215e+006 0.0103106 0.0103106 29510.5 29510.5 1 0.766 101847 78014.8 0 0 
1992 1 1 3 0 0 0.33 0.220406 0.550406 1.23582e+006 950396 209473 342206 0.0146831 0.0146831 5024.65 5024.65 1 1 18145.7 18145.7 0 0 
1992 1 1 4 0 0 0.3 0.220406 0.520406 933363 727672 160383 214730 0.0230286 0.0230286 4944.94 4944.94 1 1 21494.1 21494.1 0 0 
1992 2 1 0 0 0 1.19 0.00329605 1.1933 2.65203e+008 1.54855e+008 510410 525419 0.0046382 0.0046382 2437 2437 1 0 1.23006e+006 0 0 0 
1992 2 1 1 0 0 0.52 0.0058775 0.525878 1.41125e+007 1.0975e+007 64505.6 87265 0.0134376 0.0134376 1172.63 1172.63 1 0.036 189638 6826.97 0 0 
1992 2 1 2 0 0 0.39 0.00640426 0.396404 4.56518e+006 3.76894e+006 24137.3 8410 0.0267209 0.0267209 224.723 224.723 1 0.766 121986 93441 0 0 
1992 2 1 3 0 0 0.29 0.00500826 0.295008 712717 617206 3091.13 3362 0.028742 0.028742 96.6307 96.6307 1 1 20484.9 20484.9 0 0 
1992 2 1 4 0 0 0.29 0.00500826 0.295008 554678 480346 2405.7 728 0.0309314 0.0309314 22.5181 22.5181 1 1 17157 17157 0 0 
1993 1 1 1 0 0 0.67 0.446048 1.11605 8.04149e+007 4.84506e+007 2.16113e+007 1.51638e+007 0.00577626 0.00577626 87590.2 87590.2 1 0.036 464497 16721.9 0 0 
1993 1 1 2 0 0 0.51 0.486023 0.996023 8.34102e+006 5.2813e+006 2.56684e+006 558458 0.0163847 0.0163847 9150.15 9150.15 1 0.766 136665 104685 0 0 
1993 1 1 3 0 0 0.35 0.38008 0.73008 3.07116e+006 2.17956e+006 828410 211339 0.0178928 0.0178928 3781.45 3781.45 1 1 54951.6 54951.6 0 0 
1993 1 1 4 0 0 0.33 0.38008 0.71008 943608 675594 256780 1.33609e+006 0.0232962 0.0232962 31125.8 31125.8 1 1 21982.5 21982.5 0 0 
1993 2 1 0 0 0 1.14 0.0416082 1.18161 1.93745e+008 1.13665e+008 4.72938e+006 9.66291e+006 0.00347367 0.00347367 33565.8 33565.8 1 0 673008 0 0 0 
1993 2 1 1 0 0 0.52 0.0741956 0.594196 2.63417e+007 1.98603e+007 1.47354e+006 850927 0.00733712 0.00733712 6243.35 6243.35 1 0.036 193272 6957.79 0 0 
1993 2 1 2 0 0 0.4 0.0808451 0.480845 3.08071e+006 2.44576e+006 197727 154686 0.0167194 0.0167194 2586.26 2586.26 1 0.766 51507.8 39454.9 0 0 
1993 2 1 3 0 0 0.32 0.0632226 0.383223 1.4799e+006 1.22934e+006 77721.8 70612 0.0208143 0.0208143 1469.74 1469.74 1 1 30803.1 30803.1 0 0 
1993 2 1 4 0 0 0.31 0.0632226 0.373223 463882 387151 24476.7 12195 0.0223966 0.0223966 273.126 273.126 1 1 10389.4 10389.4 0 0 
1994 1 1 1 0 0 0.69 0.498119 1.18812 5.94381e+007 3.47791e+007 1.73241e+007 2.37416e+007 0.00607808 0.00607808 144303 144303 1 0.036 361269 13005.7 0 0 
1994 1 1 2 0 0 0.53 0.542761 1.07276 1.45408e+007 8.91803e+006 4.84036e+006 4.81775e+006 0.0145701 0.0145701 70195.2 70195.2 1 0.766 211861 162285 0 0 
1994 1 1 3 0 0 0.36 0.42445 0.78445 1.90468e+006 1.31996e+006 560257 938476 0.020636 0.020636 19366.3 19366.3 1 1 39305 39305 0 0 
1994 1 1 4 0 0 0.34 0.42445 0.76445 1.32818e+006 928499 394102 386452 0.0211218 0.0211218 8162.58 8162.58 1 1 28053.6 28053.6 0 0 
1994 2 1 0 0 0 1.11 0.0157005 1.1257 1.83202e+008 1.09946e+008 1.72622e+006 0 0.00355205 0.00355205 0 0 1 0 650744 0 0 0 
1994 2 1 1 0 0 0.58 0.0279971 0.607997 1.81164e+007 1.35742e+007 380040 614909 0.0129762 0.0129762 7979.17 7979.17 1 0.036 235082 8462.93 0 0 
1994 2 1 2 0 0 0.46 0.0305063 0.490506 4.97385e+006 3.93121e+006 119927 684228 0.0208401 0.0208401 14259.4 14259.4 1 0.766 103656 79400.1 0 0 
1994 2 1 3 0 0 0.34 0.0238566 0.363857 869242 728657 17383.3 77945 0.0351862 0.0351862 2742.59 2742.59 1 1 30585.3 30585.3 0 0 
1994 2 1 4 0 0 0.32 0.0238566 0.343857 618386 523274 12483.5 10064 0.0271307 0.0271307 273.044 273.044 1 1 16777.3 16777.3 0 0 
1995 1 1 1 0 0 0.71 0.405385 1.11538 5.94354e+007 3.582e+007 1.45209e+007 2.50371e+007 0.00556302 0.00556302 139282 139282 1 0.036 330640 11903 0 0 
1995 1 1 2 0 0 0.56 0.441716 1.00172 9.86329e+006 6.23032e+006 2.75203e+006 1.89381e+006 0.00974284 0.00974284 18451.1 18451.1 1 0.766 96096.5 73609.9 0 0 
1995 1 1 3 0 0 0.41 0.345431 0.755431 3.04557e+006 2.1375e+006 738361 238187 0.0138145 0.0138145 3290.44 3290.44 1 1 42073.1 42073.1 0 0 
1995 1 1 4 0 0 0.38 0.345431 0.725431 1.04257e+006 741414 256108 155747 0.0164799 0.0164799 2566.69 2566.69 1 1 17181.4 17181.4 0 0 
1995 2 1 0 0 0 1.01 0.00712372 1.01712 1.46331e+008 9.18403e+007 654245 1.02014e+006 0.00471425 0.00471425 4809.2 4809.2 1 0 689842 0 0 0 
1995 2 1 1 0 0 0.55 0.012703 0.562703 1.94823e+007 1.48993e+007 189265 483714 0.00819298 0.00819298 3963.06 3963.06 1 0.036 159618 5746.24 0 0 
1995 2 1 2 0 0 0.45 0.0138415 0.463841 3.62228e+006 2.89832e+006 40117 78009 0.0102165 0.0102165 796.978 796.978 1 0.766 37007 28347.3 0 0 
1995 2 1 3 0 0 0.35 0.0108243 0.360824 1.43083e+006 1.20113e+006 13001.4 12661 0.0136509 0.0136509 172.834 172.834 1 1 19532.2 19532.2 0 0 
1995 2 1 4 0 0 0.34 0.0108243 0.350824 504724 425695 4607.85 17071 0.0161155 0.0161155 275.107 275.107 1 1 8133.86 8133.86 0 0 
1996 1 1 1 0 0 0.66 0.355347 1.01535 5.29183e+007 3.32371e+007 1.18107e+007 4.3192e+006 0.00879351 0.00879351 37980.9 37980.9 1 0.036 465338 16752.2 0 0 
1996 1 1 2 0 0 0.53 0.387194 0.917194 1.10984e+007 7.2646e+006 2.81281e+006 3.39364e+006 0.0133054 0.0133054 45153.6 45153.6 1 0.766 147668 113114 0 0 
1996 1 1 3 0 0 0.39 0.302794 0.692794 2.27792e+006 1.64343e+006 497620 464830 0.0260509 0.0260509 12109.3 12109.3 1 1 59341.9 59341.9 0 0 
1996 1 1 4 0 0 0.36 0.302794 0.662794 1.35282e+006 989089 299490 398636 0.0384783 0.0384783 15338.8 15338.8 1 1 52054 52054 0 0 
1996 2 1 0 0 0 0.99 0.0427069 1.03271 7.69886e+008 4.80073e+008 2.05024e+007 6.26264e+006 0.00248953 0.00248953 15591 15591 1 0 1.91665e+006 0 0 0 
1996 2 1 1 0 0 0.57 0.0761547 0.646155 1.91711e+007 1.4121e+007 1.07538e+006 3.11138e+006 0.00804549 0.00804549 25032.6 25032.6 1 0.036 154241 5552.66 0 0 
1996 2 1 2 0 0 0.47 0.0829799 0.55298 4.43535e+006 3.40698e+006 282711 96913 0.0140038 0.0140038 1357.15 1357.15 1 0.766 62111.8 47577.6 0 0 
1996 2 1 3 0 0 0.36 0.064892 0.424892 1.13936e+006 928238 60235.2 32879 0.0157473 0.0157473 517.757 517.757 1 1 17941.9 17941.9 0 0 
1996 2 1 4 0 0 0.35 0.064892 0.414892 697254 570701 37034 247648 0.023997 0.023997 5942.82 5942.82 1 1 16732 16732 0 0 
1997 1 1 1 0 0 0.64 0.665739 1.30574 2.74112e+008 1.53044e+008 1.01887e+008 6.68562e+007 0.00522665 0.00522665 349434 349434 1 0.036 1.43269e+006 51576.7 0 0 
1997 1 1 2 0 0 0.52 0.725404 1.2454 1.00467e+007 5.74515e+006 4.16756e+006 2.9118e+006 0.010111 0.010111 29441.3 29441.3 1 0.766 101583 77812.5 0 0 
1997 1 1 3 0 0 0.4 0.567281 0.967281 2.55136e+006 1.63505e+006 927532 606997 0.0137351 0.0137351 8337.19 8337.19 1 1 35043.3 35043.3 0 0 
1997 1 1 4 0 0 0.38 0.567281 0.947281 1.20544e+006 779045 441938 194194 0.0182619 0.0182619 3546.34 3546.34 1 1 22013.5 22013.5 0 0 
1997 2 1 0 0 0 0.9 0.0657084 0.965708 6.22498e+007 3.99194e+007 2.62304e+006 2.97527e+006 0.002919 0.002919 8684.79 8684.79 1 0 181707 0 0 0 
1997 2 1 1 0 0 0.53 0.117171 0.647171 7.42766e+007 5.46857e+007 6.40757e+006 1.03879e+007 0.00669439 0.00669439 69540.9 69540.9 1 0.036 497236 17900.5 0 0 
1997 2 1 2 0 0 0.43 0.127672 0.557672 2.8917e+006 2.21651e+006 282986 134153 0.0102162 0.0102162 1370.54 1370.54 1 0.766 29542.2 22629.4 0 0 
1997 2 1 3 0 0 0.38 0.0998421 0.479842 969811 770281 76906.5 12655 0.0142418 0.0142418 180.23 180.23 1 1 13811.9 13811.9 0 0 
1997 2 1 4 0 0 0.36 0.0998421 0.459842 467460 374724 37413.2 9368 0.0144352 0.0144352 135.229 135.229 1 1 6747.87 6747.87 0 0 
1998 1 1 1 0 0 0.63 0.788405 1.41841 2.36994e+007 1.26633e+007 9.98384e+006 3.95389e+006 0.00495911 0.00495911 19607.8 19607.8 1 0.036 117528 4231 0 0 
1998 1 1 2 0 0 0.49 0.859064 1.34906 3.88857e+007 2.13448e+007 1.83365e+007 2.81367e+007 0.0100695 0.0100695 283323 283323 1 0.766 391560 299935 0 0 
1998 1 1 3 0 0 0.38 0.671806 1.05181 1.65561e+006 1.02424e+006 688087 2.55289e+006 0.0136805 0.0136805 34924.8 34924.8 1 1 22649.6 22649.6 0 0 
1998 1 1 4 0 0 0.35 0.671806 1.02181 895344 560841 376776 290096 0.0202764 0.0202764 5882.1 5882.1 1 1 18154.4 18154.4 0 0 
1998 2 1 0 0 0 0.97 0.139639 1.10964 9.41161e+007 5.68546e+007 7.93912e+006 3.01361e+007 0.00318996 0.00318996 96132.8 96132.8 1 0 300226 0 0 0 
1998 2 1 1 0 0 0.51 0.249004 0.759004 5.73761e+006 4.0206e+006 1.00114e+006 992451 0.00703464 0.00703464 6981.53 6981.53 1 0.036 40362 1453.03 0 0 
1998 2 1 2 0 0 0.41 0.27132 0.68132 1.00902e+007 7.31677e+006 1.98519e+006 740255 0.0151749 0.0151749 11233.3 11233.3 1 0.766 153118 117288 0 0 
1998 2 1 3 0 0 0.36 0.212178 0.572178 578316 440379 93438.7 192391 0.0173239 0.0173239 3332.97 3332.97 1 1 10018.7 10018.7 0 0 
1998 2 1 4 0 0 0.33 0.212178 0.542178 322274 248771 52783.7 31983 0.0207258 0.0207258 662.874 662.874 1 1 6679.4 6679.4 0 0 
1999 1 1 1 0 0 0.73 0.576412 1.30641 3.1028e+007 1.73191e+007 9.98295e+006 5.18218e+006 0.00735028 0.00735028 38090.5 38090.5 1 0.036 228064 8210.32 0 0 
1999 1 1 2 0 0 0.54 0.882662 1.42266 2.68596e+006 1.43284e+006 1.26472e+006 1.55357e+006 0.0100665 0.0100665 15638.9 15638.9 1 0.766 27038.1 20711.2 0 0 
1999 1 1 3 0 0 0.36 0.855375 1.21538 5.10511e+006 2.95459e+006 2.52729e+006 1.97927e+006 0.0141363 0.0141363 27979.7 27979.7 1 1 72167.5 72167.5 0 0 
1999 1 1 4 0 0 0.33 0.855375 1.18538 513737 300937 257414 421461 0.026348 0.026348 11104.7 11104.7 1 1 13536 13536 0 0 
1999 2 1 0 0 0 1.04 0.14958 1.18958 1.20194e+008 7.02881e+007 1.05137e+007 6.4435e+006 0.00866435 0.00866435 55828.7 55828.7 1 0 1.0414e+006 0 0 0 
1999 2 1 1 0 0 0.58 0.250203 0.830203 8.40207e+006 5.70836e+006 1.42825e+006 1.83535e+006 0.0145334 0.0145334 26673.8 26673.8 1 0.036 122111 4395.98 0 0 
1999 2 1 2 0 0 0.47 0.383137 0.853137 647508 435593 166892 118026 0.0194472 0.0194472 2295.28 2295.28 1 0.766 12592.2 9645.66 0 0 
1999 2 1 3 0 0 0.33 0.371293 0.701293 1.51417e+006 1.08831e+006 404083 400916 0.0210585 0.0210585 8442.68 8442.68 1 1 31886.1 31886.1 0 0 
1999 2 1 4 0 0 0.3 0.371293 0.671293 157014 114365 42462.9 169073 0.030749 0.030749 5198.83 5198.83 1 1 4828.03 4828.03 0 0 
2000 1 1 1 0 0 0.8 0.726983 1.52698 3.6581e+007 1.87533e+007 1.36333e+007 1.87928e+007 0.00686652 0.00686652 129041 129041 1 0.036 251184 9042.63 0 0 
2000 1 1 2 0 0 0.61 1.11323 1.72323 3.66297e+006 1.74624e+006 1.94397e+006 3.28627e+006 0.0105228 0.0105228 34580.6 34580.6 1 0.766 38544.6 29525.2 0 0 
2000 1 1 3 0 0 0.42 1.07882 1.49882 275888 142950 154217 541129 0.0152704 0.0152704 8263.25 8263.25 1 1 4212.92 4212.92 0 0 
2000 1 1 4 0 0 0.39 1.07882 1.46882 831184 435621 469955 533035 0.0204507 0.0204507 10900.9 10900.9 1 1 16998.3 16998.3 0 0 
2000 2 1 0 0 0 1.12 0.00394031 1.12394 1.26242e+008 7.58172e+007 298744 0 0.00518988 0.00518988 0 0 1 0 655182 0 0 0 
2000 2 1 1 0 0 0.65 0.00659096 0.656591 7.94503e+006 5.82495e+006 38392 343747 0.0108453 0.0108453 3728.05 3728.05 1 0.036 86166.5 3102 0 0 
2000 2 1 2 0 0 0.55 0.0100928 0.560093 653797 500590 5052.34 3749 0.0173743 0.0173743 65.1362 65.1362 1 0.766 11359.3 8701.19 0 0 
2000 2 1 3 0 0 0.39 0.00978076 0.399781 61631.7 50802 496.883 1421 0.023737 0.023737 33.7302 33.7302 1 1 1462.95 1462.95 0 0 
2000 2 1 4 0 0 0.37 0.00978076 0.379781 191336 159197 1557.07 8735 0.0256454 0.0256454 224.013 224.013 1 1 4906.9 4906.9 0 0 
2001 1 1 1 0 0 0.82 0.303119 1.12312 4.10284e+007 2.46486e+007 7.47147e+006 5.32714e+006 0.00681582 0.00681582 36308.8 36308.8 1 0.036 279642 10067.1 0 0 
2001 1 1 2 0 0 0.66 0.464168 1.12417 4.12042e+006 2.47437e+006 1.14852e+006 991940 0.0136568 0.0136568 13546.7 13546.7 1 0.766 56271.9 43104.2 0 0 
2001 1 1 3 0 0 0.49 0.449819 0.939819 373420 242095 108899 163012 0.0178215 0.0178215 2905.11 2905.11 1 1 6654.9 6654.9 0 0 
2001 1 1 4 0 0 0.45 0.449819 0.899819 172198 113551 51077.2 160096 0.0232335 0.0232335 3719.59 3719.59 1 1 4000.77 4000.77 0 0 
2001 2 1 0 0 0 1.19 0.155036 1.34504 1.20067e+008 6.60102e+007 1.0234e+007 1.82627e+007 0.00555258 0.00555258 101405 101405 1 0 666683 0 0 0 
2001 2 1 1 0 0 0.78 0.259329 1.03933 1.3345e+007 8.29863e+006 2.15207e+006 3.96802e+006 0.00893764 0.00893764 35464.8 35464.8 1 0.036 119273 4293.83 0 0 
2001 2 1 2 0 0 0.67 0.397112 1.06711 1.33882e+006 823029 326835 9186 0.0159635 0.0159635 146.641 146.641 1 0.766 21372.3 16371.2 0 0 
2001 2 1 3 0 0 0.51 0.384835 0.894835 145895 96410.2 37102.1 2437 0.0158855 0.0158855 38.713 38.713 1 1 2317.61 2317.61 0 0 
2001 2 1 4 0 0 0.49 0.384835 0.874835 70023.3 46669.8 17960.2 5818 0.0254591 0.0254591 148.121 148.121 1 1 1782.73 1782.73 0 0 
2002 1 1 1 0 0 0.84 0.452073 1.29207 3.12812e+007 1.75595e+007 7.9382e+006 9.07515e+006 0.00808755 0.00808755 73395.7 73395.7 1 0.036 252988 9107.57 0 0 
2002 1 1 2 0 0 0.72 0.692262 1.41226 4.72003e+006 2.52805e+006 1.75007e+006 2.6805e+006 0.0127178 0.0127178 34090.1 34090.1 1 0.766 60028.4 45981.8 0 0 
2002 1 1 3 0 0 0.58 0.670862 1.25086 460554 262792 176297 387226 0.0146254 0.0146254 5663.34 5663.34 1 1 6735.8 6735.8 0 0 
2002 1 1 4 0 0 0.54 0.670862 1.21086 88818.4 51497 34547.4 135214 0.0192277 0.0192277 2599.86 2599.86 1 1 1707.77 1707.77 0 0 
2002 2 1 0 0 0 1.22 0 1.22 2.83959e+007 1.64038e+007 0 0 0.00944091 0.00944091 0 0 1 0 268083 0 0 0 
2002 2 1 1 0 0 0.8 0 0.8 8.59296e+006 5.91487e+006 0 20983 0.0197288 0.0197288 413.969 413.969 1 0.036 169529 6103.03 0 0 
2002 2 1 2 0 0 0.67 0 0.67 1.14976e+006 837937 0 2940 0.0316056 0.0316056 92.9205 92.9205 1 0.766 36338.8 27835.6 0 0 
2002 2 1 3 0 0 0.63 0 0.63 131837 97812.5 0 972 0.04318 0.04318 41.9709 41.9709 1 1 5692.74 5692.74 0 0 
2002 2 1 4 0 0 0.61 0 0.61 26462.6 19810 0 0 0.0466516 0.0466516 0 0 1 1 1234.52 1234.52 0 0 
2003 1 1 1 0 0 0.83 0.22424 1.05424 8.38333e+006 5.18108e+006 1.1618e+006 939264 0.00530455 0.00530455 4982.37 4982.37 1 0.036 44469.8 1600.91 0 0 
2003 1 1 2 0 0 0.72 0.34338 1.06338 3.86107e+006 2.37722e+006 816290 807536 0.014609 0.014609 11797.3 11797.3 1 0.766 56406.1 43207.1 0 0 
2003 1 1 3 0 0 0.58 0.332764 0.912764 588342 385832 128391 129911 0.0202727 0.0202727 2633.65 2633.65 1 1 11927.3 11927.3 0 0 
2003 1 1 4 0 0 0.54 0.332764 0.872764 84594 56431.1 18778.3 78008 0.0268849 0.0268849 2097.24 2097.24 1 1 2274.3 2274.3 0 0 
2003 2 1 0 0 0 1.22 0.0205098 1.24051 6.35834e+007 3.64308e+007 747189 2.75463e+006 0.00433872 0.00433872 11951.6 11951.6 1 0 275871 0 0 0 
2003 2 1 1 0 0 0.77 0.0343068 0.804307 2.92123e+006 2.00704e+006 68855.2 61180 0.00544479 0.00544479 333.112 333.112 1 0.036 15905.5 572.598 0 0 
2003 2 1 2 0 0 0.64 0.0525342 0.692534 1.33318e+006 961944 50534.9 53181 0.0152904 0.0152904 813.158 813.158 1 0.766 20384.8 15614.7 0 0 
2003 2 1 3 0 0 0.62 0.0509101 0.67091 236168 172048 8758.99 1981 0.024123 0.024123 47.7876 47.7876 1 1 5697.08 5697.08 0 0 
2003 2 1 4 0 0 0.6 0.0509101 0.65091 35342.9 25977.6 1322.52 618 0.0266977 0.0266977 16.4992 16.4992 1 1 943.575 943.575 0 0 
2004 1 1 1 0 0 0.85 0.155063 1.00506 1.83907e+007 1.16005e+007 1.79882e+006 1.97572e+006 0.00727504 0.00727504 14373.4 14373.4 1 0.036 133793 4816.54 0 0 
2004 1 1 2 0 0 0.71 0.237449 0.947449 1.30695e+006 844594 200548 255504 0.00950606 0.00950606 2428.84 2428.84 1 0.766 12424 9516.76 0 0 
2004 1 1 3 0 0 0.56 0.230109 0.790109 666996 461097 106102 74336 0.0145012 0.0145012 1077.96 1077.96 1 1 9672.23 9672.23 0 0 
2004 1 1 4 0 0 0.51 0.230109 0.740109 139173 98335.5 22627.8 91547 0.0150529 0.0150529 1378.04 1378.04 1 1 2094.96 2094.96 0 0 
2004 2 1 0 0 0 1.21 0.0203078 1.23031 4.04304e+007 2.32597e+007 472352 1.09099e+006 0.0057863 0.0057863 6312.8 6312.8 1 0 233942 0 0 0 
2004 2 1 1 0 0 0.7 0.0339688 0.733969 6.73137e+006 4.76902e+006 161998 737017 0.00728973 0.00728973 5372.65 5372.65 1 0.036 49069.9 1766.52 0 0 
2004 2 1 2 0 0 0.57 0.0520166 0.622017 506743 377309 19626.4 15674 0.0140702 0.0140702 220.536 220.536 1 0.766 7129.96 5461.55 0 0 
2004 2 1 3 0 0 0.55 0.0504086 0.600409 302680 227568 11471.3 6082 0.0184149 0.0184149 112 112 1 1 5573.82 5573.82 0 0 
2004 2 1 4 0 0 0.53 0.0504086 0.580409 66394.2 50370.4 2539.1 667 0.0126909 0.0126909 8.46484 8.46484 1 1 842.603 842.603 0 0 
2005 1 1 1 0 0 0.84 0.08409 0.92409 1.18139e+007 7.71033e+006 648362 1.404e+006 0.00775701 0.00775701 10890.9 10890.9 1 0.036 91640.4 3299.06 0 0 
2005 1 1 2 0 0 0.69 0.128767 0.818767 3.23106e+006 2.20605e+006 284068 145503 0.01651 0.01651 2402.26 2402.26 1 0.766 53345 40862.2 0 0 
2005 1 1 3 0 0 0.5 0.124787 0.624787 272051 202311 25245.7 20577 0.019863 0.019863 408.721 408.721 1 1 5403.75 5403.75 0 0 
2005 1 1 4 0 0 0.47 0.124787 0.594787 203205 153166 19113 12410 0.0225652 0.0225652 280.034 280.034 1 1 4585.36 4585.36 0 0 
2005 2 1 0 0 0 1.15 0 1.15 6.61812e+007 3.93268e+007 0 0 0.00335238 0.00335238 0 0 1 0 221864 0 0 0 
2005 2 1 1 0 0 0.65 0 0.65 4.68884e+006 3.44777e+006 0 520 0.0070055 0.0070055 3.64286 3.64286 1 0.036 32847.7 1182.52 0 0 
2005 2 1 2 0 0 0.53 0 0.53 1.42482e+006 1.10597e+006 0 479 0.0112228 0.0112228 5.37574 5.37574 1 0.766 15990.5 12248.7 0 0 
2005 2 1 3 0 0 0.47 0 0.47 145649 116209 0 0 0.0153328 0.0153328 0 0 1 1 2233.21 2233.21 0 0 
2005 2 1 4 0 0 0.45 0 0.45 112104 90274.3 0 0 0.0165655 0.0165655 0 0 1 1 1857.07 1857.07 0 0 
2006 1 1 1 0 0 0.82 0.0359359 0.855936 2.09554e+007 1.40802e+007 505985 768971 0.00749782 0.00749782 5765.6 5765.6 1 0.036 157120 5656.31 0 0 
2006 1 1 2 0 0 0.66 0.0550288 0.715029 2.44779e+006 1.74872e+006 96229.9 46719 0.0134765 0.0134765 629.61 629.61 1 0.766 32987.7 25268.6 0 0 
2006 1 1 3 0 0 0.48 0.0533276 0.533328 838654 649991 34662.5 26550 0.0171303 0.0171303 454.809 454.809 1 1 14366.4 14366.4 0 0 
2006 1 1 4 0 0 0.44 0.0533276 0.493328 162512 128279 6840.82 4038 0.0268654 0.0268654 108.482 108.482 1 1 4365.95 4365.95 0 0 
2006 2 1 0 0 0 1.12 0.000252584 1.12025 1.1877e+008 7.14372e+007 18043.9 0 0.0110363 0.0110363 0 0 1 0 1.31079e+006 0 0 0 
2006 2 1 1 0 0 0.61 0.000422498 0.610422 8.90365e+006 6.66405e+006 2815.54 2875 0.0230627 0.0230627 66.3054 66.3054 1 0.036 205342 7392.33 0 0 
2006 2 1 2 0 0 0.49 0.000646973 0.490647 1.1974e+006 946337 612.254 665 0.0369466 0.0369466 24.5695 24.5695 1 0.766 44240.1 33887.9 0 0 
2006 2 1 3 0 0 0.42 0.000626972 0.420627 491996 401625 251.807 436 0.0504769 0.0504769 22.0079 22.0079 1 1 24834.5 24834.5 0 0 
2006 2 1 4 0 0 0.41 0.000626972 0.410627 99228.4 81379.7 51.0228 417 0.0545352 0.0545352 22.7412 22.7412 1 1 5411.44 5411.44 0 0 
2007 1 1 1 0 0 0.77 0.218131 0.988131 3.87425e+007 2.46119e+007 5.36861e+006 8.60002e+006 0.0074678 0.0074678 64223.2 64223.2 1 0.036 289321 10415.6 0 0 
2007 1 1 2 0 0 0.61 0.334025 0.944025 4.83576e+006 3.12954e+006 1.04534e+006 570907 0.0150733 0.0150733 8605.44 8605.44 1 0.766 72890.7 55834.3 0 0 
2007 1 1 3 0 0 0.45 0.323699 0.773699 733087 510420 165222 86201 0.021684 0.021684 1869.18 1869.18 1 1 15896.2 15896.2 0 0 
2007 1 1 4 0 0 0.42 0.323699 0.743699 388873 274334 88801.4 18766 0.0146238 0.0146238 274.43 274.43 1 1 5686.81 5686.81 0 0 
2007 2 1 0 0 0 1.05 0 1.05 6.02291e+007 3.72883e+007 0 0 0.00413879 0.00413879 0 0 1 0 249276 0 0 0 
2007 2 1 1 0 0 0.58 0 0.58 1.44228e+007 1.09439e+007 0 0 0.00864887 0.00864887 0 0 1 0.036 124741 4490.66 0 0 
2007 2 1 2 0 0 0.47 0 0.47 1.88139e+006 1.5011e+006 0 0 0.0138555 0.0138555 0 0 1 0.766 26067.7 19967.9 0 0 
2007 2 1 3 0 0 0.4 0 0.4 338176 278725 0 0 0.0189296 0.0189296 0 0 1 1 6401.54 6401.54 0 0 
2007 2 1 4 0 0 0.39 0 0.39 184852 153068 0 0 0.0204515 0.0204515 0 0 1 1 3780.51 3780.51 0 0 
2008 1 1 1 0 0 0.68 0.241669 0.921669 2.10764e+007 1.37697e+007 3.3277e+006 4.07721e+006 0.00801096 0.00801096 32662.4 32662.4 1 0.036 168843 6078.34 0 0 
2008 1 1 2 0 0 0.55 0.370069 0.920069 8.07528e+006 5.27933e+006 1.95372e+006 2.01223e+006 0.0150399 0.0150399 30263.8 30263.8 1 0.766 121451 93031.6 0 0 
2008 1 1 3 0 0 0.43 0.358628 0.788628 1.17588e+006 813410 291712 459671 0.0220131 0.0220131 10118.8 10118.8 1 1 25884.7 25884.7 0 0 
2008 1 1 4 0 0 0.4 0.358628 0.758628 351841 246591 88434.6 73109 0.0258211 0.0258211 1887.76 1887.76 1 1 9084.94 9084.94 0 0 
2008 2 1 0 0 0 0.99 0 0.99 9.40757e+007 5.97165e+007 0 0 0.00413879 0.00413879 0 0 1 0 389359 0 0 0 
2008 2 1 1 0 0 0.5 0 0.5 8.38536e+006 6.59877e+006 0 0 0.00864887 0.00864887 0 0 1 0.036 72523.9 2610.86 0 0 
2008 2 1 2 0 0 0.4 0 0.4 3.21793e+006 2.65222e+006 0 0 0.0138555 0.0138555 0 0 1 0.766 44586.2 34153 0 0 
2008 2 1 3 0 0 0.38 0 0.38 534398 444589 0 0 0.0189296 0.0189296 0 0 1 1 10115.9 10115.9 0 0 
2008 2 1 4 0 0 0.37 0 0.37 164770 137724 0 0 0.0204515 0.0204515 0 0 1 1 3369.8 3369.8 0 0 
2009 1 1 1 0 0 0.59 0.0203038 0.610304 3.49563e+007 2.61649e+007 531246 827482 0.00633857 0.00633857 5245.06 5245.06 1 0.036 221573 7976.64 0 0 
2009 1 1 2 0 0 0.48 0.0310913 0.511091 5.08598e+006 3.98207e+006 123808 69483 0.0103908 0.0103908 721.987 721.987 1 0.766 52847.6 40481.3 0 0 
2009 1 1 3 0 0 0.37 0.0301301 0.40013 2.15704e+006 1.77773e+006 53563.1 8273 0.0198624 0.0198624 164.321 164.321 1 1 42844 42844 0 0 
2009 1 1 4 0 0 0.34 0.0301301 0.37013 479266 400572 12069.3 0 0.0121131 0.0121131 0 0 1 1 5805.38 5805.38 0 0 
2009 2 1 0 0 0 0.99 0.000101034 0.990101 1.42755e+008 9.06127e+007 9154.93 948 0.00420176 0.00420176 3.98327 3.98327 1 0 599821 0 0 0 
2009 2 1 1 0 0 0.47 0.000168999 0.470169 1.89878e+007 1.51486e+007 2560.09 11540 0.00878046 0.00878046 101.327 101.327 1 0.036 166721 6001.97 0 0 
2009 2 1 2 0 0 0.39 0.000258789 0.390259 3.05078e+006 2.52592e+006 653.68 1727 0.0140663 0.0140663 24.2926 24.2926 1 0.766 42913.3 32871.6 0 0 
2009 2 1 3 0 0 0.34 0.000250789 0.340251 1.44572e+006 1.22544e+006 307.327 0 0.0192176 0.0192176 0 0 1 1 27783.3 27783.3 0 0 
2009 2 1 4 0 0 0.33 0.000250789 0.330251 331003 281897 70.6966 0 0.0207627 0.0207627 0 0 1 1 6872.51 6872.51 0 0 
2010 1 1 1 0 0 0.59 0.261074 0.851074 5.30389e+007 3.57121e+007 9.32351e+006 3.0417e+006 0.00749419 0.00749419 22795.1 22795.1 1 0.036 397484 14309.4 0 0 
2010 1 1 2 0 0 0.45 0.399784 0.849784 1.18654e+007 7.99363e+006 3.19573e+006 740237 0.0177462 0.0177462 13136.4 13136.4 1 0.766 210566 161293 0 0 
2010 1 1 3 0 0 0.36 0.387425 0.747425 2.06501e+006 1.4544e+006 563472 1.0063e+006 0.0206915 0.0206915 20821.9 20821.9 1 1 42728.2 42728.2 0 0 
2010 1 1 4 0 0 0.33 0.387425 0.717425 1.26667e+006 903963 350218 172793 0.0242997 0.0242997 4198.82 4198.82 1 1 30779.7 30779.7 0 0 
2010 2 1 0 0 0 1.11 0.000505168 1.11051 1.62608e+007 9.81952e+006 4960.51 0 0.00249189 0.00249189 0 0 1 0 40520.2 0 0 0 
2010 2 1 1 0 0 0.5 0.000844995 0.500845 2.26453e+007 1.78136e+007 15052.4 50881 0.00520732 0.00520732 264.954 264.954 1 0.036 117921 4245.17 0 0 
2010 2 1 2 0 0 0.42 0.00129395 0.421294 5.07254e+006 4.13952e+006 5356.31 1379 0.00834216 0.00834216 11.5038 11.5038 1 0.766 42316 32414 0 0 
2010 2 1 3 0 0 0.37 0.00125394 0.371254 977959 816949 1024.41 1073 0.0113972 0.0113972 12.2292 12.2292 1 1 11146 11146 0 0 
2010 2 1 4 0 0 0.35 0.00125394 0.351254 618144 521250 653.618 0 0.0123135 0.0123135 0 0 1 1 7611.5 7611.5 0 0 
2011 1 1 1 0 0 0.66 0.166024 0.826024 5.35619e+006 3.64557e+006 605251 1.30441e+006 0.00766062 0.00766062 9992.56 9992.56 1 0.036 41031.8 1477.14 0 0 
2011 1 1 2 0 0 0.51 0.254233 0.764233 1.37235e+007 9.59468e+006 2.43929e+006 5.22385e+006 0.0125585 0.0125585 65603.6 65603.6 1 0.766 172346 132017 0 0 
2011 1 1 3 0 0 0.39 0.246374 0.636374 3.32859e+006 2.4625e+006 606696 825133 0.0193708 0.0193708 15983.5 15983.5 1 1 64477.6 64477.6 0 0 
2011 1 1 4 0 0 0.35 0.246374 0.596374 1.10972e+006 835849 205931 24091 0.0362258 0.0362258 872.717 872.717 1 1 40200.4 40200.4 0 0 
2011 2 1 0 0 0 1.21 0 1.21 1.16471e+007 6.75537e+006 0 0 0.00413879 0.00413879 0 0 1 0 48205.1 0 0 0 
2011 2 1 1 0 0 0.55 0 0.55 2.34487e+006 1.80363e+006 0 0 0.00864887 0.00864887 0 0 1 0.036 20280.5 730.097 0 0 
2011 2 1 2 0 0 0.46 0 0.46 6.39089e+006 5.12267e+006 0 0 0.0138555 0.0138555 0 0 1 0.766 88549.2 67828.7 0 0 
2011 2 1 3 0 0 0.42 0 0.42 1.76152e+006 1.43837e+006 0 0 0.0189296 0.0189296 0 0 1 1 33344.8 33344.8 0 0 
2011 2 1 4 0 0 0.39 0 0.39 611237 506141 0 0 0.0204515 0.0204515 0 0 1 1 12500.7 12500.7 0 0 
2012 1 1 1 0 0 0.7 0.1008 0.8008 3.47315e+006 2.38987e+006 240899 31625 0.00988508 0.00988508 312.615 312.615 1 0.036 34332.3 1235.96 0 0 
2012 1 1 2 0 0 0.55 0.154356 0.704356 1.35287e+006 971066 149890 186321 0.0151755 0.0151755 2827.51 2827.51 1 0.766 20530.5 15726.4 0 0 
2012 1 1 3 0 0 0.42 0.149584 0.569584 4.03447e+006 3.0758e+006 460090 1.15743e+006 0.0227181 0.0227181 26294.6 26294.6 1 1 91655.2 91655.2 0 0 
2012 1 1 4 0 0 0.39 0.149584 0.539584 1.57124e+006 1.21431e+006 181641 356271 0.0299798 0.0299798 10680.9 10680.9 1 1 47105.5 47105.5 0 0 
2012 2 1 0 0 0 1.19 0 1.19 7.58331e+007 4.43387e+007 0 0 0.00413879 0.00413879 0 0 1 0 313857 0 0 0 
2012 2 1 1 0 0 0.54 0 0.54 1.55934e+006 1.20488e+006 0 0 0.00864887 0.00864887 0 0 1 0.036 13486.5 485.514 0 0 
2012 2 1 2 0 0 0.45 0 0.45 668897 538643 0 0 0.0138555 0.0138555 0 0 1 0.766 9267.92 7099.23 0 0 
2012 2 1 3 0 0 0.44 0 0.44 2.28254e+006 1.8466e+006 0 0 0.0189296 0.0189296 0 0 1 1 43207.6 43207.6 0 0 
2012 2 1 4 0 0 0.42 0 0.42 916019 747980 0 0 0.0204515 0.0204515 0 0 1 1 18734 18734 0 0 
2013 1 1 1 0 0 0.7 0.0490525 0.749052 2.307e+007 1.62368e+007 796454 648273 0.00913013 0.00913013 5918.82 5918.82 1 0.036 210632 7582.77 0 0 
2013 1 1 2 0 0 0.55 0.0751143 0.625114 908701 675659 50751.7 211090 0.0116001 0.0116001 2448.66 2448.66 1 0.766 10541 8074.4 0 0 
2013 1 1 3 0 0 0.42 0.0727922 0.492792 426507 336747 24512.6 55294 0.0143072 0.0143072 791.1 791.1 1 1 6102.11 6102.11 0 0 
2013 1 1 4 0 0 0.39 0.0727922 0.462792 2.07191e+006 1.65861e+006 120734 42412 0.0161708 0.0161708 685.837 685.837 1 1 33504.5 33504.5 0 0 
2013 2 1 0 0 0 1.19 0 1.19 2.00347e+008 1.17141e+008 0 0 0.00413879 0.00413879 0 0 1 0 829196 0 0 0 
2013 2 1 1 0 0 0.54 0 0.54 1.09078e+007 8.42836e+006 0 0 0.00864887 0.00864887 0 0 1 0.036 94340.5 3396.26 0 0 
2013 2 1 2 0 0 0.45 0 0.45 486337 391633 0 0 0.0138555 0.0138555 0 0 1 0.766 6738.46 5161.66 0 0 
2013 2 1 3 0 0 0.44 0 0.44 260561 210796 0 0 0.0189296 0.0189296 0 0 1 1 4932.32 4932.32 0 0 
2013 2 1 4 0 0 0.42 0 0.42 1.30431e+006 1.06504e+006 0 0 0.0204515 0.0204515 0 0 1 1 26675.2 26675.2 0 0 
2014 1 1 1 0 0 0.7 0.19639 0.89639 6.095e+007 4.02503e+007 7.90473e+006 5.38352e+006 0.00855421 0.00855421 46051.8 46051.8 1 0.036 521379 18769.6 0 0 
2014 1 1 2 0 0 0.55 0.300732 0.850732 6.35652e+006 4.28059e+006 1.28731e+006 2.37271e+006 0.0126686 0.0126686 30059 30059 1 0.766 80528.4 61684.8 0 0 
2014 1 1 3 0 0 0.42 0.291436 0.711436 310102 221891 64666.8 642831 0.0138844 0.0138844 8925.34 8925.34 1 1 4305.59 4305.59 0 0 
2014 1 1 4 0 0 0.39 0.291436 0.681436 1.02481e+006 743089 216562 319330 0.0182893 0.0182893 5840.33 5840.33 1 1 18743 18743 0 0 
2014 2 1 0 0 0 1.19 0.00015155 1.19015 2.42103e+008 1.41546e+008 21451.4 0 0.00413879 0.00413879 0 0 1 0 1.00201e+006 0 0 0 
2014 2 1 1 0 0 0.54 0.000253499 0.540253 2.487e+007 1.92146e+007 4870.86 0 0.00864887 0.00864887 0 0 1 0.036 215098 7743.52 0 0 
2014 2 1 2 0 0 0.45 0.000388184 0.450388 2.71488e+006 2.18582e+006 848.501 0 0.0138555 0.0138555 0 0 1 0.766 37616.2 28814 0 0 
2014 2 1 3 0 0 0.44 0.000376183 0.440376 152241 123143 46.3243 0 0.0189296 0.0189296 0 0 1 1 2881.87 2881.87 0 0 
2014 2 1 4 0 0 0.42 0.000376183 0.420376 518440 423261 159.224 0 0.0204515 0.0204515 0 0 1 1 10602.9 10602.9 0 0 
2015 1 1 1 0 0 0.7 0.258918 0.958918 7.36416e+007 4.73599e+007 1.22623e+007 6.45091e+006 0.00829766 0.00829766 53527.5 53527.5 1 0.036 611054 21997.9 0 0 
2015 1 1 2 0 0 0.55 0.396483 0.946483 1.44893e+007 9.36726e+006 3.71395e+006 2.33974e+006 0.0126757 0.0126757 29657.9 29657.9 1 0.766 183662 140685 0 0 
2015 1 1 3 0 0 0.42 0.384226 0.804226 1.73041e+006 1.18893e+006 456817 956214 0.0193172 0.0193172 18471.4 18471.4 1 1 33426.8 33426.8 0 0 
2015 1 1 4 0 0 0.39 0.384226 0.774226 438523 305256 117287 98917 0.0300685 0.0300685 2974.28 2974.28 1 1 13185.7 13185.7 0 0 
2015 2 1 0 0 0 1.19 0 1.19 7.25596e+006 4.24247e+006 0 0 0.00561356 0.00561356 0 0 1 0 40731.8 0 0 0 
2015 2 1 1 0 0 0.54 0 0.54 2.82274e+007 2.1811e+007 0 0 0.0117307 0.0117307 0 0 1 0.036 331127 11920.6 0 0 
2015 2 1 2 0 0 0.45 0 0.45 5.62335e+006 4.52832e+006 0 0 0.0187927 0.0187927 0 0 1 0.766 105678 80949.1 0 0 
2015 2 1 3 0 0 0.44 0 0.44 774247 626372 0 0 0.0256748 0.0256748 0 0 1 1 19878.6 19878.6 0 0 
2015 2 1 4 0 0 0.42 0 0.42 202186 165096 0 0 0.027739 0.027739 0 0 1 1 5608.43 5608.43 0 0 
2016 1 1 1 0 0 0.7 0.1008 0.8008 2.20742e+006 1.51892e+006 153108 155772 0.00397148 0.00397148 618.645 618.645 1 0.036 8766.71 315.601 0 0 
2016 1 1 2 0 0 0.55 0.154356 0.704356 1.64495e+007 1.18071e+007 1.8225e+006 2.00568e+006 0.012411 0.012411 24892.6 24892.6 1 0.766 204155 156383 0 0 
2016 1 1 3 0 0 0.42 0.149584 0.569584 3.58561e+006 2.73359e+006 408902 415113 0.0198024 0.0198024 8220.24 8220.24 1 1 71003.7 71003.7 0 0 
2016 1 1 4 0 0 0.39 0.149584 0.539584 631489 488036 73002.4 284232 0.0320645 0.0320645 9113.75 9113.75 1 1 20248.3 20248.3 0 0 
2016 2 1 0 0 0 1.19 0 1.19 4.80704e+008 2.81062e+008 0 0 0.00149767 0.00149767 0 0 1 0 719933 0 0 0 
2016 2 1 1 0 0 0.54 0 0.54 991063 765783 0 0 0.00312969 0.00312969 0 0 1 0.036 3101.72 111.662 0 0 
2016 2 1 2 0 0 0.45 0 0.45 8.13306e+006 6.54931e+006 0 0 0.00501377 0.00501377 0 0 1 0.766 40777.3 31235.4 0 0 
2016 2 1 3 0 0 0.44 0 0.44 2.02859e+006 1.64115e+006 0 0 0.00684988 0.00684988 0 0 1 1 13895.6 13895.6 0 0 
2016 2 1 4 0 0 0.42 0 0.42 368152 300616 0 0 0.0074006 0.0074006 0 0 1 1 2724.55 2724.55 0 0 
2017 1 1 1 0 0 0.7 0.224006 0.924006 1.4624e+008 9.54471e+007 2.13808e+007 1.17342e+007 0.00767755 0.00767755 90090 90090 1 0.036 1.12277e+006 40419.6 0 0 
2017 1 1 2 0 0 0.55 0.343022 0.893022 577540 381945 131016 670880 0.0119162 0.0119162 7994.35 7994.35 1 0.766 6882.09 5271.68 0 0 
2017 1 1 3 0 0 0.42 0.332418 0.752418 5.18587e+006 3.64445e+006 1.21148e+006 434280 0.017676 0.017676 7676.34 7676.34 1 1 91665.5 91665.5 0 0 
2017 1 1 4 0 0 0.39 0.332418 0.722418 1.54838e+006 1.10258e+006 366517 408731 0.024176 0.024176 9881.46 9881.46 1 1 37433.6 37433.6 0 0 
2017 2 1 0 0 0 1.19 0 1.19 2.16709e+007 1.26707e+007 0 0 0.00425251 0.00425251 0 0 1 0 92155.9 0 0 0 
2017 2 1 1 0 0 0.54 0 0.54 5.80465e+007 4.48519e+007 0 0 0.00878951 0.00878951 0 0 1 0.036 510200 18367.2 0 0 
2017 2 1 2 0 0 0.45 0 0.45 236455 190410 0 0 0.0141419 0.0141419 0 0 1 0.766 3343.93 2561.45 0 0 
2017 2 1 3 0 0 0.44 0 0.44 2.44371e+006 1.97698e+006 0 0 0.0188923 0.0188923 0 0 1 1 46167.4 46167.4 0 0 
2017 2 1 4 0 0 0.42 0 0.42 751858 613934 0 0 0.0204941 0.0204941 0 0 1 1 15408.7 15408.7 0 0 
2018 1 1 1 0 0  -1 -1 -1 6.59276e+006  -1  -1  -1 0.0058391  -1 -1 -1 -1 0.036 38495.8 1385.85 0 0 
2018 1 1 2 0 0  -1 -1 -1 3.38265e+007  -1  -1  -1 0.00985423  -1 -1 -1 -1 0.766 333334 255334 0 0 
2018 1 1 3 0 0  -1 -1 -1 150770  -1  -1  -1 0.0134587  -1 -1 -1 -1 1 2029.16 2029.16 0 0 
2018 1 1 4 0 0  -1 -1 -1 2.06785e+006  -1  -1  -1 0.0205681  -1 -1 -1 -1 1 42531.8 42531.8 0 0 
