Year Quarter Species.n Age M1 M2 M F Z N N.bar C.hat C.obs west weca Yield CWsum prop.landed propmat BIO SSB Lsea ration
1986 1 1 1 0 0 0.76 0.285956 1.04596 8.09941e+007 5.02281e+007 1.4363e+007 1.89386e+007 0.00612192 0.00612192 115940 115940 1 0.036 495840 17850.2 0 0 
1986 1 1 2 0 0 0.6 0.316285 0.916285 5.59889e+006 3.66624e+006 1.15958e+006 2.06275e+006 0.0097272 0.0097272 20064.7 20064.7 1 0.766 54461.6 41717.6 0 0 
1986 1 1 3 0 0 0.42 0.258149 0.678149 271999 197515 50988.2 160842 0.0124354 0.0124354 2000.13 2000.13 1 1 3382.41 3382.41 0 0 
1986 1 1 4 0 0 0.36 0.258149 0.618149 693287 517102 133489 0 0.0159119 0.0159119 0 0 1 1 11031.5 11031.5 0 0 
1986 2 1 0 0 0 1.34 0.0757007 1.4157 5.09465e+008 2.72508e+008 2.0629e+007 7.96453e+006 0.00401849 0.00401849 32005.4 32005.4 1 0 2.04728e+006 0 0 0 
1986 2 1 1 0 0 0.6 0.13757 0.73757 2.84577e+007 2.01298e+007 2.76925e+006 7.98688e+006 0.0126501 0.0126501 101035 101035 1 0.036 359994 12959.8 0 0 
1986 2 1 2 0 0 0.47 0.15216 0.62216 2.23957e+006 1.66743e+006 253716 533151 0.0210498 0.0210498 11222.7 11222.7 1 0.766 47142.6 36111.2 0 0 
1986 2 1 3 0 0 0.37 0.124192 0.494192 138055 108930 13528.3 2472 0.018856 0.018856 46.612 46.612 1 1 2603.15 2603.15 0 0 
1986 2 1 4 0 0 0.35 0.124192 0.474192 373641 297541 36952.1 0 0.020372 0.020372 0 0 1 1 7611.81 7611.81 0 0 
1987 1 1 1 0 0 0.75 0.577155 1.32716 1.23675e+008 6.84719e+007 3.95189e+007 3.37598e+007 0.00642898 0.00642898 217041 217041 1 0.036 795107 28623.8 0 0 
1987 1 1 2 0 0 0.6 0.638369 1.23837 1.36106e+007 7.80502e+006 4.98248e+006 1.40202e+007 0.0116638 0.0116638 163529 163529 1 0.766 158751 121604 0 0 
1987 1 1 3 0 0 0.42 0.521031 0.941031 1.20216e+006 778986 405875 453114 0.0204766 0.0204766 9278.22 9278.22 1 1 24616.2 24616.2 0 0 
1987 1 1 4 0 0 0.36 0.521031 0.881031 316772 210567 109712 199797 0.0224777 0.0224777 4490.97 4490.97 1 1 7120.29 7120.29 0 0 
1987 2 1 0 0 0 1.43 0.0011002 1.4311 1.16975e+008 6.21985e+007 68430.7 5156 0.00690042 0.00690042 35.5786 35.5786 1 0 807173 0 0 0 
1987 2 1 1 0 0 0.57 0.00199937 0.571999 3.28025e+007 2.49806e+007 49945.6 65133 0.0127681 0.0127681 831.624 831.624 1 0.036 418825 15077.7 0 0 
1987 2 1 2 0 0 0.44 0.00221143 0.442211 3.94513e+006 3.18837e+006 7050.85 4402 0.0203888 0.0203888 89.7517 89.7517 1 0.766 80436.6 61614.5 0 0 
1987 2 1 3 0 0 0.35 0.00180494 0.351805 469115 395479 713.818 0 0.0315782 0.0315782 0 0 1 1 14813.8 14813.8 0 0 
1987 2 1 4 0 0 0.34 0.00180494 0.341805 131256 111176 200.666 0 0.0296158 0.0296158 0 0 1 1 3887.25 3887.25 0 0 
1988 1 1 1 0 0 0.71 0.687366 1.39737 2.79623e+007 1.50631e+007 1.03539e+007 6.58391e+006 0.00511373 0.00511373 33668.3 33668.3 1 0.036 142991 5147.69 0 0 
1988 1 1 2 0 0 0.57 0.760269 1.33027 1.85136e+007 1.02374e+007 7.78318e+006 1.73206e+007 0.0130874 0.0130874 226682 226682 1 0.766 242295 185598 0 0 
1988 1 1 3 0 0 0.39 0.620524 1.01052 2.53519e+006 1.59552e+006 990059 893461 0.0230178 0.0230178 20565.5 20565.5 1 1 58354.5 58354.5 0 0 
1988 1 1 4 0 0 0.35 0.620524 0.970524 423240 270865 168078 19296 0.0361685 0.0361685 697.908 697.908 1 1 15308 15308 0 0 
1988 2 1 0 0 0 1.54 0.051177 1.59118 3.59448e+008 1.79888e+008 9.2061e+006 8.76886e+006 0.00408872 0.00408872 35853.4 35853.4 1 0 1.46968e+006 0 0 0 
1988 2 1 1 0 0 0.58 0.093003 0.673003 6.91359e+006 5.03186e+006 467978 852565 0.00642828 0.00642828 5480.52 5480.52 1 0.036 44442.5 1599.93 0 0 
1988 2 1 2 0 0 0.43 0.102867 0.532867 4.89511e+006 3.7947e+006 390350 233220 0.0160827 0.0160827 3750.81 3750.81 1 0.766 78726.7 60304.7 0 0 
1988 2 1 3 0 0 0.35 0.083959 0.433959 922882 748713 62861.2 143977 0.0224875 0.0224875 3237.68 3237.68 1 1 20753.3 20753.3 0 0 
1988 2 1 4 0 0 0.34 0.083959 0.423959 160359 130701 10973.5 13414 0.0314608 0.0314608 422.015 422.015 1 1 5045.02 5045.02 0 0 
1989 1 1 1 0 0 0.68 0.864479 1.54448 7.32143e+007 3.72868e+007 3.22337e+007 4.70045e+007 0.00613012 0.00613012 288143 288143 1 0.036 448813 16157.3 0 0 
1989 1 1 2 0 0 0.55 0.956167 1.50617 3.52714e+006 1.82248e+006 1.7426e+006 1.8442e+006 0.0104668 0.0104668 19303 19303 1 0.766 36917.9 28279.1 0 0 
1989 1 1 3 0 0 0.39 0.780414 1.17041 2.87304e+006 1.69317e+006 1.32137e+006 2.80604e+006 0.0143234 0.0143234 40192.2 40192.2 1 1 41151.8 41151.8 0 0 
1989 1 1 4 0 0 0.36 0.780414 1.14041 702918 419325 327247 4091 0.0187797 0.0187797 76.8276 76.8276 1 1 13200.6 13200.6 0 0 
1989 2 1 0 0 0 1.33 0.0032651 1.33327 1.07682e+008 5.94747e+007 194191 159140 0.00478346 0.00478346 761.24 761.24 1 0 515094 0 0 0 
1989 2 1 1 0 0 0.49 0.00593362 0.495934 1.56256e+007 1.23194e+007 73098.4 190120 0.00930316 0.00930316 1768.72 1768.72 1 0.036 145368 5233.24 0 0 
1989 2 1 2 0 0 0.36 0.00656294 0.366563 782173 654837 4297.66 12901 0.0127297 0.0127297 164.226 164.226 1 0.766 9956.85 7626.95 0 0 
1989 2 1 3 0 0 0.33 0.00535661 0.335357 891327 757266 4056.38 0 0.0140224 0.0140224 0 0 1 1 12498.6 12498.6 0 0 
1989 2 1 4 0 0 0.32 0.00535661 0.325357 224713 191819 1027.5 0 0.0175215 0.0175215 0 0 1 1 3937.32 3937.32 0 0 
1990 1 1 1 0 0 0.63 0.426028 1.05603 2.83867e+007 1.75306e+007 7.46853e+006 9.3022e+006 0.00745268 0.00745268 69326.3 69326.3 1 0.036 211557 7616.05 0 0 
1990 1 1 2 0 0 0.49 0.471213 0.961213 9.51604e+006 6.11397e+006 2.88098e+006 2.79071e+006 0.00983297 0.00983297 27441 27441 1 0.766 93570.9 71675.3 0 0 
1990 1 1 3 0 0 0.34 0.3846 0.7246 542134 385675 148330 412858 0.015173 0.015173 6264.27 6264.27 1 1 8225.77 8225.77 0 0 
1990 1 1 4 0 0 0.31 0.3846 0.6946 799676 576474 221712 124997 0.0201785 0.0201785 2522.25 2522.25 1 1 16136.2 16136.2 0 0 
1990 2 1 0 0 0 1.28 0.0498283 1.32983 1.97189e+008 1.09057e+008 5.43415e+006 9.79264e+006 0.00438372 0.00438372 42928.2 42928.2 1 0 864419 0 0 0 
1990 2 1 1 0 0 0.48 0.0905521 0.570552 9.87387e+006 7.52434e+006 681345 1.37715e+006 0.00768936 0.00768936 10589.4 10589.4 1 0.036 75923.7 2733.25 0 0 
1990 2 1 2 0 0 0.35 0.100156 0.450156 3.63921e+006 2.93033e+006 293491 285578 0.011205 0.011205 3199.89 3199.89 1 0.766 40777.2 31235.3 0 0 
1990 2 1 3 0 0 0.3 0.0817465 0.381747 262674 218351 17849.4 42584 0.0165489 0.0165489 704.718 704.718 1 1 4346.96 4346.96 0 0 
1990 2 1 4 0 0 0.29 0.0817465 0.371747 399258 333448 27258.2 12527 0.0197684 0.0197684 247.638 247.638 1 1 7892.67 7892.67 0 0 
1991 1 1 1 0 0 0.63 0.541368 1.17137 5.21609e+007 3.07282e+007 1.66352e+007 2.40087e+007 0.00732518 0.00732518 175868 175868 1 0.036 382088 13755.2 0 0 
1991 1 1 2 0 0 0.49 0.598786 1.08879 5.58084e+006 3.40029e+006 2.03605e+006 1.39065e+006 0.0114452 0.0114452 15916.2 15916.2 1 0.766 63873.8 48927.3 0 0 
1991 1 1 3 0 0 0.33 0.488723 0.818723 2.3201e+006 1.58411e+006 774191 526003 0.0363807 0.0363807 19136.3 19136.3 1 1 84406.7 84406.7 0 0 
1991 1 1 4 0 0 0.3 0.488723 0.788723 454619 314469 153688 184169 0.0263288 0.0263288 4848.95 4848.95 1 1 11969.6 11969.6 0 0 
1991 2 1 0 0 0 1.22 0.0395007 1.2595 1.24647e+008 7.08794e+007 2.79978e+006 1.44423e+007 0.00367053 0.00367053 53011.1 53011.1 1 0 457521 0 0 0 
1991 2 1 1 0 0 0.47 0.0717839 0.541784 1.61669e+007 1.24818e+007 895993 942074 0.00567683 0.00567683 5347.99 5347.99 1 0.036 91776.6 3303.96 0 0 
1991 2 1 2 0 0 0.35 0.0793973 0.429397 1.87865e+006 1.52734e+006 121266 30405 0.0137562 0.0137562 418.257 418.257 1 0.766 25843.1 19795.8 0 0 
1991 2 1 3 0 0 0.29 0.0648033 0.354803 1.02315e+006 861331 55817.1 8715 0.0275023 0.0275023 239.683 239.683 1 1 28139 28139 0 0 
1991 2 1 4 0 0 0.28 0.0648033 0.344803 206590 174737 11323.6 3176 0.0163265 0.0163265 51.8531 51.8531 1 1 3372.9 3372.9 0 0 
1992 1 1 1 0 0 0.65 0.260996 0.910996 3.53743e+007 2.32157e+007 6.05922e+006 7.10008e+006 0.0061062 0.0061062 43354.5 43354.5 1 0.036 216002 7776.08 0 0 
1992 1 1 2 0 0 0.49 0.288678 0.778678 9.40443e+006 6.53374e+006 1.88615e+006 2.86215e+006 0.0103106 0.0103106 29510.5 29510.5 1 0.766 96965.2 74275.4 0 0 
1992 1 1 3 0 0 0.33 0.235616 0.565616 1.22282e+006 933927 220048 342206 0.0146831 0.0146831 5024.65 5024.65 1 1 17954.7 17954.7 0 0 
1992 1 1 4 0 0 0.3 0.235616 0.535616 863887 668849 157592 214730 0.0230286 0.0230286 4944.94 4944.94 1 1 19894.1 19894.1 0 0 
1992 2 1 0 0 0 1.19 0.00330059 1.1933 2.58576e+008 1.50985e+008 498342 525419 0.0046382 0.0046382 2437 2437 1 0 1.19933e+006 0 0 0 
1992 2 1 1 0 0 0.52 0.00599811 0.525998 1.42248e+007 1.10617e+007 66349.5 87265 0.0134376 0.0134376 1172.63 1172.63 1 0.036 191147 6881.29 0 0 
1992 2 1 2 0 0 0.39 0.00663428 0.396634 4.31675e+006 3.56346e+006 23641 8410 0.0267209 0.0267209 224.723 224.723 1 0.766 115347 88356 0 0 
1992 2 1 3 0 0 0.29 0.00541483 0.295415 694572 601377 3256.35 3362 0.028742 0.028742 96.6307 96.6307 1 1 19963.4 19963.4 0 0 
1992 2 1 4 0 0 0.29 0.00541483 0.295415 505640 437795 2370.59 728 0.0309314 0.0309314 22.5181 22.5181 1 1 15640.2 15640.2 0 0 
1993 1 1 1 0 0 0.67 0.450076 1.12008 7.84051e+007 4.7162e+007 2.12265e+007 1.51638e+007 0.00577626 0.00577626 87590.2 87590.2 1 0.036 452888 16304 0 0 
1993 1 1 2 0 0 0.51 0.497812 1.00781 8.40638e+006 5.29653e+006 2.63668e+006 558458 0.0163847 0.0163847 9150.15 9150.15 1 0.766 137736 105506 0 0 
1993 1 1 3 0 0 0.35 0.406309 0.756309 2.90336e+006 2.03691e+006 827616 211339 0.0178928 0.0178928 3781.45 3781.45 1 1 51949.2 51949.2 0 0 
1993 1 1 4 0 0 0.33 0.406309 0.736309 893225 632179 256860 1.33609e+006 0.0232962 0.0232962 31125.8 31125.8 1 1 20808.8 20808.8 0 0 
1993 2 1 0 0 0 1.14 0.0416656 1.18167 1.90487e+008 1.1175e+008 4.65614e+006 9.66291e+006 0.00347367 0.00347367 33565.8 33565.8 1 0 661688 0 0 0 
1993 2 1 1 0 0 0.52 0.0757181 0.595718 2.55801e+007 1.92729e+007 1.4593e+006 850927 0.00733712 0.00733712 6243.35 6243.35 1 0.036 187684 6756.62 0 0 
1993 2 1 2 0 0 0.4 0.0837488 0.483749 3.06847e+006 2.43278e+006 203743 154686 0.0167194 0.0167194 2586.26 2586.26 1 0.766 51303 39298.1 0 0 
1993 2 1 3 0 0 0.32 0.068355 0.388355 1.36282e+006 1.12937e+006 77197.9 70612 0.0208143 0.0208143 1469.74 1469.74 1 1 28366.3 28366.3 0 0 
1993 2 1 4 0 0 0.31 0.068355 0.378355 427746 356135 24343.6 12195 0.0223966 0.0223966 273.126 273.126 1 1 9580.05 9580.05 0 0 
1994 1 1 1 0 0 0.69 0.502617 1.19262 5.8435e+007 3.41303e+007 1.71545e+007 2.37416e+007 0.00607808 0.00607808 144303 144303 1 0.036 355173 12786.2 0 0 
1994 1 1 2 0 0 0.53 0.555925 1.08593 1.40989e+007 8.60027e+006 4.78111e+006 4.81775e+006 0.0145701 0.0145701 70195.2 70195.2 1 0.766 205422 157353 0 0 
1994 1 1 3 0 0 0.36 0.453741 0.813741 1.89161e+006 1.29434e+006 587294 938476 0.020636 0.020636 19366.3 19366.3 1 1 39035.2 39035.2 0 0 
1994 1 1 4 0 0 0.34 0.453741 0.793741 1.21723e+006 840147 381209 386452 0.0211218 0.0211218 8162.58 8162.58 1 1 25710.1 25710.1 0 0 
1994 2 1 0 0 0 1.11 0.0157222 1.12572 1.79353e+008 1.07635e+008 1.69226e+006 0 0.00355205 0.00355205 0 0 1 0 637070 0 0 0 
1994 2 1 1 0 0 0.58 0.0285717 0.608572 1.77307e+007 1.32818e+007 379484 614909 0.0129762 0.0129762 7979.17 7979.17 1 0.036 230077 8282.77 0 0 
1994 2 1 2 0 0 0.46 0.031602 0.491602 4.75963e+006 3.76e+006 118823 684228 0.0208401 0.0208401 14259.4 14259.4 1 0.766 99191.1 75980.3 0 0 
1994 2 1 3 0 0 0.34 0.0257932 0.365793 838357 702129 18110.2 77945 0.0351862 0.0351862 2742.59 2742.59 1 1 29498.6 29498.6 0 0 
1994 2 1 4 0 0 0.32 0.0257932 0.345793 550370 465295 12001.5 10064 0.0271307 0.0271307 273.044 273.044 1 1 14931.9 14931.9 0 0 
1995 1 1 1 0 0 0.71 0.409046 1.11905 5.81852e+007 3.50141e+007 1.43224e+007 2.50371e+007 0.00556302 0.00556302 139282 139282 1 0.036 323685 11652.7 0 0 
1995 1 1 2 0 0 0.56 0.45243 1.01243 9.64777e+006 6.06698e+006 2.74489e+006 1.89381e+006 0.00974284 0.00974284 18451.1 18451.1 1 0.766 93996.7 72001.5 0 0 
1995 1 1 3 0 0 0.41 0.369269 0.779269 2.91121e+006 2.02204e+006 746678 238187 0.0138145 0.0138145 3290.44 3290.44 1 1 40216.9 40216.9 0 0 
1995 1 1 4 0 0 0.38 0.369269 0.749269 970998 683327 252331 155747 0.0164799 0.0164799 2566.69 2566.69 1 1 16001.9 16001.9 0 0 
1995 2 1 0 0 0 1.01 0.00713354 1.01713 1.54259e+008 9.68153e+007 690636 1.02014e+006 0.00471425 0.00471425 4809.2 4809.2 1 0 727214 0 0 0 
1995 2 1 1 0 0 0.55 0.0129637 0.562964 1.90028e+007 1.45308e+007 188373 483714 0.00819298 0.00819298 3963.06 3963.06 1 0.036 155689 5604.82 0 0 
1995 2 1 2 0 0 0.45 0.0143386 0.464339 3.50537e+006 2.80413e+006 40207.4 78009 0.0102165 0.0102165 796.978 796.978 1 0.766 35812.6 27432.4 0 0 
1995 2 1 3 0 0 0.35 0.011703 0.361703 1.33549e+006 1.12063e+006 13114.8 12661 0.0136509 0.0136509 172.834 172.834 1 1 18230.7 18230.7 0 0 
1995 2 1 4 0 0 0.34 0.011703 0.351703 459002 386972 4528.74 17071 0.0161155 0.0161155 275.107 275.107 1 1 7397.03 7397.03 0 0 
1996 1 1 1 0 0 0.66 0.358557 1.01856 5.57846e+007 3.49906e+007 1.25461e+007 4.3192e+006 0.00879351 0.00879351 37980.9 37980.9 1 0.036 490542 17659.5 0 0 
1996 1 1 2 0 0 0.53 0.396585 0.926585 1.08224e+007 7.0558e+006 2.79823e+006 3.39364e+006 0.0133054 0.0133054 45153.6 45153.6 1 0.766 143996 110301 0 0 
1996 1 1 3 0 0 0.39 0.323689 0.713689 2.2033e+006 1.57499e+006 509806 464830 0.0260509 0.0260509 12109.3 12109.3 1 1 57398.1 57398.1 0 0 
1996 1 1 4 0 0 0.36 0.323689 0.683689 1.25306e+006 907686 293808 398636 0.0384783 0.0384783 15338.8 15338.8 1 1 48215.5 48215.5 0 0 
1996 2 1 0 0 0 0.99 0.0427658 1.03277 7.52767e+008 4.69386e+008 2.00737e+007 6.26264e+006 0.00248953 0.00248953 15591 15591 1 0 1.87404e+006 0 0 0 
1996 2 1 1 0 0 0.57 0.0777175 0.647717 2.01447e+007 1.48278e+007 1.15238e+006 3.11138e+006 0.00804549 0.00804549 25032.6 25032.6 1 0.036 162074 5834.66 0 0 
1996 2 1 2 0 0 0.47 0.0859603 0.55596 4.28464e+006 3.28676e+006 282530 96913 0.0140038 0.0140038 1357.15 1357.15 1 0.766 60001.2 45960.9 0 0 
1996 2 1 3 0 0 0.36 0.0701599 0.43016 1.07925e+006 877119 61538.6 32879 0.0157473 0.0157473 517.757 517.757 1 1 16995.4 16995.4 0 0 
1996 2 1 4 0 0 0.35 0.0701599 0.42016 632483 516419 36231.9 247648 0.023997 0.023997 5942.82 5942.82 1 1 15177.7 15177.7 0 0 
1997 1 1 1 0 0 0.64 0.671752 1.31175 2.68001e+008 1.49278e+008 1.00278e+008 6.68562e+007 0.00522665 0.00522665 349434 349434 1 0.036 1.40075e+006 50426.8 0 0 
1997 1 1 2 0 0 0.52 0.742999 1.263 1.05405e+007 5.98543e+006 4.44716e+006 2.9118e+006 0.010111 0.010111 29441.3 29441.3 1 0.766 106575 81636.6 0 0 
1997 1 1 3 0 0 0.4 0.606428 1.00643 2.45733e+006 1.54916e+006 939457 606997 0.0137351 0.0137351 8337.19 8337.19 1 1 33751.8 33751.8 0 0 
1997 1 1 4 0 0 0.38 0.606428 0.986428 1.11746e+006 710391 430801 194194 0.0182619 0.0182619 3546.34 3546.34 1 1 20406.8 20406.8 0 0 
1997 2 1 0 0 0 0.9 0.0657989 0.965799 6.41573e+007 4.1141e+007 2.70704e+006 2.97527e+006 0.002919 0.002919 8684.79 8684.79 1 0 187275 0 0 0 
1997 2 1 1 0 0 0.53 0.119575 0.649575 7.21854e+007 5.3089e+007 6.34813e+006 1.03879e+007 0.00669439 0.00669439 69540.9 69540.9 1 0.036 483237 17396.5 0 0 
1997 2 1 2 0 0 0.43 0.132258 0.562258 2.9809e+006 2.28013e+006 301565 134153 0.0102162 0.0102162 1370.54 1370.54 1 0.766 30453.5 23327.4 0 0 
1997 2 1 3 0 0 0.38 0.107947 0.487947 898209 710756 76724.2 12655 0.0142418 0.0142418 180.23 180.23 1 1 12792.1 12792.1 0 0 
1997 2 1 4 0 0 0.36 0.107947 0.467947 416706 332791 35923.9 9368 0.0144352 0.0144352 135.229 135.229 1 1 6015.22 6015.22 0 0 
1998 1 1 1 0 0 0.63 0.795526 1.42553 2.44233e+007 1.30144e+007 1.03533e+007 3.95389e+006 0.00495911 0.00495911 19607.8 19607.8 1 0.036 121118 4360.25 0 0 
1998 1 1 2 0 0 0.49 0.8799 1.3699 3.77001e+007 2.05265e+007 1.80613e+007 2.81367e+007 0.0100695 0.0100695 283323 283323 1 0.766 379621 290790 0 0 
1998 1 1 3 0 0 0.38 0.718166 1.09817 1.69888e+006 1.03111e+006 740509 2.55289e+006 0.0136805 0.0136805 34924.8 34924.8 1 1 23241.5 23241.5 0 0 
1998 1 1 4 0 0 0.35 0.718166 1.06817 812374 499184 358497 290096 0.0202764 0.0202764 5882.1 5882.1 1 1 16472 16472 0 0 
1998 2 1 0 0 0 0.97 0.139832 1.10983 9.32954e+007 5.63544e+007 7.88013e+006 3.01361e+007 0.00318996 0.00318996 96132.8 96132.8 1 0 297608 0 0 0 
1998 2 1 1 0 0 0.51 0.254114 0.764114 5.87093e+006 4.10484e+006 1.0431e+006 992451 0.00703464 0.00703464 6981.53 6981.53 1 0.036 41299.9 1486.79 0 0 
1998 2 1 2 0 0 0.41 0.281065 0.691065 9.58081e+006 6.91747e+006 1.94426e+006 740255 0.0151749 0.0151749 11233.3 11233.3 1 0.766 145388 111367 0 0 
1998 2 1 3 0 0 0.36 0.229403 0.589403 566545 428071 98200.5 192391 0.0173239 0.0173239 3332.97 3332.97 1 1 9814.79 9814.79 0 0 
1998 2 1 4 0 0 0.33 0.229403 0.559403 279163 213812 49049.1 31983 0.0207258 0.0207258 662.874 662.874 1 1 5785.88 5785.88 0 0 
1999 1 1 1 0 0 0.73 0.489428 1.21943 3.07515e+007 1.77686e+007 8.69646e+006 5.18218e+006 0.00735028 0.00735028 38090.5 38090.5 1 0.036 226032 8137.17 0 0 
1999 1 1 2 0 0 0.54 0.749604 1.2896 2.73437e+006 1.53642e+006 1.15171e+006 1.55357e+006 0.0100665 0.0100665 15638.9 15638.9 1 0.766 27525.4 21084.4 0 0 
1999 1 1 3 0 0 0.36 0.720402 1.0804 4.80039e+006 2.93488e+006 2.1143e+006 1.97927e+006 0.0141363 0.0141363 27979.7 27979.7 1 1 67859.9 67859.9 0 0 
1999 1 1 4 0 0 0.33 0.720402 1.0504 473795 293281 211280 421461 0.026348 0.026348 11104.7 11104.7 1 1 12483.6 12483.6 0 0 
1999 2 1 0 0 0 1.04 0.142355 1.18235 1.21155e+008 7.10566e+007 1.01153e+007 6.4435e+006 0.00866435 0.00866435 55828.7 55828.7 1 0 1.04973e+006 0 0 0 
1999 2 1 1 0 0 0.58 0.217839 0.797839 9.08397e+006 6.25872e+006 1.3634e+006 1.83535e+006 0.0145334 0.0145334 26673.8 26673.8 1 0.036 132021 4752.76 0 0 
1999 2 1 2 0 0 0.47 0.333641 0.803641 752989 517493 172657 118026 0.0194472 0.0194472 2295.28 2295.28 1 0.766 14643.6 11217 0 0 
1999 2 1 3 0 0 0.33 0.320644 0.650644 1.62954e+006 1.19788e+006 384092 400916 0.0210585 0.0210585 8442.68 8442.68 1 1 34315.5 34315.5 0 0 
1999 2 1 4 0 0 0.3 0.320644 0.620644 165732 123476 39591.9 169073 0.030749 0.030749 5198.83 5198.83 1 1 5096.09 5096.09 0 0 
2000 1 1 1 0 0 0.8 0.617277 1.41728 3.71407e+007 1.98541e+007 1.22555e+007 1.87928e+007 0.00686652 0.00686652 129041 129041 1 0.036 255028 9180.99 0 0 
2000 1 1 2 0 0 0.61 0.945417 1.55542 4.09052e+006 2.07469e+006 1.96145e+006 3.28627e+006 0.0105228 0.0105228 34580.6 34580.6 1 0.766 43043.6 32971.4 0 0 
2000 1 1 3 0 0 0.42 0.908587 1.32859 337110 186534 169482 541129 0.0152704 0.0152704 8263.25 8263.25 1 1 5147.8 5147.8 0 0 
2000 1 1 4 0 0 0.39 0.908587 1.29859 939242 525884 477812 533035 0.0204507 0.0204507 10900.9 10900.9 1 1 19208.1 19208.1 0 0 
2000 2 1 0 0 0 1.12 0.00374998 1.12375 1.31742e+008 7.91266e+007 296723 0 0.00518988 0.00518988 0 0 1 0 683727 0 0 0 
2000 2 1 1 0 0 0.65 0.00573842 0.655738 9.00192e+006 6.60232e+006 37886.9 343747 0.0108453 0.0108453 3728.05 3728.05 1 0.036 97628.8 3514.64 0 0 
2000 2 1 2 0 0 0.55 0.00878893 0.558789 863514 661555 5814.36 3749 0.0173743 0.0173743 65.1362 65.1362 1 0.766 15002.9 11492.3 0 0 
2000 2 1 3 0 0 0.39 0.00844654 0.398447 89284 73641.2 622.014 1421 0.023737 0.023737 33.7302 33.7302 1 1 2119.33 2119.33 0 0 
2000 2 1 4 0 0 0.37 0.00844654 0.378447 256335 213412 1802.59 8735 0.0256454 0.0256454 224.013 224.013 1 1 6573.82 6573.82 0 0 
2001 1 1 1 0 0 0.82 0.257377 1.07738 4.2824e+007 2.62146e+007 6.74702e+006 5.32714e+006 0.00681582 0.00681582 36308.8 36308.8 1 0.036 291881 10507.7 0 0 
2001 1 1 2 0 0 0.66 0.394196 1.0542 4.67252e+006 2.88777e+006 1.13835e+006 991940 0.0136568 0.0136568 13546.7 13546.7 1 0.766 63811.8 48879.8 0 0 
2001 1 1 3 0 0 0.49 0.37884 0.86884 493845 329989 125013 163012 0.0178215 0.0178215 2905.11 2905.11 1 1 8801.04 8801.04 0 0 
2001 1 1 4 0 0 0.45 0.37884 0.82884 235512 160101 60652.6 160096 0.0232335 0.0232335 3719.59 3719.59 1 1 5471.78 5471.78 0 0 
2001 2 1 0 0 0 1.19 0.147547 1.33755 1.23974e+008 6.83582e+007 1.00861e+007 1.82627e+007 0.00555258 0.00555258 101405 101405 1 0 688376 0 0 0 
2001 2 1 1 0 0 0.78 0.225785 1.00578 1.4581e+007 9.19473e+006 2.07603e+006 3.96802e+006 0.00893764 0.00893764 35464.8 35464.8 1 0.036 130320 4691.53 0 0 
2001 2 1 2 0 0 0.67 0.345811 1.01581 1.62824e+006 1.02248e+006 353583 9186 0.0159635 0.0159635 146.641 146.641 1 0.766 25992.5 19910.3 0 0 
2001 2 1 3 0 0 0.51 0.332339 0.842339 207137 139994 46525.6 2437 0.0158855 0.0158855 38.713 38.713 1 1 3290.48 3290.48 0 0 
2001 2 1 4 0 0 0.49 0.332339 0.822339 102814 70089.5 23293.5 5818 0.0254591 0.0254591 148.121 148.121 1 1 2617.55 2617.55 0 0 
2002 1 1 1 0 0 0.84 0.383853 1.22385 3.25418e+007 1.87698e+007 7.20484e+006 9.07515e+006 0.00808755 0.00808755 73395.7 73395.7 1 0.036 263184 9474.61 0 0 
2002 1 1 2 0 0 0.72 0.587907 1.30791 5.33313e+006 2.97508e+006 1.74907e+006 2.6805e+006 0.0127178 0.0127178 34090.1 34090.1 1 0.766 67825.6 51954.4 0 0 
2002 1 1 3 0 0 0.58 0.565004 1.145 589602 351071 198356 387226 0.0146254 0.0146254 5663.34 5663.34 1 1 8623.17 8623.17 0 0 
2002 1 1 4 0 0 0.54 0.565004 1.105 134391 81338.7 45956.7 135214 0.0192277 0.0192277 2599.86 2599.86 1 1 2584.04 2584.04 0 0 
2002 2 1 0 0 0 1.22 0 1.22 3.09099e+007 1.78561e+007 0 0 0.00944091 0.00944091 0 0 1 0 291818 0 0 0 
2002 2 1 1 0 0 0.8 0 0.8 9.57038e+006 6.58767e+006 0 20983 0.0197288 0.0197288 413.969 413.969 1 0.036 188812 6797.23 0 0 
2002 2 1 2 0 0 0.67 0 0.67 1.442e+006 1.05092e+006 0 2940 0.0316056 0.0316056 92.9205 92.9205 1 0.766 45575.3 34910.7 0 0 
2002 2 1 3 0 0 0.63 0 0.63 187625 139202 0 972 0.04318 0.04318 41.9709 41.9709 1 1 8101.63 8101.63 0 0 
2002 2 1 4 0 0 0.61 0 0.61 44511.7 33321.7 0 0 0.0466516 0.0466516 0 0 1 1 2076.54 2076.54 0 0 
2003 1 1 1 0 0 0.83 0.190401 1.0204 9.12555e+006 5.71956e+006 1.08901e+006 939264 0.00530455 0.00530455 4982.37 4982.37 1 0.036 48406.9 1742.65 0 0 
2003 1 1 2 0 0 0.72 0.291617 1.01162 4.30025e+006 2.70512e+006 788859 807536 0.014609 0.014609 11797.3 11797.3 1 0.766 62822.2 48121.8 0 0 
2003 1 1 3 0 0 0.58 0.280256 0.860256 737884 494875 138692 129911 0.0202727 0.0202727 2633.65 2633.65 1 1 14958.9 14958.9 0 0 
2003 1 1 4 0 0 0.54 0.280256 0.820256 124113 84685.3 23733.6 78008 0.0268849 0.0268849 2097.24 2097.24 1 1 3336.76 3336.76 0 0 
2003 2 1 0 0 0 1.22 0.0195191 1.23952 7.00998e+007 4.01803e+007 784284 2.75463e+006 0.00433872 0.00433872 11951.6 11951.6 1 0 304144 0 0 0 
2003 2 1 1 0 0 0.77 0.0298692 0.799869 3.28931e+006 2.26429e+006 67632.5 61180 0.00544479 0.00544479 333.112 333.112 1 0.036 17909.6 644.745 0 0 
2003 2 1 2 0 0 0.64 0.0457475 0.685747 1.5637e+006 1.13168e+006 51771.4 53181 0.0152904 0.0152904 813.158 813.158 1 0.766 23909.6 18314.8 0 0 
2003 2 1 3 0 0 0.62 0.0439653 0.663965 312164 228115 10029.1 1981 0.024123 0.024123 47.7876 47.7876 1 1 7530.34 7530.34 0 0 
2003 2 1 4 0 0 0.6 0.0439653 0.643965 54649.2 40292.7 1771.48 618 0.0266977 0.0266977 16.4992 16.4992 1 1 1459.01 1459.01 0 0 
2004 1 1 1 0 0 0.85 0.131663 0.981663 2.02955e+007 1.29281e+007 1.70216e+006 1.97572e+006 0.00727504 0.00727504 14373.4 14373.4 1 0.036 147651 5315.43 0 0 
2004 1 1 2 0 0 0.71 0.201655 0.911655 1.47817e+006 969838 195572 255504 0.00950606 0.00950606 2428.84 2428.84 1 0.766 14051.6 10763.5 0 0 
2004 1 1 3 0 0 0.56 0.193799 0.753799 787658 553205 107211 74336 0.0145012 0.0145012 1077.96 1077.96 1 1 11422 11422 0 0 
2004 1 1 4 0 0 0.51 0.193799 0.703799 189406 135986 26353.9 91547 0.0150529 0.0150529 1378.04 1378.04 1 1 2851.11 2851.11 0 0 
2004 2 1 0 0 0 1.21 0.0193268 1.22933 4.51431e+007 2.59811e+007 502131 1.09099e+006 0.0057863 0.0057863 6312.8 6312.8 1 0 261211 0 0 0 
2004 2 1 1 0 0 0.7 0.029575 0.729575 7.60448e+006 5.39801e+006 159646 737017 0.00728973 0.00728973 5372.65 5372.65 1 0.036 55434.6 1995.65 0 0 
2004 2 1 2 0 0 0.57 0.0452968 0.615297 594017 443627 20094.9 15674 0.0140702 0.0140702 220.536 220.536 1 0.766 8357.92 6402.17 0 0 
2004 2 1 3 0 0 0.55 0.0435322 0.593532 370653 279537 12168.9 6082 0.0184149 0.0184149 112 112 1 1 6825.54 6825.54 0 0 
2004 2 1 4 0 0 0.53 0.0435322 0.573532 93699.7 71307.2 3104.16 667 0.0126909 0.0126909 8.46484 8.46484 1 1 1189.13 1189.13 0 0 
2005 1 1 1 0 0 0.84 0.0714003 0.9114 1.32039e+007 8.66407e+006 618617 1.404e+006 0.00775701 0.00775701 10890.9 10890.9 1 0.036 102423 3687.22 0 0 
2005 1 1 2 0 0 0.69 0.109356 0.799356 3.66623e+006 2.52431e+006 276049 145503 0.01651 0.01651 2402.26 2402.26 1 0.766 60529.6 46365.7 0 0 
2005 1 1 3 0 0 0.5 0.105096 0.605096 321055 240874 25314.9 20577 0.019863 0.019863 408.721 408.721 1 1 6377.12 6377.12 0 0 
2005 1 1 4 0 0 0.47 0.105096 0.575096 257541 195855 20583.6 12410 0.0225652 0.0225652 280.034 280.034 1 1 5811.46 5811.46 0 0 
2005 2 1 0 0 0 1.15 0 1.15 7.73408e+007 4.59582e+007 0 0 0.00335238 0.00335238 0 0 1 0 259276 0 0 0 
2005 2 1 1 0 0 0.65 0 0.65 5.30745e+006 3.90264e+006 0 520 0.0070055 0.0070055 3.64286 3.64286 1 0.036 37181.3 1338.53 0 0 
2005 2 1 2 0 0 0.53 0 0.53 1.6484e+006 1.27952e+006 0 479 0.0112228 0.0112228 5.37574 5.37574 1 0.766 18499.8 14170.8 0 0 
2005 2 1 3 0 0 0.47 0 0.47 175303 139868 0 0 0.0153328 0.0153328 0 0 1 1 2687.88 2687.88 0 0 
2005 2 1 4 0 0 0.45 0 0.45 144906 116688 0 0 0.0165655 0.0165655 0 0 1 1 2400.44 2400.44 0 0 
2006 1 1 1 0 0 0.82 0.030513 0.850513 2.44889e+007 1.64928e+007 503245 768971 0.00749782 0.00749782 5765.6 5765.6 1 0.036 183614 6610.09 0 0 
2006 1 1 2 0 0 0.66 0.0467334 0.706733 2.77073e+006 1.98669e+006 92844.8 46719 0.0134765 0.0134765 629.61 629.61 1 0.766 37339.8 28602.3 0 0 
2006 1 1 3 0 0 0.48 0.0449129 0.524913 970258 754881 33903.9 26550 0.0171303 0.0171303 454.809 454.809 1 1 16620.8 16620.8 0 0 
2006 1 1 4 0 0 0.44 0.0449129 0.484913 201961 160035 7187.65 4038 0.0268654 0.0268654 108.482 108.482 1 1 5425.75 5425.75 0 0 
2006 2 1 0 0 0 1.12 0.000240383 1.12024 1.12812e+008 6.78539e+007 16310.9 0 0.0110363 0.0110363 0 0 1 0 1.24503e+006 0 0 0 
2006 2 1 1 0 0 0.61 0.000367848 0.610368 1.04616e+007 7.83029e+006 2880.36 2875 0.0230627 0.0230627 66.3054 66.3054 1 0.036 241273 8685.81 0 0 
2006 2 1 2 0 0 0.49 0.000563393 0.490563 1.36667e+006 1.08015e+006 608.55 665 0.0369466 0.0369466 24.5695 24.5695 1 0.766 50493.8 38678.3 0 0 
2006 2 1 3 0 0 0.42 0.000541445 0.420541 574011 468594 253.718 436 0.0504769 0.0504769 22.0079 22.0079 1 1 28974.3 28974.3 0 0 
2006 2 1 4 0 0 0.41 0.000541445 0.410541 124357 101993 55.2235 417 0.0545352 0.0545352 22.7412 22.7412 1 1 6781.86 6781.86 0 0 
2007 1 1 1 0 0 0.77 0.185214 0.955214 3.67995e+007 2.37032e+007 4.39015e+006 8.60002e+006 0.0074678 0.0074678 64223.2 64223.2 1 0.036 274811 9893.2 0 0 
2007 1 1 2 0 0 0.61 0.283672 0.893672 5.68222e+006 3.75679e+006 1.06569e+006 570907 0.0150733 0.0150733 8605.44 8605.44 1 0.766 85649.6 65607.6 0 0 
2007 1 1 3 0 0 0.45 0.272621 0.722621 836787 595810 162430 86201 0.021684 0.021684 1869.18 1869.18 1 1 18144.9 18144.9 0 0 
2007 1 1 4 0 0 0.42 0.272621 0.692621 459433 331488 90370.7 18766 0.0146238 0.0146238 274.43 274.43 1 1 6718.67 6718.67 0 0 
2007 2 1 0 0 0 1.05 0 1.05 5.95634e+007 3.68761e+007 0 0 0.00413879 0.00413879 0 0 1 0 246520 0 0 0 
2007 2 1 1 0 0 0.58 0 0.58 1.41579e+007 1.07429e+007 0 0 0.00864887 0.00864887 0 0 1 0.036 122450 4408.18 0 0 
2007 2 1 2 0 0 0.47 0 0.47 2.32488e+006 1.85495e+006 0 0 0.0138555 0.0138555 0 0 1 0.766 32212.5 24674.8 0 0 
2007 2 1 3 0 0 0.4 0 0.4 406242 334824 0 0 0.0189296 0.0189296 0 0 1 1 7689.99 7689.99 0 0 
2007 2 1 4 0 0 0.39 0 0.39 229838 190319 0 0 0.0204515 0.0204515 0 0 1 1 4700.53 4700.53 0 0 
2008 1 1 1 0 0 0.68 0.2052 0.8852 2.08435e+007 1.38305e+007 2.83802e+006 4.07721e+006 0.00801096 0.00801096 32662.4 32662.4 1 0.036 166976 6011.14 0 0 
2008 1 1 2 0 0 0.55 0.314282 0.864282 7.92696e+006 5.30718e+006 1.66795e+006 2.01223e+006 0.0150399 0.0150399 30263.8 30263.8 1 0.766 119221 91322.9 0 0 
2008 1 1 3 0 0 0.43 0.302039 0.732039 1.45306e+006 1.03033e+006 311200 459671 0.0220131 0.0220131 10118.8 10118.8 1 1 31986.3 31986.3 0 0 
2008 1 1 4 0 0 0.4 0.302039 0.702039 427925 307471 92868.2 73109 0.0258211 0.0258211 1887.76 1887.76 1 1 11049.5 11049.5 0 0 
2008 2 1 0 0 0 0.99 0 0.99 9.14006e+007 5.80184e+007 0 0 0.00413879 0.00413879 0 0 1 0 378288 0 0 0 
2008 2 1 1 0 0 0.5 0 0.5 8.60068e+006 6.7682e+006 0 0 0.00864887 0.00864887 0 0 1 0.036 74386.2 2677.9 0 0 
2008 2 1 2 0 0 0.4 0 0.4 3.34006e+006 2.75287e+006 0 0 0.0138555 0.0138555 0 0 1 0.766 46278.3 35449.1 0 0 
2008 2 1 3 0 0 0.38 0 0.38 698815 581374 0 0 0.0189296 0.0189296 0 0 1 1 13228.3 13228.3 0 0 
2008 2 1 4 0 0 0.37 0 0.37 212068 177258 0 0 0.0204515 0.0204515 0 0 1 1 4337.12 4337.12 0 0 
2009 1 1 1 0 0 0.59 0.0172398 0.60724 3.39623e+007 2.54559e+007 438856 827482 0.00633857 0.00633857 5245.06 5245.06 1 0.036 215273 7749.82 0 0 
2009 1 1 2 0 0 0.48 0.0264044 0.506404 5.21657e+006 4.09309e+006 108076 69483 0.0103908 0.0103908 721.987 721.987 1 0.766 54204.6 41520.7 0 0 
2009 1 1 3 0 0 0.37 0.0253758 0.395376 2.23891e+006 1.84929e+006 46927.3 8273 0.0198624 0.0198624 164.321 164.321 1 1 44469.9 44469.9 0 0 
2009 1 1 4 0 0 0.34 0.0253758 0.365376 624375 523020 13272 0 0.0121131 0.0121131 0 0 1 1 7563.09 7563.09 0 0 
2009 2 1 0 0 0 0.99 9.61532e-005 0.990096 1.42073e+008 9.01799e+007 8671.09 948 0.00420176 0.00420176 3.98327 3.98327 1 0 596955 0 0 0 
2009 2 1 1 0 0 0.47 0.000147139 0.470147 1.85045e+007 1.47631e+007 2172.23 11540 0.00878046 0.00878046 101.327 101.327 1 0.036 162478 5849.2 0 0 
2009 2 1 2 0 0 0.39 0.000225357 0.390225 3.14381e+006 2.60299e+006 586.602 1727 0.0140663 0.0140663 24.2926 24.2926 1 0.766 44221.9 33874 0 0 
2009 2 1 3 0 0 0.34 0.000216578 0.340217 1.50774e+006 1.27803e+006 276.794 0 0.0192176 0.0192176 0 0 1 1 28975.2 28975.2 0 0 
2009 2 1 4 0 0 0.33 0.000216578 0.330217 433276 369004 79.9181 0 0.0207627 0.0207627 0 0 1 1 8995.98 8995.98 0 0 
2010 1 1 1 0 0 0.59 0.221677 0.811677 5.27858e+007 3.6151e+007 8.01384e+006 3.0417e+006 0.00749419 0.00749419 22795.1 22795.1 1 0.036 395587 14241.1 0 0 
2010 1 1 2 0 0 0.45 0.339518 0.789518 1.15636e+007 7.99602e+006 2.7148e+006 740237 0.0177462 0.0177462 13136.4 13136.4 1 0.766 205210 157191 0 0 
2010 1 1 3 0 0 0.36 0.326292 0.686292 2.12806e+006 1.53974e+006 502405 1.0063e+006 0.0206915 0.0206915 20821.9 20821.9 1 1 44032.7 44032.7 0 0 
2010 1 1 4 0 0 0.33 0.326292 0.656292 1.38436e+006 1.01509e+006 331214 172793 0.0242997 0.0242997 4198.82 4198.82 1 1 33639.5 33639.5 0 0 
2010 2 1 0 0 0 1.11 0.000480766 1.11048 1.50518e+007 9.08949e+006 4369.92 0 0.00249189 0.00249189 0 0 1 0 37507.3 0 0 0 
2010 2 1 1 0 0 0.5 0.000735695 0.500736 2.34428e+007 1.84419e+007 13567.6 50881 0.00520732 0.00520732 264.954 264.954 1 0.036 122074 4394.68 0 0 
2010 2 1 2 0 0 0.42 0.00112679 0.421127 5.25062e+006 4.28518e+006 4828.47 1379 0.00834216 0.00834216 11.5038 11.5038 1 0.766 43801.5 33552 0 0 
2010 2 1 3 0 0 0.37 0.00108289 0.371083 1.07135e+006 895036 969.226 1073 0.0113972 0.0113972 12.2292 12.2292 1 1 12210.3 12210.3 0 0 
2010 2 1 4 0 0 0.35 0.00108289 0.351083 718165 605642 655.843 0 0.0123135 0.0123135 0 0 1 1 8843.11 8843.11 0 0 
2011 1 1 1 0 0 0.66 0.14097 0.80097 4.95806e+006 3.41139e+006 480903 1.30441e+006 0.00766062 0.00766062 9992.56 9992.56 1 0.036 37981.8 1367.35 0 0 
2011 1 1 2 0 0 0.51 0.215908 0.725908 1.42083e+007 1.0102e+007 2.18111e+006 5.22385e+006 0.0125585 0.0125585 65603.6 65603.6 1 0.766 178435 136681 0 0 
2011 1 1 3 0 0 0.39 0.207497 0.597497 3.44602e+006 2.59426e+006 538303 825133 0.0193708 0.0193708 15983.5 15983.5 1 1 66752.3 66752.3 0 0 
2011 1 1 4 0 0 0.35 0.207497 0.557497 1.24475e+006 954187 197991 24091 0.0362258 0.0362258 872.717 872.717 1 1 45092.2 45092.2 0 0 
2011 2 1 0 0 0 1.21 0 1.21 1.11359e+007 6.45883e+006 0 0 0.00413879 0.00413879 0 0 1 0 46089 0 0 0 
2011 2 1 1 0 0 0.55 0 0.55 2.22564e+006 1.71192e+006 0 0 0.00864887 0.00864887 0 0 1 0.036 19249.3 692.974 0 0 
2011 2 1 2 0 0 0.46 0 0.46 6.8752e+006 5.51087e+006 0 0 0.0138555 0.0138555 0 0 1 0.766 95259.6 72968.9 0 0 
2011 2 1 3 0 0 0.42 0 0.42 1.89595e+006 1.54815e+006 0 0 0.0189296 0.0189296 0 0 1 1 35889.7 35889.7 0 0 
2011 2 1 4 0 0 0.39 0 0.39 712795 590236 0 0 0.0204515 0.0204515 0 0 1 1 14577.7 14577.7 0 0 
2012 1 1 1 0 0 0.7 0.0855889 0.785589 3.32068e+006 2.30012e+006 196864 31625 0.00988508 0.00988508 312.615 312.615 1 0.036 32825.2 1181.71 0 0 
2012 1 1 2 0 0 0.55 0.131087 0.681087 1.28408e+006 931234 122073 186321 0.0151755 0.0151755 2827.51 2827.51 1 0.766 19486.6 14926.7 0 0 
2012 1 1 3 0 0 0.42 0.125981 0.545981 4.3402e+006 3.34451e+006 421343 1.15743e+006 0.0227181 0.0227181 26294.6 26294.6 1 1 98601 98601 0 0 
2012 1 1 4 0 0 0.39 0.125981 0.515981 1.72833e+006 1.35018e+006 170096 356271 0.0299798 0.0299798 10680.9 10680.9 1 1 51815.1 51815.1 0 0 
2012 2 1 0 0 0 1.19 0 1.19 7.80394e+007 4.56287e+007 0 0 0.00413879 0.00413879 0 0 1 0 322989 0 0 0 
2012 2 1 1 0 0 0.54 0 0.54 1.51374e+006 1.16965e+006 0 0 0.00864887 0.00864887 0 0 1 0.036 13092.1 471.317 0 0 
2012 2 1 2 0 0 0.45 0 0.45 649831 523290 0 0 0.0138555 0.0138555 0 0 1 0.766 9003.76 6896.88 0 0 
2012 2 1 3 0 0 0.44 0 0.44 2.51416e+006 2.03398e+006 0 0 0.0189296 0.0189296 0 0 1 1 47592.1 47592.1 0 0 
2012 2 1 4 0 0 0.42 0 0.42 1.03167e+006 842414 0 0 0.0204515 0.0204515 0 0 1 1 21099.2 21099.2 0 0 
2013 1 1 1 0 0 0.7 0.0416502 0.74165 2.37412e+007 1.67635e+007 698202 648273 0.00913013 0.00913013 5918.82 5918.82 1 0.036 216761 7803.39 0 0 
2013 1 1 2 0 0 0.55 0.0637911 0.613791 882128 659242 42053.8 211090 0.0116001 0.0116001 2448.66 2448.66 1 0.766 10232.7 7838.28 0 0 
2013 1 1 3 0 0 0.42 0.0613061 0.481306 414351 328880 20162.3 55294 0.0143072 0.0143072 791.1 791.1 1 1 5928.18 5928.18 0 0 
2013 1 1 4 0 0 0.39 0.0613061 0.451306 2.29707e+006 1.84864e+006 113333 42412 0.0161708 0.0161708 685.837 685.837 1 1 37145.5 37145.5 0 0 
2013 2 1 0 0 0 1.19 0 1.19 2.01139e+008 1.17604e+008 0 0 0.00413879 0.00413879 0 0 1 0 832472 0 0 0 
2013 2 1 1 0 0 0.54 0 0.54 1.13086e+007 8.73803e+006 0 0 0.00864887 0.00864887 0 0 1 0.036 97806.7 3521.04 0 0 
2013 2 1 2 0 0 0.45 0 0.45 477491 384510 0 0 0.0138555 0.0138555 0 0 1 0.766 6615.9 5067.78 0 0 
2013 2 1 3 0 0 0.44 0 0.44 256059 207154 0 0 0.0189296 0.0189296 0 0 1 1 4847.09 4847.09 0 0 
2013 2 1 4 0 0 0.42 0 0.42 1.46276e+006 1.19443e+006 0 0 0.0204515 0.0204515 0 0 1 1 29915.7 29915.7 0 0 
2014 1 1 1 0 0 0.7 0.166753 0.866753 6.11908e+007 4.09245e+007 6.82429e+006 5.38352e+006 0.00855421 0.00855421 46051.8 46051.8 1 0.036 523439 18843.8 0 0 
2014 1 1 2 0 0 0.55 0.255398 0.805398 6.59007e+006 4.52559e+006 1.15583e+006 2.37271e+006 0.0126686 0.0126686 30059 30059 1 0.766 83487.1 63951.1 0 0 
2014 1 1 3 0 0 0.42 0.245449 0.665449 304462 222339 54572.9 642831 0.0138844 0.0138844 8925.34 8925.34 1 1 4227.28 4227.28 0 0 
2014 1 1 4 0 0 0.39 0.245449 0.635449 1.12602e+006 833375 204551 319330 0.0182893 0.0182893 5840.33 5840.33 1 1 20594 20594 0 0 
2014 2 1 0 0 0 1.19 0.00014423 1.19014 2.18252e+008 1.27602e+008 18404 0 0.00413879 0.00413879 0 0 1 0 903300 0 0 0 
2014 2 1 1 0 0 0.54 0.000220709 0.540221 2.57193e+007 1.9871e+007 4385.71 0 0.00864887 0.00864887 0 0 1 0.036 222443 8007.96 0 0 
2014 2 1 2 0 0 0.45 0.000338036 0.450338 2.94517e+006 2.37129e+006 801.579 0 0.0138555 0.0138555 0 0 1 0.766 40806.9 31258.1 0 0 
2014 2 1 3 0 0 0.44 0.000324867 0.440325 156506 126596 41.1269 0 0.0189296 0.0189296 0 0 1 1 2962.61 2962.61 0 0 
2014 2 1 4 0 0 0.42 0.000324867 0.420325 596448 486959 158.197 0 0.0204515 0.0204515 0 0 1 1 12198.3 12198.3 0 0 
2015 1 1 1 0 0 0.7 0.219846 0.919846 6.63874e+007 4.34058e+007 9.54259e+006 6.45091e+006 0.00829766 0.00829766 53527.5 53527.5 1 0.036 550860 19831 0 0 
2015 1 1 2 0 0 0.55 0.336714 0.886714 1.49846e+007 9.93649e+006 3.34576e+006 2.33974e+006 0.0126757 0.0126757 29657.9 29657.9 1 0.766 189941 145494 0 0 
2015 1 1 3 0 0 0.42 0.323597 0.743597 1.87729e+006 1.3244e+006 428573 956214 0.0193172 0.0193172 18471.4 18471.4 1 1 36263.9 36263.9 0 0 
2015 1 1 4 0 0 0.39 0.323597 0.713597 492530 352089 113935 98917 0.0300685 0.0300685 2974.28 2974.28 1 1 14809.6 14809.6 0 0 
2015 2 1 0 0 0 1.19 0 1.19 7.20434e+006 4.21229e+006 0 0 0.00561356 0.00561356 0 0 1 0 40442 0 0 0 
2015 2 1 1 0 0 0.54 0 0.54 2.64607e+007 2.04459e+007 0 0 0.0117307 0.0117307 0 0 1 0.036 310403 11174.5 0 0 
2015 2 1 2 0 0 0.45 0 0.45 6.17376e+006 4.97155e+006 0 0 0.0187927 0.0187927 0 0 1 0.766 116021 88872.3 0 0 
2015 2 1 3 0 0 0.44 0 0.44 892464 722010 0 0 0.0256748 0.0256748 0 0 1 1 22913.8 22913.8 0 0 
2015 2 1 4 0 0 0.42 0 0.42 241280 197018 0 0 0.027739 0.027739 0 0 1 1 6692.86 6692.86 0 0 
2016 1 1 1 0 0 0.7 0.0855889 0.785589 2.19171e+006 1.51812e+006 129934 155772 0.00397148 0.00397148 618.645 618.645 1 0.036 8704.34 313.356 0 0 
2016 1 1 2 0 0 0.55 0.131087 0.681087 1.54199e+007 1.11827e+007 1.46592e+006 2.00568e+006 0.012411 0.012411 24892.6 24892.6 1 0.766 191377 146595 0 0 
2016 1 1 3 0 0 0.42 0.125981 0.545981 3.93656e+006 3.03347e+006 382158 415113 0.0198024 0.0198024 8220.24 8220.24 1 1 77953.5 77953.5 0 0 
2016 1 1 4 0 0 0.39 0.125981 0.515981 733311 572864 72169.8 284232 0.0320645 0.0320645 9113.75 9113.75 1 1 23513.2 23513.2 0 0 
2016 2 1 0 0 0 1.19 0 1.19 6.49306e+008 3.79641e+008 0 0 0.00149767 0.00149767 0 0 1 0 972442 0 0 0 
2016 2 1 1 0 0 0.54 0 0.54 999096 771990 0 0 0.00312969 0.00312969 0 0 1 0.036 3126.86 112.567 0 0 
2016 2 1 2 0 0 0.45 0 0.45 7.80351e+006 6.28394e+006 0 0 0.00501377 0.00501377 0 0 1 0.766 39125 29969.8 0 0 
2016 2 1 3 0 0 0.44 0 0.44 2.28035e+006 1.84482e+006 0 0 0.00684988 0.00684988 0 0 1 1 15620.1 15620.1 0 0 
2016 2 1 4 0 0 0.42 0 0.42 437724 357426 0 0 0.0074006 0.0074006 0 0 1 1 3239.43 3239.43 0 0 
2017 1 1 1 0 0 0.7 0.190203 0.890203 1.97533e+008 1.30792e+008 2.48769e+007 1.17342e+007 0.00767755 0.00767755 90090 90090 1 0.036 1.51657e+006 54596.4 0 0 
2017 1 1 2 0 0 0.55 0.291313 0.841313 582221 393670 114681 670880 0.0119162 0.0119162 7994.35 7994.35 1 0.766 6937.87 5314.41 0 0 
2017 1 1 3 0 0 0.42 0.279964 0.699964 4.97574e+006 3.57843e+006 1.00183e+006 434280 0.017676 0.017676 7676.34 7676.34 1 1 87951.2 87951.2 0 0 
2017 1 1 4 0 0 0.39 0.279964 0.669964 1.75623e+006 1.27995e+006 358340 408731 0.024176 0.024176 9881.46 9881.46 1 1 42458.6 42458.6 0 0 
2017 2 1 0 0 0 1.19 0 1.19 3.14313e+007 1.83775e+007 0 0 0.00425251 0.00425251 0 0 1 0 133662 0 0 0 
2017 2 1 1 0 0 0.54 0 0.54 8.11015e+007 6.26662e+007 0 0 0.00878951 0.00878951 0 0 1 0.036 712843 25662.3 0 0 
2017 2 1 2 0 0 0.45 0 0.45 251021 202140 0 0 0.0141419 0.0141419 0 0 1 0.766 3549.93 2719.24 0 0 
2017 2 1 3 0 0 0.44 0 0.44 2.47097e+006 1.99903e+006 0 0 0.0188923 0.0188923 0 0 1 1 46682.2 46682.2 0 0 
2017 2 1 4 0 0 0.42 0 0.42 898711 733847 0 0 0.0204941 0.0204941 0 0 1 1 18418.3 18418.3 0 0 
2018 1 1 1 0 0 0.7 0.203167 0.903167 9.56206e+006 6.29641e+006 1.27923e+006 413211 0.0058391 0.0058391 2412.78 2412.78 1 0.036 55833.9 2010.02 0 0 
2018 1 1 2 0 0 0.55 0.31117 0.86117 4.72617e+007 3.16845e+007 9.85927e+006 6.63055e+006 0.00985423 0.00985423 65339 65339 1 0.766 465728 356748 0 0 
2018 1 1 3 0 0 0.42 0.299048 0.719048 160058 114144 34134.6 39927 0.0134587 0.0134587 537.364 537.364 1 1 2154.17 2154.17 0 0 
2018 1 1 4 0 0 0.39 0.299048 0.689048 2.18189e+006 1.57676e+006 471526 305220 0.0205681 0.0205681 6277.81 6277.81 1 1 44877.4 44877.4 0 0 
2018 2 1 0 0 0 1.19 0 1.19 2.17679e+008 1.27274e+008 0 11.4641 0.00390496 0.00390496 0.0447668 0.0447668 1 0 850029 0 0 0 
2018 2 1 1 0 0 0.54 0 0.54 3.87535e+006 2.99444e+006 0 5644.06 0.00696789 0.00696789 39.3272 39.3272 1 0.036 27003 972.108 0 0 
2018 2 1 2 0 0 0.45 0 0.45 1.9976e+007 1.60861e+007 0 47518.9 0.0106838 0.0106838 507.683 507.683 1 0.766 213420 163480 0 0 
2018 2 1 3 0 0 0.44 0 0.44 77982.9 63088.8 0 782.013 0.0136171 0.0136171 10.6487 10.6487 1 1 1061.9 1061.9 0 0 
2018 2 1 4 0 0 0.42 0 0.42 1.09543e+006 894475 0 1184.66 0.0151517 0.0151517 17.9497 17.9497 1 1 16597.6 16597.6 0 0 
2019 1 1 1 0 0 0.7 0.306349 1.00635 6.62226e+007 4.17498e+007 1.279e+007 7.1054e+006 0.00848298 0.00848298 60275 60275 1 0.036 561765 20223.6 0 0 
2019 1 1 2 0 0 0.55 0.469201 1.0192 2.25835e+006 1.41616e+006 664464 715680 0.0116384 0.0116384 8329.35 8329.35 1 0.766 26283.5 20133.2 0 0 
2019 1 1 3 0 0 0.42 0.450923 0.870923 1.27373e+007 8.50349e+006 3.83442e+006 4.2412e+006 0.0152425 0.0152425 64646.5 64646.5 1 1 194148 194148 0 0 
2019 1 1 4 0 0 0.39 0.450923 0.840923 769970 520704 234798 130780 0.0202075 0.0202075 2642.74 2642.74 1 1 15559.2 15559.2 0 0 
2019 2 1 0 0 0 1.19 0 1.19 5.03347e+008 2.94301e+008 0 36.3662 0.00691524 0.00691524 0.251481 0.251481 1 0 3.48076e+006 0 0 0 
2019 2 1 1 0 0 0.54 0 0.54 2.42078e+007 1.87051e+007 0 260.254 0.00956996 0.00956996 2.49062 2.49062 1 0.036 231667 8340.03 0 0 
2019 2 1 2 0 0 0.45 0 0.45 815001 656297 0 13.5433 0.0147625 0.0147625 0.199934 0.199934 1 0.766 12031.5 9216.1 0 0 
2019 2 1 3 0 0 0.44 0 0.44 5.33137e+006 4.31312e+006 0 115.916 0.0165748 0.0165748 1.92129 1.92129 1 1 88366.2 88366.2 0 0 
2019 2 1 4 0 0 0.42 0 0.42 332097 271176 0 7.5204 0.0192233 0.0192233 0.144567 0.144567 1 1 6384.01 6384.01 0 0 
2020 1 1 1 0 0 0.7 0.5175 1.2175 1.53129e+008 8.85481e+007 4.58236e+007 2.11334e+007 0.00881893 0.00881893 186374 186374 1 0.036 1.35043e+006 48615.5 0 0 
2020 1 1 2 0 0 0.55 0.792599 1.3426 1.4107e+007 7.76312e+006 6.15304e+006 1.98093e+006 0.0146279 0.0146279 28976.9 28976.9 1 0.766 206356 158069 0 0 
2020 1 1 3 0 0 0.42 0.761722 1.18172 519668 304860 232219 390642 0.0172017 0.0172017 6719.71 6719.71 1 1 8939.17 8939.17 0 0 
2020 1 1 4 0 0 0.39 0.761722 1.15172 3.6518e+006 2.16849e+006 1.65179e+006 1.24862e+006 0.0192757 0.0192757 24068 24068 1 1 70391.1 70391.1 0 0 
2020 2 1 0 0 0 1.19 0 1.19 2.29564e+008 1.34223e+008 0 0 0.00425251 0.00425251 0 0 1 0 976221 0 0 0 
2020 2 1 1 0 0 0.54 0 0.54 4.53214e+007 3.50193e+007 0 0 0.00878951 0.00878951 0 0 1 0.036 398353 14340.7 0 0 
2020 2 1 2 0 0 0.45 0 0.45 3.68428e+006 2.96684e+006 0 0 0.0141419 0.0141419 0 0 1 0.766 52102.8 39910.8 0 0 
2020 2 1 3 0 0 0.44 0 0.44 159408 128962 0 0 0.0188923 0.0188923 0 0 1 1 3011.59 3011.59 0 0 
2020 2 1 4 0 0 0.42 0 0.42 1.1543e+006 942553 0 0 0.0204941 0.0204941 0 0 1 1 23656.5 23656.5 0 0 
2021 1 1 1 0 0  -1 -1 -1 6.98381e+007  -1  -1  -1 0.0127602  -1 -1 -1 -1 0.036 891147 32081.3 0 0 
2021 1 1 2 0 0  -1 -1 -1 2.6411e+007  -1  -1  -1 0.019794  -1 -1 -1 -1 0.766 522778 400448 0 0 
2021 1 1 3 0 0  -1 -1 -1 2.3492e+006  -1  -1  -1 0.0278334  -1 -1 -1 -1 1 65386.2 65386.2 0 0 
2021 1 1 4 0 0  -1 -1 -1 861097  -1  -1  -1 0.0339957  -1 -1 -1 -1 1 29273.6 29273.6 0 0 
