# log(Survey observed CPUE) - log(expected CPUE):
######################################################
# Species: 1
# No. of fleets: 2
# Fleet no.: 1
# First and last year: 2004,2016
# First and last age: 0,1
# Species, Fleet, Year, , ,Age_0 ,Age_1
       1,1,2004  ,-99.9,-99.9
1,1,2005       ,1.1768,-99.9
1,1,2006       ,0.2850,-0.6835
1,1,2007       ,-0.7702,-0.1210
1,1,2008       ,-0.7658,-0.5771
1,1,2009       ,-0.4493,1.0085
1,1,2010       ,-1.0290,-0.3458
1,1,2011       ,-1.2503,1.0668
1,1,2012       ,0.7026,0.5072
1,1,2013       ,1.0403,-1.3904
1,1,2014       ,0.2032,-0.2480
1,1,2015       ,0.7048,0.3503
1,1,2016       ,0.0083,0.5521
# Fleet no.: 2
# First and last year: 2009,2016
# First and last age: 1,4
# Species, Fleet, Year, , ,Age_1 ,Age_2 ,Age_3 ,Age_4
       1,2,2009       ,0.1392,0.8211,0.4551,-0.7058
1,2,2010       ,0.6062,0.4390,0.8688,0.7514
1,2,2011       ,-0.0887,0.5513,0.0851,-0.3475
1,2,2012       ,0.3472,-0.8201,1.1501,-0.0646
1,2,2013       ,-0.6244,-0.2865,-0.3853,0.0031
1,2,2014       ,0.8621,-0.1961,0.9049,-1.0813
1,2,2015       ,-0.1342,-0.6355,0.6405,-2.6002
1,2,2016       ,-1.1072,0.1268,-0.1936,0.5193
